#
# There is insufficient memory for the Java Runtime Environment to continue.
# Native memory allocation (mmap) failed to map 347078656 bytes. Error detail: G1 virtual space
# Possible reasons:
#   The system is out of physical RAM or swap space
#   This process is running with CompressedOops enabled, and the Java Heap may be blocking the growth of the native heap
# Possible solutions:
#   Reduce memory load on the system
#   Increase physical memory or swap space
#   Check if swap backing store is full
#   Decrease Java heap size (-Xmx/-Xms)
#   Decrease number of Java threads
#   Decrease Java thread stack sizes (-Xss)
#   Set larger code cache with -XX:ReservedCodeCacheSize=
#   JVM is running with Unscaled Compressed Oops mode in which the Java heap is
#     placed in the first 4GB address space. The Java Heap base address is the
#     maximum limit for the native heap growth. Please use -XX:HeapBaseMinAddress
#     to set the Java Heap base and to place the Java Heap above 4GB virtual address.
# This output file may be truncated or incomplete.
#
#  Out of Memory Error (os_windows.cpp:3703), pid=10400, tid=33892
#
# JRE version: Java(TM) SE Runtime Environment (23.0+37) (build 23+37-2369)
# Java VM: Java HotSpot(TM) 64-Bit Server VM (23+37-2369, mixed mode, sharing, tiered, compressed oops, compressed class ptrs, g1 gc, windows-amd64)
# No core dump will be written. Minidumps are not enabled by default on client versions of Windows
#

---------------  S U M M A R Y ------------

Command Line: --enable-native-access=ALL-UNNAMED -Dclassworlds.conf=C:\Users\abdou\.m2\wrapper\dists\apache-maven-3.9.14\ed7edd442f634ac1c1ef5ba2b61b6d690b5221091f1a8e1123f5fadcc967520d\bin\m2.conf -Dmaven.home=C:\Users\abdou\.m2\wrapper\dists\apache-maven-3.9.14\ed7edd442f634ac1c1ef5ba2b61b6d690b5221091f1a8e1123f5fadcc967520d -Dlibrary.jansi.path=C:\Users\abdou\.m2\wrapper\dists\apache-maven-3.9.14\ed7edd442f634ac1c1ef5ba2b61b6d690b5221091f1a8e1123f5fadcc967520d\lib\jansi-native -Dmaven.multiModuleProjectDirectory=C:\Users\abdou\Documents\dossier\auth-server org.codehaus.plexus.classworlds.launcher.Launcher sonar:sonar -Dsonar.token=ffd7ef2cfc4828e27315f1446b52d1a6de79ef14 -Dsonar.projectKey=liwell976_tp-auth -Dsonar.organization=liwell976 -Dsonar.host.url=https://sonarcloud.io

Host: AMD Ryzen 3 5425U with Radeon Graphics         , 8 cores, 7G,  Windows 11 , 64 bit Build 26100 (10.0.26100.8115)
Time: Sat Apr 11 13:35:00 2026 Paris, Madrid (heure duild 26100 (10.0.26100.8115) elapsed time: 43.488323 seconds (0d 0h 0m 43s)

---------------  T H R E A D  ---------------

Current thread (0x000001427b13b6f0):  VMThread "VM Thread"          [id=33892, stack(0x0000000e6be00000,0x0000000e6bf00000) (1024K)]

Stack: [0x0000000e6be00000,0x0000000e6bf00000]
Native frames: (J=compiled Java code, j=interpreted, Vv=VM code, C=native code)
V  [jvm.dll+0x6e08a9]  (no source info available)
V  [jvm.dll+0x87da63]  (no source info available)
V  [jvm.dll+0x87feee]  (no source info available)
V  [jvm.dll+0x8805c3]  (no source info available)
V  [jvm.dll+0x27aee6]  (no source info available)
V  [jvm.dll+0x6dd1b5]  (no source info available)
V  [jvm.dll+0x6d103a]  (no source info available)
V  [jvm.dll+0x35b3ea]  (no source info available)
V  [jvm.dll+0x3637f6]  (no source info available)
V  [jvm.dll+0x34fd5e]  (no source info available)
V  [jvm.dll+0x34fff8]  (no source info available)
V  [jvm.dll+0x3289cc]  (no source info available)
V  [jvm.dll+0x328a5a]  (no source info available)
V  [jvm.dll+0x374c92]  (no source info available)
V  [jvm.dll+0x373392]  (no source info available)
V  [jvm.dll+0x3281a7]  (no source info available)
V  [jvm.dll+0x372e58]  (no source info available)
V  [jvm.dll+0x886500]  (no source info available)
V  [jvm.dll+0x887827]  (no source info available)
V  [jvm.dll+0x887d58]  (no source info available)
V  [jvm.dll+0x887ff3]  (no source info available)
V  [jvm.dll+0x824f1b]  (no source info available)
V  [jvm.dll+0x6df055]  (no source info available)
C  [ucrtbase.dll+0x37b0]  (no source info available)
C  [KERNEL32.DLL+0x2e8d7]  (no source info available)
C  [ntdll.dll+0x8c3fc]  (no source info available)

VM_Operation (0x0000000e6b7fb478): G1TryInitiateConcMark, mode: safepoint, requested by thread 0x000001426d80b090


---------------  P R O C E S S  ---------------

Threads class SMR info:
_java_thread_list=0x000001425a91ccf0, length=27, elements={
0x000001426d80b090, 0x000001427b14ec80, 0x000001427b1508a0, 0x000001427b157d40,
0x000001427b1587a0, 0x000001427b1593b0, 0x000001427b163510, 0x000001427b170d90,
0x000001427b171580, 0x000001425414a230, 0x0000014254150160, 0x00000142557b9bf0,
0x0000014254964990, 0x0000014254965000, 0x0000014255d67210, 0x00000142574304c0,
0x0000014255323cc0, 0x0000014254d83b00, 0x0000014254d80680, 0x0000014254d83470,
0x0000014254d84190, 0x0000014254d82750, 0x0000014254d84eb0, 0x0000014254d81a30,
0x0000014254d868f0, 0x0000014254ac4800, 0x0000014254ac2cc0
}

Java Threads: ( => current thread )
  0x000001426d80b090 JavaThread "main"                              [_thread_blocked, id=30100, stack(0x0000000e6b700000,0x0000000e6b800000) (1024K)]
  0x000001427b14ec80 JavaThread "Reference Handler"          daemon [_thread_blocked, id=23872, stack(0x0000000e6bf00000,0x0000000e6c000000) (1024K)]
  0x000001427b1508a0 JavaThread "Finalizer"                  daemon [_thread_blocked, id=3332, stack(0x0000000e6c000000,0x0000000e6c100000) (1024K)]
  0x000001427b157d40 JavaThread "Signal Dispatcher"          daemon [_thread_blocked, id=15748, stack(0x0000000e6c100000,0x0000000e6c200000) (1024K)]
  0x000001427b1587a0 JavaThread "Attach Listener"            daemon [_thread_blocked, id=25240, stack(0x0000000e6c200000,0x0000000e6c300000) (1024K)]
  0x000001427b1593b0 JavaThread "Service Thread"             daemon [_thread_blocked, id=36852, stack(0x0000000e6c300000,0x0000000e6c400000) (1024K)]
  0x000001427b163510 JavaThread "Monitor Deflation Thread"   daemon [_thread_blocked, id=3540, stack(0x0000000e6c400000,0x0000000e6c500000) (1024K)]
  0x000001427b170d90 JavaThread "C2 CompilerThread0"         daemon [_thread_blocked, id=33552, stack(0x0000000e6c500000,0x0000000e6c600000) (1024K)]
  0x000001427b171580 JavaThread "C1 CompilerThread0"         daemon [_thread_blocked, id=32904, stack(0x0000000e6c600000,0x0000000e6c700000) (1024K)]
  0x000001425414a230 JavaThread "Notification Thread"        daemon [_thread_blocked, id=24864, stack(0x0000000e6c700000,0x0000000e6c800000) (1024K)]
  0x0000014254150160 JavaThread "Common-Cleaner"             daemon [_thread_blocked, id=13876, stack(0x0000000e6c800000,0x0000000e6c900000) (1024K)]
  0x00000142557b9bf0 JavaThread "Thread-1"                   daemon [_thread_blocked, id=19368, stack(0x0000000e6d100000,0x0000000e6d200000) (1024K)]
  0x0000014254964990 JavaThread "OkHttp sonarcloud.io"              [_thread_in_native, id=14160, stack(0x0000000e6c900000,0x0000000e6ca00000) (1024K)]
  0x0000014254965000 JavaThread "OkHttp ConnectionPool"      daemon [_thread_blocked, id=33288, stack(0x0000000e6d200000,0x0000000e6d300000) (1024K)]
  0x0000014255d67210 JavaThread "Okio Watchdog"              daemon [_thread_blocked, id=18260, stack(0x0000000e6d300000,0x0000000e6d400000) (1024K)]
  0x00000142574304c0 JavaThread "OkHttp sonarcloud.io Writer"        [_thread_blocked, id=33924, stack(0x0000000e6d400000,0x0000000e6d500000) (1024K)]
  0x0000014255323cc0 JavaThread "OkHttp Http2Connection"     daemon [_thread_blocked, id=25856, stack(0x0000000e6d500000,0x0000000e6d600000) (1024K)]
  0x0000014254d83b00 JavaThread "OkHttp sonarcloud.io"       daemon [_thread_in_native, id=4816, stack(0x0000000e6dc00000,0x0000000e6dd00000) (1024K)]
  0x0000014254d80680 JavaThread "OkHttp TaskRunner"          daemon [_thread_blocked, id=37340, stack(0x0000000e6dd00000,0x0000000e6de00000) (1024K)]
  0x0000014254d83470 JavaThread "OkHttp api.sonarcloud.io"   daemon [_thread_in_native, id=26136, stack(0x0000000e6de00000,0x0000000e6df00000) (1024K)]
  0x0000014254d84190 JavaThread "Okio Watchdog"              daemon [_thread_blocked, id=28564, stack(0x0000000e6df00000,0x0000000e6e000000) (1024K)]
  0x0000014254d82750 JavaThread "OkHttp TaskRunner"          daemon [_thread_blocked, id=28508, stack(0x0000000e6db00000,0x0000000e6dc00000) (1024K)]
  0x0000014254d84eb0 JavaThread "OkHttp TaskRunner"          daemon [_thread_blocked, id=21148, stack(0x0000000e6e000000,0x0000000e6e100000) (1024K)]
  0x0000014254d81a30 JavaThread "JGit-WorkQueue"             daemon [_thread_blocked, id=34408, stack(0x0000000e6e100000,0x0000000e6e200000) (1024K)]
  0x0000014254d868f0 JavaThread "Cleaner-0"                  daemon [_thread_blocked, id=38368, stack(0x0000000e6e300000,0x0000000e6e400000) (1024K)]
  0x0000014254ac4800 JavaThread "C2 CompilerThread1"         daemon [_thread_blocked, id=25536, stack(0x0000000e6e200000,0x0000000e6e300000) (1024K)]
  0x0000014254ac2cc0 JavaThread "C2 CompilerThread2"         daemon [_thread_blocked, id=37092, stack(0x0000000e6e400000,0x0000000e6e500000) (1024K)]
Total: 27

Other Threads:
=>0x000001427b13b6f0 VMThread "VM Thread"                           [id=33892, stack(0x0000000e6be00000,0x0000000e6bf00000) (1024K)]
  0x000001427b11b0d0 WatcherThread "VM Periodic Task Thread"        [id=15096, stack(0x0000000e6bd00000,0x0000000e6be00000) (1024K)]
  0x000001426d857010 WorkerThread "GC Thread#0"                     [id=37712, stack(0x0000000e6b800000,0x0000000e6b900000) (1024K)]
  0x000001425531b340 WorkerThread "GC Thread#1"                     [id=30872, stack(0x0000000e6ca00000,0x0000000e6cb00000) (1024K)]
  0x0000014255320460 WorkerThread "GC Thread#2"                     [id=22604, stack(0x0000000e6cb00000,0x0000000e6cc00000) (1024K)]
  0x0000014255321080 WorkerThread "GC Thread#3"                     [id=17392, stack(0x0000000e6cc00000,0x0000000e6cd00000) (1024K)]
  0x00000142551dc920 WorkerThread "GC Thread#4"                     [id=33824, stack(0x0000000e6cd00000,0x0000000e6ce00000) (1024K)]
  0x00000142551dd0d0 WorkerThread "GC Thread#5"                     [id=32020, stack(0x0000000e6ce00000,0x0000000e6cf00000) (1024K)]
  0x00000142551dd480 WorkerThread "GC Thread#6"                     [id=3428, stack(0x0000000e6cf00000,0x0000000e6d000000) (1024K)]
  0x00000142551dd830 WorkerThread "GC Thread#7"                     [id=34244, stack(0x0000000e6d000000,0x0000000e6d100000) (1024K)]
  0x000001426d86a440 ConcurrentGCThread "G1 Main Marker"            [id=11408, stack(0x0000000e6b900000,0x0000000e6ba00000) (1024K)]
  0x000001426d86dc90 WorkerThread "G1 Conc#0"                       [id=35480, stack(0x0000000e6ba00000,0x0000000e6bb00000) (1024K)]
  0x0000014255a65a40 WorkerThread "G1 Conc#1"                       [id=29220, stack(0x0000000e6d700000,0x0000000e6d800000) (1024K)]
  0x000001427afee160 ConcurrentGCThread "G1 Refine#0"               [id=35952, stack(0x0000000e6bb00000,0x0000000e6bc00000) (1024K)]
  0x000001427afef9a0 ConcurrentGCThread "G1 Service"                [id=37688, stack(0x0000000e6bc00000,0x0000000e6bd00000) (1024K)]
Total: 15

Threads with active compile tasks:
C2 CompilerThread0  43652 16537       4       com.sonar.security.config.C.B::A (69 bytes)
C2 CompilerThread1  43652 16320       4       com.google.B.B.C.E::A (9 bytes)
C2 CompilerThread2  43652 16309       4       com.google.B.B.A$_D::A (61 bytes)
Total: 3

VM state: at safepoint (normal execution)

VM Mutex/Monitor currently owned by a thread:  ([mutex/lock_event])
[0x00007ff8e91e3910] Threads_lock - owner thread: 0x000001427b13b6f0
[0x00007ff8e91e3a10] Heap_lock - owner thread: 0x000001426d80b090

Heap address: 0x000000008ae00000, size: 1874 MB, Compressed Oops mode: 32-bit

CDS archive(s) mapped at: [0x000001420f000000-0x000001420fd70000-0x000001420fd70000), size 14090240, SharedBaseAddress: 0x000001420f000000, ArchiveRelocationMode: 1.
Compressed class space mapped at: 0x0000014210000000-0x0000014250000000, reserved size: 1073741824
Narrow klass base: 0x000001420f000000, Narrow klass shift: 0, Narrow klass range: 0x41000000

GC Precious Log:
 CardTable entry size: 512
 Card Set container configuration: InlinePtr #cards 5 size 8 Array Of Cards #cards 10 size 36 Howl #buckets 4 coarsen threshold 1843 Howl Bitmap #cards 512 size 80 coarsen threshold 460 Card regions per heap region 1 cards per card region 2048
 CPUs: 8 total, 8 available
 Memory: 7488M
 Large Page Support: Disabled
 NUMA Support: Disabled
 Compressed Oops: Enabled (32-bit)
 Heap Region Size: 1M
 Heap Min Capacity: 8M
 Heap Initial Capacity: 118M
 Heap Max Capacity: 1874M
 Pre-touch: Disabled
 Parallel Workers: 8
 Concurrent Workers: 2
 Concurrent Refinement Workers: 8
 Periodic GC: Disabled

Heap:
 garbage-first heap   total reserved 1918976K, committed 320512K, used 194253K [0x000000008ae00000, 0x0000000100000000)
  region size 1024K, 2 young (2048K), 2 survivors (2048K)
 Metaspace       used 117218K, committed 118592K, reserved 1179648K
  class space    used 14224K, committed 14848K, reserved 1048576K

Heap Regions: E=young(eden), S=young(survivor), O=old, HS=humongous(starts), HC=humongous(continues), CS=collection set, F=free, TAMS=top-at-mark-start, PB=parsable bottom
|   0|0x000000008ae00000, 0x000000008af00000, 0x000000008af00000|100%| O|  |TAMS 0x000000008af00000| PB 0x000000008ae00000| Untracked |  0
|   1|0x000000008af00000, 0x000000008b000000, 0x000000008b000000|100%| O|  |TAMS 0x000000008b000000| PB 0x000000008af00000| Untracked |  0
|   2|0x000000008b000000, 0x000000008b100000, 0x000000008b100000|100%| O|  |TAMS 0x000000008b100000| PB 0x000000008b000000| Untracked |  0
|   3|0x000000008b100000, 0x000000008b200000, 0x000000008b200000|100%| O|  |TAMS 0x000000008b200000| PB 0x000000008b100000| Untracked |  0
|   4|0x000000008b200000, 0x000000008b300000, 0x000000008b300000|100%| O|  |TAMS 0x000000008b300000| PB 0x000000008b200000| Untracked |  0
|   5|0x000000008b300000, 0x000000008b400000, 0x000000008b400000|100%| O|  |TAMS 0x000000008b400000| PB 0x000000008b300000| Untracked |  0
|   6|0x000000008b400000, 0x000000008b500000, 0x000000008b500000|100%| O|  |TAMS 0x000000008b500000| PB 0x000000008b400000| Untracked |  0
|   7|0x000000008b500000, 0x000000008b600000, 0x000000008b600000|100%| O|  |TAMS 0x000000008b600000| PB 0x000000008b500000| Untracked |  0
|   8|0x000000008b600000, 0x000000008b700000, 0x000000008b700000|100%| O|  |TAMS 0x000000008b700000| PB 0x000000008b600000| Untracked |  0
|   9|0x000000008b700000, 0x000000008b800000, 0x000000008b800000|100%| O|  |TAMS 0x000000008b800000| PB 0x000000008b700000| Untracked |  0
|  10|0x000000008b800000, 0x000000008b900000, 0x000000008b900000|100%| O|  |TAMS 0x000000008b900000| PB 0x000000008b800000| Untracked |  0
|  11|0x000000008b900000, 0x000000008ba00000, 0x000000008ba00000|100%| O|  |TAMS 0x000000008ba00000| PB 0x000000008b900000| Untracked |  0
|  12|0x000000008ba00000, 0x000000008bb00000, 0x000000008bb00000|100%| O|  |TAMS 0x000000008bb00000| PB 0x000000008ba00000| Untracked |  0
|  13|0x000000008bb00000, 0x000000008bc00000, 0x000000008bc00000|100%| O|  |TAMS 0x000000008bc00000| PB 0x000000008bb00000| Untracked |  0
|  14|0x000000008bc00000, 0x000000008bd00000, 0x000000008bd00000|100%| O|  |TAMS 0x000000008bd00000| PB 0x000000008bc00000| Untracked |  0
|  15|0x000000008bd00000, 0x000000008be00000, 0x000000008be00000|100%| O|  |TAMS 0x000000008be00000| PB 0x000000008bd00000| Untracked |  0
|  16|0x000000008be00000, 0x000000008bf00000, 0x000000008bf00000|100%| O|  |TAMS 0x000000008bf00000| PB 0x000000008be00000| Untracked |  0
|  17|0x000000008bf00000, 0x000000008c000000, 0x000000008c000000|100%|HS|  |TAMS 0x000000008c000000| PB 0x000000008bf00000| Complete |  0
|  18|0x000000008c000000, 0x000000008c100000, 0x000000008c100000|100%|HC|  |TAMS 0x000000008c100000| PB 0x000000008c000000| Complete |  0
|  19|0x000000008c100000, 0x000000008c200000, 0x000000008c200000|100%|HC|  |TAMS 0x000000008c200000| PB 0x000000008c100000| Complete |  0
|  20|0x000000008c200000, 0x000000008c300000, 0x000000008c300000|100%|HC|  |TAMS 0x000000008c300000| PB 0x000000008c200000| Complete |  0
|  21|0x000000008c300000, 0x000000008c400000, 0x000000008c400000|100%| O|  |TAMS 0x000000008c400000| PB 0x000000008c300000| Untracked |  0
|  22|0x000000008c400000, 0x000000008c500000, 0x000000008c500000|100%| O|  |TAMS 0x000000008c500000| PB 0x000000008c400000| Untracked |  0
|  23|0x000000008c500000, 0x000000008c600000, 0x000000008c600000|100%| O|  |TAMS 0x000000008c600000| PB 0x000000008c500000| Untracked |  0
|  24|0x000000008c600000, 0x000000008c700000, 0x000000008c700000|100%| O|  |TAMS 0x000000008c700000| PB 0x000000008c600000| Untracked |  0
|  25|0x000000008c700000, 0x000000008c800000, 0x000000008c800000|100%| O|  |TAMS 0x000000008c800000| PB 0x000000008c700000| Untracked |  0
|  26|0x000000008c800000, 0x000000008c900000, 0x000000008c900000|100%| O|  |TAMS 0x000000008c900000| PB 0x000000008c800000| Untracked |  0
|  27|0x000000008c900000, 0x000000008ca00000, 0x000000008ca00000|100%| O|  |TAMS 0x000000008ca00000| PB 0x000000008c900000| Untracked |  0
|  28|0x000000008ca00000, 0x000000008cb00000, 0x000000008cb00000|100%| O|  |TAMS 0x000000008cb00000| PB 0x000000008ca00000| Untracked |  0
|  29|0x000000008cb00000, 0x000000008cc00000, 0x000000008cc00000|100%| O|  |TAMS 0x000000008cc00000| PB 0x000000008cb00000| Untracked |  0
|  30|0x000000008cc00000, 0x000000008cd00000, 0x000000008cd00000|100%| O|  |TAMS 0x000000008cd00000| PB 0x000000008cc00000| Untracked |  0
|  31|0x000000008cd00000, 0x000000008ce00000, 0x000000008ce00000|100%| O|  |TAMS 0x000000008ce00000| PB 0x000000008cd00000| Untracked |  0
|  32|0x000000008ce00000, 0x000000008cf00000, 0x000000008cf00000|100%|HS|  |TAMS 0x000000008cf00000| PB 0x000000008ce00000| Complete |  0
|  33|0x000000008cf00000, 0x000000008d000000, 0x000000008d000000|100%| O|  |TAMS 0x000000008d000000| PB 0x000000008cf00000| Untracked |  0
|  34|0x000000008d000000, 0x000000008d100000, 0x000000008d100000|100%| O|  |TAMS 0x000000008d100000| PB 0x000000008d000000| Untracked |  0
|  35|0x000000008d100000, 0x000000008d200000, 0x000000008d200000|100%| O|  |TAMS 0x000000008d200000| PB 0x000000008d100000| Untracked |  0
|  36|0x000000008d200000, 0x000000008d300000, 0x000000008d300000|100%| O|  |TAMS 0x000000008d300000| PB 0x000000008d200000| Untracked |  0
|  37|0x000000008d300000, 0x000000008d400000, 0x000000008d400000|100%| O|  |TAMS 0x000000008d400000| PB 0x000000008d300000| Untracked |  0
|  38|0x000000008d400000, 0x000000008d500000, 0x000000008d500000|100%| O|  |TAMS 0x000000008d500000| PB 0x000000008d400000| Untracked |  0
|  39|0x000000008d500000, 0x000000008d600000, 0x000000008d600000|100%| O|  |TAMS 0x000000008d600000| PB 0x000000008d500000| Untracked |  0
|  40|0x000000008d600000, 0x000000008d700000, 0x000000008d700000|100%| O|  |TAMS 0x000000008d700000| PB 0x000000008d600000| Untracked |  0
|  41|0x000000008d700000, 0x000000008d800000, 0x000000008d800000|100%| O|  |TAMS 0x000000008d800000| PB 0x000000008d700000| Untracked |  0
|  42|0x000000008d800000, 0x000000008d900000, 0x000000008d900000|100%| O|  |TAMS 0x000000008d900000| PB 0x000000008d800000| Untracked |  0
|  43|0x000000008d900000, 0x000000008da00000, 0x000000008da00000|100%| O|  |TAMS 0x000000008da00000| PB 0x000000008d900000| Untracked |  0
|  44|0x000000008da00000, 0x000000008db00000, 0x000000008db00000|100%| O|  |TAMS 0x000000008db00000| PB 0x000000008da00000| Untracked |  0
|  45|0x000000008db00000, 0x000000008dc00000, 0x000000008dc00000|100%| O|  |TAMS 0x000000008dc00000| PB 0x000000008db00000| Untracked |  0
|  46|0x000000008dc00000, 0x000000008dd00000, 0x000000008dd00000|100%| O|  |TAMS 0x000000008dd00000| PB 0x000000008dc00000| Untracked |  0
|  47|0x000000008dd00000, 0x000000008de00000, 0x000000008de00000|100%| O|  |TAMS 0x000000008de00000| PB 0x000000008dd00000| Untracked |  0
|  48|0x000000008de00000, 0x000000008df00000, 0x000000008df00000|100%|HS|  |TAMS 0x000000008df00000| PB 0x000000008de00000| Complete |  0
|  49|0x000000008df00000, 0x000000008e000000, 0x000000008e000000|100%|HC|  |TAMS 0x000000008e000000| PB 0x000000008df00000| Complete |  0
|  50|0x000000008e000000, 0x000000008e100000, 0x000000008e100000|100%| O|  |TAMS 0x000000008e100000| PB 0x000000008e000000| Untracked |  0
|  51|0x000000008e100000, 0x000000008e200000, 0x000000008e200000|100%| O|  |TAMS 0x000000008e200000| PB 0x000000008e100000| Untracked |  0
|  52|0x000000008e200000, 0x000000008e300000, 0x000000008e300000|100%| O|  |TAMS 0x000000008e300000| PB 0x000000008e200000| Untracked |  0
|  53|0x000000008e300000, 0x000000008e400000, 0x000000008e400000|100%| O|  |TAMS 0x000000008e400000| PB 0x000000008e300000| Untracked |  0
|  54|0x000000008e400000, 0x000000008e500000, 0x000000008e500000|100%| O|  |TAMS 0x000000008e500000| PB 0x000000008e400000| Untracked |  0
|  55|0x000000008e500000, 0x000000008e600000, 0x000000008e600000|100%| O|  |TAMS 0x000000008e600000| PB 0x000000008e500000| Untracked |  0
|  56|0x000000008e600000, 0x000000008e700000, 0x000000008e700000|100%| O|  |TAMS 0x000000008e700000| PB 0x000000008e600000| Untracked |  0
|  57|0x000000008e700000, 0x000000008e800000, 0x000000008e800000|100%| O|  |TAMS 0x000000008e800000| PB 0x000000008e700000| Untracked |  0
|  58|0x000000008e800000, 0x000000008e900000, 0x000000008e900000|100%| O|  |TAMS 0x000000008e900000| PB 0x000000008e800000| Untracked |  0
|  59|0x000000008e900000, 0x000000008ea00000, 0x000000008ea00000|100%| O|  |TAMS 0x000000008ea00000| PB 0x000000008e900000| Untracked |  0
|  60|0x000000008ea00000, 0x000000008eb00000, 0x000000008eb00000|100%| O|  |TAMS 0x000000008eb00000| PB 0x000000008ea00000| Untracked |  0
|  61|0x000000008eb00000, 0x000000008ec00000, 0x000000008ec00000|100%| O|  |TAMS 0x000000008ec00000| PB 0x000000008eb00000| Untracked |  0
|  62|0x000000008ec00000, 0x000000008ed00000, 0x000000008ed00000|100%| O|  |TAMS 0x000000008ed00000| PB 0x000000008ec00000| Untracked |  0
|  63|0x000000008ed00000, 0x000000008ee00000, 0x000000008ee00000|100%| O|  |TAMS 0x000000008ee00000| PB 0x000000008ed00000| Untracked |  0
|  64|0x000000008ee00000, 0x000000008ef00000, 0x000000008ef00000|100%| O|  |TAMS 0x000000008ef00000| PB 0x000000008ee00000| Untracked |  0
|  65|0x000000008ef00000, 0x000000008f000000, 0x000000008f000000|100%| O|  |TAMS 0x000000008f000000| PB 0x000000008ef00000| Untracked |  0
|  66|0x000000008f000000, 0x000000008f100000, 0x000000008f100000|100%| O|  |TAMS 0x000000008f100000| PB 0x000000008f000000| Untracked |  0
|  67|0x000000008f100000, 0x000000008f200000, 0x000000008f200000|100%| O|  |TAMS 0x000000008f200000| PB 0x000000008f100000| Untracked |  0
|  68|0x000000008f200000, 0x000000008f300000, 0x000000008f300000|100%| O|  |TAMS 0x000000008f300000| PB 0x000000008f200000| Untracked |  0
|  69|0x000000008f300000, 0x000000008f400000, 0x000000008f400000|100%| O|  |TAMS 0x000000008f400000| PB 0x000000008f300000| Untracked |  0
|  70|0x000000008f400000, 0x000000008f500000, 0x000000008f500000|100%| O|  |TAMS 0x000000008f500000| PB 0x000000008f400000| Untracked |  0
|  71|0x000000008f500000, 0x000000008f600000, 0x000000008f600000|100%| O|  |TAMS 0x000000008f600000| PB 0x000000008f500000| Untracked |  0
|  72|0x000000008f600000, 0x000000008f700000, 0x000000008f700000|100%| O|  |TAMS 0x000000008f700000| PB 0x000000008f600000| Untracked |  0
|  73|0x000000008f700000, 0x000000008f800000, 0x000000008f800000|100%| O|  |TAMS 0x000000008f800000| PB 0x000000008f700000| Untracked |  0
|  74|0x000000008f800000, 0x000000008f900000, 0x000000008f900000|100%| O|  |TAMS 0x000000008f900000| PB 0x000000008f800000| Untracked |  0
|  75|0x000000008f900000, 0x000000008fa00000, 0x000000008fa00000|100%| O|  |TAMS 0x000000008fa00000| PB 0x000000008f900000| Untracked |  0
|  76|0x000000008fa00000, 0x000000008fb00000, 0x000000008fb00000|100%| O|  |TAMS 0x000000008fb00000| PB 0x000000008fa00000| Untracked |  0
|  77|0x000000008fb00000, 0x000000008fc00000, 0x000000008fc00000|100%| O|  |TAMS 0x000000008fc00000| PB 0x000000008fb00000| Untracked |  0
|  78|0x000000008fc00000, 0x000000008fd00000, 0x000000008fd00000|100%| O|  |TAMS 0x000000008fd00000| PB 0x000000008fc00000| Untracked |  0
|  79|0x000000008fd00000, 0x000000008fe00000, 0x000000008fe00000|100%| O|  |TAMS 0x000000008fe00000| PB 0x000000008fd00000| Untracked |  0
|  80|0x000000008fe00000, 0x000000008ff00000, 0x000000008ff00000|100%| O|  |TAMS 0x000000008ff00000| PB 0x000000008fe00000| Untracked |  0
|  81|0x000000008ff00000, 0x0000000090000000, 0x0000000090000000|100%| O|  |TAMS 0x0000000090000000| PB 0x000000008ff00000| Untracked |  0
|  82|0x0000000090000000, 0x0000000090100000, 0x0000000090100000|100%| O|  |TAMS 0x0000000090100000| PB 0x0000000090000000| Untracked |  0
|  83|0x0000000090100000, 0x0000000090200000, 0x0000000090200000|100%| O|  |TAMS 0x0000000090200000| PB 0x0000000090100000| Untracked |  0
|  84|0x0000000090200000, 0x0000000090300000, 0x0000000090300000|100%| O|  |TAMS 0x0000000090300000| PB 0x0000000090200000| Untracked |  0
|  85|0x0000000090300000, 0x0000000090400000, 0x0000000090400000|100%| O|  |TAMS 0x0000000090400000| PB 0x0000000090300000| Untracked |  0
|  86|0x0000000090400000, 0x0000000090500000, 0x0000000090500000|100%| O|  |TAMS 0x0000000090500000| PB 0x0000000090400000| Untracked |  0
|  87|0x0000000090500000, 0x0000000090600000, 0x0000000090600000|100%| O|  |TAMS 0x0000000090600000| PB 0x0000000090500000| Untracked |  0
|  88|0x0000000090600000, 0x0000000090700000, 0x0000000090700000|100%| O|  |TAMS 0x0000000090700000| PB 0x0000000090600000| Untracked |  0
|  89|0x0000000090700000, 0x0000000090800000, 0x0000000090800000|100%| O|  |TAMS 0x0000000090800000| PB 0x0000000090700000| Untracked |  0
|  90|0x0000000090800000, 0x0000000090900000, 0x0000000090900000|100%| O|  |TAMS 0x0000000090900000| PB 0x0000000090800000| Untracked |  0
|  91|0x0000000090900000, 0x0000000090a00000, 0x0000000090a00000|100%| O|  |TAMS 0x0000000090a00000| PB 0x0000000090900000| Untracked |  0
|  92|0x0000000090a00000, 0x0000000090b00000, 0x0000000090b00000|100%| O|  |TAMS 0x0000000090b00000| PB 0x0000000090a00000| Untracked |  0
|  93|0x0000000090b00000, 0x0000000090c00000, 0x0000000090c00000|100%| O|  |TAMS 0x0000000090c00000| PB 0x0000000090b00000| Untracked |  0
|  94|0x0000000090c00000, 0x0000000090d00000, 0x0000000090d00000|100%| O|  |TAMS 0x0000000090d00000| PB 0x0000000090c00000| Untracked |  0
|  95|0x0000000090d00000, 0x0000000090e00000, 0x0000000090e00000|100%| O|  |TAMS 0x0000000090e00000| PB 0x0000000090d00000| Untracked |  0
|  96|0x0000000090e00000, 0x0000000090f00000, 0x0000000090f00000|100%| O|  |TAMS 0x0000000090f00000| PB 0x0000000090e00000| Untracked |  0
|  97|0x0000000090f00000, 0x0000000091000000, 0x0000000091000000|100%| O|  |TAMS 0x0000000091000000| PB 0x0000000090f00000| Untracked |  0
|  98|0x0000000091000000, 0x0000000091100000, 0x0000000091100000|100%| O|  |TAMS 0x0000000091100000| PB 0x0000000091000000| Untracked |  0
|  99|0x0000000091100000, 0x0000000091200000, 0x0000000091200000|100%| O|  |TAMS 0x0000000091200000| PB 0x0000000091100000| Untracked |  0
| 100|0x0000000091200000, 0x0000000091300000, 0x0000000091300000|100%| O|  |TAMS 0x0000000091300000| PB 0x0000000091200000| Untracked |  0
| 101|0x0000000091300000, 0x0000000091400000, 0x0000000091400000|100%| O|  |TAMS 0x0000000091300000| PB 0x0000000091300000| Untracked |  0
| 102|0x0000000091400000, 0x0000000091500000, 0x0000000091500000|100%| O|  |TAMS 0x0000000091500000| PB 0x0000000091400000| Untracked |  0
| 103|0x0000000091500000, 0x0000000091600000, 0x0000000091600000|100%| O|  |TAMS 0x0000000091600000| PB 0x0000000091500000| Untracked |  0
| 104|0x0000000091600000, 0x0000000091700000, 0x0000000091700000|100%| O|  |TAMS 0x0000000091700000| PB 0x0000000091600000| Untracked |  0
| 105|0x0000000091700000, 0x0000000091800000, 0x0000000091800000|100%| O|  |TAMS 0x0000000091800000| PB 0x0000000091700000| Untracked |  0
| 106|0x0000000091800000, 0x0000000091900000, 0x0000000091900000|100%| O|  |TAMS 0x0000000091800000| PB 0x0000000091800000| Untracked |  0
| 107|0x0000000091900000, 0x0000000091a00000, 0x0000000091a00000|100%| O|  |TAMS 0x0000000091900000| PB 0x0000000091900000| Untracked |  0
| 108|0x0000000091a00000, 0x0000000091b00000, 0x0000000091b00000|100%| O|  |TAMS 0x0000000091b00000| PB 0x0000000091a00000| Untracked |  0
| 109|0x0000000091b00000, 0x0000000091c00000, 0x0000000091c00000|100%| O|  |TAMS 0x0000000091c00000| PB 0x0000000091b00000| Untracked |  0
| 110|0x0000000091c00000, 0x0000000091d00000, 0x0000000091d00000|100%| O|  |TAMS 0x0000000091d00000| PB 0x0000000091c00000| Untracked |  0
| 111|0x0000000091d00000, 0x0000000091e00000, 0x0000000091e00000|100%| O|  |TAMS 0x0000000091e00000| PB 0x0000000091d00000| Untracked |  0
| 112|0x0000000091e00000, 0x0000000091f00000, 0x0000000091f00000|100%| O|  |TAMS 0x0000000091f00000| PB 0x0000000091e00000| Untracked |  0
| 113|0x0000000091f00000, 0x0000000092000000, 0x0000000092000000|100%| O|  |TAMS 0x0000000092000000| PB 0x0000000091f00000| Untracked |  0
| 114|0x0000000092000000, 0x0000000092100000, 0x0000000092100000|100%| O|  |TAMS 0x0000000092100000| PB 0x0000000092000000| Untracked |  0
| 115|0x0000000092100000, 0x0000000092200000, 0x0000000092200000|100%| O|  |TAMS 0x0000000092200000| PB 0x0000000092100000| Untracked |  0
| 116|0x0000000092200000, 0x0000000092300000, 0x0000000092300000|100%| O|  |TAMS 0x0000000092300000| PB 0x0000000092200000| Untracked |  0
| 117|0x0000000092300000, 0x0000000092400000, 0x0000000092400000|100%| O|  |TAMS 0x0000000092400000| PB 0x0000000092300000| Untracked |  0
| 118|0x0000000092400000, 0x0000000092500000, 0x0000000092500000|100%| O|  |TAMS 0x0000000092500000| PB 0x0000000092400000| Untracked |  0
| 119|0x0000000092500000, 0x0000000092600000, 0x0000000092600000|100%| O|  |TAMS 0x0000000092600000| PB 0x0000000092500000| Untracked |  0
| 120|0x0000000092600000, 0x0000000092700000, 0x0000000092700000|100%| O|  |TAMS 0x0000000092700000| PB 0x0000000092600000| Untracked |  0
| 121|0x0000000092700000, 0x0000000092800000, 0x0000000092800000|100%| O|  |TAMS 0x0000000092800000| PB 0x0000000092700000| Untracked |  0
| 122|0x0000000092800000, 0x0000000092900000, 0x0000000092900000|100%| O|  |TAMS 0x0000000092900000| PB 0x0000000092800000| Untracked |  0
| 123|0x0000000092900000, 0x0000000092a00000, 0x0000000092a00000|100%| O|  |TAMS 0x0000000092a00000| PB 0x0000000092900000| Untracked |  0
| 124|0x0000000092a00000, 0x0000000092b00000, 0x0000000092b00000|100%| O|  |TAMS 0x0000000092b00000| PB 0x0000000092a00000| Untracked |  0
| 125|0x0000000092b00000, 0x0000000092c00000, 0x0000000092c00000|100%| O|  |TAMS 0x0000000092c00000| PB 0x0000000092b00000| Untracked |  0
| 126|0x0000000092c00000, 0x0000000092d00000, 0x0000000092d00000|100%| O|  |TAMS 0x0000000092d00000| PB 0x0000000092c00000| Untracked |  0
| 127|0x0000000092d00000, 0x0000000092e00000, 0x0000000092e00000|100%| O|  |TAMS 0x0000000092d00000| PB 0x0000000092d00000| Untracked |  0
| 128|0x0000000092e00000, 0x0000000092f00000, 0x0000000092f00000|100%| O|  |TAMS 0x0000000092e00000| PB 0x0000000092e00000| Untracked |  0
| 129|0x0000000092f00000, 0x0000000093000000, 0x0000000093000000|100%| O|  |TAMS 0x0000000093000000| PB 0x0000000092f00000| Untracked |  0
| 130|0x0000000093000000, 0x0000000093100000, 0x0000000093100000|100%| O|  |TAMS 0x0000000093100000| PB 0x0000000093000000| Untracked |  0
| 131|0x0000000093100000, 0x0000000093200000, 0x0000000093200000|100%| O|  |TAMS 0x0000000093200000| PB 0x0000000093100000| Untracked |  0
| 132|0x0000000093200000, 0x0000000093300000, 0x0000000093300000|100%| O|  |TAMS 0x0000000093300000| PB 0x0000000093200000| Untracked |  0
| 133|0x0000000093300000, 0x0000000093400000, 0x0000000093400000|100%| O|  |TAMS 0x0000000093400000| PB 0x0000000093300000| Untracked |  0
| 134|0x0000000093400000, 0x0000000093500000, 0x0000000093500000|100%| O|  |TAMS 0x0000000093500000| PB 0x0000000093400000| Untracked |  0
| 135|0x0000000093500000, 0x0000000093600000, 0x0000000093600000|100%| O|  |TAMS 0x0000000093600000| PB 0x0000000093500000| Untracked |  0
| 136|0x0000000093600000, 0x0000000093700000, 0x0000000093700000|100%| O|  |TAMS 0x0000000093700000| PB 0x0000000093600000| Untracked |  0
| 137|0x0000000093700000, 0x0000000093800000, 0x0000000093800000|100%| O|  |TAMS 0x0000000093800000| PB 0x0000000093700000| Untracked |  0
| 138|0x0000000093800000, 0x0000000093900000, 0x0000000093900000|100%| O|  |TAMS 0x0000000093900000| PB 0x0000000093800000| Untracked |  0
| 139|0x0000000093900000, 0x0000000093a00000, 0x0000000093a00000|100%| O|  |TAMS 0x0000000093a00000| PB 0x0000000093900000| Untracked |  0
| 140|0x0000000093a00000, 0x0000000093b00000, 0x0000000093b00000|100%| O|  |TAMS 0x0000000093b00000| PB 0x0000000093a00000| Untracked |  0
| 141|0x0000000093b00000, 0x0000000093c00000, 0x0000000093c00000|100%| O|  |TAMS 0x0000000093c00000| PB 0x0000000093b00000| Untracked |  0
| 142|0x0000000093c00000, 0x0000000093d00000, 0x0000000093d00000|100%| O|  |TAMS 0x0000000093d00000| PB 0x0000000093c00000| Untracked |  0
| 143|0x0000000093d00000, 0x0000000093e00000, 0x0000000093e00000|100%|HS|  |TAMS 0x0000000093e00000| PB 0x0000000093d00000| Complete |  0
| 144|0x0000000093e00000, 0x0000000093f00000, 0x0000000093f00000|100%| O|  |TAMS 0x0000000093e00000| PB 0x0000000093e00000| Untracked |  0
| 145|0x0000000093f00000, 0x0000000094000000, 0x0000000094000000|100%| O|  |TAMS 0x0000000093f00000| PB 0x0000000093f00000| Untracked |  0
| 146|0x0000000094000000, 0x0000000094000000, 0x0000000094100000|  0%| F|  |TAMS 0x0000000094000000| PB 0x0000000094000000| Untracked |  0
| 147|0x0000000094100000, 0x0000000094100000, 0x0000000094200000|  0%| F|  |TAMS 0x0000000094100000| PB 0x0000000094100000| Untracked |  0
| 148|0x0000000094200000, 0x0000000094200000, 0x0000000094300000|  0%| F|  |TAMS 0x0000000094200000| PB 0x0000000094200000| Untracked |  0
| 149|0x0000000094300000, 0x0000000094300000, 0x0000000094400000|  0%| F|  |TAMS 0x0000000094300000| PB 0x0000000094300000| Untracked |  0
| 150|0x0000000094400000, 0x0000000094400000, 0x0000000094500000|  0%| F|  |TAMS 0x0000000094400000| PB 0x0000000094400000| Untracked |  0
| 151|0x0000000094500000, 0x0000000094500000, 0x0000000094600000|  0%| F|  |TAMS 0x0000000094500000| PB 0x0000000094500000| Untracked |  0
| 152|0x0000000094600000, 0x0000000094600000, 0x0000000094700000|  0%| F|  |TAMS 0x0000000094600000| PB 0x0000000094600000| Untracked |  0
| 153|0x0000000094700000, 0x0000000094700000, 0x0000000094800000|  0%| F|  |TAMS 0x0000000094700000| PB 0x0000000094700000| Untracked |  0
| 154|0x0000000094800000, 0x0000000094800000, 0x0000000094900000|  0%| F|  |TAMS 0x0000000094800000| PB 0x0000000094800000| Untracked |  0
| 155|0x0000000094900000, 0x0000000094900000, 0x0000000094a00000|  0%| F|  |TAMS 0x0000000094900000| PB 0x0000000094900000| Untracked |  0
| 156|0x0000000094a00000, 0x0000000094a00000, 0x0000000094b00000|  0%| F|  |TAMS 0x0000000094a00000| PB 0x0000000094a00000| Untracked |  0
| 157|0x0000000094b00000, 0x0000000094c00000, 0x0000000094c00000|100%| O|  |TAMS 0x0000000094c00000| PB 0x0000000094b00000| Untracked |  0
| 158|0x0000000094c00000, 0x0000000094d00000, 0x0000000094d00000|100%| O|  |TAMS 0x0000000094d00000| PB 0x0000000094c00000| Untracked |  0
| 159|0x0000000094d00000, 0x0000000094e00000, 0x0000000094e00000|100%| O|  |TAMS 0x0000000094e00000| PB 0x0000000094d00000| Untracked |  0
| 160|0x0000000094e00000, 0x0000000094f00000, 0x0000000094f00000|100%| O|  |TAMS 0x0000000094f00000| PB 0x0000000094e00000| Untracked |  0
| 161|0x0000000094f00000, 0x0000000095000000, 0x0000000095000000|100%| O|  |TAMS 0x0000000095000000| PB 0x0000000094f00000| Untracked |  0
| 162|0x0000000095000000, 0x0000000095100000, 0x0000000095100000|100%| O|  |TAMS 0x0000000095100000| PB 0x0000000095000000| Untracked |  0
| 163|0x0000000095100000, 0x0000000095200000, 0x0000000095200000|100%| O|  |TAMS 0x0000000095200000| PB 0x0000000095100000| Untracked |  0
| 164|0x0000000095200000, 0x0000000095300000, 0x0000000095300000|100%| O|  |TAMS 0x0000000095300000| PB 0x0000000095200000| Untracked |  0
| 165|0x0000000095300000, 0x0000000095400000, 0x0000000095400000|100%| O|  |TAMS 0x0000000095400000| PB 0x0000000095300000| Untracked |  0
| 166|0x0000000095400000, 0x0000000095500000, 0x0000000095500000|100%| O|  |TAMS 0x0000000095500000| PB 0x0000000095400000| Untracked |  0
| 167|0x0000000095500000, 0x0000000095600000, 0x0000000095600000|100%| O|  |TAMS 0x0000000095600000| PB 0x0000000095500000| Untracked |  0
| 168|0x0000000095600000, 0x0000000095700000, 0x0000000095700000|100%| O|  |TAMS 0x0000000095700000| PB 0x0000000095600000| Untracked |  0
| 169|0x0000000095700000, 0x0000000095800000, 0x0000000095800000|100%| O|  |TAMS 0x0000000095800000| PB 0x0000000095700000| Untracked |  0
| 170|0x0000000095800000, 0x0000000095900000, 0x0000000095900000|100%| O|  |TAMS 0x0000000095900000| PB 0x0000000095800000| Untracked |  0
| 171|0x0000000095900000, 0x0000000095900000, 0x0000000095a00000|  0%| F|  |TAMS 0x0000000095900000| PB 0x0000000095900000| Untracked |  0
| 172|0x0000000095a00000, 0x0000000095a00000, 0x0000000095b00000|  0%| F|  |TAMS 0x0000000095a00000| PB 0x0000000095a00000| Untracked |  0
| 173|0x0000000095b00000, 0x0000000095b00000, 0x0000000095c00000|  0%| F|  |TAMS 0x0000000095b00000| PB 0x0000000095b00000| Untracked |  0
| 174|0x0000000095c00000, 0x0000000095d00000, 0x0000000095d00000|100%| O|  |TAMS 0x0000000095d00000| PB 0x0000000095c00000| Untracked |  0
| 175|0x0000000095d00000, 0x0000000095e00000, 0x0000000095e00000|100%| O|  |TAMS 0x0000000095e00000| PB 0x0000000095d00000| Untracked |  0
| 176|0x0000000095e00000, 0x0000000095f00000, 0x0000000095f00000|100%| O|  |TAMS 0x0000000095f00000| PB 0x0000000095e00000| Untracked |  0
| 177|0x0000000095f00000, 0x0000000096000000, 0x0000000096000000|100%| O|  |TAMS 0x0000000096000000| PB 0x0000000095f00000| Untracked |  0
| 178|0x0000000096000000, 0x0000000096100000, 0x0000000096100000|100%| O|  |TAMS 0x0000000096100000| PB 0x0000000096000000| Untracked |  0
| 179|0x0000000096100000, 0x0000000096200000, 0x0000000096200000|100%| O|  |TAMS 0x0000000096200000| PB 0x0000000096100000| Untracked |  0
| 180|0x0000000096200000, 0x0000000096300000, 0x0000000096300000|100%| O|  |TAMS 0x0000000096300000| PB 0x0000000096200000| Untracked |  0
| 181|0x0000000096300000, 0x0000000096400000, 0x0000000096400000|100%| O|  |TAMS 0x0000000096400000| PB 0x0000000096300000| Untracked |  0
| 182|0x0000000096400000, 0x0000000096500000, 0x0000000096500000|100%| O|  |TAMS 0x0000000096500000| PB 0x0000000096400000| Untracked |  0
| 183|0x0000000096500000, 0x0000000096500000, 0x0000000096600000|  0%| F|  |TAMS 0x0000000096500000| PB 0x0000000096500000| Untracked |  0
| 184|0x0000000096600000, 0x0000000096600000, 0x0000000096700000|  0%| F|  |TAMS 0x0000000096600000| PB 0x0000000096600000| Untracked |  0
| 185|0x0000000096700000, 0x0000000096700000, 0x0000000096800000|  0%| F|  |TAMS 0x0000000096700000| PB 0x0000000096700000| Untracked |  0
| 186|0x0000000096800000, 0x0000000096800000, 0x0000000096900000|  0%| F|  |TAMS 0x0000000096800000| PB 0x0000000096800000| Untracked |  0
| 187|0x0000000096900000, 0x0000000096900000, 0x0000000096a00000|  0%| F|  |TAMS 0x0000000096900000| PB 0x0000000096900000| Untracked |  0
| 188|0x0000000096a00000, 0x0000000096a00000, 0x0000000096b00000|  0%| F|  |TAMS 0x0000000096a00000| PB 0x0000000096a00000| Untracked |  0
| 189|0x0000000096b00000, 0x0000000096b00000, 0x0000000096c00000|  0%| F|  |TAMS 0x0000000096b00000| PB 0x0000000096b00000| Untracked |  0
| 190|0x0000000096c00000, 0x0000000096c00000, 0x0000000096d00000|  0%| F|  |TAMS 0x0000000096c00000| PB 0x0000000096c00000| Untracked |  0
| 191|0x0000000096d00000, 0x0000000096d00000, 0x0000000096e00000|  0%| F|  |TAMS 0x0000000096d00000| PB 0x0000000096d00000| Untracked |  0
| 192|0x0000000096e00000, 0x0000000096e00000, 0x0000000096f00000|  0%| F|  |TAMS 0x0000000096e00000| PB 0x0000000096e00000| Untracked |  0
| 193|0x0000000096f00000, 0x0000000096f00000, 0x0000000097000000|  0%| F|  |TAMS 0x0000000096f00000| PB 0x0000000096f00000| Untracked |  0
| 194|0x0000000097000000, 0x0000000097000000, 0x0000000097100000|  0%| F|  |TAMS 0x0000000097000000| PB 0x0000000097000000| Untracked |  0
| 195|0x0000000097100000, 0x0000000097100000, 0x0000000097200000|  0%| F|  |TAMS 0x0000000097100000| PB 0x0000000097100000| Untracked |  0
| 196|0x0000000097200000, 0x0000000097200000, 0x0000000097300000|  0%| F|  |TAMS 0x0000000097200000| PB 0x0000000097200000| Untracked |  0
| 197|0x0000000097300000, 0x0000000097400000, 0x0000000097400000|100%| O|  |TAMS 0x0000000097400000| PB 0x0000000097300000| Untracked |  0
| 198|0x0000000097400000, 0x0000000097500000, 0x0000000097500000|100%| O|  |TAMS 0x0000000097500000| PB 0x0000000097400000| Untracked |  0
| 199|0x0000000097500000, 0x0000000097600000, 0x0000000097600000|100%| O|  |TAMS 0x0000000097600000| PB 0x0000000097500000| Untracked |  0
| 200|0x0000000097600000, 0x0000000097700000, 0x0000000097700000|100%| O|  |TAMS 0x0000000097700000| PB 0x0000000097600000| Untracked |  0
| 201|0x0000000097700000, 0x0000000097800000, 0x0000000097800000|100%| O|  |TAMS 0x0000000097800000| PB 0x0000000097700000| Untracked |  0
| 202|0x0000000097800000, 0x0000000097900000, 0x0000000097900000|100%| O|  |TAMS 0x0000000097900000| PB 0x0000000097800000| Untracked |  0
| 203|0x0000000097900000, 0x0000000097a00000, 0x0000000097a00000|100%| O|  |TAMS 0x0000000097a00000| PB 0x0000000097900000| Untracked |  0
| 204|0x0000000097a00000, 0x0000000097b00000, 0x0000000097b00000|100%| O|  |TAMS 0x0000000097a80000| PB 0x0000000097a00000| Untracked |  0
| 205|0x0000000097b00000, 0x0000000097b00000, 0x0000000097c00000|  0%| F|  |TAMS 0x0000000097b00000| PB 0x0000000097b00000| Untracked |  0
| 206|0x0000000097c00000, 0x0000000097c00000, 0x0000000097d00000|  0%| F|  |TAMS 0x0000000097c00000| PB 0x0000000097c00000| Untracked |  0
| 207|0x0000000097d00000, 0x0000000097d00000, 0x0000000097e00000|  0%| F|  |TAMS 0x0000000097d00000| PB 0x0000000097d00000| Untracked |  0
| 208|0x0000000097e00000, 0x0000000097e00000, 0x0000000097f00000|  0%| F|  |TAMS 0x0000000097e00000| PB 0x0000000097e00000| Untracked |  0
| 209|0x0000000097f00000, 0x0000000097f00000, 0x0000000098000000|  0%| F|  |TAMS 0x0000000097f00000| PB 0x0000000097f00000| Untracked |  0
| 210|0x0000000098000000, 0x0000000098000000, 0x0000000098100000|  0%| F|  |TAMS 0x0000000098000000| PB 0x0000000098000000| Untracked |  0
| 211|0x0000000098100000, 0x0000000098100000, 0x0000000098200000|  0%| F|  |TAMS 0x0000000098100000| PB 0x0000000098100000| Untracked |  0
| 212|0x0000000098200000, 0x0000000098200000, 0x0000000098300000|  0%| F|  |TAMS 0x0000000098200000| PB 0x0000000098200000| Untracked |  0
| 213|0x0000000098300000, 0x0000000098300000, 0x0000000098400000|  0%| F|  |TAMS 0x0000000098300000| PB 0x0000000098300000| Untracked |  0
| 214|0x0000000098400000, 0x0000000098400000, 0x0000000098500000|  0%| F|  |TAMS 0x0000000098400000| PB 0x0000000098400000| Untracked |  0
| 215|0x0000000098500000, 0x0000000098500000, 0x0000000098600000|  0%| F|  |TAMS 0x0000000098500000| PB 0x0000000098500000| Untracked |  0
| 216|0x0000000098600000, 0x0000000098600000, 0x0000000098700000|  0%| F|  |TAMS 0x0000000098600000| PB 0x0000000098600000| Untracked |  0
| 217|0x0000000098700000, 0x0000000098700000, 0x0000000098800000|  0%| F|  |TAMS 0x0000000098700000| PB 0x0000000098700000| Untracked |  0
| 218|0x0000000098800000, 0x0000000098800000, 0x0000000098900000|  0%| F|  |TAMS 0x0000000098800000| PB 0x0000000098800000| Untracked |  0
| 219|0x0000000098900000, 0x0000000098900000, 0x0000000098a00000|  0%| F|  |TAMS 0x0000000098900000| PB 0x0000000098900000| Untracked |  0
| 220|0x0000000098a00000, 0x0000000098a00000, 0x0000000098b00000|  0%| F|  |TAMS 0x0000000098a00000| PB 0x0000000098a00000| Untracked |  0
| 221|0x0000000098b00000, 0x0000000098b00000, 0x0000000098c00000|  0%| F|  |TAMS 0x0000000098b00000| PB 0x0000000098b00000| Untracked |  0
| 222|0x0000000098c00000, 0x0000000098c00000, 0x0000000098d00000|  0%| F|  |TAMS 0x0000000098c00000| PB 0x0000000098c00000| Untracked |  0
| 223|0x0000000098d00000, 0x0000000098d00000, 0x0000000098e00000|  0%| F|  |TAMS 0x0000000098d00000| PB 0x0000000098d00000| Untracked |  0
| 224|0x0000000098e00000, 0x0000000098e00000, 0x0000000098f00000|  0%| F|  |TAMS 0x0000000098e00000| PB 0x0000000098e00000| Untracked |  0
| 225|0x0000000098f00000, 0x0000000098f00000, 0x0000000099000000|  0%| F|  |TAMS 0x0000000098f00000| PB 0x0000000098f00000| Untracked |  0
| 226|0x0000000099000000, 0x0000000099000000, 0x0000000099100000|  0%| F|  |TAMS 0x0000000099000000| PB 0x0000000099000000| Untracked |  0
| 227|0x0000000099100000, 0x0000000099100000, 0x0000000099200000|  0%| F|  |TAMS 0x0000000099100000| PB 0x0000000099100000| Untracked |  0
| 228|0x0000000099200000, 0x0000000099200000, 0x0000000099300000|  0%| F|  |TAMS 0x0000000099200000| PB 0x0000000099200000| Untracked |  0
| 229|0x0000000099300000, 0x0000000099300000, 0x0000000099400000|  0%| F|  |TAMS 0x0000000099300000| PB 0x0000000099300000| Untracked |  0
| 230|0x0000000099400000, 0x0000000099400000, 0x0000000099500000|  0%| F|  |TAMS 0x0000000099400000| PB 0x0000000099400000| Untracked |  0
| 231|0x0000000099500000, 0x0000000099500000, 0x0000000099600000|  0%| F|  |TAMS 0x0000000099500000| PB 0x0000000099500000| Untracked |  0
| 232|0x0000000099600000, 0x0000000099600000, 0x0000000099700000|  0%| F|  |TAMS 0x0000000099600000| PB 0x0000000099600000| Untracked |  0
| 233|0x0000000099700000, 0x0000000099700000, 0x0000000099800000|  0%| F|  |TAMS 0x0000000099700000| PB 0x0000000099700000| Untracked |  0
| 234|0x0000000099800000, 0x0000000099800000, 0x0000000099900000|  0%| F|  |TAMS 0x0000000099800000| PB 0x0000000099800000| Untracked |  0
| 235|0x0000000099900000, 0x0000000099900000, 0x0000000099a00000|  0%| F|  |TAMS 0x0000000099900000| PB 0x0000000099900000| Untracked |  0
| 236|0x0000000099a00000, 0x0000000099a00000, 0x0000000099b00000|  0%| F|  |TAMS 0x0000000099a00000| PB 0x0000000099a00000| Untracked |  0
| 237|0x0000000099b00000, 0x0000000099b00000, 0x0000000099c00000|  0%| F|  |TAMS 0x0000000099b00000| PB 0x0000000099b00000| Untracked |  0
| 238|0x0000000099c00000, 0x0000000099c00000, 0x0000000099d00000|  0%| F|  |TAMS 0x0000000099c00000| PB 0x0000000099c00000| Untracked |  0
| 239|0x0000000099d00000, 0x0000000099d00000, 0x0000000099e00000|  0%| F|  |TAMS 0x0000000099d00000| PB 0x0000000099d00000| Untracked |  0
| 240|0x0000000099e00000, 0x0000000099e00000, 0x0000000099f00000|  0%| F|  |TAMS 0x0000000099e00000| PB 0x0000000099e00000| Untracked |  0
| 241|0x0000000099f00000, 0x0000000099f00000, 0x000000009a000000|  0%| F|  |TAMS 0x0000000099f00000| PB 0x0000000099f00000| Untracked |  0
| 242|0x000000009a000000, 0x000000009a000000, 0x000000009a100000|  0%| F|  |TAMS 0x000000009a000000| PB 0x000000009a000000| Untracked |  0
| 243|0x000000009a100000, 0x000000009a100000, 0x000000009a200000|  0%| F|  |TAMS 0x000000009a100000| PB 0x000000009a100000| Untracked |  0
| 244|0x000000009a200000, 0x000000009a200000, 0x000000009a300000|  0%| F|  |TAMS 0x000000009a200000| PB 0x000000009a200000| Untracked |  0
| 245|0x000000009a300000, 0x000000009a300000, 0x000000009a400000|  0%| F|  |TAMS 0x000000009a300000| PB 0x000000009a300000| Untracked |  0
| 246|0x000000009a400000, 0x000000009a400000, 0x000000009a500000|  0%| F|  |TAMS 0x000000009a400000| PB 0x000000009a400000| Untracked |  0
| 247|0x000000009a500000, 0x000000009a500000, 0x000000009a600000|  0%| F|  |TAMS 0x000000009a500000| PB 0x000000009a500000| Untracked |  0
| 248|0x000000009a600000, 0x000000009a600000, 0x000000009a700000|  0%| F|  |TAMS 0x000000009a600000| PB 0x000000009a600000| Untracked |  0
| 249|0x000000009a700000, 0x000000009a700000, 0x000000009a800000|  0%| F|  |TAMS 0x000000009a700000| PB 0x000000009a700000| Untracked |  0
| 250|0x000000009a800000, 0x000000009a800000, 0x000000009a900000|  0%| F|  |TAMS 0x000000009a800000| PB 0x000000009a800000| Untracked |  0
| 251|0x000000009a900000, 0x000000009a900000, 0x000000009aa00000|  0%| F|  |TAMS 0x000000009a900000| PB 0x000000009a900000| Untracked |  0
| 252|0x000000009aa00000, 0x000000009aa00000, 0x000000009ab00000|  0%| F|  |TAMS 0x000000009aa00000| PB 0x000000009aa00000| Untracked |  0
| 253|0x000000009ab00000, 0x000000009ab00000, 0x000000009ac00000|  0%| F|  |TAMS 0x000000009ab00000| PB 0x000000009ab00000| Untracked |  0
| 254|0x000000009ac00000, 0x000000009ac00000, 0x000000009ad00000|  0%| F|  |TAMS 0x000000009ac00000| PB 0x000000009ac00000| Untracked |  0
| 255|0x000000009ad00000, 0x000000009ad00000, 0x000000009ae00000|  0%| F|  |TAMS 0x000000009ad00000| PB 0x000000009ad00000| Untracked |  0
| 256|0x000000009ae00000, 0x000000009ae00000, 0x000000009af00000|  0%| F|  |TAMS 0x000000009ae00000| PB 0x000000009ae00000| Untracked |  0
| 257|0x000000009af00000, 0x000000009af00000, 0x000000009b000000|  0%| F|  |TAMS 0x000000009af00000| PB 0x000000009af00000| Untracked |  0
| 258|0x000000009b000000, 0x000000009b000000, 0x000000009b100000|  0%| F|  |TAMS 0x000000009b000000| PB 0x000000009b000000| Untracked |  0
| 259|0x000000009b100000, 0x000000009b100000, 0x000000009b200000|  0%| F|  |TAMS 0x000000009b100000| PB 0x000000009b100000| Untracked |  0
| 260|0x000000009b200000, 0x000000009b200000, 0x000000009b300000|  0%| F|  |TAMS 0x000000009b200000| PB 0x000000009b200000| Untracked |  0
| 261|0x000000009b300000, 0x000000009b300000, 0x000000009b400000|  0%| F|  |TAMS 0x000000009b300000| PB 0x000000009b300000| Untracked |  0
| 262|0x000000009b400000, 0x000000009b400000, 0x000000009b500000|  0%| F|  |TAMS 0x000000009b400000| PB 0x000000009b400000| Untracked |  0
| 263|0x000000009b500000, 0x000000009b500000, 0x000000009b600000|  0%| F|  |TAMS 0x000000009b500000| PB 0x000000009b500000| Untracked |  0
| 264|0x000000009b600000, 0x000000009b600000, 0x000000009b700000|  0%| F|  |TAMS 0x000000009b600000| PB 0x000000009b600000| Untracked |  0
| 265|0x000000009b700000, 0x000000009b700000, 0x000000009b800000|  0%| F|  |TAMS 0x000000009b700000| PB 0x000000009b700000| Untracked |  0
| 266|0x000000009b800000, 0x000000009b800000, 0x000000009b900000|  0%| F|  |TAMS 0x000000009b800000| PB 0x000000009b800000| Untracked |  0
| 267|0x000000009b900000, 0x000000009b900000, 0x000000009ba00000|  0%| F|  |TAMS 0x000000009b900000| PB 0x000000009b900000| Untracked |  0
| 268|0x000000009ba00000, 0x000000009ba00000, 0x000000009bb00000|  0%| F|  |TAMS 0x000000009ba00000| PB 0x000000009ba00000| Untracked |  0
| 269|0x000000009bb00000, 0x000000009bb00000, 0x000000009bc00000|  0%| F|  |TAMS 0x000000009bb00000| PB 0x000000009bb00000| Untracked |  0
| 270|0x000000009bc00000, 0x000000009bc00000, 0x000000009bd00000|  0%| F|  |TAMS 0x000000009bc00000| PB 0x000000009bc00000| Untracked |  0
| 271|0x000000009bd00000, 0x000000009bd00000, 0x000000009be00000|  0%| F|  |TAMS 0x000000009bd00000| PB 0x000000009bd00000| Untracked |  0
| 272|0x000000009be00000, 0x000000009be00000, 0x000000009bf00000|  0%| F|  |TAMS 0x000000009be00000| PB 0x000000009be00000| Untracked |  0
| 273|0x000000009bf00000, 0x000000009bf00000, 0x000000009c000000|  0%| F|  |TAMS 0x000000009bf00000| PB 0x000000009bf00000| Untracked |  0
| 274|0x000000009c000000, 0x000000009c000000, 0x000000009c100000|  0%| F|  |TAMS 0x000000009c000000| PB 0x000000009c000000| Untracked |  0
| 275|0x000000009c100000, 0x000000009c100000, 0x000000009c200000|  0%| F|  |TAMS 0x000000009c100000| PB 0x000000009c100000| Untracked |  0
| 276|0x000000009c200000, 0x000000009c200000, 0x000000009c300000|  0%| F|  |TAMS 0x000000009c200000| PB 0x000000009c200000| Untracked |  0
| 277|0x000000009c300000, 0x000000009c300000, 0x000000009c400000|  0%| F|  |TAMS 0x000000009c300000| PB 0x000000009c300000| Untracked |  0
| 278|0x000000009c400000, 0x000000009c400000, 0x000000009c500000|  0%| F|  |TAMS 0x000000009c400000| PB 0x000000009c400000| Untracked |  0
| 279|0x000000009c500000, 0x000000009c500000, 0x000000009c600000|  0%| F|  |TAMS 0x000000009c500000| PB 0x000000009c500000| Untracked |  0
| 280|0x000000009c600000, 0x000000009c600000, 0x000000009c700000|  0%| F|  |TAMS 0x000000009c600000| PB 0x000000009c600000| Untracked |  0
| 281|0x000000009c700000, 0x000000009c700000, 0x000000009c800000|  0%| F|  |TAMS 0x000000009c700000| PB 0x000000009c700000| Untracked |  0
| 282|0x000000009c800000, 0x000000009c800000, 0x000000009c900000|  0%| F|  |TAMS 0x000000009c800000| PB 0x000000009c800000| Untracked |  0
| 283|0x000000009c900000, 0x000000009c900000, 0x000000009ca00000|  0%| F|  |TAMS 0x000000009c900000| PB 0x000000009c900000| Untracked |  0
| 284|0x000000009ca00000, 0x000000009ca00000, 0x000000009cb00000|  0%| F|  |TAMS 0x000000009ca00000| PB 0x000000009ca00000| Untracked |  0
| 285|0x000000009cb00000, 0x000000009cb00000, 0x000000009cc00000|  0%| F|  |TAMS 0x000000009cb00000| PB 0x000000009cb00000| Untracked |  0
| 286|0x000000009cc00000, 0x000000009cc00000, 0x000000009cd00000|  0%| F|  |TAMS 0x000000009cc00000| PB 0x000000009cc00000| Untracked |  0
| 287|0x000000009cd00000, 0x000000009cdb36a0, 0x000000009ce00000| 70%| S|CS|TAMS 0x000000009cd00000| PB 0x000000009cd00000| Complete |  0
| 288|0x000000009ce00000, 0x000000009cf00000, 0x000000009cf00000|100%| S|CS|TAMS 0x000000009ce00000| PB 0x000000009ce00000| Complete |  0
| 289|0x000000009cf00000, 0x000000009cf00000, 0x000000009d000000|  0%| F|  |TAMS 0x000000009cf00000| PB 0x000000009cf00000| Untracked |  0
| 290|0x000000009d000000, 0x000000009d000000, 0x000000009d100000|  0%| F|  |TAMS 0x000000009d000000| PB 0x000000009d000000| Untracked |  0
| 291|0x000000009d100000, 0x000000009d100000, 0x000000009d200000|  0%| F|  |TAMS 0x000000009d100000| PB 0x000000009d100000| Untracked |  0
| 292|0x000000009d200000, 0x000000009d200000, 0x000000009d300000|  0%| F|  |TAMS 0x000000009d200000| PB 0x000000009d200000| Untracked |  0
| 293|0x000000009d300000, 0x000000009d300000, 0x000000009d400000|  0%| F|  |TAMS 0x000000009d300000| PB 0x000000009d300000| Untracked |  0
| 294|0x000000009d400000, 0x000000009d400000, 0x000000009d500000|  0%| F|  |TAMS 0x000000009d400000| PB 0x000000009d400000| Untracked |  0
| 295|0x000000009d500000, 0x000000009d500000, 0x000000009d600000|  0%| F|  |TAMS 0x000000009d500000| PB 0x000000009d500000| Untracked |  0
| 296|0x000000009d600000, 0x000000009d600000, 0x000000009d700000|  0%| F|  |TAMS 0x000000009d600000| PB 0x000000009d600000| Untracked |  0
| 297|0x000000009d700000, 0x000000009d700000, 0x000000009d800000|  0%| F|  |TAMS 0x000000009d700000| PB 0x000000009d700000| Untracked |  0
| 298|0x000000009d800000, 0x000000009d800000, 0x000000009d900000|  0%| F|  |TAMS 0x000000009d800000| PB 0x000000009d800000| Untracked |  0
| 299|0x000000009d900000, 0x000000009d900000, 0x000000009da00000|  0%| F|  |TAMS 0x000000009d900000| PB 0x000000009d900000| Untracked |  0
|1861|0x00000000ff300000, 0x00000000ff300000, 0x00000000ff400000|  0%| F|  |TAMS 0x00000000ff300000| PB 0x00000000ff300000| Untracked |  0
|1862|0x00000000ff400000, 0x00000000ff500000, 0x00000000ff500000|100%| O|  |TAMS 0x00000000ff500000| PB 0x00000000ff400000| Untracked |  0
|1863|0x00000000ff500000, 0x00000000ff600000, 0x00000000ff600000|100%| O|  |TAMS 0x00000000ff600000| PB 0x00000000ff500000| Untracked |  0
|1864|0x00000000ff600000, 0x00000000ff700000, 0x00000000ff700000|100%| O|  |TAMS 0x00000000ff700000| PB 0x00000000ff600000| Untracked |  0
|1865|0x00000000ff700000, 0x00000000ff800000, 0x00000000ff800000|100%| O|  |TAMS 0x00000000ff800000| PB 0x00000000ff700000| Untracked |  0
|1866|0x00000000ff800000, 0x00000000ff900000, 0x00000000ff900000|100%| O|  |TAMS 0x00000000ff900000| PB 0x00000000ff800000| Untracked |  0
|1867|0x00000000ff900000, 0x00000000ffa00000, 0x00000000ffa00000|100%| O|  |TAMS 0x00000000ffa00000| PB 0x00000000ff900000| Untracked |  0
|1868|0x00000000ffa00000, 0x00000000ffa00000, 0x00000000ffb00000|  0%| F|  |TAMS 0x00000000ffa00000| PB 0x00000000ffa00000| Untracked |  0
|1869|0x00000000ffb00000, 0x00000000ffc00000, 0x00000000ffc00000|100%| O|  |TAMS 0x00000000ffc00000| PB 0x00000000ffb00000| Untracked |  0
|1870|0x00000000ffc00000, 0x00000000ffd00000, 0x00000000ffd00000|100%| O|  |TAMS 0x00000000ffd00000| PB 0x00000000ffc00000| Untracked |  0
|1871|0x00000000ffd00000, 0x00000000ffe00000, 0x00000000ffe00000|100%| O|  |TAMS 0x00000000ffe00000| PB 0x00000000ffd00000| Untracked |  0
|1872|0x00000000ffe00000, 0x00000000fff00000, 0x00000000fff00000|100%| O|  |TAMS 0x00000000fff00000| PB 0x00000000ffe00000| Untracked |  0
|1873|0x00000000fff00000, 0x0000000100000000, 0x0000000100000000|100%| O|  |TAMS 0x0000000100000000| PB 0x00000000fff00000| Untracked |  0

Card table byte_map: [0x0000014276610000,0x00000142769c0000] _byte_map_base: 0x00000142761b9000

Marking Bits: (CMBitMap*) 0x000001426d857630
 Bits: [0x00000142769c0000, 0x0000014278708000)

Polling page: 0x000001426b630000

Metaspace:

Usage:
  Non-class:    100.58 MB used.
      Class:     13.89 MB used.
       Both:    114.47 MB used.

Virtual space:
  Non-class space:      128.00 MB reserved,     101.31 MB ( 79%) committed,  2 nodes.
      Class space:        1.00 GB reserved,      14.50 MB (  1%) committed,  1 nodes.
             Both:        1.12 GB reserved,     115.81 MB ( 10%) committed. 

Chunk freelists:
   Non-Class:  10.45 MB
       Class:  1.48 MB
        Both:  11.93 MB

MaxMetaspaceSize: unlimited
CompressedClassSpaceSize: 1.00 GB
Initial GC threshold: 21.00 MB
Current GC threshold: 192.94 MB
CDS: on
 - commit_granule_bytes: 65536.
 - commit_granule_words: 8192.
 - virtual_space_node_default_size: 8388608.
 - enlarge_chunks_in_place: 1.
 - use_allocation_guard: 0.


Internal statistics:

num_allocs_failed_limit: 9.
num_arena_births: 1844.
num_arena_deaths: 0.
num_vsnodes_births: 3.
num_vsnodes_deaths: 0.
num_space_committed: 1853.
num_space_uncommitted: 0.
num_chunks_returned_to_freelist: 9.
num_chunks_taken_from_freelist: 6061.
num_chunk_merges: 6.
num_chunk_splits: 4471.
num_chunks_enlarged: 3475.
num_inconsistent_stats: 0.

CodeHeap 'non-profiled nmethods': size=120064Kb used=6649Kb max_used=6649Kb free=113414Kb
 bounds [0x0000014207ac0000, 0x0000014208140000, 0x000001420f000000]
CodeHeap 'profiled nmethods': size=120000Kb used=21121Kb max_used=22935Kb free=98879Kb
 bounds [0x0000014200000000, 0x0000014201670000, 0x0000014207530000]
CodeHeap 'non-nmethods': size=5696Kb used=1780Kb max_used=1848Kb free=3915Kb
 bounds [0x0000014207530000, 0x00000142077a0000, 0x0000014207ac0000]
CodeCache: size=245760Kb, used=29550Kb, max_used=31432Kb, free=216208Kb
 total_blobs=14334, nmethods=13519, adapters=718, full_count=0
Compilation: enabled, stopped_count=0, restarted_count=0

Compilation events (20 events):
Event: 41.956 Thread 0x000001427b170d90 nmethod 16558 0x0000014207ecbb08 code [0x0000014207ecbc40, 0x0000014207ecbfd0]
Event: 41.956 Thread 0x000001427b170d90 16533       4       java.lang.invoke.LambdaForm$DMH/0x0000014210e81000::newInvokeSpecial (27 bytes)
Event: 41.962 Thread 0x000001427b170d90 nmethod 16533 0x0000014207ecb188 code [0x0000014207ecb2e0, 0x0000014207ecba48]
Event: 41.963 Thread 0x000001427b170d90 16538       4       com.sonar.security.config.C.B$$Lambda/0x0000014210e7b2f8::apply (8 bytes)
Event: 41.964 Thread 0x000001427b170d90 nmethod 16538 0x0000014207ecae08 code [0x0000014207ecaf20, 0x0000014207ecb038]
Event: 41.964 Thread 0x000001427b170d90 16537       4       com.sonar.security.config.C.B::A (69 bytes)
Event: 41.968 Thread 0x0000014254ac2cc0 nmethod 16555 0x0000014208139c08 code [0x0000014208139e60, 0x000001420813b940]
Event: 41.969 Thread 0x0000014254ac2cc0 16548       4       java.lang.String::checkBoundsBeginEnd (11 bytes)
Event: 41.969 Thread 0x0000014254ac2cc0 nmethod 16548 0x000001420813ba88 code [0x000001420813bb80, 0x000001420813bc58]
Event: 41.969 Thread 0x0000014254ac2cc0 16307       4       com.google.B.B.C.K::E (71 bytes)
Event: 41.974 Thread 0x000001427b171580 16560       3       javax.crypto.Cipher::update (65 bytes)
Event: 41.974 Thread 0x000001427b171580 nmethod 16560 0x000001420089a888 code [0x000001420089aa00, 0x000001420089af20]
Event: 42.000 Thread 0x0000014254ac2cc0 nmethod 16307 0x000001420813bd88 code [0x000001420813bfa0, 0x000001420813cb50]
Event: 42.000 Thread 0x0000014254ac2cc0 16559       4       sun.nio.cs.UTF_8$Decoder::decodeArrayLoop (688 bytes)
Event: 42.013 Thread 0x0000014254ac2cc0 nmethod 16559 0x000001420813cc88 code [0x000001420813ce60, 0x000001420813de30]
Event: 42.013 Thread 0x0000014254ac2cc0 16561       4       sun.nio.cs.UTF_8$Decoder::isNotContinuation (17 bytes)
Event: 42.013 Thread 0x0000014254ac2cc0 nmethod 16561 0x000001420813df08 code [0x000001420813e000, 0x000001420813e090]
Event: 42.013 Thread 0x0000014254ac2cc0 16308       4       com.google.B.B.A$_C$1::next (5 bytes)
Event: 42.015 Thread 0x0000014254ac2cc0 nmethod 16308 0x000001420813e208 code [0x000001420813e320, 0x000001420813e5c8]
Event: 42.015 Thread 0x0000014254ac2cc0 16309       4       com.google.B.B.A$_D::A (61 bytes)

GC Heap History (20 events):
Event: 40.136 GC heap after
{Heap after GC invocations=48 (full 0):
 garbage-first heap   total reserved 1918976K, committed 186368K, used 113046K [0x000000008ae00000, 0x0000000100000000)
  region size 1024K, 4 young (4096K), 4 survivors (4096K)
 Metaspace       used 117070K, committed 118464K, reserved 1179648K
  class space    used 14217K, committed 14848K, reserved 1048576K
}
Event: 40.393 GC heap before
{Heap before GC invocations=48 (full 0):
 garbage-first heap   total reserved 1918976K, committed 238592K, used 236950K [0x000000008ae00000, 0x0000000100000000)
  region size 1024K, 28 young (28672K), 4 survivors (4096K)
 Metaspace       used 117104K, committed 118528K, reserved 1179648K
  class space    used 14219K, committed 14848K, reserved 1048576K
}
Event: 40.400 GC heap after
{Heap after GC invocations=49 (full 0):
 garbage-first heap   total reserved 1918976K, committed 244736K, used 130248K [0x000000008ae00000, 0x0000000100000000)
  region size 1024K, 4 young (4096K), 4 survivors (4096K)
 Metaspace       used 117104K, committed 118528K, reserved 1179648K
  class space    used 14219K, committed 14848K, reserved 1048576K
}
Event: 40.551 GC heap before
{Heap before GC invocations=49 (full 0):
 garbage-first heap   total reserved 1918976K, committed 244736K, used 202952K [0x000000008ae00000, 0x0000000100000000)
  region size 1024K, 75 young (76800K), 4 survivors (4096K)
 Metaspace       used 117107K, committed 118528K, reserved 1179648K
  class space    used 14219K, committed 14848K, reserved 1048576K
}
Event: 40.559 GC heap after
{Heap after GC invocations=50 (full 0):
 garbage-first heap   total reserved 1918976K, committed 244736K, used 134875K [0x000000008ae00000, 0x0000000100000000)
  region size 1024K, 8 young (8192K), 8 survivors (8192K)
 Metaspace       used 117107K, committed 118528K, reserved 1179648K
  class space    used 14219K, committed 14848K, reserved 1048576K
}
Event: 40.695 GC heap before
{Heap before GC invocations=50 (full 0):
 garbage-first heap   total reserved 1918976K, committed 244736K, used 203483K [0x000000008ae00000, 0x0000000100000000)
  region size 1024K, 75 young (76800K), 8 survivors (8192K)
 Metaspace       used 117109K, committed 118528K, reserved 1179648K
  class space    used 14219K, committed 14848K, reserved 1048576K
}
Event: 40.706 GC heap after
{Heap after GC invocations=51 (full 0):
 garbage-first heap   total reserved 1918976K, committed 244736K, used 139779K [0x000000008ae00000, 0x0000000100000000)
  region size 1024K, 10 young (10240K), 10 survivors (10240K)
 Metaspace       used 117109K, committed 118528K, reserved 1179648K
  class space    used 14219K, committed 14848K, reserved 1048576K
}
Event: 40.834 GC heap before
{Heap before GC invocations=51 (full 0):
 garbage-first heap   total reserved 1918976K, committed 244736K, used 210435K [0x000000008ae00000, 0x0000000100000000)
  region size 1024K, 79 young (80896K), 10 survivors (10240K)
 Metaspace       used 117109K, committed 118528K, reserved 1179648K
  class space    used 14219K, committed 14848K, reserved 1048576K
}
Event: 40.846 GC heap after
{Heap after GC invocations=52 (full 0):
 garbage-first heap   total reserved 1918976K, committed 320512K, used 145142K [0x000000008ae00000, 0x0000000100000000)
  region size 1024K, 10 young (10240K), 10 survivors (10240K)
 Metaspace       used 117109K, committed 118528K, reserved 1179648K
  class space    used 14219K, committed 14848K, reserved 1048576K
}
Event: 41.159 GC heap before
{Heap before GC invocations=53 (full 0):
 garbage-first heap   total reserved 1918976K, committed 320512K, used 263926K [0x000000008ae00000, 0x0000000100000000)
  region size 1024K, 126 young (129024K), 10 survivors (10240K)
 Metaspace       used 117109K, committed 118528K, reserved 1179648K
  class space    used 14219K, committed 14848K, reserved 1048576K
}
Event: 41.173 GC heap after
{Heap after GC invocations=54 (full 0):
 garbage-first heap   total reserved 1918976K, committed 320512K, used 154706K [0x000000008ae00000, 0x0000000100000000)
  region size 1024K, 15 young (15360K), 15 survivors (15360K)
 Metaspace       used 117109K, committed 118528K, reserved 1179648K
  class space    used 14219K, committed 14848K, reserved 1048576K
}
Event: 41.411 GC heap before
{Heap before GC invocations=54 (full 0):
 garbage-first heap   total reserved 1918976K, committed 320512K, used 260178K [0x000000008ae00000, 0x0000000100000000)
  region size 1024K, 116 young (118784K), 15 survivors (15360K)
 Metaspace       used 117113K, committed 118528K, reserved 1179648K
  class space    used 14219K, committed 14848K, reserved 1048576K
}
Event: 41.444 GC heap after
{Heap after GC invocations=55 (full 0):
 garbage-first heap   total reserved 1918976K, committed 320512K, used 155925K [0x000000008ae00000, 0x0000000100000000)
  region size 1024K, 15 young (15360K), 15 survivors (15360K)
 Metaspace       used 117113K, committed 118528K, reserved 1179648K
  class space    used 14219K, committed 14848K, reserved 1048576K
}
Event: 41.479 GC heap before
{Heap before GC invocations=55 (full 0):
 garbage-first heap   total reserved 1918976K, committed 320512K, used 172309K [0x000000008ae00000, 0x0000000100000000)
  region size 1024K, 32 young (32768K), 15 survivors (15360K)
 Metaspace       used 117113K, committed 118528K, reserved 1179648K
  class space    used 14219K, committed 14848K, reserved 1048576K
}
Event: 41.511 GC heap after
{Heap after GC invocations=56 (full 0):
 garbage-first heap   total reserved 1918976K, committed 320512K, used 170910K [0x000000008ae00000, 0x0000000100000000)
  region size 1024K, 14 young (14336K), 14 survivors (14336K)
 Metaspace       used 117113K, committed 118528K, reserved 1179648K
  class space    used 14219K, committed 14848K, reserved 1048576K
}
Event: 41.816 GC heap before
{Heap before GC invocations=57 (full 0):
 garbage-first heap   total reserved 1918976K, committed 320512K, used 277406K [0x000000008ae00000, 0x0000000100000000)
  region size 1024K, 105 young (107520K), 14 survivors (14336K)
 Metaspace       used 117215K, committed 118592K, reserved 1179648K
  class space    used 14224K, committed 14848K, reserved 1048576K
}
Event: 41.838 GC heap after
{Heap after GC invocations=58 (full 0):
 garbage-first heap   total reserved 1918976K, committed 320512K, used 189178K [0x000000008ae00000, 0x0000000100000000)
  region size 1024K, 14 young (14336K), 14 survivors (14336K)
 Metaspace       used 117215K, committed 118592K, reserved 1179648K
  class space    used 14224K, committed 14848K, reserved 1048576K
}
Event: 41.981 GC heap before
{Heap before GC invocations=58 (full 0):
 garbage-first heap   total reserved 1918976K, committed 320512K, used 288506K [0x000000008ae00000, 0x0000000100000000)
  region size 1024K, 97 young (99328K), 14 survivors (14336K)
 Metaspace       used 117218K, committed 118592K, reserved 1179648K
  class space    used 14224K, committed 14848K, reserved 1048576K
}
Event: 41.998 GC heap after
{Heap after GC invocations=59 (full 0):
 garbage-first heap   total reserved 1918976K, committed 320512K, used 193808K [0x000000008ae00000, 0x0000000100000000)
  region size 1024K, 8 young (8192K), 8 survivors (8192K)
 Metaspace       used 117218K, committed 118592K, reserved 1179648K
  class space    used 14224K, committed 14848K, reserved 1048576K
}
Event: 42.017 GC heap before
{Heap before GC invocations=59 (full 0):
 garbage-first heap   total reserved 1918976K, committed 320512K, used 206096K [0x000000008ae00000, 0x0000000100000000)
  region size 1024K, 21 young (21504K), 8 survivors (8192K)
 Metaspace       used 117218K, committed 118592K, reserved 1179648K
  class space    used 14224K, committed 14848K, reserved 1048576K
}

Dll operation events (14 events):
Event: 0.014 Loaded shared library C:\Program Files\Java\jdk-23\bin\java.dll
Event: 0.054 Loaded shared library C:\Program Files\Java\jdk-23\bin\jsvml.dll
Event: 0.081 Loaded shared library C:\Program Files\Java\jdk-23\bin\net.dll
Event: 0.086 Loaded shared library C:\Program Files\Java\jdk-23\bin\nio.dll
Event: 0.094 Loaded shared library C:\Program Files\Java\jdk-23\bin\zip.dll
Event: 0.442 Loaded shared library C:\Program Files\Java\jdk-23\bin\jimage.dll
Event: 0.446 Loaded shared library C:\Users\abdou\.m2\wrapper\dists\apache-maven-3.9.14\ed7edd442f634ac1c1ef5ba2b61b6d690b5221091f1a8e1123f5fadcc967520d\lib\jansi-native\Windows\x86_64\jansi.dll
Event: 0.474 Loaded shared library C:\Program Files\Java\jdk-23\bin\verify.dll
Event: 4.497 Loaded shared library C:\Program Files\Java\jdk-23\bin\extnet.dll
Event: 4.600 Loaded shared library C:\Program Files\Java\jdk-23\bin\sunmscapi.dll
Event: 28.435 Loaded shared library C:\Users\abdou\.tree-sitter\lib\x86_64-windows-tree-sitter.dll
Event: 28.456 Loaded shared library C:\Users\abdou\.tree-sitter\lib\x86_64-windows-tree-sitter-bash.dll
Event: 37.629 Loaded shared library C:\Program Files\Java\jdk-23\bin\management.dll
Event: 37.637 Loaded shared library C:\Program Files\Java\jdk-23\bin\management_ext.dll

Deoptimization events (20 events):
Event: 42.009 Thread 0x000001426d80b090 DEOPT PACKING pc=0x0000014200723304 sp=0x0000000e6b7fca70
Event: 42.009 Thread 0x000001426d80b090 DEOPT UNPACKING pc=0x0000014207584b22 sp=0x0000000e6b7fbfc8 mode 0
Event: 42.010 Thread 0x000001426d80b090 DEOPT PACKING pc=0x0000014200723304 sp=0x0000000e6b7fca70
Event: 42.010 Thread 0x000001426d80b090 DEOPT UNPACKING pc=0x0000014207584b22 sp=0x0000000e6b7fbfc8 mode 0
Event: 42.010 Thread 0x000001426d80b090 DEOPT PACKING pc=0x0000014200723304 sp=0x0000000e6b7fca70
Event: 42.010 Thread 0x000001426d80b090 DEOPT UNPACKING pc=0x0000014207584b22 sp=0x0000000e6b7fbfc8 mode 0
Event: 42.010 Thread 0x000001426d80b090 DEOPT PACKING pc=0x0000014200723304 sp=0x0000000e6b7fca70
Event: 42.010 Thread 0x000001426d80b090 DEOPT UNPACKING pc=0x0000014207584b22 sp=0x0000000e6b7fbfc8 mode 0
Event: 42.010 Thread 0x000001426d80b090 DEOPT PACKING pc=0x0000014200723304 sp=0x0000000e6b7fca70
Event: 42.010 Thread 0x000001426d80b090 DEOPT UNPACKING pc=0x0000014207584b22 sp=0x0000000e6b7fbfc8 mode 0
Event: 42.011 Thread 0x000001426d80b090 DEOPT PACKING pc=0x0000014200723304 sp=0x0000000e6b7fca70
Event: 42.011 Thread 0x000001426d80b090 DEOPT UNPACKING pc=0x0000014207584b22 sp=0x0000000e6b7fbfc8 mode 0
Event: 42.011 Thread 0x000001426d80b090 DEOPT PACKING pc=0x0000014200723304 sp=0x0000000e6b7fca70
Event: 42.011 Thread 0x000001426d80b090 DEOPT UNPACKING pc=0x0000014207584b22 sp=0x0000000e6b7fbfc8 mode 0
Event: 42.012 Thread 0x000001426d80b090 DEOPT PACKING pc=0x0000014200723304 sp=0x0000000e6b7fca70
Event: 42.012 Thread 0x000001426d80b090 DEOPT UNPACKING pc=0x0000014207584b22 sp=0x0000000e6b7fbfc8 mode 0
Event: 42.012 Thread 0x000001426d80b090 DEOPT PACKING pc=0x0000014200723304 sp=0x0000000e6b7fca70
Event: 42.012 Thread 0x000001426d80b090 DEOPT UNPACKING pc=0x0000014207584b22 sp=0x0000000e6b7fbfc8 mode 0
Event: 42.012 Thread 0x000001426d80b090 DEOPT PACKING pc=0x0000014200723304 sp=0x0000000e6b7fca70
Event: 42.012 Thread 0x000001426d80b090 DEOPT UNPACKING pc=0x0000014207584b22 sp=0x0000000e6b7fbfc8 mode 0

Classes loaded (20 events):
Event: 39.715 Loading class java/nio/file/DirectoryIteratorException
Event: 39.715 Loading class java/nio/file/DirectoryIteratorException done
Event: 39.803 Loading class javax/crypto/CipherInputStream
Event: 39.803 Loading class javax/crypto/CipherInputStream done
Event: 39.803 Loading class javax/crypto/SecretKeyFactory
Event: 39.804 Loading class javax/crypto/SecretKeyFactory done
Event: 39.804 Loading class com/sun/crypto/provider/PBKDF2Core$HmacSHA256
Event: 39.804 Loading class com/sun/crypto/provider/PBKDF2Core
Event: 39.805 Loading class javax/crypto/SecretKeyFactorySpi
Event: 39.805 Loading class javax/crypto/SecretKeyFactorySpi done
Event: 39.805 Loading class com/sun/crypto/provider/PBKDF2Core done
Event: 39.805 Loading class com/sun/crypto/provider/PBKDF2Core$HmacSHA256 done
Event: 39.805 Loading class javax/crypto/spec/PBEKeySpec
Event: 39.805 Loading class javax/crypto/spec/PBEKeySpec done
Event: 39.805 Loading class com/sun/crypto/provider/PBKDF2KeyImpl
Event: 39.806 Loading class javax/crypto/interfaces/PBEKey
Event: 39.806 Loading class javax/crypto/interfaces/PBEKey done
Event: 39.806 Loading class com/sun/crypto/provider/PBKDF2KeyImpl done
Event: 39.806 Loading class com/sun/crypto/provider/PBKDF2KeyImpl$1
Event: 39.806 Loading class com/sun/crypto/provider/PBKDF2KeyImpl$1 done

Classes unloaded (0 events):
No events

Classes redefined (0 events):
No events

Internal exceptions (20 events):
Event: 35.066 Thread 0x000001426d80b090 Exception <a 'java/lang/IncompatibleClassChangeError'{0x0000000093a7dd58}: Found class java.lang.Object, but interface was expected> (0x0000000093a7dd58) 
thrown [s\open\src\hotspot\share\interpreter\linkResolver.cpp, line 863]
Event: 35.066 Thread 0x000001426d80b090 Exception <a 'sun/nio/fs/WindowsException'{0x0000000093a82b80}> (0x0000000093a82b80) 
thrown [s\open\src\hotspot\share\prims\jni.cpp, line 520]
Event: 35.067 Thread 0x000001426d80b090 Exception <a 'sun/nio/fs/WindowsException'{0x0000000093a83730}> (0x0000000093a83730) 
thrown [s\open\src\hotspot\share\prims\jni.cpp, line 520]
Event: 35.067 Thread 0x000001426d80b090 Exception <a 'sun/nio/fs/WindowsException'{0x0000000093a843f0}> (0x0000000093a843f0) 
thrown [s\open\src\hotspot\share\prims\jni.cpp, line 520]
Event: 35.200 Thread 0x0000014258ac3620 Exception <a 'java/lang/NoSuchMethodError'{0x000000009363a880}: 'java.lang.Object java.lang.invoke.DirectMethodHandle$Holder.invokeSpecial(java.lang.Object, java.lang.Object, long, java.lang.Object, java.lang.Object)'> (0x000000009363a880) 
thrown [s\open\src\hotspot\share\interpreter\linkResolver.cpp, line 796]
Event: 35.365 Thread 0x0000014258ac3620 Exception <a 'java/lang/InterruptedException'{0x0000000093640d78}: sleep interrupted> (0x0000000093640d78) 
thrown [s\open\src\hotspot\share\prims\jvm.cpp, line 3093]
Event: 36.425 Thread 0x000001426d80b090 Exception <a 'sun/nio/fs/WindowsException'{0x00000000941dee20}> (0x00000000941dee20) 
thrown [s\open\src\hotspot\share\prims\jni.cpp, line 520]
Event: 36.426 Thread 0x000001426d80b090 Exception <a 'sun/nio/fs/WindowsException'{0x00000000941df450}> (0x00000000941df450) 
thrown [s\open\src\hotspot\share\prims\jni.cpp, line 520]
Event: 36.426 Thread 0x000001426d80b090 Exception <a 'sun/nio/fs/WindowsException'{0x00000000941dfde8}> (0x00000000941dfde8) 
thrown [s\open\src\hotspot\share\prims\jni.cpp, line 520]
Event: 36.484 Thread 0x000001426d80b090 Exception <a 'java/lang/NoSuchMethodError'{0x00000000946467c0}: 'java.lang.Object java.lang.invoke.DirectMethodHandle$Holder.invokeVirtual(java.lang.Object, java.lang.Object, int)'> (0x00000000946467c0) 
thrown [s\open\src\hotspot\share\interpreter\linkResolver.cpp, line 796]
Event: 37.151 Thread 0x000001426d80b090 Exception <a 'java/lang/NoSuchMethodError'{0x0000000091f1bc98}: 'int java.lang.invoke.DelegatingMethodHandle$Holder.reinvoke_L(java.lang.Object, long)'> (0x0000000091f1bc98) 
thrown [s\open\src\hotspot\share\interpreter\linkResolver.cpp, line 796]
Event: 37.262 Thread 0x000001426d80b090 Exception <a 'java/lang/NoSuchMethodError'{0x0000000091bd2600}: 'int java.lang.invoke.DelegatingMethodHandle$Holder.reinvoke_L(java.lang.Object, long, long)'> (0x0000000091bd2600) 
thrown [s\open\src\hotspot\share\interpreter\linkResolver.cpp, line 796]
Event: 37.620 Thread 0x000001426d80b090 Exception <a 'sun/nio/fs/WindowsException'{0x0000000093f3b538}> (0x0000000093f3b538) 
thrown [s\open\src\hotspot\share\prims\jni.cpp, line 520]
Event: 37.620 Thread 0x000001426d80b090 Exception <a 'sun/nio/fs/WindowsException'{0x0000000093f42640}> (0x0000000093f42640) 
thrown [s\open\src\hotspot\share\prims\jni.cpp, line 520]
Event: 38.062 Thread 0x000001426d80b090 Exception <a 'java/lang/NoSuchMethodError'{0x0000000092b56748}: 'void java.lang.invoke.DirectMethodHandle$Holder.invokeVirtual(java.lang.Object, java.lang.Object, float)'> (0x0000000092b56748) 
thrown [s\open\src\hotspot\share\interpreter\linkResolver.cpp, line 796]
Event: 38.063 Thread 0x000001426d80b090 Exception <a 'java/lang/NoSuchMethodError'{0x0000000092b61358}: 'float java.lang.invoke.DelegatingMethodHandle$Holder.reinvoke_L(java.lang.Object, java.lang.Object, int)'> (0x0000000092b61358) 
thrown [s\open\src\hotspot\share\interpreter\linkResolver.cpp, line 796]
Event: 38.064 Thread 0x000001426d80b090 Exception <a 'java/lang/NoSuchMethodError'{0x0000000092b6b720}: 'void java.lang.invoke.DelegatingMethodHandle$Holder.reinvoke_L(java.lang.Object, java.lang.Object, float)'> (0x0000000092b6b720) 
thrown [s\open\src\hotspot\share\interpreter\linkResolver.cpp, line 796]
Event: 38.410 Thread 0x000001426d80b090 Exception <a 'java/lang/NoSuchMethodError'{0x0000000091a677d0}: 'int java.lang.invoke.DirectMethodHandle$Holder.invokeStatic(java.lang.Object, java.lang.Object, int, java.lang.Object)'> (0x0000000091a677d0) 
thrown [s\open\src\hotspot\share\interpreter\linkResolver.cpp, line 796]
Event: 39.098 Thread 0x000001426d80b090 Exception <a 'java/lang/IncompatibleClassChangeError'{0x000000009405e768}: Found class java.lang.Object, but interface was expected> (0x000000009405e768) 
thrown [s\open\src\hotspot\share\interpreter\linkResolver.cpp, line 863]
Event: 39.213 Thread 0x0000014258ac3cb0 Exception <a 'java/lang/InterruptedException'{0x00000000940bb700}: sleep interrupted> (0x00000000940bb700) 
thrown [s\open\src\hotspot\share\prims\jvm.cpp, line 3093]

VM Operations (20 events):
Event: 40.846 Executing VM operation: G1CollectForAllocation (G1 Evacuation Pause) done
Event: 40.990 Executing VM operation: G1PauseRemark
Event: 41.001 Executing VM operation: G1PauseRemark done
Event: 41.042 Executing VM operation: G1PauseCleanup
Event: 41.043 Executing VM operation: G1PauseCleanup done
Event: 41.159 Executing VM operation: G1CollectForAllocation (G1 Evacuation Pause)
Event: 41.174 Executing VM operation: G1CollectForAllocation (G1 Evacuation Pause) done
Event: 41.411 Executing VM operation: G1CollectForAllocation (G1 Evacuation Pause)
Event: 41.444 Executing VM operation: G1CollectForAllocation (G1 Evacuation Pause) done
Event: 41.479 Executing VM operation: G1TryInitiateConcMark (G1 Humongous Allocation)
Event: 41.511 Executing VM operation: G1TryInitiateConcMark (G1 Humongous Allocation) done
Event: 41.692 Executing VM operation: G1PauseRemark
Event: 41.703 Executing VM operation: G1PauseRemark done
Event: 41.755 Executing VM operation: G1PauseCleanup
Event: 41.755 Executing VM operation: G1PauseCleanup done
Event: 41.816 Executing VM operation: G1CollectForAllocation (G1 Evacuation Pause)
Event: 41.838 Executing VM operation: G1CollectForAllocation (G1 Evacuation Pause) done
Event: 41.981 Executing VM operation: G1CollectForAllocation (G1 Evacuation Pause)
Event: 41.998 Executing VM operation: G1CollectForAllocation (G1 Evacuation Pause) done
Event: 42.017 Executing VM operation: G1TryInitiateConcMark (G1 Humongous Allocation)

Memory protections (0 events):
No events

Nmethod flushes (20 events):
Event: 41.701 Thread 0x000001427b13b6f0 flushing  nmethod 0x0000014200935a08
Event: 41.701 Thread 0x000001427b13b6f0 flushing  nmethod 0x0000014200c60588
Event: 41.701 Thread 0x000001427b13b6f0 flushing  nmethod 0x0000014200ccc008
Event: 41.701 Thread 0x000001427b13b6f0 flushing  nmethod 0x0000014200df9c88
Event: 41.701 Thread 0x000001427b13b6f0 flushing  nmethod 0x000001420111f708
Event: 41.701 Thread 0x000001427b13b6f0 flushing  nmethod 0x000001420119eb08
Event: 41.701 Thread 0x000001427b13b6f0 flushing  nmethod 0x0000014207fc4908
Event: 41.701 Thread 0x000001427b13b6f0 flushing  nmethod 0x0000014200006f88
Event: 41.701 Thread 0x000001427b13b6f0 flushing  nmethod 0x00000142000b7588
Event: 41.701 Thread 0x000001427b13b6f0 flushing  nmethod 0x000001420016a188
Event: 41.701 Thread 0x000001427b13b6f0 flushing  nmethod 0x0000014200259e08
Event: 41.701 Thread 0x000001427b13b6f0 flushing  nmethod 0x000001420025c788
Event: 41.701 Thread 0x000001427b13b6f0 flushing  nmethod 0x00000142002e6708
Event: 41.701 Thread 0x000001427b13b6f0 flushing  nmethod 0x0000014200336d08
Event: 41.701 Thread 0x000001427b13b6f0 flushing  nmethod 0x000001420046b988
Event: 41.701 Thread 0x000001427b13b6f0 flushing  nmethod 0x0000014200528408
Event: 41.701 Thread 0x000001427b13b6f0 flushing  nmethod 0x0000014200534e08
Event: 41.701 Thread 0x000001427b13b6f0 flushing  nmethod 0x0000014200654008
Event: 41.701 Thread 0x000001427b13b6f0 flushing  nmethod 0x0000014200e0fd88
Event: 41.701 Thread 0x000001427b13b6f0 flushing  nmethod 0x0000014201665b08

Events (20 events):
Event: 39.224 Thread 0x0000014254815910 Thread exited: 0x0000014254815910
Event: 39.224 Thread 0x0000014254814bf0 Thread exited: 0x0000014254814bf0
Event: 39.224 Thread 0x0000014254815fa0 Thread exited: 0x0000014254815fa0
Event: 39.226 Thread 0x00000142548131b0 Thread exited: 0x00000142548131b0
Event: 39.226 Thread 0x0000014254815280 Thread exited: 0x0000014254815280
Event: 39.226 Thread 0x0000014254d85bd0 Thread exited: 0x0000014254d85bd0
Event: 39.227 Thread 0x0000014254d820c0 Thread exited: 0x0000014254d820c0
Event: 39.227 Thread 0x0000014254817350 Thread exited: 0x0000014254817350
Event: 39.227 Thread 0x0000014254813ed0 Thread exited: 0x0000014254813ed0
Event: 39.227 Thread 0x0000014254819420 Thread exited: 0x0000014254819420
Event: 39.227 Thread 0x0000014254818070 Thread exited: 0x0000014254818070
Event: 39.227 Thread 0x0000014258ac3620 Thread exited: 0x0000014258ac3620
Event: 39.227 Thread 0x0000014254814560 Thread exited: 0x0000014254814560
Event: 39.228 Thread 0x00000142548179e0 Thread exited: 0x00000142548179e0
Event: 39.228 Thread 0x0000014254816cc0 Thread exited: 0x0000014254816cc0
Event: 39.228 Thread 0x0000014254816630 Thread exited: 0x0000014254816630
Event: 39.386 Thread 0x0000014259d31b50 Thread exited: 0x0000014259d31b50
Event: 39.411 Thread 0x000001425904a760 Thread exited: 0x000001425904a760
Event: 39.711 Thread 0x000001427b171580 Thread added: 0x0000014254ac4800
Event: 39.946 Thread 0x000001427b171580 Thread added: 0x0000014254ac2cc0


Dynamic libraries:
0x00007ff695090000 - 0x00007ff6950a0000 	C:\Program Files\Java\jdk-23\bin\java.exe
0x00007ff9b8400000 - 0x00007ff9b8667000 	C:\WINDOWS\SYSTEM32\ntdll.dll
0x00007ff9b6d20000 - 0x00007ff9b6de9000 	C:\WINDOWS\System32\KERNEL32.DLL
0x00007ff9b4f50000 - 0x00007ff9b5344000 	C:\WINDOWS\System32\KERNELBASE.dll
0x00007ff9b4e00000 - 0x00007ff9b4f4b000 	C:\WINDOWS\System32\ucrtbase.dll
0x00007ff99c8e0000 - 0x00007ff99c8fb000 	C:\Program Files\Java\jdk-23\bin\VCRUNTIME140.dll
0x00007ff99ced0000 - 0x00007ff99cee7000 	C:\Program Files\Java\jdk-23\bin\jli.dll
0x00007ff9b78e0000 - 0x00007ff9b7aa5000 	C:\WINDOWS\System32\USER32.dll
0x00007ff99b520000 - 0x00007ff99b7b3000 	C:\WINDOWS\WinSxS\amd64_microsoft.windows.common-controls_6595b64144ccf1df_6.0.26100.8115_none_3e075c82e3354f9c\COMCTL32.dll
0x00007ff9b5f60000 - 0x00007ff9b5f87000 	C:\WINDOWS\System32\win32u.dll
0x00007ff9b82f0000 - 0x00007ff9b8399000 	C:\WINDOWS\System32\msvcrt.dll
0x00007ff9b6a00000 - 0x00007ff9b6a2b000 	C:\WINDOWS\System32\GDI32.dll
0x00007ff9b4cd0000 - 0x00007ff9b4dfa000 	C:\WINDOWS\System32\gdi32full.dll
0x00007ff9b5f90000 - 0x00007ff9b6033000 	C:\WINDOWS\System32\msvcp_win.dll
0x00007ff9b6e10000 - 0x00007ff9b6e42000 	C:\WINDOWS\System32\IMM32.DLL
0x00007ff9ae8e0000 - 0x00007ff9ae8ec000 	C:\Program Files\Java\jdk-23\bin\vcruntime140_1.dll
0x00007ff973ea0000 - 0x00007ff973f2e000 	C:\Program Files\Java\jdk-23\bin\msvcp140.dll
0x00007ff8e8570000 - 0x00007ff8e92bf000 	C:\Program Files\Java\jdk-23\bin\server\jvm.dll
0x00007ff9b6420000 - 0x00007ff9b64d6000 	C:\WINDOWS\System32\ADVAPI32.dll
0x00007ff9b7590000 - 0x00007ff9b7637000 	C:\WINDOWS\System32\sechost.dll
0x00007ff9b6bf0000 - 0x00007ff9b6d08000 	C:\WINDOWS\System32\RPCRT4.dll
0x00007ff9b6970000 - 0x00007ff9b69f0000 	C:\WINDOWS\System32\WS2_32.dll
0x00007ff9af560000 - 0x00007ff9af56b000 	C:\WINDOWS\SYSTEM32\VERSION.dll
0x00007ff9adf00000 - 0x00007ff9adf36000 	C:\WINDOWS\SYSTEM32\WINMM.dll
0x00007ff9b4b30000 - 0x00007ff9b4b8e000 	C:\WINDOWS\SYSTEM32\POWRPROF.dll
0x00007ff9b4b10000 - 0x00007ff9b4b24000 	C:\WINDOWS\SYSTEM32\UMPDC.dll
0x00007ff9b3a40000 - 0x00007ff9b3a5b000 	C:\WINDOWS\SYSTEM32\kernel.appcore.dll
0x00007ff9aacf0000 - 0x00007ff9aacfa000 	C:\Program Files\Java\jdk-23\bin\jimage.dll
0x00007ff9ab100000 - 0x00007ff9ab342000 	C:\WINDOWS\SYSTEM32\DBGHELP.DLL
0x00007ff9b7200000 - 0x00007ff9b7582000 	C:\WINDOWS\System32\combase.dll
0x00007ff9b6a30000 - 0x00007ff9b6b07000 	C:\WINDOWS\System32\OLEAUT32.dll
0x00007ff999870000 - 0x00007ff9998ab000 	C:\WINDOWS\SYSTEM32\dbgcore.DLL
0x00007ff9b54d0000 - 0x00007ff9b5575000 	C:\WINDOWS\System32\bcryptPrimitives.dll
0x00007ff99c7f0000 - 0x00007ff99c80e000 	C:\Program Files\Java\jdk-23\bin\java.dll
0x00007ff9b7640000 - 0x00007ff9b77d7000 	C:\WINDOWS\System32\ole32.dll
0x00007ff9b7ab0000 - 0x00007ff9b8216000 	C:\WINDOWS\System32\SHELL32.dll
0x00007ff9b5df0000 - 0x00007ff9b5f5a000 	C:\WINDOWS\System32\wintypes.dll
0x00007ff9b5580000 - 0x00007ff9b5de5000 	C:\WINDOWS\System32\windows.storage.dll
0x00007ff9b77e0000 - 0x00007ff9b78d7000 	C:\WINDOWS\System32\SHCORE.dll
0x00007ff9b63b0000 - 0x00007ff9b6416000 	C:\WINDOWS\System32\shlwapi.dll
0x00007ff9b4bf0000 - 0x00007ff9b4c19000 	C:\WINDOWS\SYSTEM32\profapi.dll
0x00007ff973a20000 - 0x00007ff973af7000 	C:\Program Files\Java\jdk-23\bin\jsvml.dll
0x00007ff99ce50000 - 0x00007ff99ce60000 	C:\Program Files\Java\jdk-23\bin\net.dll
0x00007ff9b3fd0000 - 0x00007ff9b403c000 	C:\WINDOWS\system32\mswsock.dll
0x00007ff9975a0000 - 0x00007ff9975b6000 	C:\Program Files\Java\jdk-23\bin\nio.dll
0x00007ff98fbe0000 - 0x00007ff98fbf7000 	C:\Program Files\Java\jdk-23\bin\zip.dll
0x00007ff98f250000 - 0x00007ff98f274000 	C:\Users\abdou\.m2\wrapper\dists\apache-maven-3.9.14\ed7edd442f634ac1c1ef5ba2b61b6d690b5221091f1a8e1123f5fadcc967520d\lib\jansi-native\Windows\x86_64\jansi.dll
0x00007ff99cdd0000 - 0x00007ff99cde0000 	C:\Program Files\Java\jdk-23\bin\verify.dll
0x00007ff9b42b0000 - 0x00007ff9b42cb000 	C:\WINDOWS\SYSTEM32\CRYPTSP.dll
0x00007ff9b39a0000 - 0x00007ff9b39d9000 	C:\WINDOWS\system32\rsaenh.dll
0x00007ff9b4080000 - 0x00007ff9b40b3000 	C:\WINDOWS\SYSTEM32\USERENV.dll
0x00007ff9b4bc0000 - 0x00007ff9b4bea000 	C:\WINDOWS\SYSTEM32\bcrypt.dll
0x00007ff9b42d0000 - 0x00007ff9b42dc000 	C:\WINDOWS\SYSTEM32\CRYPTBASE.dll
0x00007ff9b3410000 - 0x00007ff9b3442000 	C:\WINDOWS\SYSTEM32\IPHLPAPI.DLL
0x00007ff9b6d10000 - 0x00007ff9b6d1a000 	C:\WINDOWS\System32\NSI.dll
0x00007ff9b34a0000 - 0x00007ff9b35d2000 	C:\WINDOWS\SYSTEM32\DNSAPI.dll
0x00007ff9a2c00000 - 0x00007ff9a2c0b000 	C:\Windows\System32\rasadhlp.dll
0x00007ff9abe40000 - 0x00007ff9abec6000 	C:\WINDOWS\System32\fwpuclnt.dll
0x00007ff996a60000 - 0x00007ff996a69000 	C:\Program Files\Java\jdk-23\bin\extnet.dll
0x00007ff98fbd0000 - 0x00007ff98fbde000 	C:\Program Files\Java\jdk-23\bin\sunmscapi.dll
0x00007ff9b5350000 - 0x00007ff9b54c7000 	C:\WINDOWS\System32\CRYPT32.dll
0x00007ff9b44d0000 - 0x00007ff9b4500000 	C:\WINDOWS\SYSTEM32\ncrypt.dll
0x00007ff9b4480000 - 0x00007ff9b44bf000 	C:\WINDOWS\SYSTEM32\NTASN1.dll
0x00007ff9b4320000 - 0x00007ff9b4333000 	C:\WINDOWS\SYSTEM32\MSASN1.dll
0x00007ff9b4040000 - 0x00007ff9b4070000 	C:\WINDOWS\SYSTEM32\gpapi.dll
0x00007ff9a4610000 - 0x00007ff9a464b000 	C:\WINDOWS\SYSTEM32\cryptnet.dll
0x00007ff9b26b0000 - 0x00007ff9b26be000 	C:\WINDOWS\SYSTEM32\WINNSI.DLL
0x00007ff98ca30000 - 0x00007ff98cabc000 	C:\WINDOWS\system32\ncryptprov.dll
0x00007ff986cc0000 - 0x00007ff986dd4000 	C:\WINDOWS\system32\PCPKsp.dll
0x00007ff99fdb0000 - 0x00007ff99fdca000 	C:\WINDOWS\SYSTEM32\tbs.dll
0x00007ff9b48c0000 - 0x00007ff9b48ca000 	C:\WINDOWS\SYSTEM32\DPAPI.dll
0x00007ff97a9b0000 - 0x00007ff97aa20000 	C:\Users\abdou\.tree-sitter\lib\x86_64-windows-tree-sitter.dll
0x00007ff952470000 - 0x00007ff9525eb000 	C:\Users\abdou\.tree-sitter\lib\x86_64-windows-tree-sitter-bash.dll
0x00007ff98fbc0000 - 0x00007ff98fbca000 	C:\Program Files\Java\jdk-23\bin\management.dll
0x00007ff98f2a0000 - 0x00007ff98f2ab000 	C:\Program Files\Java\jdk-23\bin\management_ext.dll
0x00007ff9b83b0000 - 0x00007ff9b83b8000 	C:\WINDOWS\System32\PSAPI.DLL

dbghelp: loaded successfully - version: 4.0.5 - missing functions: none
symbol engine: initialized successfully - sym options: 0x614 - pdb path: .;C:\Program Files\Java\jdk-23\bin;C:\WINDOWS\SYSTEM32;C:\WINDOWS\WinSxS\amd64_microsoft.windows.common-controls_6595b64144ccf1df_6.0.26100.8115_none_3e075c82e3354f9c;C:\Program Files\Java\jdk-23\bin\server;C:\Users\abdou\.m2\wrapper\dists\apache-maven-3.9.14\ed7edd442f634ac1c1ef5ba2b61b6d690b5221091f1a8e1123f5fadcc967520d\lib\jansi-native\Windows\x86_64;C:\Users\abdou\.tree-sitter\lib

VM Arguments:
jvm_args: --enable-native-access=ALL-UNNAMED -Dclassworlds.conf=C:\Users\abdou\.m2\wrapper\dists\apache-maven-3.9.14\ed7edd442f634ac1c1ef5ba2b61b6d690b5221091f1a8e1123f5fadcc967520d\bin\m2.conf -Dmaven.home=C:\Users\abdou\.m2\wrapper\dists\apache-maven-3.9.14\ed7edd442f634ac1c1ef5ba2b61b6d690b5221091f1a8e1123f5fadcc967520d -Dlibrary.jansi.path=C:\Users\abdou\.m2\wrapper\dists\apache-maven-3.9.14\ed7edd442f634ac1c1ef5ba2b61b6d690b5221091f1a8e1123f5fadcc967520d\lib\jansi-native -Dmaven.multiModuleProjectDirectory=C:\Users\abdou\Documents\dossier\auth-server 
java_command: org.codehaus.plexus.classworlds.launcher.Launcher sonar:sonar -Dsonar.token=ffd7ef2cfc4828e27315f1446b52d1a6de79ef14 -Dsonar.projectKey=liwell976_tp-auth -Dsonar.organization=liwell976 -Dsonar.host.url=https://sonarcloud.io
java_class_path (initial): C:\Users\abdou\.m2\wrapper\dists\apache-maven-3.9.14\ed7edd442f634ac1c1ef5ba2b61b6d690b5221091f1a8e1123f5fadcc967520d\boot\plexus-classworlds-2.9.0.jar
Launcher Type: SUN_STANDARD

[Global flags]
     intx CICompilerCount                          = 4                                         {product} {ergonomic}
     uint ConcGCThreads                            = 2                                         {product} {ergonomic}
     uint G1ConcRefinementThreads                  = 8                                         {product} {ergonomic}
   size_t G1HeapRegionSize                         = 1048576                                   {product} {ergonomic}
   size_t InitialHeapSize                          = 123731968                                 {product} {ergonomic}
   size_t MarkStackSize                            = 4194304                                   {product} {ergonomic}
   size_t MarkStackSizeMax                         = 536870912                                 {product} {ergonomic}
   size_t MaxHeapSize                              = 1965031424                                {product} {ergonomic}
   size_t MaxNewSize                               = 1178599424                                {product} {ergonomic}
   size_t MinHeapDeltaBytes                        = 1048576                                   {product} {ergonomic}
   size_t MinHeapSize                              = 8388608                                   {product} {ergonomic}
    uintx NonNMethodCodeHeapSize                   = 5832704                                {pd product} {ergonomic}
    uintx NonProfiledCodeHeapSize                  = 122945536                              {pd product} {ergonomic}
    uintx ProfiledCodeHeapSize                     = 122880000                              {pd product} {ergonomic}
    uintx ReservedCodeCacheSize                    = 251658240                              {pd product} {ergonomic}
     bool SegmentedCodeCache                       = true                                      {product} {ergonomic}
   size_t SoftMaxHeapSize                          = 1965031424                             {manageable} {ergonomic}
     bool UseCompressedOops                        = true                           {product lp64_product} {ergonomic}
     bool UseG1GC                                  = true                                      {product} {ergonomic}
     bool UseLargePagesIndividualAllocation        = false                                  {pd product} {ergonomic}

Logging:
Log output configuration:
 #0: stdout all=warning uptime,level,tags foldmultilines=false
 #1: stderr all=off uptime,level,tags foldmultilines=false

Environment Variables:
PATH=C:\Python314\Scripts\;C:\Python314\;C:\Program Files\Common Files\Oracle\Java\javapath;C:\WINDOWS\system32;C:\WINDOWS;C:\WINDOWS\System32\Wbem;C:\WINDOWS\System32\WindowsPowerShell\v1.0\;C:\WINDOWS\System32\OpenSSH\;C:\Program Files\Git\cmd;C:\Program Files\dotnet\;C:\Program Files\Common Files\Autodesk Shared\;C:\Program Files\Microsoft SQL Server\150\Tools\Binn\;C:\Program Files\nodejs\;C:\ProgramData\chocolatey\bin;C:\ProgramData;C:\mkcert;C:\Program Files\MongoDB\Server\8.2\bin;C:\wamp\bin\mysql\mysql5.7.40\bin;C:\Program Files\MongoDB\Tools\100\bin;C:\Program Files\Apache\maven\bin;C:\Users\abdou\AppData\Local\Microsoft\WindowsApps;C:\Users\abdou\AppData\Local\Programs\Microsoft VS Code\bin;C:\Users\abdou\AppData\Local\GitHubDesktop\bin;C:\Program Files\Java\jdk-23\bin;C:\Program Files (x86)\WiX Toolset v3.14\bin;C:\Program Files (x86)\Jar2Exe Wizard\;C:\Users\abdou\AppData\Roaming\npm;C:\wamp\bin\php\php8.2.0;C:\Users\abdou\AppData\Roaming\Composer\vendor\bin;C:\Users\abdou\AppData\Local\atom\bin;C:\mkcert;
USERNAME=abdou
OS=Windows_NT
PROCESSOR_IDENTIFIER=AMD64 Family 25 Model 80 Stepping 0, AuthenticAMD
TMP=C:\Users\abdou\AppData\Local\Temp
TEMP=C:\Users\abdou\AppData\Local\Temp




Periodic native trim disabled

---------------  S Y S T E M  ---------------

OS:
 Windows 11 , 64 bit Build 26100 (10.0.26100.8115)
OS uptime: 8 days 13:01 hours
Hyper-V role detected

CPU: total 8 (initial active 8) (8 cores per cpu, 2 threads per core) family 25 model 80 stepping 0 microcode 0xa50000d, cx8, cmov, fxsr, ht, mmx, 3dnowpref, sse, sse2, sse3, ssse3, sse4a, sse4.1, sse4.2, popcnt, lzcnt, tsc, tscinvbit, avx, avx2, aes, erms, clmul, bmi1, bmi2, adx, sha, fma, vzeroupper, clflush, clflushopt, hv, rdtscp, rdpid, fsrm, f16c, cet_ss
Processor Information for processor 0
  Max Mhz: 2701, Current Mhz: 1800, Mhz Limit: 2701
Processor Information for processor 1
  Max Mhz: 2701, Current Mhz: 2701, Mhz Limit: 2701
Processor Information for processor 2
  Max Mhz: 2701, Current Mhz: 1800, Mhz Limit: 2701
Processor Information for processor 3
  Max Mhz: 2701, Current Mhz: 1800, Mhz Limit: 2701
Processor Information for processor 4
  Max Mhz: 2701, Current Mhz: 1800, Mhz Limit: 2701
Processor Information for processor 5
  Max Mhz: 2701, Current Mhz: 1800, Mhz Limit: 2701
Processor Information for processor 6
  Max Mhz: 2701, Current Mhz: 1800, Mhz Limit: 2701
Processor Information for processor 7
  Max Mhz: 2701, Current Mhz: 1800, Mhz Limit: 2701

Memory: 4k page, system-wide physical 7488M (1027M free)
TotalPageFile size 30016M (AvailPageFile size 42M)
current process WorkingSet (physical memory assigned to process): 627M, peak: 631M
current process commit charge ("private bytes"): 656M, peak: 989M

vm_info: Java HotSpot(TM) 64-Bit Server VM (23+37-2369) for windows-amd64 JRE (23+37-2369), built on 2024-08-20T16:01:23Z with MS VC++ 17.6 (VS2022)

END.
