#
# There is insufficient memory for the Java Runtime Environment to continue.
# Native memory allocation (mmap) failed to map 242221056 bytes. Error detail: G1 virtual space
# Possible reasons:
#   The system is out of physical RAM or swap space
#   This process is running with CompressedOops enabled, and the Java Heap may be blocking the growth of the native heap
# Possible solutions:
#   Reduce memory load on the system
#   Increase physical memory or swap space
#   Check if swap backing store is full
#   Decrease Java heap size (-Xmx/-Xms)
#   Decrease number of Java threads
#   Decrease Java thread stack sizes (-Xss)
#   Set larger code cache with -XX:ReservedCodeCacheSize=
#   JVM is running with Unscaled Compressed Oops mode in which the Java heap is
#     placed in the first 4GB address space. The Java Heap base address is the
#     maximum limit for the native heap growth. Please use -XX:HeapBaseMinAddress
#     to set the Java Heap base and to place the Java Heap above 4GB virtual address.
# This output file may be truncated or incomplete.
#
#  Out of Memory Error (os_windows.cpp:3703), pid=19848, tid=12748
#
# JRE version: Java(TM) SE Runtime Environment (23.0+37) (build 23+37-2369)
# Java VM: Java HotSpot(TM) 64-Bit Server VM (23+37-2369, mixed mode, sharing, tiered, compressed oops, compressed class ptrs, g1 gc, windows-amd64)
# No core dump will be written. Minidumps are not enabled by default on client versions of Windows
#

---------------  S U M M A R Y ------------

Command Line: --enable-native-access=ALL-UNNAMED -Dclassworlds.conf=C:\Users\abdou\.m2\wrapper\dists\apache-maven-3.9.14\ed7edd442f634ac1c1ef5ba2b61b6d690b5221091f1a8e1123f5fadcc967520d\bin\m2.conf -Dmaven.home=C:\Users\abdou\.m2\wrapper\dists\apache-maven-3.9.14\ed7edd442f634ac1c1ef5ba2b61b6d690b5221091f1a8e1123f5fadcc967520d -Dlibrary.jansi.path=C:\Users\abdou\.m2\wrapper\dists\apache-maven-3.9.14\ed7edd442f634ac1c1ef5ba2b61b6d690b5221091f1a8e1123f5fadcc967520d\lib\jansi-native -Dmaven.multiModuleProjectDirectory=C:\Users\abdou\Documents\dossier\auth-server org.codehaus.plexus.classworlds.launcher.Launcher sonar:sonar -Dsonar.token=ffd7ef2cfc4828e27315f1446b52d1a6de79ef14 -Dsonar.projectKey=liwell976_tp-auth -Dsonar.organization=liwell976 -Dsonar.host.url=https://sonarcloud.io

Host: AMD Ryzen 3 5425U with Radeon Graphics         , 8 cores, 7G,  Windows 11 , 64 bit Build 26100 (10.0.26100.8115)
Time: Sat Apr 11 13:41:00 2026 Paris, Madrid (heure duild 26100 (10.0.26100.8115) elapsed time: 38.720360 seconds (0d 0h 0m 38s)

---------------  T H R E A D  ---------------

Current thread (0x000001661b65b010):  VMThread "VM Thread"          [id=12748, stack(0x00000025a2d00000,0x00000025a2e00000) (1024K)]

Stack: [0x00000025a2d00000,0x00000025a2e00000]
Native frames: (J=compiled Java code, j=interpreted, Vv=VM code, C=native code)
V  [jvm.dll+0x6e08a9]  (no source info available)
V  [jvm.dll+0x87da63]  (no source info available)
V  [jvm.dll+0x87feee]  (no source info available)
V  [jvm.dll+0x8805c3]  (no source info available)
V  [jvm.dll+0x27aee6]  (no source info available)
V  [jvm.dll+0x6dd1b5]  (no source info available)
V  [jvm.dll+0x6d103a]  (no source info available)
V  [jvm.dll+0x35b3ea]  (no source info available)
V  [jvm.dll+0x3637f6]  (no source info available)
V  [jvm.dll+0x34fd5e]  (no source info available)
V  [jvm.dll+0x34fff8]  (no source info available)
V  [jvm.dll+0x3289cc]  (no source info available)
V  [jvm.dll+0x328a5a]  (no source info available)
V  [jvm.dll+0x374c92]  (no source info available)
V  [jvm.dll+0x373392]  (no source info available)
V  [jvm.dll+0x3281a7]  (no source info available)
V  [jvm.dll+0x372b44]  (no source info available)
V  [jvm.dll+0x886500]  (no source info available)
V  [jvm.dll+0x887827]  (no source info available)
V  [jvm.dll+0x887d58]  (no source info available)
V  [jvm.dll+0x887ff3]  (no source info available)
V  [jvm.dll+0x824f1b]  (no source info available)
V  [jvm.dll+0x6df055]  (no source info available)
C  [ucrtbase.dll+0x37b0]  (no source info available)
C  [KERNEL32.DLL+0x2e8d7]  (no source info available)
C  [ntdll.dll+0x8c3fc]  (no source info available)

VM_Operation (0x00000025a26fca30): G1CollectForAllocation, mode: safepoint, requested by thread 0x000001667c890760


---------------  P R O C E S S  ---------------

Threads class SMR info:
_java_thread_list=0x0000016674210520, length=27, elements={
0x000001667c890760, 0x000001661b671a70, 0x000001661b6734e0, 0x000001661b679ea0,
0x000001661b67a900, 0x000001661b67f380, 0x000001661b681310, 0x000001661b67c920,
0x000001661b69d7a0, 0x000001661b6833e0, 0x000001661b67ff60, 0x000001661b6805f0,
0x000001661b680c80, 0x000001661b682030, 0x000001661b6826c0, 0x0000016662a72a10,
0x0000016662a74450, 0x0000016662a71cf0, 0x0000016662a73dc0, 0x0000016662a74ae0,
0x0000016662a75170, 0x0000016662a75800, 0x0000016662a75e90, 0x0000016662a76bb0,
0x0000016662a778d0, 0x00000166611e9e50, 0x00000166611e7c40
}

Java Threads: ( => current thread )
  0x000001667c890760 JavaThread "main"                              [_thread_blocked, id=38900, stack(0x00000025a2600000,0x00000025a2700000) (1024K)]
  0x000001661b671a70 JavaThread "Reference Handler"          daemon [_thread_blocked, id=17480, stack(0x00000025a2e00000,0x00000025a2f00000) (1024K)]
  0x000001661b6734e0 JavaThread "Finalizer"                  daemon [_thread_blocked, id=34008, stack(0x00000025a2f00000,0x00000025a3000000) (1024K)]
  0x000001661b679ea0 JavaThread "Signal Dispatcher"          daemon [_thread_blocked, id=36960, stack(0x00000025a3000000,0x00000025a3100000) (1024K)]
  0x000001661b67a900 JavaThread "Attach Listener"            daemon [_thread_blocked, id=28216, stack(0x00000025a3100000,0x00000025a3200000) (1024K)]
  0x000001661b67f380 JavaThread "Service Thread"             daemon [_thread_blocked, id=16368, stack(0x00000025a3200000,0x00000025a3300000) (1024K)]
  0x000001661b681310 JavaThread "Monitor Deflation Thread"   daemon [_thread_blocked, id=18464, stack(0x00000025a3300000,0x00000025a3400000) (1024K)]
  0x000001661b67c920 JavaThread "C2 CompilerThread0"         daemon [_thread_blocked, id=6344, stack(0x00000025a3400000,0x00000025a3500000) (1024K)]
  0x000001661b69d7a0 JavaThread "C1 CompilerThread0"         daemon [_thread_blocked, id=780, stack(0x00000025a3500000,0x00000025a3600000) (1024K)]
  0x000001661b6833e0 JavaThread "Notification Thread"        daemon [_thread_blocked, id=6472, stack(0x00000025a3600000,0x00000025a3700000) (1024K)]
  0x000001661b67ff60 JavaThread "Common-Cleaner"             daemon [_thread_blocked, id=22916, stack(0x00000025a3700000,0x00000025a3800000) (1024K)]
  0x000001661b6805f0 JavaThread "Thread-1"                   daemon [_thread_blocked, id=37460, stack(0x00000025a4000000,0x00000025a4100000) (1024K)]
  0x000001661b680c80 JavaThread "OkHttp sonarcloud.io"              [_thread_in_native, id=9684, stack(0x00000025a4300000,0x00000025a4400000) (1024K)]
  0x000001661b682030 JavaThread "OkHttp ConnectionPool"      daemon [_thread_blocked, id=11500, stack(0x00000025a4400000,0x00000025a4500000) (1024K)]
  0x000001661b6826c0 JavaThread "Okio Watchdog"              daemon [_thread_blocked, id=36716, stack(0x00000025a4500000,0x00000025a4600000) (1024K)]
  0x0000016662a72a10 JavaThread "OkHttp sonarcloud.io Writer"        [_thread_blocked, id=14228, stack(0x00000025a3800000,0x00000025a3900000) (1024K)]
  0x0000016662a74450 JavaThread "OkHttp Http2Connection"     daemon [_thread_blocked, id=9940, stack(0x00000025a4600000,0x00000025a4700000) (1024K)]
  0x0000016662a71cf0 JavaThread "OkHttp sonarcloud.io"       daemon [_thread_in_native, id=19752, stack(0x00000025a4b00000,0x00000025a4c00000) (1024K)]
  0x0000016662a73dc0 JavaThread "OkHttp TaskRunner"          daemon [_thread_blocked, id=19540, stack(0x00000025a4c00000,0x00000025a4d00000) (1024K)]
  0x0000016662a74ae0 JavaThread "Okio Watchdog"              daemon [_thread_blocked, id=17908, stack(0x00000025a4d00000,0x00000025a4e00000) (1024K)]
  0x0000016662a75170 JavaThread "OkHttp api.sonarcloud.io"   daemon [_thread_in_native, id=6060, stack(0x00000025a4a00000,0x00000025a4b00000) (1024K)]
  0x0000016662a75800 JavaThread "OkHttp TaskRunner"          daemon [_thread_blocked, id=9332, stack(0x00000025a4e00000,0x00000025a4f00000) (1024K)]
  0x0000016662a75e90 JavaThread "OkHttp TaskRunner"          daemon [_thread_blocked, id=5884, stack(0x00000025a5000000,0x00000025a5100000) (1024K)]
  0x0000016662a76bb0 JavaThread "JGit-WorkQueue"             daemon [_thread_blocked, id=16396, stack(0x00000025a4f00000,0x00000025a5000000) (1024K)]
  0x0000016662a778d0 JavaThread "Cleaner-0"                  daemon [_thread_blocked, id=34644, stack(0x00000025a5200000,0x00000025a5300000) (1024K)]
  0x00000166611e9e50 JavaThread "C2 CompilerThread1"         daemon [_thread_blocked, id=38224, stack(0x00000025a5c00000,0x00000025a5d00000) (1024K)]
  0x00000166611e7c40 JavaThread "C2 CompilerThread2"         daemon [_thread_blocked, id=16284, stack(0x00000025a5d00000,0x00000025a5e00000) (1024K)]
Total: 27

Other Threads:
=>0x000001661b65b010 VMThread "VM Thread"                           [id=12748, stack(0x00000025a2d00000,0x00000025a2e00000) (1024K)]
  0x000001661b641c80 WatcherThread "VM Periodic Task Thread"        [id=24832, stack(0x00000025a2c00000,0x00000025a2d00000) (1024K)]
  0x000001667ec8cde0 WorkerThread "GC Thread#0"                     [id=26268, stack(0x00000025a2700000,0x00000025a2800000) (1024K)]
  0x0000016661cba1e0 WorkerThread "GC Thread#1"                     [id=24808, stack(0x00000025a3900000,0x00000025a3a00000) (1024K)]
  0x00000166619d8350 WorkerThread "GC Thread#2"                     [id=12504, stack(0x00000025a3a00000,0x00000025a3b00000) (1024K)]
  0x00000166619d8700 WorkerThread "GC Thread#3"                     [id=12752, stack(0x00000025a3b00000,0x00000025a3c00000) (1024K)]
  0x00000166619d8ab0 WorkerThread "GC Thread#4"                     [id=3240, stack(0x00000025a3c00000,0x00000025a3d00000) (1024K)]
  0x00000166619a8b70 WorkerThread "GC Thread#5"                     [id=8816, stack(0x00000025a3d00000,0x00000025a3e00000) (1024K)]
  0x00000166619aaf30 WorkerThread "GC Thread#6"                     [id=10860, stack(0x00000025a3e00000,0x00000025a3f00000) (1024K)]
  0x00000166619ac510 WorkerThread "GC Thread#7"                     [id=38716, stack(0x00000025a3f00000,0x00000025a4000000) (1024K)]
  0x000001667eca0210 ConcurrentGCThread "G1 Main Marker"            [id=34240, stack(0x00000025a2800000,0x00000025a2900000) (1024K)]
  0x000001667eca4d10 WorkerThread "G1 Conc#0"                       [id=32288, stack(0x00000025a2900000,0x00000025a2a00000) (1024K)]
  0x00000166622dc0f0 WorkerThread "G1 Conc#1"                       [id=34484, stack(0x00000025a4200000,0x00000025a4300000) (1024K)]
  0x000001661b514580 ConcurrentGCThread "G1 Refine#0"               [id=25632, stack(0x00000025a2a00000,0x00000025a2b00000) (1024K)]
  0x000001661b514db0 ConcurrentGCThread "G1 Service"                [id=19804, stack(0x00000025a2b00000,0x00000025a2c00000) (1024K)]
Total: 15

Threads with active compile tasks:
C2 CompilerThread0  38851 16063       4       com.google.B.B.C.E::A (9 bytes)
C2 CompilerThread1  38851 16290       4       com.sonar.security.config.C.B::A (69 bytes)
C2 CompilerThread2  38852 16289       4       com.sonar.security.config.C.B$$Lambda/0x000001661de44ec8::accept (20 bytes)
Total: 3

VM state: at safepoint (normal execution)

VM Mutex/Monitor currently owned by a thread:  ([mutex/lock_event])
[0x00007ff8a5cc3910] Threads_lock - owner thread: 0x000001661b65b010
[0x00007ff8a5cc3a10] Heap_lock - owner thread: 0x000001667c890760

Heap address: 0x000000008ae00000, size: 1874 MB, Compressed Oops mode: 32-bit

CDS archive(s) mapped at: [0x000001661c000000-0x000001661cd70000-0x000001661cd70000), size 14090240, SharedBaseAddress: 0x000001661c000000, ArchiveRelocationMode: 1.
Compressed class space mapped at: 0x000001661d000000-0x000001665d000000, reserved size: 1073741824
Narrow klass base: 0x000001661c000000, Narrow klass shift: 0, Narrow klass range: 0x41000000

GC Precious Log:
 CardTable entry size: 512
 Card Set container configuration: InlinePtr #cards 5 size 8 Array Of Cards #cards 10 size 36 Howl #buckets 4 coarsen threshold 1843 Howl Bitmap #cards 512 size 80 coarsen threshold 460 Card regions per heap region 1 cards per card region 2048
 CPUs: 8 total, 8 available
 Memory: 7488M
 Large Page Support: Disabled
 NUMA Support: Disabled
 Compressed Oops: Enabled (32-bit)
 Heap Region Size: 1M
 Heap Min Capacity: 8M
 Heap Initial Capacity: 118M
 Heap Max Capacity: 1874M
 Pre-touch: Disabled
 Parallel Workers: 8
 Concurrent Workers: 2
 Concurrent Refinement Workers: 8
 Periodic GC: Disabled

Heap:
 garbage-first heap   total reserved 1918976K, committed 303104K, used 210277K [0x000000008ae00000, 0x0000000100000000)
  region size 1024K, 7 young (7168K), 7 survivors (7168K)
 Metaspace       used 115167K, committed 116608K, reserved 1179648K
  class space    used 13933K, committed 14592K, reserved 1048576K

Heap Regions: E=young(eden), S=young(survivor), O=old, HS=humongous(starts), HC=humongous(continues), CS=collection set, F=free, TAMS=top-at-mark-start, PB=parsable bottom
|   0|0x000000008ae00000, 0x000000008af00000, 0x000000008af00000|100%| O|  |TAMS 0x000000008af00000| PB 0x000000008ae00000| Untracked |  0
|   1|0x000000008af00000, 0x000000008b000000, 0x000000008b000000|100%| O|  |TAMS 0x000000008b000000| PB 0x000000008af00000| Untracked |  0
|   2|0x000000008b000000, 0x000000008b100000, 0x000000008b100000|100%| O|  |TAMS 0x000000008b100000| PB 0x000000008b000000| Untracked |  0
|   3|0x000000008b100000, 0x000000008b200000, 0x000000008b200000|100%| O|  |TAMS 0x000000008b200000| PB 0x000000008b100000| Untracked |  0
|   4|0x000000008b200000, 0x000000008b300000, 0x000000008b300000|100%| O|  |TAMS 0x000000008b300000| PB 0x000000008b200000| Untracked |  0
|   5|0x000000008b300000, 0x000000008b400000, 0x000000008b400000|100%| O|  |TAMS 0x000000008b400000| PB 0x000000008b300000| Untracked |  0
|   6|0x000000008b400000, 0x000000008b500000, 0x000000008b500000|100%| O|  |TAMS 0x000000008b500000| PB 0x000000008b400000| Untracked |  0
|   7|0x000000008b500000, 0x000000008b600000, 0x000000008b600000|100%| O|  |TAMS 0x000000008b600000| PB 0x000000008b500000| Untracked |  0
|   8|0x000000008b600000, 0x000000008b700000, 0x000000008b700000|100%| O|  |TAMS 0x000000008b700000| PB 0x000000008b600000| Untracked |  0
|   9|0x000000008b700000, 0x000000008b800000, 0x000000008b800000|100%| O|  |TAMS 0x000000008b800000| PB 0x000000008b700000| Untracked |  0
|  10|0x000000008b800000, 0x000000008b900000, 0x000000008b900000|100%| O|  |TAMS 0x000000008b900000| PB 0x000000008b800000| Untracked |  0
|  11|0x000000008b900000, 0x000000008ba00000, 0x000000008ba00000|100%|HS|  |TAMS 0x000000008ba00000| PB 0x000000008b900000| Complete |  0
|  12|0x000000008ba00000, 0x000000008bb00000, 0x000000008bb00000|100%|HC|  |TAMS 0x000000008bb00000| PB 0x000000008ba00000| Complete |  0
|  13|0x000000008bb00000, 0x000000008bc00000, 0x000000008bc00000|100%|HC|  |TAMS 0x000000008bc00000| PB 0x000000008bb00000| Complete |  0
|  14|0x000000008bc00000, 0x000000008bd00000, 0x000000008bd00000|100%|HC|  |TAMS 0x000000008bd00000| PB 0x000000008bc00000| Complete |  0
|  15|0x000000008bd00000, 0x000000008be00000, 0x000000008be00000|100%|HS|  |TAMS 0x000000008be00000| PB 0x000000008bd00000| Complete |  0
|  16|0x000000008be00000, 0x000000008bf00000, 0x000000008bf00000|100%| O|  |TAMS 0x000000008bf00000| PB 0x000000008be00000| Untracked |  0
|  17|0x000000008bf00000, 0x000000008c000000, 0x000000008c000000|100%| O|  |TAMS 0x000000008c000000| PB 0x000000008bf00000| Untracked |  0
|  18|0x000000008c000000, 0x000000008c100000, 0x000000008c100000|100%| O|  |TAMS 0x000000008c100000| PB 0x000000008c000000| Untracked |  0
|  19|0x000000008c100000, 0x000000008c200000, 0x000000008c200000|100%| O|  |TAMS 0x000000008c200000| PB 0x000000008c100000| Untracked |  0
|  20|0x000000008c200000, 0x000000008c300000, 0x000000008c300000|100%| O|  |TAMS 0x000000008c300000| PB 0x000000008c200000| Untracked |  0
|  21|0x000000008c300000, 0x000000008c400000, 0x000000008c400000|100%| O|  |TAMS 0x000000008c400000| PB 0x000000008c300000| Untracked |  0
|  22|0x000000008c400000, 0x000000008c500000, 0x000000008c500000|100%| O|  |TAMS 0x000000008c500000| PB 0x000000008c400000| Untracked |  0
|  23|0x000000008c500000, 0x000000008c600000, 0x000000008c600000|100%| O|  |TAMS 0x000000008c600000| PB 0x000000008c500000| Untracked |  0
|  24|0x000000008c600000, 0x000000008c700000, 0x000000008c700000|100%| O|  |TAMS 0x000000008c700000| PB 0x000000008c600000| Untracked |  0
|  25|0x000000008c700000, 0x000000008c800000, 0x000000008c800000|100%| O|  |TAMS 0x000000008c800000| PB 0x000000008c700000| Untracked |  0
|  26|0x000000008c800000, 0x000000008c900000, 0x000000008c900000|100%| O|  |TAMS 0x000000008c900000| PB 0x000000008c800000| Untracked |  0
|  27|0x000000008c900000, 0x000000008ca00000, 0x000000008ca00000|100%| O|  |TAMS 0x000000008ca00000| PB 0x000000008c900000| Untracked |  0
|  28|0x000000008ca00000, 0x000000008cb00000, 0x000000008cb00000|100%| O|  |TAMS 0x000000008cb00000| PB 0x000000008ca00000| Untracked |  0
|  29|0x000000008cb00000, 0x000000008cc00000, 0x000000008cc00000|100%| O|  |TAMS 0x000000008cc00000| PB 0x000000008cb00000| Untracked |  0
|  30|0x000000008cc00000, 0x000000008cd00000, 0x000000008cd00000|100%| O|  |TAMS 0x000000008cd00000| PB 0x000000008cc00000| Untracked |  0
|  31|0x000000008cd00000, 0x000000008ce00000, 0x000000008ce00000|100%| O|  |TAMS 0x000000008ce00000| PB 0x000000008cd00000| Untracked |  0
|  32|0x000000008ce00000, 0x000000008cf00000, 0x000000008cf00000|100%| O|  |TAMS 0x000000008cf00000| PB 0x000000008ce00000| Untracked |  0
|  33|0x000000008cf00000, 0x000000008d000000, 0x000000008d000000|100%| O|  |TAMS 0x000000008d000000| PB 0x000000008cf00000| Untracked |  0
|  34|0x000000008d000000, 0x000000008d100000, 0x000000008d100000|100%| O|  |TAMS 0x000000008d100000| PB 0x000000008d000000| Untracked |  0
|  35|0x000000008d100000, 0x000000008d200000, 0x000000008d200000|100%| O|  |TAMS 0x000000008d200000| PB 0x000000008d100000| Untracked |  0
|  36|0x000000008d200000, 0x000000008d300000, 0x000000008d300000|100%|HS|  |TAMS 0x000000008d300000| PB 0x000000008d200000| Complete |  0
|  37|0x000000008d300000, 0x000000008d400000, 0x000000008d400000|100%|HC|  |TAMS 0x000000008d400000| PB 0x000000008d300000| Complete |  0
|  38|0x000000008d400000, 0x000000008d500000, 0x000000008d500000|100%| O|  |TAMS 0x000000008d500000| PB 0x000000008d400000| Untracked |  0
|  39|0x000000008d500000, 0x000000008d600000, 0x000000008d600000|100%| O|  |TAMS 0x000000008d600000| PB 0x000000008d500000| Untracked |  0
|  40|0x000000008d600000, 0x000000008d700000, 0x000000008d700000|100%| O|  |TAMS 0x000000008d700000| PB 0x000000008d600000| Untracked |  0
|  41|0x000000008d700000, 0x000000008d800000, 0x000000008d800000|100%| O|  |TAMS 0x000000008d800000| PB 0x000000008d700000| Untracked |  0
|  42|0x000000008d800000, 0x000000008d900000, 0x000000008d900000|100%| O|  |TAMS 0x000000008d900000| PB 0x000000008d800000| Untracked |  0
|  43|0x000000008d900000, 0x000000008da00000, 0x000000008da00000|100%| O|  |TAMS 0x000000008da00000| PB 0x000000008d900000| Untracked |  0
|  44|0x000000008da00000, 0x000000008db00000, 0x000000008db00000|100%| O|  |TAMS 0x000000008db00000| PB 0x000000008da00000| Untracked |  0
|  45|0x000000008db00000, 0x000000008dc00000, 0x000000008dc00000|100%| O|  |TAMS 0x000000008dc00000| PB 0x000000008db00000| Untracked |  0
|  46|0x000000008dc00000, 0x000000008dd00000, 0x000000008dd00000|100%| O|  |TAMS 0x000000008dd00000| PB 0x000000008dc00000| Untracked |  0
|  47|0x000000008dd00000, 0x000000008de00000, 0x000000008de00000|100%| O|  |TAMS 0x000000008de00000| PB 0x000000008dd00000| Untracked |  0
|  48|0x000000008de00000, 0x000000008df00000, 0x000000008df00000|100%| O|  |TAMS 0x000000008df00000| PB 0x000000008de00000| Untracked |  0
|  49|0x000000008df00000, 0x000000008e000000, 0x000000008e000000|100%| O|  |TAMS 0x000000008e000000| PB 0x000000008df00000| Untracked |  0
|  50|0x000000008e000000, 0x000000008e100000, 0x000000008e100000|100%| O|  |TAMS 0x000000008e100000| PB 0x000000008e000000| Untracked |  0
|  51|0x000000008e100000, 0x000000008e200000, 0x000000008e200000|100%| O|  |TAMS 0x000000008e200000| PB 0x000000008e100000| Untracked |  0
|  52|0x000000008e200000, 0x000000008e300000, 0x000000008e300000|100%| O|  |TAMS 0x000000008e300000| PB 0x000000008e200000| Untracked |  0
|  53|0x000000008e300000, 0x000000008e400000, 0x000000008e400000|100%| O|  |TAMS 0x000000008e400000| PB 0x000000008e300000| Untracked |  0
|  54|0x000000008e400000, 0x000000008e500000, 0x000000008e500000|100%| O|  |TAMS 0x000000008e500000| PB 0x000000008e400000| Untracked |  0
|  55|0x000000008e500000, 0x000000008e600000, 0x000000008e600000|100%| O|  |TAMS 0x000000008e600000| PB 0x000000008e500000| Untracked |  0
|  56|0x000000008e600000, 0x000000008e700000, 0x000000008e700000|100%| O|  |TAMS 0x000000008e700000| PB 0x000000008e600000| Untracked |  0
|  57|0x000000008e700000, 0x000000008e800000, 0x000000008e800000|100%| O|  |TAMS 0x000000008e800000| PB 0x000000008e700000| Untracked |  0
|  58|0x000000008e800000, 0x000000008e900000, 0x000000008e900000|100%| O|  |TAMS 0x000000008e900000| PB 0x000000008e800000| Untracked |  0
|  59|0x000000008e900000, 0x000000008ea00000, 0x000000008ea00000|100%| O|  |TAMS 0x000000008ea00000| PB 0x000000008e900000| Untracked |  0
|  60|0x000000008ea00000, 0x000000008eb00000, 0x000000008eb00000|100%| O|  |TAMS 0x000000008eb00000| PB 0x000000008ea00000| Untracked |  0
|  61|0x000000008eb00000, 0x000000008ec00000, 0x000000008ec00000|100%| O|  |TAMS 0x000000008ec00000| PB 0x000000008eb00000| Untracked |  0
|  62|0x000000008ec00000, 0x000000008ed00000, 0x000000008ed00000|100%| O|  |TAMS 0x000000008ed00000| PB 0x000000008ec00000| Untracked |  0
|  63|0x000000008ed00000, 0x000000008ee00000, 0x000000008ee00000|100%| O|  |TAMS 0x000000008ee00000| PB 0x000000008ed00000| Untracked |  0
|  64|0x000000008ee00000, 0x000000008ef00000, 0x000000008ef00000|100%| O|  |TAMS 0x000000008ef00000| PB 0x000000008ee00000| Untracked |  0
|  65|0x000000008ef00000, 0x000000008f000000, 0x000000008f000000|100%| O|  |TAMS 0x000000008f000000| PB 0x000000008ef00000| Untracked |  0
|  66|0x000000008f000000, 0x000000008f100000, 0x000000008f100000|100%| O|  |TAMS 0x000000008f100000| PB 0x000000008f000000| Untracked |  0
|  67|0x000000008f100000, 0x000000008f200000, 0x000000008f200000|100%| O|  |TAMS 0x000000008f200000| PB 0x000000008f100000| Untracked |  0
|  68|0x000000008f200000, 0x000000008f300000, 0x000000008f300000|100%| O|  |TAMS 0x000000008f300000| PB 0x000000008f200000| Untracked |  0
|  69|0x000000008f300000, 0x000000008f400000, 0x000000008f400000|100%| O|  |TAMS 0x000000008f400000| PB 0x000000008f300000| Untracked |  0
|  70|0x000000008f400000, 0x000000008f500000, 0x000000008f500000|100%| O|  |TAMS 0x000000008f500000| PB 0x000000008f400000| Untracked |  0
|  71|0x000000008f500000, 0x000000008f600000, 0x000000008f600000|100%| O|  |TAMS 0x000000008f600000| PB 0x000000008f500000| Untracked |  0
|  72|0x000000008f600000, 0x000000008f700000, 0x000000008f700000|100%| O|  |TAMS 0x000000008f700000| PB 0x000000008f600000| Untracked |  0
|  73|0x000000008f700000, 0x000000008f800000, 0x000000008f800000|100%| O|  |TAMS 0x000000008f800000| PB 0x000000008f700000| Untracked |  0
|  74|0x000000008f800000, 0x000000008f900000, 0x000000008f900000|100%| O|  |TAMS 0x000000008f900000| PB 0x000000008f800000| Untracked |  0
|  75|0x000000008f900000, 0x000000008fa00000, 0x000000008fa00000|100%| O|  |TAMS 0x000000008f900000| PB 0x000000008f900000| Untracked |  0
|  76|0x000000008fa00000, 0x000000008fb00000, 0x000000008fb00000|100%| O|  |TAMS 0x000000008fb00000| PB 0x000000008fa00000| Untracked |  0
|  77|0x000000008fb00000, 0x000000008fc00000, 0x000000008fc00000|100%| O|  |TAMS 0x000000008fc00000| PB 0x000000008fb00000| Untracked |  0
|  78|0x000000008fc00000, 0x000000008fd00000, 0x000000008fd00000|100%| O|  |TAMS 0x000000008fd00000| PB 0x000000008fc00000| Untracked |  0
|  79|0x000000008fd00000, 0x000000008fe00000, 0x000000008fe00000|100%| O|  |TAMS 0x000000008fe00000| PB 0x000000008fd00000| Untracked |  0
|  80|0x000000008fe00000, 0x000000008ff00000, 0x000000008ff00000|100%| O|  |TAMS 0x000000008ff00000| PB 0x000000008fe00000| Untracked |  0
|  81|0x000000008ff00000, 0x0000000090000000, 0x0000000090000000|100%| O|  |TAMS 0x0000000090000000| PB 0x000000008ff00000| Untracked |  0
|  82|0x0000000090000000, 0x0000000090100000, 0x0000000090100000|100%| O|  |TAMS 0x0000000090100000| PB 0x0000000090000000| Untracked |  0
|  83|0x0000000090100000, 0x0000000090200000, 0x0000000090200000|100%| O|  |TAMS 0x0000000090100000| PB 0x0000000090100000| Untracked |  0
|  84|0x0000000090200000, 0x0000000090300000, 0x0000000090300000|100%| O|  |TAMS 0x0000000090300000| PB 0x0000000090200000| Untracked |  0
|  85|0x0000000090300000, 0x0000000090400000, 0x0000000090400000|100%| O|  |TAMS 0x0000000090400000| PB 0x0000000090300000| Untracked |  0
|  86|0x0000000090400000, 0x0000000090500000, 0x0000000090500000|100%| O|  |TAMS 0x0000000090500000| PB 0x0000000090400000| Untracked |  0
|  87|0x0000000090500000, 0x0000000090600000, 0x0000000090600000|100%| O|  |TAMS 0x0000000090500000| PB 0x0000000090500000| Untracked |  0
|  88|0x0000000090600000, 0x0000000090700000, 0x0000000090700000|100%| O|  |TAMS 0x0000000090700000| PB 0x0000000090600000| Untracked |  0
|  89|0x0000000090700000, 0x0000000090800000, 0x0000000090800000|100%| O|  |TAMS 0x0000000090800000| PB 0x0000000090700000| Untracked |  0
|  90|0x0000000090800000, 0x0000000090900000, 0x0000000090900000|100%| O|  |TAMS 0x0000000090900000| PB 0x0000000090800000| Untracked |  0
|  91|0x0000000090900000, 0x0000000090a00000, 0x0000000090a00000|100%| O|  |TAMS 0x0000000090a00000| PB 0x0000000090900000| Untracked |  0
|  92|0x0000000090a00000, 0x0000000090b00000, 0x0000000090b00000|100%| O|  |TAMS 0x0000000090b00000| PB 0x0000000090a00000| Untracked |  0
|  93|0x0000000090b00000, 0x0000000090c00000, 0x0000000090c00000|100%| O|  |TAMS 0x0000000090c00000| PB 0x0000000090b00000| Untracked |  0
|  94|0x0000000090c00000, 0x0000000090d00000, 0x0000000090d00000|100%| O|  |TAMS 0x0000000090d00000| PB 0x0000000090c00000| Untracked |  0
|  95|0x0000000090d00000, 0x0000000090e00000, 0x0000000090e00000|100%| O|  |TAMS 0x0000000090e00000| PB 0x0000000090d00000| Untracked |  0
|  96|0x0000000090e00000, 0x0000000090f00000, 0x0000000090f00000|100%| O|  |TAMS 0x0000000090f00000| PB 0x0000000090e00000| Untracked |  0
|  97|0x0000000090f00000, 0x0000000091000000, 0x0000000091000000|100%| O|  |TAMS 0x0000000091000000| PB 0x0000000090f00000| Untracked |  0
|  98|0x0000000091000000, 0x0000000091100000, 0x0000000091100000|100%| O|  |TAMS 0x0000000091100000| PB 0x0000000091000000| Untracked |  0
|  99|0x0000000091100000, 0x0000000091200000, 0x0000000091200000|100%| O|  |TAMS 0x0000000091200000| PB 0x0000000091100000| Untracked |  0
| 100|0x0000000091200000, 0x0000000091300000, 0x0000000091300000|100%|HS|  |TAMS 0x0000000091300000| PB 0x0000000091200000| Complete |  0
| 101|0x0000000091300000, 0x0000000091400000, 0x0000000091400000|100%|HS|  |TAMS 0x0000000091400000| PB 0x0000000091300000| Complete |  0
| 102|0x0000000091400000, 0x0000000091500000, 0x0000000091500000|100%|HS|  |TAMS 0x0000000091500000| PB 0x0000000091400000| Complete |  0
| 103|0x0000000091500000, 0x0000000091600000, 0x0000000091600000|100%| O|  |TAMS 0x0000000091600000| PB 0x0000000091500000| Untracked |  0
| 104|0x0000000091600000, 0x0000000091700000, 0x0000000091700000|100%| O|  |TAMS 0x0000000091700000| PB 0x0000000091600000| Untracked |  0
| 105|0x0000000091700000, 0x0000000091800000, 0x0000000091800000|100%| O|  |TAMS 0x0000000091800000| PB 0x0000000091700000| Untracked |  0
| 106|0x0000000091800000, 0x0000000091900000, 0x0000000091900000|100%| O|  |TAMS 0x0000000091900000| PB 0x0000000091800000| Untracked |  0
| 107|0x0000000091900000, 0x0000000091a00000, 0x0000000091a00000|100%| O|  |TAMS 0x0000000091a00000| PB 0x0000000091900000| Untracked |  0
| 108|0x0000000091a00000, 0x0000000091b00000, 0x0000000091b00000|100%| O|  |TAMS 0x0000000091b00000| PB 0x0000000091a00000| Untracked |  0
| 109|0x0000000091b00000, 0x0000000091c00000, 0x0000000091c00000|100%| O|  |TAMS 0x0000000091c00000| PB 0x0000000091b00000| Untracked |  0
| 110|0x0000000091c00000, 0x0000000091d00000, 0x0000000091d00000|100%| O|  |TAMS 0x0000000091d00000| PB 0x0000000091c00000| Untracked |  0
| 111|0x0000000091d00000, 0x0000000091e00000, 0x0000000091e00000|100%| O|  |TAMS 0x0000000091e00000| PB 0x0000000091d00000| Untracked |  0
| 112|0x0000000091e00000, 0x0000000091f00000, 0x0000000091f00000|100%| O|  |TAMS 0x0000000091f00000| PB 0x0000000091e00000| Untracked |  0
| 113|0x0000000091f00000, 0x0000000092000000, 0x0000000092000000|100%| O|  |TAMS 0x0000000092000000| PB 0x0000000091f00000| Untracked |  0
| 114|0x0000000092000000, 0x0000000092100000, 0x0000000092100000|100%| O|  |TAMS 0x0000000092100000| PB 0x0000000092000000| Untracked |  0
| 115|0x0000000092100000, 0x0000000092200000, 0x0000000092200000|100%| O|  |TAMS 0x0000000092200000| PB 0x0000000092100000| Untracked |  0
| 116|0x0000000092200000, 0x0000000092300000, 0x0000000092300000|100%| O|  |TAMS 0x0000000092300000| PB 0x0000000092200000| Untracked |  0
| 117|0x0000000092300000, 0x0000000092400000, 0x0000000092400000|100%| O|  |TAMS 0x0000000092400000| PB 0x0000000092300000| Untracked |  0
| 118|0x0000000092400000, 0x0000000092500000, 0x0000000092500000|100%| O|  |TAMS 0x0000000092500000| PB 0x0000000092400000| Untracked |  0
| 119|0x0000000092500000, 0x0000000092600000, 0x0000000092600000|100%| O|  |TAMS 0x0000000092600000| PB 0x0000000092500000| Untracked |  0
| 120|0x0000000092600000, 0x0000000092700000, 0x0000000092700000|100%| O|  |TAMS 0x0000000092700000| PB 0x0000000092600000| Untracked |  0
| 121|0x0000000092700000, 0x0000000092800000, 0x0000000092800000|100%| O|  |TAMS 0x0000000092800000| PB 0x0000000092700000| Untracked |  0
| 122|0x0000000092800000, 0x0000000092900000, 0x0000000092900000|100%| O|  |TAMS 0x0000000092900000| PB 0x0000000092800000| Untracked |  0
| 123|0x0000000092900000, 0x0000000092a00000, 0x0000000092a00000|100%| O|  |TAMS 0x0000000092a00000| PB 0x0000000092900000| Untracked |  0
| 124|0x0000000092a00000, 0x0000000092b00000, 0x0000000092b00000|100%| O|  |TAMS 0x0000000092b00000| PB 0x0000000092a00000| Untracked |  0
| 125|0x0000000092b00000, 0x0000000092c00000, 0x0000000092c00000|100%| O|  |TAMS 0x0000000092c00000| PB 0x0000000092b00000| Untracked |  0
| 126|0x0000000092c00000, 0x0000000092d00000, 0x0000000092d00000|100%| O|  |TAMS 0x0000000092d00000| PB 0x0000000092c00000| Untracked |  0
| 127|0x0000000092d00000, 0x0000000092e00000, 0x0000000092e00000|100%| O|  |TAMS 0x0000000092d00000| PB 0x0000000092d00000| Untracked |  0
| 128|0x0000000092e00000, 0x0000000092f00000, 0x0000000092f00000|100%| O|  |TAMS 0x0000000092e00000| PB 0x0000000092e00000| Untracked |  0
| 129|0x0000000092f00000, 0x0000000093000000, 0x0000000093000000|100%| O|  |TAMS 0x0000000092f00000| PB 0x0000000092f00000| Untracked |  0
| 130|0x0000000093000000, 0x0000000093100000, 0x0000000093100000|100%| O|  |TAMS 0x0000000093000000| PB 0x0000000093000000| Untracked |  0
| 131|0x0000000093100000, 0x0000000093200000, 0x0000000093200000|100%| O|  |TAMS 0x0000000093200000| PB 0x0000000093100000| Untracked |  0
| 132|0x0000000093200000, 0x0000000093300000, 0x0000000093300000|100%| O|  |TAMS 0x0000000093200000| PB 0x0000000093200000| Untracked |  0
| 133|0x0000000093300000, 0x0000000093400000, 0x0000000093400000|100%| O|  |TAMS 0x0000000093300000| PB 0x0000000093300000| Untracked |  0
| 134|0x0000000093400000, 0x0000000093480000, 0x0000000093500000| 50%| O|  |TAMS 0x0000000093400000| PB 0x0000000093400000| Untracked |  0
| 135|0x0000000093500000, 0x0000000093500000, 0x0000000093600000|  0%| F|  |TAMS 0x0000000093500000| PB 0x0000000093500000| Untracked |  0
| 136|0x0000000093600000, 0x0000000093600000, 0x0000000093700000|  0%| F|  |TAMS 0x0000000093600000| PB 0x0000000093600000| Untracked |  0
| 137|0x0000000093700000, 0x0000000093700000, 0x0000000093800000|  0%| F|  |TAMS 0x0000000093700000| PB 0x0000000093700000| Untracked |  0
| 138|0x0000000093800000, 0x0000000093800000, 0x0000000093900000|  0%| F|  |TAMS 0x0000000093800000| PB 0x0000000093800000| Untracked |  0
| 139|0x0000000093900000, 0x0000000093900000, 0x0000000093a00000|  0%| F|  |TAMS 0x0000000093900000| PB 0x0000000093900000| Untracked |  0
| 140|0x0000000093a00000, 0x0000000093a00000, 0x0000000093b00000|  0%| F|  |TAMS 0x0000000093a00000| PB 0x0000000093a00000| Untracked |  0
| 141|0x0000000093b00000, 0x0000000093b00000, 0x0000000093c00000|  0%| F|  |TAMS 0x0000000093b00000| PB 0x0000000093b00000| Untracked |  0
| 142|0x0000000093c00000, 0x0000000093c00000, 0x0000000093d00000|  0%| F|  |TAMS 0x0000000093c00000| PB 0x0000000093c00000| Untracked |  0
| 143|0x0000000093d00000, 0x0000000093d00000, 0x0000000093e00000|  0%| F|  |TAMS 0x0000000093d00000| PB 0x0000000093d00000| Untracked |  0
| 144|0x0000000093e00000, 0x0000000093e00000, 0x0000000093f00000|  0%| F|  |TAMS 0x0000000093e00000| PB 0x0000000093e00000| Untracked |  0
| 145|0x0000000093f00000, 0x0000000093f00000, 0x0000000094000000|  0%| F|  |TAMS 0x0000000093f00000| PB 0x0000000093f00000| Untracked |  0
| 146|0x0000000094000000, 0x0000000094000000, 0x0000000094100000|  0%| F|  |TAMS 0x0000000094000000| PB 0x0000000094000000| Untracked |  0
| 147|0x0000000094100000, 0x0000000094100000, 0x0000000094200000|  0%| F|  |TAMS 0x0000000094100000| PB 0x0000000094100000| Untracked |  0
| 148|0x0000000094200000, 0x0000000094200000, 0x0000000094300000|  0%| F|  |TAMS 0x0000000094200000| PB 0x0000000094200000| Untracked |  0
| 149|0x0000000094300000, 0x0000000094300000, 0x0000000094400000|  0%| F|  |TAMS 0x0000000094300000| PB 0x0000000094300000| Untracked |  0
| 150|0x0000000094400000, 0x0000000094400000, 0x0000000094500000|  0%| F|  |TAMS 0x0000000094400000| PB 0x0000000094400000| Untracked |  0
| 151|0x0000000094500000, 0x0000000094500000, 0x0000000094600000|  0%| F|  |TAMS 0x0000000094500000| PB 0x0000000094500000| Untracked |  0
| 152|0x0000000094600000, 0x0000000094600000, 0x0000000094700000|  0%| F|  |TAMS 0x0000000094600000| PB 0x0000000094600000| Untracked |  0
| 153|0x0000000094700000, 0x0000000094700000, 0x0000000094800000|  0%| F|  |TAMS 0x0000000094700000| PB 0x0000000094700000| Untracked |  0
| 154|0x0000000094800000, 0x0000000094800000, 0x0000000094900000|  0%| F|  |TAMS 0x0000000094800000| PB 0x0000000094800000| Untracked |  0
| 155|0x0000000094900000, 0x0000000094900000, 0x0000000094a00000|  0%| F|  |TAMS 0x0000000094900000| PB 0x0000000094900000| Untracked |  0
| 156|0x0000000094a00000, 0x0000000094b00000, 0x0000000094b00000|100%| O|  |TAMS 0x0000000094b00000| PB 0x0000000094a00000| Untracked |  0
| 157|0x0000000094b00000, 0x0000000094c00000, 0x0000000094c00000|100%| O|  |TAMS 0x0000000094c00000| PB 0x0000000094b00000| Untracked |  0
| 158|0x0000000094c00000, 0x0000000094d00000, 0x0000000094d00000|100%| O|  |TAMS 0x0000000094d00000| PB 0x0000000094c00000| Untracked |  0
| 159|0x0000000094d00000, 0x0000000094e00000, 0x0000000094e00000|100%| O|  |TAMS 0x0000000094e00000| PB 0x0000000094d00000| Untracked |  0
| 160|0x0000000094e00000, 0x0000000094f00000, 0x0000000094f00000|100%| O|  |TAMS 0x0000000094f00000| PB 0x0000000094e00000| Untracked |  0
| 161|0x0000000094f00000, 0x0000000095000000, 0x0000000095000000|100%| O|  |TAMS 0x0000000095000000| PB 0x0000000094f00000| Untracked |  0
| 162|0x0000000095000000, 0x0000000095100000, 0x0000000095100000|100%| O|  |TAMS 0x0000000095100000| PB 0x0000000095000000| Untracked |  0
| 163|0x0000000095100000, 0x0000000095200000, 0x0000000095200000|100%| O|  |TAMS 0x0000000095200000| PB 0x0000000095100000| Untracked |  0
| 164|0x0000000095200000, 0x0000000095300000, 0x0000000095300000|100%| O|  |TAMS 0x0000000095300000| PB 0x0000000095200000| Untracked |  0
| 165|0x0000000095300000, 0x0000000095400000, 0x0000000095400000|100%| O|  |TAMS 0x0000000095400000| PB 0x0000000095300000| Untracked |  0
| 166|0x0000000095400000, 0x0000000095500000, 0x0000000095500000|100%| O|  |TAMS 0x0000000095500000| PB 0x0000000095400000| Untracked |  0
| 167|0x0000000095500000, 0x0000000095600000, 0x0000000095600000|100%| O|  |TAMS 0x0000000095600000| PB 0x0000000095500000| Untracked |  0
| 168|0x0000000095600000, 0x0000000095700000, 0x0000000095700000|100%| O|  |TAMS 0x0000000095700000| PB 0x0000000095600000| Untracked |  0
| 169|0x0000000095700000, 0x0000000095800000, 0x0000000095800000|100%| O|  |TAMS 0x0000000095800000| PB 0x0000000095700000| Untracked |  0
| 170|0x0000000095800000, 0x0000000095900000, 0x0000000095900000|100%| O|  |TAMS 0x0000000095900000| PB 0x0000000095800000| Untracked |  0
| 171|0x0000000095900000, 0x0000000095a00000, 0x0000000095a00000|100%| O|  |TAMS 0x0000000095a00000| PB 0x0000000095900000| Untracked |  0
| 172|0x0000000095a00000, 0x0000000095b00000, 0x0000000095b00000|100%| O|  |TAMS 0x0000000095a5f450| PB 0x0000000095a00000| Untracked |  0
| 173|0x0000000095b00000, 0x0000000095b00000, 0x0000000095c00000|  0%| F|  |TAMS 0x0000000095b00000| PB 0x0000000095b00000| Untracked |  0
| 174|0x0000000095c00000, 0x0000000095c00000, 0x0000000095d00000|  0%| F|  |TAMS 0x0000000095c00000| PB 0x0000000095c00000| Untracked |  0
| 175|0x0000000095d00000, 0x0000000095d00000, 0x0000000095e00000|  0%| F|  |TAMS 0x0000000095d00000| PB 0x0000000095d00000| Untracked |  0
| 176|0x0000000095e00000, 0x0000000095ed9590, 0x0000000095f00000| 84%| S|CS|TAMS 0x0000000095e00000| PB 0x0000000095e00000| Complete |  0
| 177|0x0000000095f00000, 0x0000000096000000, 0x0000000096000000|100%| S|CS|TAMS 0x0000000095f00000| PB 0x0000000095f00000| Complete |  0
| 178|0x0000000096000000, 0x0000000096000000, 0x0000000096100000|  0%| F|  |TAMS 0x0000000096000000| PB 0x0000000096000000| Untracked |  0
| 179|0x0000000096100000, 0x0000000096100000, 0x0000000096200000|  0%| F|  |TAMS 0x0000000096100000| PB 0x0000000096100000| Untracked |  0
| 180|0x0000000096200000, 0x0000000096200000, 0x0000000096300000|  0%| F|  |TAMS 0x0000000096200000| PB 0x0000000096200000| Untracked |  0
| 181|0x0000000096300000, 0x0000000096300000, 0x0000000096400000|  0%| F|  |TAMS 0x0000000096300000| PB 0x0000000096300000| Untracked |  0
| 182|0x0000000096400000, 0x0000000096400000, 0x0000000096500000|  0%| F|  |TAMS 0x0000000096400000| PB 0x0000000096400000| Untracked |  0
| 183|0x0000000096500000, 0x0000000096500000, 0x0000000096600000|  0%| F|  |TAMS 0x0000000096500000| PB 0x0000000096500000| Untracked |  0
| 184|0x0000000096600000, 0x0000000096700000, 0x0000000096700000|100%|HS|  |TAMS 0x0000000096700000| PB 0x0000000096600000| Complete |  0
| 185|0x0000000096700000, 0x0000000096800000, 0x0000000096800000|100%|HC|  |TAMS 0x0000000096800000| PB 0x0000000096700000| Complete |  0
| 186|0x0000000096800000, 0x0000000096900000, 0x0000000096900000|100%|HC|  |TAMS 0x0000000096900000| PB 0x0000000096800000| Complete |  0
| 187|0x0000000096900000, 0x0000000096a00000, 0x0000000096a00000|100%|HC|  |TAMS 0x0000000096a00000| PB 0x0000000096900000| Complete |  0
| 188|0x0000000096a00000, 0x0000000096b00000, 0x0000000096b00000|100%|HC|  |TAMS 0x0000000096b00000| PB 0x0000000096a00000| Complete |  0
| 189|0x0000000096b00000, 0x0000000096c00000, 0x0000000096c00000|100%|HC|  |TAMS 0x0000000096c00000| PB 0x0000000096b00000| Complete |  0
| 190|0x0000000096c00000, 0x0000000096d00000, 0x0000000096d00000|100%|HC|  |TAMS 0x0000000096d00000| PB 0x0000000096c00000| Complete |  0
| 191|0x0000000096d00000, 0x0000000096e00000, 0x0000000096e00000|100%|HC|  |TAMS 0x0000000096e00000| PB 0x0000000096d00000| Complete |  0
| 192|0x0000000096e00000, 0x0000000096f00000, 0x0000000096f00000|100%|HC|  |TAMS 0x0000000096f00000| PB 0x0000000096e00000| Complete |  0
| 193|0x0000000096f00000, 0x0000000097000000, 0x0000000097000000|100%|HC|  |TAMS 0x0000000097000000| PB 0x0000000096f00000| Complete |  0
| 194|0x0000000097000000, 0x0000000097100000, 0x0000000097100000|100%|HC|  |TAMS 0x0000000097100000| PB 0x0000000097000000| Complete |  0
| 195|0x0000000097100000, 0x0000000097200000, 0x0000000097200000|100%|HC|  |TAMS 0x0000000097200000| PB 0x0000000097100000| Complete |  0
| 196|0x0000000097200000, 0x0000000097300000, 0x0000000097300000|100%|HC|  |TAMS 0x0000000097300000| PB 0x0000000097200000| Complete |  0
| 197|0x0000000097300000, 0x0000000097400000, 0x0000000097400000|100%|HC|  |TAMS 0x0000000097400000| PB 0x0000000097300000| Complete |  0
| 198|0x0000000097400000, 0x0000000097500000, 0x0000000097500000|100%|HC|  |TAMS 0x0000000097500000| PB 0x0000000097400000| Complete |  0
| 199|0x0000000097500000, 0x0000000097600000, 0x0000000097600000|100%|HC|  |TAMS 0x0000000097600000| PB 0x0000000097500000| Complete |  0
| 200|0x0000000097600000, 0x0000000097700000, 0x0000000097700000|100%|HC|  |TAMS 0x0000000097700000| PB 0x0000000097600000| Complete |  0
| 201|0x0000000097700000, 0x0000000097800000, 0x0000000097800000|100%|HC|  |TAMS 0x0000000097800000| PB 0x0000000097700000| Complete |  0
| 202|0x0000000097800000, 0x0000000097800000, 0x0000000097900000|  0%| F|  |TAMS 0x0000000097800000| PB 0x0000000097800000| Untracked |  0
| 203|0x0000000097900000, 0x0000000097900000, 0x0000000097a00000|  0%| F|  |TAMS 0x0000000097900000| PB 0x0000000097900000| Untracked |  0
| 204|0x0000000097a00000, 0x0000000097a00000, 0x0000000097b00000|  0%| F|  |TAMS 0x0000000097a00000| PB 0x0000000097a00000| Untracked |  0
| 205|0x0000000097b00000, 0x0000000097b00000, 0x0000000097c00000|  0%| F|  |TAMS 0x0000000097b00000| PB 0x0000000097b00000| Untracked |  0
| 206|0x0000000097c00000, 0x0000000097d00000, 0x0000000097d00000|100%| S|CS|TAMS 0x0000000097c00000| PB 0x0000000097c00000| Complete |  0
| 207|0x0000000097d00000, 0x0000000097e00000, 0x0000000097e00000|100%| S|CS|TAMS 0x0000000097d00000| PB 0x0000000097d00000| Complete |  0
| 208|0x0000000097e00000, 0x0000000097f00000, 0x0000000097f00000|100%| S|CS|TAMS 0x0000000097e00000| PB 0x0000000097e00000| Complete |  0
| 209|0x0000000097f00000, 0x0000000098000000, 0x0000000098000000|100%| S|CS|TAMS 0x0000000097f00000| PB 0x0000000097f00000| Complete |  0
| 210|0x0000000098000000, 0x0000000098100000, 0x0000000098100000|100%| S|CS|TAMS 0x0000000098000000| PB 0x0000000098000000| Complete |  0
| 211|0x0000000098100000, 0x0000000098100000, 0x0000000098200000|  0%| F|  |TAMS 0x0000000098100000| PB 0x0000000098100000| Untracked |  0
| 212|0x0000000098200000, 0x0000000098200000, 0x0000000098300000|  0%| F|  |TAMS 0x0000000098200000| PB 0x0000000098200000| Untracked |  0
| 213|0x0000000098300000, 0x0000000098300000, 0x0000000098400000|  0%| F|  |TAMS 0x0000000098300000| PB 0x0000000098300000| Untracked |  0
| 214|0x0000000098400000, 0x0000000098400000, 0x0000000098500000|  0%| F|  |TAMS 0x0000000098400000| PB 0x0000000098400000| Untracked |  0
| 215|0x0000000098500000, 0x0000000098500000, 0x0000000098600000|  0%| F|  |TAMS 0x0000000098500000| PB 0x0000000098500000| Untracked |  0
| 216|0x0000000098600000, 0x0000000098600000, 0x0000000098700000|  0%| F|  |TAMS 0x0000000098600000| PB 0x0000000098600000| Untracked |  0
| 217|0x0000000098700000, 0x0000000098700000, 0x0000000098800000|  0%| F|  |TAMS 0x0000000098700000| PB 0x0000000098700000| Untracked |  0
| 218|0x0000000098800000, 0x0000000098800000, 0x0000000098900000|  0%| F|  |TAMS 0x0000000098800000| PB 0x0000000098800000| Untracked |  0
| 219|0x0000000098900000, 0x0000000098900000, 0x0000000098a00000|  0%| F|  |TAMS 0x0000000098900000| PB 0x0000000098900000| Untracked |  0
| 220|0x0000000098a00000, 0x0000000098a00000, 0x0000000098b00000|  0%| F|  |TAMS 0x0000000098a00000| PB 0x0000000098a00000| Untracked |  0
| 221|0x0000000098b00000, 0x0000000098b00000, 0x0000000098c00000|  0%| F|  |TAMS 0x0000000098b00000| PB 0x0000000098b00000| Untracked |  0
| 222|0x0000000098c00000, 0x0000000098c00000, 0x0000000098d00000|  0%| F|  |TAMS 0x0000000098c00000| PB 0x0000000098c00000| Untracked |  0
| 223|0x0000000098d00000, 0x0000000098d00000, 0x0000000098e00000|  0%| F|  |TAMS 0x0000000098d00000| PB 0x0000000098d00000| Untracked |  0
| 224|0x0000000098e00000, 0x0000000098e00000, 0x0000000098f00000|  0%| F|  |TAMS 0x0000000098e00000| PB 0x0000000098e00000| Untracked |  0
| 225|0x0000000098f00000, 0x0000000098f00000, 0x0000000099000000|  0%| F|  |TAMS 0x0000000098f00000| PB 0x0000000098f00000| Untracked |  0
| 226|0x0000000099000000, 0x0000000099000000, 0x0000000099100000|  0%| F|  |TAMS 0x0000000099000000| PB 0x0000000099000000| Untracked |  0
| 227|0x0000000099100000, 0x0000000099100000, 0x0000000099200000|  0%| F|  |TAMS 0x0000000099100000| PB 0x0000000099100000| Untracked |  0
| 228|0x0000000099200000, 0x0000000099200000, 0x0000000099300000|  0%| F|  |TAMS 0x0000000099200000| PB 0x0000000099200000| Untracked |  0
| 229|0x0000000099300000, 0x0000000099300000, 0x0000000099400000|  0%| F|  |TAMS 0x0000000099300000| PB 0x0000000099300000| Untracked |  0
| 230|0x0000000099400000, 0x0000000099400000, 0x0000000099500000|  0%| F|  |TAMS 0x0000000099400000| PB 0x0000000099400000| Untracked |  0
| 231|0x0000000099500000, 0x0000000099500000, 0x0000000099600000|  0%| F|  |TAMS 0x0000000099500000| PB 0x0000000099500000| Untracked |  0
| 232|0x0000000099600000, 0x0000000099600000, 0x0000000099700000|  0%| F|  |TAMS 0x0000000099600000| PB 0x0000000099600000| Untracked |  0
| 233|0x0000000099700000, 0x0000000099700000, 0x0000000099800000|  0%| F|  |TAMS 0x0000000099700000| PB 0x0000000099700000| Untracked |  0
| 234|0x0000000099800000, 0x0000000099800000, 0x0000000099900000|  0%| F|  |TAMS 0x0000000099800000| PB 0x0000000099800000| Untracked |  0
| 235|0x0000000099900000, 0x0000000099900000, 0x0000000099a00000|  0%| F|  |TAMS 0x0000000099900000| PB 0x0000000099900000| Untracked |  0
| 236|0x0000000099a00000, 0x0000000099a00000, 0x0000000099b00000|  0%| F|  |TAMS 0x0000000099a00000| PB 0x0000000099a00000| Untracked |  0
| 237|0x0000000099b00000, 0x0000000099b00000, 0x0000000099c00000|  0%| F|  |TAMS 0x0000000099b00000| PB 0x0000000099b00000| Untracked |  0
| 238|0x0000000099c00000, 0x0000000099c00000, 0x0000000099d00000|  0%| F|  |TAMS 0x0000000099c00000| PB 0x0000000099c00000| Untracked |  0
| 239|0x0000000099d00000, 0x0000000099d00000, 0x0000000099e00000|  0%| F|  |TAMS 0x0000000099d00000| PB 0x0000000099d00000| Untracked |  0
| 240|0x0000000099e00000, 0x0000000099e00000, 0x0000000099f00000|  0%| F|  |TAMS 0x0000000099e00000| PB 0x0000000099e00000| Untracked |  0
| 241|0x0000000099f00000, 0x0000000099f00000, 0x000000009a000000|  0%| F|  |TAMS 0x0000000099f00000| PB 0x0000000099f00000| Untracked |  0
| 242|0x000000009a000000, 0x000000009a000000, 0x000000009a100000|  0%| F|  |TAMS 0x000000009a000000| PB 0x000000009a000000| Untracked |  0
| 243|0x000000009a100000, 0x000000009a100000, 0x000000009a200000|  0%| F|  |TAMS 0x000000009a100000| PB 0x000000009a100000| Untracked |  0
| 244|0x000000009a200000, 0x000000009a200000, 0x000000009a300000|  0%| F|  |TAMS 0x000000009a200000| PB 0x000000009a200000| Untracked |  0
| 245|0x000000009a300000, 0x000000009a300000, 0x000000009a400000|  0%| F|  |TAMS 0x000000009a300000| PB 0x000000009a300000| Untracked |  0
| 246|0x000000009a400000, 0x000000009a400000, 0x000000009a500000|  0%| F|  |TAMS 0x000000009a400000| PB 0x000000009a400000| Untracked |  0
| 247|0x000000009a500000, 0x000000009a500000, 0x000000009a600000|  0%| F|  |TAMS 0x000000009a500000| PB 0x000000009a500000| Untracked |  0
| 248|0x000000009a600000, 0x000000009a600000, 0x000000009a700000|  0%| F|  |TAMS 0x000000009a600000| PB 0x000000009a600000| Untracked |  0
| 249|0x000000009a700000, 0x000000009a700000, 0x000000009a800000|  0%| F|  |TAMS 0x000000009a700000| PB 0x000000009a700000| Untracked |  0
| 250|0x000000009a800000, 0x000000009a800000, 0x000000009a900000|  0%| F|  |TAMS 0x000000009a800000| PB 0x000000009a800000| Untracked |  0
| 251|0x000000009a900000, 0x000000009a900000, 0x000000009aa00000|  0%| F|  |TAMS 0x000000009a900000| PB 0x000000009a900000| Untracked |  0
| 252|0x000000009aa00000, 0x000000009aa00000, 0x000000009ab00000|  0%| F|  |TAMS 0x000000009aa00000| PB 0x000000009aa00000| Untracked |  0
| 253|0x000000009ab00000, 0x000000009ab00000, 0x000000009ac00000|  0%| F|  |TAMS 0x000000009ab00000| PB 0x000000009ab00000| Untracked |  0
| 254|0x000000009ac00000, 0x000000009ac00000, 0x000000009ad00000|  0%| F|  |TAMS 0x000000009ac00000| PB 0x000000009ac00000| Untracked |  0
| 255|0x000000009ad00000, 0x000000009ad00000, 0x000000009ae00000|  0%| F|  |TAMS 0x000000009ad00000| PB 0x000000009ad00000| Untracked |  0
| 256|0x000000009ae00000, 0x000000009ae00000, 0x000000009af00000|  0%| F|  |TAMS 0x000000009ae00000| PB 0x000000009ae00000| Untracked |  0
| 257|0x000000009af00000, 0x000000009af00000, 0x000000009b000000|  0%| F|  |TAMS 0x000000009af00000| PB 0x000000009af00000| Untracked |  0
| 258|0x000000009b000000, 0x000000009b000000, 0x000000009b100000|  0%| F|  |TAMS 0x000000009b000000| PB 0x000000009b000000| Untracked |  0
| 259|0x000000009b100000, 0x000000009b100000, 0x000000009b200000|  0%| F|  |TAMS 0x000000009b100000| PB 0x000000009b100000| Untracked |  0
| 260|0x000000009b200000, 0x000000009b200000, 0x000000009b300000|  0%| F|  |TAMS 0x000000009b200000| PB 0x000000009b200000| Untracked |  0
| 261|0x000000009b300000, 0x000000009b300000, 0x000000009b400000|  0%| F|  |TAMS 0x000000009b300000| PB 0x000000009b300000| Untracked |  0
| 262|0x000000009b400000, 0x000000009b400000, 0x000000009b500000|  0%| F|  |TAMS 0x000000009b400000| PB 0x000000009b400000| Untracked |  0
| 263|0x000000009b500000, 0x000000009b500000, 0x000000009b600000|  0%| F|  |TAMS 0x000000009b500000| PB 0x000000009b500000| Untracked |  0
|1842|0x00000000fe000000, 0x00000000fe100000, 0x00000000fe100000|100%| O|  |TAMS 0x00000000fe100000| PB 0x00000000fe000000| Untracked |  0
|1843|0x00000000fe100000, 0x00000000fe200000, 0x00000000fe200000|100%| O|  |TAMS 0x00000000fe200000| PB 0x00000000fe100000| Untracked |  0
|1844|0x00000000fe200000, 0x00000000fe300000, 0x00000000fe300000|100%| O|  |TAMS 0x00000000fe300000| PB 0x00000000fe200000| Untracked |  0
|1845|0x00000000fe300000, 0x00000000fe400000, 0x00000000fe400000|100%| O|  |TAMS 0x00000000fe400000| PB 0x00000000fe300000| Untracked |  0
|1846|0x00000000fe400000, 0x00000000fe500000, 0x00000000fe500000|100%| O|  |TAMS 0x00000000fe500000| PB 0x00000000fe400000| Untracked |  0
|1847|0x00000000fe500000, 0x00000000fe600000, 0x00000000fe600000|100%| O|  |TAMS 0x00000000fe600000| PB 0x00000000fe500000| Untracked |  0
|1848|0x00000000fe600000, 0x00000000fe700000, 0x00000000fe700000|100%| O|  |TAMS 0x00000000fe700000| PB 0x00000000fe600000| Untracked |  0
|1849|0x00000000fe700000, 0x00000000fe800000, 0x00000000fe800000|100%| O|  |TAMS 0x00000000fe800000| PB 0x00000000fe700000| Untracked |  0
|1850|0x00000000fe800000, 0x00000000fe900000, 0x00000000fe900000|100%| O|  |TAMS 0x00000000fe900000| PB 0x00000000fe800000| Untracked |  0
|1851|0x00000000fe900000, 0x00000000fea00000, 0x00000000fea00000|100%| O|  |TAMS 0x00000000fea00000| PB 0x00000000fe900000| Untracked |  0
|1852|0x00000000fea00000, 0x00000000feb00000, 0x00000000feb00000|100%| O|  |TAMS 0x00000000feb00000| PB 0x00000000fea00000| Untracked |  0
|1853|0x00000000feb00000, 0x00000000fec00000, 0x00000000fec00000|100%| O|  |TAMS 0x00000000fec00000| PB 0x00000000feb00000| Untracked |  0
|1854|0x00000000fec00000, 0x00000000fed00000, 0x00000000fed00000|100%| O|  |TAMS 0x00000000fed00000| PB 0x00000000fec00000| Untracked |  0
|1855|0x00000000fed00000, 0x00000000fed00000, 0x00000000fee00000|  0%| F|  |TAMS 0x00000000fed00000| PB 0x00000000fed00000| Untracked |  0
|1856|0x00000000fee00000, 0x00000000fee00000, 0x00000000fef00000|  0%| F|  |TAMS 0x00000000fee00000| PB 0x00000000fee00000| Untracked |  0
|1857|0x00000000fef00000, 0x00000000ff000000, 0x00000000ff000000|100%| O|  |TAMS 0x00000000ff000000| PB 0x00000000fef00000| Untracked |  0
|1858|0x00000000ff000000, 0x00000000ff100000, 0x00000000ff100000|100%| O|  |TAMS 0x00000000ff100000| PB 0x00000000ff000000| Untracked |  0
|1859|0x00000000ff100000, 0x00000000ff200000, 0x00000000ff200000|100%| O|  |TAMS 0x00000000ff200000| PB 0x00000000ff100000| Untracked |  0
|1860|0x00000000ff200000, 0x00000000ff300000, 0x00000000ff300000|100%| O|  |TAMS 0x00000000ff300000| PB 0x00000000ff200000| Untracked |  0
|1861|0x00000000ff300000, 0x00000000ff400000, 0x00000000ff400000|100%| O|  |TAMS 0x00000000ff400000| PB 0x00000000ff300000| Untracked |  0
|1862|0x00000000ff400000, 0x00000000ff500000, 0x00000000ff500000|100%| O|  |TAMS 0x00000000ff500000| PB 0x00000000ff400000| Untracked |  0
|1863|0x00000000ff500000, 0x00000000ff600000, 0x00000000ff600000|100%| O|  |TAMS 0x00000000ff600000| PB 0x00000000ff500000| Untracked |  0
|1864|0x00000000ff600000, 0x00000000ff700000, 0x00000000ff700000|100%| O|  |TAMS 0x00000000ff700000| PB 0x00000000ff600000| Untracked |  0
|1865|0x00000000ff700000, 0x00000000ff800000, 0x00000000ff800000|100%| O|  |TAMS 0x00000000ff800000| PB 0x00000000ff700000| Untracked |  0
|1866|0x00000000ff800000, 0x00000000ff900000, 0x00000000ff900000|100%| O|  |TAMS 0x00000000ff900000| PB 0x00000000ff800000| Untracked |  0
|1867|0x00000000ff900000, 0x00000000ffa00000, 0x00000000ffa00000|100%| O|  |TAMS 0x00000000ffa00000| PB 0x00000000ff900000| Untracked |  0
|1868|0x00000000ffa00000, 0x00000000ffa00000, 0x00000000ffb00000|  0%| F|  |TAMS 0x00000000ffa00000| PB 0x00000000ffa00000| Untracked |  0
|1869|0x00000000ffb00000, 0x00000000ffc00000, 0x00000000ffc00000|100%| O|  |TAMS 0x00000000ffc00000| PB 0x00000000ffb00000| Untracked |  0
|1870|0x00000000ffc00000, 0x00000000ffd00000, 0x00000000ffd00000|100%| O|  |TAMS 0x00000000ffd00000| PB 0x00000000ffc00000| Untracked |  0
|1871|0x00000000ffd00000, 0x00000000ffe00000, 0x00000000ffe00000|100%| O|  |TAMS 0x00000000ffe00000| PB 0x00000000ffd00000| Untracked |  0
|1872|0x00000000ffe00000, 0x00000000fff00000, 0x00000000fff00000|100%| O|  |TAMS 0x00000000fff00000| PB 0x00000000ffe00000| Untracked |  0
|1873|0x00000000fff00000, 0x0000000100000000, 0x0000000100000000|100%| O|  |TAMS 0x0000000100000000| PB 0x00000000fff00000| Untracked |  0

Card table byte_map: [0x000001667f3f0000,0x000001667f7a0000] _byte_map_base: 0x000001667ef99000

Marking Bits: (CMBitMap*) 0x000001667ec8d400
 Bits: [0x0000016617670000, 0x00000166193b8000)

Polling page: 0x000001667c9e0000

Metaspace:

Usage:
  Non-class:     98.86 MB used.
      Class:     13.61 MB used.
       Both:    112.47 MB used.

Virtual space:
  Non-class space:      128.00 MB reserved,      99.62 MB ( 78%) committed,  2 nodes.
      Class space:        1.00 GB reserved,      14.25 MB (  1%) committed,  1 nodes.
             Both:        1.12 GB reserved,     113.88 MB ( 10%) committed. 

Chunk freelists:
   Non-Class:  12.41 MB
       Class:  1.69 MB
        Both:  14.10 MB

MaxMetaspaceSize: unlimited
CompressedClassSpaceSize: 1.00 GB
Initial GC threshold: 21.00 MB
Current GC threshold: 189.62 MB
CDS: on
 - commit_granule_bytes: 65536.
 - commit_granule_words: 8192.
 - virtual_space_node_default_size: 8388608.
 - enlarge_chunks_in_place: 1.
 - use_allocation_guard: 0.


Internal statistics:

num_allocs_failed_limit: 15.
num_arena_births: 1864.
num_arena_deaths: 0.
num_vsnodes_births: 3.
num_vsnodes_deaths: 0.
num_space_committed: 1822.
num_space_uncommitted: 0.
num_chunks_returned_to_freelist: 15.
num_chunks_taken_from_freelist: 6036.
num_chunk_merges: 9.
num_chunk_splits: 4414.
num_chunks_enlarged: 3416.
num_inconsistent_stats: 0.

CodeHeap 'non-profiled nmethods': size=120064Kb used=6325Kb max_used=6325Kb free=113738Kb
 bounds [0x0000016610130000, 0x0000016610760000, 0x0000016617670000]
CodeHeap 'profiled nmethods': size=120000Kb used=20276Kb max_used=21662Kb free=99723Kb
 bounds [0x0000016608670000, 0x0000016609ba0000, 0x000001660fba0000]
CodeHeap 'non-nmethods': size=5696Kb used=1767Kb max_used=1835Kb free=3928Kb
 bounds [0x000001660fba0000, 0x000001660fe10000, 0x0000016610130000]
CodeCache: size=245760Kb, used=28368Kb, max_used=29822Kb, free=217389Kb
 total_blobs=14196, nmethods=13389, adapters=709, full_count=0
Compilation: enabled, stopped_count=0, restarted_count=0

Compilation events (20 events):
Event: 36.556 Thread 0x000001661b69d7a0 16280       3       com.google.B.B.E::A (36 bytes)
Event: 36.556 Thread 0x000001661b69d7a0 nmethod 16280 0x0000016608db8308 code [0x0000016608db8460, 0x0000016608db87e0]
Event: 36.564 Thread 0x00000166611e9e50 16281   !   4       sun.nio.cs.StreamDecoder::inReady (36 bytes)
Event: 36.565 Thread 0x000001661b69d7a0 16282       3       com.sun.crypto.provider.AESCipher::engineUpdate (15 bytes)
Event: 36.565 Thread 0x00000166611e9e50 nmethod 16281 0x0000016610759208 code [0x0000016610759320, 0x0000016610759468]
Event: 36.565 Thread 0x000001661b69d7a0 nmethod 16282 0x0000016608b04c88 code [0x0000016608b04da0, 0x0000016608b04ee0]
Event: 36.565 Thread 0x000001661b69d7a0 16283       3       javax.crypto.Cipher::update (65 bytes)
Event: 36.566 Thread 0x000001661b69d7a0 nmethod 16283 0x000001660898b108 code [0x000001660898b280, 0x000001660898b7a0]
Event: 36.586 Thread 0x00000166611e9e50 16284 %     4       com.google.B.B.C.C$_A::G @ 33 (66 bytes)
Event: 36.591 Thread 0x00000166611e7c40 16285       4       com.google.B.D.D::B (169 bytes)
Event: 36.601 Thread 0x00000166611e7c40 nmethod 16285 0x0000016610759508 code [0x0000016610759680, 0x000001661075a1b8]
Event: 36.601 Thread 0x00000166611e7c40 16286       4       com.sonar.security.config.spec.Sink::<init> (22 bytes)
Event: 36.602 Thread 0x00000166611e9e50 nmethod 16284% 0x000001661075a288 code [0x000001661075a440, 0x000001661075adc8]
Event: 36.602 Thread 0x00000166611e9e50 16287       4       java.lang.invoke.LambdaForm$DMH/0x000001661de4b000::newInvokeSpecial (27 bytes)
Event: 36.644 Thread 0x00000166611e7c40 nmethod 16286 0x000001661075ae88 code [0x000001661075b020, 0x000001661075ba20]
Event: 36.645 Thread 0x00000166611e7c40 16288       4       com.google.B.B.C.C$_A::G (66 bytes)
Event: 36.646 Thread 0x00000166611e9e50 nmethod 16287 0x000001661075bb08 code [0x000001661075bca0, 0x000001661075c768]
Event: 36.665 Thread 0x00000166611e7c40 nmethod 16288 0x000001661075c888 code [0x000001661075caa0, 0x000001661075d638]
Event: 36.675 Thread 0x00000166611e7c40 16289       4       com.sonar.security.config.C.B$$Lambda/0x000001661de44ec8::accept (20 bytes)
Event: 36.675 Thread 0x00000166611e9e50 16290       4       com.sonar.security.config.C.B::A (69 bytes)

GC Heap History (20 events):
Event: 33.416 GC heap after
{Heap after GC invocations=37 (full 0):
 garbage-first heap   total reserved 1918976K, committed 162816K, used 97831K [0x000000008ae00000, 0x0000000100000000)
  region size 1024K, 5 young (5120K), 5 survivors (5120K)
 Metaspace       used 110797K, committed 112256K, reserved 1179648K
  class space    used 13365K, committed 14016K, reserved 1048576K
}
Event: 34.402 GC heap before
{Heap before GC invocations=37 (full 0):
 garbage-first heap   total reserved 1918976K, committed 162816K, used 130599K [0x000000008ae00000, 0x0000000100000000)
  region size 1024K, 38 young (38912K), 5 survivors (5120K)
 Metaspace       used 114150K, committed 115584K, reserved 1179648K
  class space    used 13808K, committed 14464K, reserved 1048576K
}
Event: 34.413 GC heap after
{Heap after GC invocations=38 (full 0):
 garbage-first heap   total reserved 1918976K, committed 162816K, used 106041K [0x000000008ae00000, 0x0000000100000000)
  region size 1024K, 7 young (7168K), 7 survivors (7168K)
 Metaspace       used 114150K, committed 115584K, reserved 1179648K
  class space    used 13808K, committed 14464K, reserved 1048576K
}
Event: 34.773 GC heap before
{Heap before GC invocations=39 (full 0):
 garbage-first heap   total reserved 1918976K, committed 179200K, used 144953K [0x000000008ae00000, 0x0000000100000000)
  region size 1024K, 44 young (45056K), 7 survivors (7168K)
 Metaspace       used 115037K, committed 116480K, reserved 1179648K
  class space    used 13927K, committed 14592K, reserved 1048576K
}
Event: 34.781 GC heap after
{Heap after GC invocations=40 (full 0):
 garbage-first heap   total reserved 1918976K, committed 179200K, used 109752K [0x000000008ae00000, 0x0000000100000000)
  region size 1024K, 4 young (4096K), 4 survivors (4096K)
 Metaspace       used 115037K, committed 116480K, reserved 1179648K
  class space    used 13927K, committed 14592K, reserved 1048576K
}
Event: 34.975 GC heap before
{Heap before GC invocations=40 (full 0):
 garbage-first heap   total reserved 1918976K, committed 231424K, used 230584K [0x000000008ae00000, 0x0000000100000000)
  region size 1024K, 24 young (24576K), 4 survivors (4096K)
 Metaspace       used 115059K, committed 116480K, reserved 1179648K
  class space    used 13928K, committed 14592K, reserved 1048576K
}
Event: 34.985 GC heap after
{Heap after GC invocations=41 (full 0):
 garbage-first heap   total reserved 1918976K, committed 237568K, used 126925K [0x000000008ae00000, 0x0000000100000000)
  region size 1024K, 4 young (4096K), 4 survivors (4096K)
 Metaspace       used 115059K, committed 116480K, reserved 1179648K
  class space    used 13928K, committed 14592K, reserved 1048576K
}
Event: 35.131 GC heap before
{Heap before GC invocations=41 (full 0):
 garbage-first heap   total reserved 1918976K, committed 237568K, used 203725K [0x000000008ae00000, 0x0000000100000000)
  region size 1024K, 79 young (80896K), 4 survivors (4096K)
 Metaspace       used 115062K, committed 116480K, reserved 1179648K
  class space    used 13928K, committed 14592K, reserved 1048576K
}
Event: 35.139 GC heap after
{Heap after GC invocations=42 (full 0):
 garbage-first heap   total reserved 1918976K, committed 237568K, used 131532K [0x000000008ae00000, 0x0000000100000000)
  region size 1024K, 8 young (8192K), 8 survivors (8192K)
 Metaspace       used 115062K, committed 116480K, reserved 1179648K
  class space    used 13928K, committed 14592K, reserved 1048576K
}
Event: 35.291 GC heap before
{Heap before GC invocations=42 (full 0):
 garbage-first heap   total reserved 1918976K, committed 237568K, used 204236K [0x000000008ae00000, 0x0000000100000000)
  region size 1024K, 79 young (80896K), 8 survivors (8192K)
 Metaspace       used 115064K, committed 116480K, reserved 1179648K
  class space    used 13928K, committed 14592K, reserved 1048576K
}
Event: 35.303 GC heap after
{Heap after GC invocations=43 (full 0):
 garbage-first heap   total reserved 1918976K, committed 296960K, used 136769K [0x000000008ae00000, 0x0000000100000000)
  region size 1024K, 6 young (6144K), 6 survivors (6144K)
 Metaspace       used 115064K, committed 116480K, reserved 1179648K
  class space    used 13928K, committed 14592K, reserved 1048576K
}
Event: 35.559 GC heap before
{Heap before GC invocations=43 (full 0):
 garbage-first heap   total reserved 1918976K, committed 296960K, used 243265K [0x000000008ae00000, 0x0000000100000000)
  region size 1024K, 110 young (112640K), 6 survivors (6144K)
 Metaspace       used 115064K, committed 116480K, reserved 1179648K
  class space    used 13928K, committed 14592K, reserved 1048576K
}
Event: 35.570 GC heap after
{Heap after GC invocations=44 (full 0):
 garbage-first heap   total reserved 1918976K, committed 296960K, used 144753K [0x000000008ae00000, 0x0000000100000000)
  region size 1024K, 13 young (13312K), 13 survivors (13312K)
 Metaspace       used 115064K, committed 116480K, reserved 1179648K
  class space    used 13928K, committed 14592K, reserved 1048576K
}
Event: 35.756 GC heap before
{Heap before GC invocations=44 (full 0):
 garbage-first heap   total reserved 1918976K, committed 296960K, used 244081K [0x000000008ae00000, 0x0000000100000000)
  region size 1024K, 110 young (112640K), 13 survivors (13312K)
 Metaspace       used 115064K, committed 116480K, reserved 1179648K
  class space    used 13928K, committed 14592K, reserved 1048576K
}
Event: 35.770 GC heap after
{Heap after GC invocations=45 (full 0):
 garbage-first heap   total reserved 1918976K, committed 296960K, used 152921K [0x000000008ae00000, 0x0000000100000000)
  region size 1024K, 9 young (9216K), 9 survivors (9216K)
 Metaspace       used 115064K, committed 116480K, reserved 1179648K
  class space    used 13928K, committed 14592K, reserved 1048576K
}
Event: 36.272 GC heap before
{Heap before GC invocations=46 (full 0):
 garbage-first heap   total reserved 1918976K, committed 296960K, used 257369K [0x000000008ae00000, 0x0000000100000000)
  region size 1024K, 108 young (110592K), 9 survivors (9216K)
 Metaspace       used 115067K, committed 116480K, reserved 1179648K
  class space    used 13928K, committed 14592K, reserved 1048576K
}
Event: 36.316 GC heap after
{Heap after GC invocations=47 (full 0):
 garbage-first heap   total reserved 1918976K, committed 303104K, used 192512K [0x000000008ae00000, 0x0000000100000000)
  region size 1024K, 14 young (14336K), 14 survivors (14336K)
 Metaspace       used 115067K, committed 116480K, reserved 1179648K
  class space    used 13928K, committed 14592K, reserved 1048576K
}
Event: 36.605 GC heap before
{Heap before GC invocations=47 (full 0):
 garbage-first heap   total reserved 1918976K, committed 303104K, used 268288K [0x000000008ae00000, 0x0000000100000000)
  region size 1024K, 75 young (76800K), 14 survivors (14336K)
 Metaspace       used 115167K, committed 116608K, reserved 1179648K
  class space    used 13933K, committed 14592K, reserved 1048576K
}
Event: 36.634 GC heap after
{Heap after GC invocations=48 (full 0):
 garbage-first heap   total reserved 1918976K, committed 303104K, used 206205K [0x000000008ae00000, 0x0000000100000000)
  region size 1024K, 10 young (10240K), 10 survivors (10240K)
 Metaspace       used 115167K, committed 116608K, reserved 1179648K
  class space    used 13933K, committed 14592K, reserved 1048576K
}
Event: 36.702 GC heap before
{Heap before GC invocations=48 (full 0):
 garbage-first heap   total reserved 1918976K, committed 303104K, used 263549K [0x000000008ae00000, 0x0000000100000000)
  region size 1024K, 66 young (67584K), 10 survivors (10240K)
 Metaspace       used 115167K, committed 116608K, reserved 1179648K
  class space    used 13933K, committed 14592K, reserved 1048576K
}

Dll operation events (14 events):
Event: 0.015 Loaded shared library C:\Program Files\Java\jdk-23\bin\java.dll
Event: 0.058 Loaded shared library C:\Program Files\Java\jdk-23\bin\jsvml.dll
Event: 0.085 Loaded shared library C:\Program Files\Java\jdk-23\bin\net.dll
Event: 0.089 Loaded shared library C:\Program Files\Java\jdk-23\bin\nio.dll
Event: 0.096 Loaded shared library C:\Program Files\Java\jdk-23\bin\zip.dll
Event: 0.377 Loaded shared library C:\Program Files\Java\jdk-23\bin\jimage.dll
Event: 0.380 Loaded shared library C:\Users\abdou\.m2\wrapper\dists\apache-maven-3.9.14\ed7edd442f634ac1c1ef5ba2b61b6d690b5221091f1a8e1123f5fadcc967520d\lib\jansi-native\Windows\x86_64\jansi.dll
Event: 0.405 Loaded shared library C:\Program Files\Java\jdk-23\bin\verify.dll
Event: 5.218 Loaded shared library C:\Program Files\Java\jdk-23\bin\sunmscapi.dll
Event: 5.390 Loaded shared library C:\Program Files\Java\jdk-23\bin\extnet.dll
Event: 24.185 Loaded shared library C:\Users\abdou\.tree-sitter\lib\x86_64-windows-tree-sitter.dll
Event: 24.209 Loaded shared library C:\Users\abdou\.tree-sitter\lib\x86_64-windows-tree-sitter-bash.dll
Event: 32.564 Loaded shared library C:\Program Files\Java\jdk-23\bin\management.dll
Event: 32.570 Loaded shared library C:\Program Files\Java\jdk-23\bin\management_ext.dll

Deoptimization events (20 events):
Event: 36.383 Thread 0x000001667c890760 DEOPT PACKING pc=0x00000166103df488 sp=0x00000025a26fc590
Event: 36.383 Thread 0x000001667c890760 DEOPT UNPACKING pc=0x000001660fbf4402 sp=0x00000025a26fc410 mode 2
Event: 36.384 Thread 0x000001667c890760 Uncommon trap: trap_request=0xffffff66 fr.pc=0x00000166103df488 relative=0x0000000000000168
Event: 36.384 Thread 0x000001667c890760 Uncommon trap: reason=speculate_class_check action=maybe_recompile pc=0x00000166103df488 method=java.lang.invoke.DirectMethodHandle$Holder.invokeSpecial(Ljava/lang/Object;Ljava/lang/Object;Ljava/lang/Object;)Ljava/lang/Object; @ 11 c2
Event: 36.384 Thread 0x000001667c890760 DEOPT PACKING pc=0x00000166103df488 sp=0x00000025a26fc590
Event: 36.384 Thread 0x000001667c890760 DEOPT UNPACKING pc=0x000001660fbf4402 sp=0x00000025a26fc410 mode 2
Event: 36.385 Thread 0x000001667c890760 Uncommon trap: trap_request=0xffffff66 fr.pc=0x00000166103df488 relative=0x0000000000000168
Event: 36.385 Thread 0x000001667c890760 Uncommon trap: reason=speculate_class_check action=maybe_recompile pc=0x00000166103df488 method=java.lang.invoke.DirectMethodHandle$Holder.invokeSpecial(Ljava/lang/Object;Ljava/lang/Object;Ljava/lang/Object;)Ljava/lang/Object; @ 11 c2
Event: 36.385 Thread 0x000001667c890760 DEOPT PACKING pc=0x00000166103df488 sp=0x00000025a26fc590
Event: 36.385 Thread 0x000001667c890760 DEOPT UNPACKING pc=0x000001660fbf4402 sp=0x00000025a26fc410 mode 2
Event: 36.385 Thread 0x000001667c890760 Uncommon trap: trap_request=0xffffff66 fr.pc=0x00000166103df488 relative=0x0000000000000168
Event: 36.385 Thread 0x000001667c890760 Uncommon trap: reason=speculate_class_check action=maybe_recompile pc=0x00000166103df488 method=java.lang.invoke.DirectMethodHandle$Holder.invokeSpecial(Ljava/lang/Object;Ljava/lang/Object;Ljava/lang/Object;)Ljava/lang/Object; @ 11 c2
Event: 36.385 Thread 0x000001667c890760 DEOPT PACKING pc=0x00000166103df488 sp=0x00000025a26fc590
Event: 36.385 Thread 0x000001667c890760 DEOPT UNPACKING pc=0x000001660fbf4402 sp=0x00000025a26fc410 mode 2
Event: 36.551 Thread 0x000001667c890760 Uncommon trap: trap_request=0xffffffd6 fr.pc=0x000001661058ac38 relative=0x0000000000000398
Event: 36.551 Thread 0x000001667c890760 Uncommon trap: reason=array_check action=maybe_recompile pc=0x000001661058ac38 method=java.util.LinkedHashMap.valuesToArray([Ljava/lang/Object;Z)[Ljava/lang/Object; @ 67 c2
Event: 36.551 Thread 0x000001667c890760 DEOPT PACKING pc=0x000001661058ac38 sp=0x00000025a26fc4e0
Event: 36.551 Thread 0x000001667c890760 DEOPT UNPACKING pc=0x000001660fbf4402 sp=0x00000025a26fc480 mode 2
Event: 36.645 Thread 0x000001667c890760 DEOPT PACKING pc=0x00000166087eecbb sp=0x00000025a26fc7d0
Event: 36.645 Thread 0x000001667c890760 DEOPT UNPACKING pc=0x000001660fbf4b22 sp=0x00000025a26fbc78 mode 0

Classes loaded (20 events):
Event: 34.393 Loading class java/nio/file/DirectoryIteratorException
Event: 34.393 Loading class java/nio/file/DirectoryIteratorException done
Event: 34.473 Loading class javax/crypto/CipherInputStream
Event: 34.474 Loading class javax/crypto/CipherInputStream done
Event: 34.474 Loading class javax/crypto/SecretKeyFactory
Event: 34.474 Loading class javax/crypto/SecretKeyFactory done
Event: 34.474 Loading class com/sun/crypto/provider/PBKDF2Core$HmacSHA256
Event: 34.475 Loading class com/sun/crypto/provider/PBKDF2Core
Event: 34.475 Loading class javax/crypto/SecretKeyFactorySpi
Event: 34.475 Loading class javax/crypto/SecretKeyFactorySpi done
Event: 34.475 Loading class com/sun/crypto/provider/PBKDF2Core done
Event: 34.475 Loading class com/sun/crypto/provider/PBKDF2Core$HmacSHA256 done
Event: 34.476 Loading class javax/crypto/spec/PBEKeySpec
Event: 34.476 Loading class javax/crypto/spec/PBEKeySpec done
Event: 34.476 Loading class com/sun/crypto/provider/PBKDF2KeyImpl
Event: 34.477 Loading class javax/crypto/interfaces/PBEKey
Event: 34.477 Loading class javax/crypto/interfaces/PBEKey done
Event: 34.477 Loading class com/sun/crypto/provider/PBKDF2KeyImpl done
Event: 34.477 Loading class com/sun/crypto/provider/PBKDF2KeyImpl$1
Event: 34.478 Loading class com/sun/crypto/provider/PBKDF2KeyImpl$1 done

Classes unloaded (0 events):
No events

Classes redefined (0 events):
No events

Internal exceptions (20 events):
Event: 29.990 Thread 0x000001667c890760 Exception <a 'sun/nio/fs/WindowsException'{0x00000000908f26d8}> (0x00000000908f26d8) 
thrown [s\open\src\hotspot\share\prims\jni.cpp, line 520]
Event: 29.990 Thread 0x000001667c890760 Exception <a 'sun/nio/fs/WindowsException'{0x00000000908f3288}> (0x00000000908f3288) 
thrown [s\open\src\hotspot\share\prims\jni.cpp, line 520]
Event: 29.991 Thread 0x000001667c890760 Exception <a 'sun/nio/fs/WindowsException'{0x00000000908f3f48}> (0x00000000908f3f48) 
thrown [s\open\src\hotspot\share\prims\jni.cpp, line 520]
Event: 30.150 Thread 0x000001666682d740 Exception <a 'java/lang/NoSuchMethodError'{0x00000000ffa39f10}: 'java.lang.Object java.lang.invoke.DirectMethodHandle$Holder.invokeSpecial(java.lang.Object, java.lang.Object, long, java.lang.Object, java.lang.Object)'> (0x00000000ffa39f10) 
thrown [s\open\src\hotspot\share\interpreter\linkResolver.cpp, line 796]
Event: 30.315 Thread 0x000001666682d740 Exception <a 'java/lang/InterruptedException'{0x00000000ffac1140}: sleep interrupted> (0x00000000ffac1140) 
thrown [s\open\src\hotspot\share\prims\jvm.cpp, line 3093]
Event: 31.357 Thread 0x000001667c890760 Exception <a 'sun/nio/fs/WindowsException'{0x00000000934df360}> (0x00000000934df360) 
thrown [s\open\src\hotspot\share\prims\jni.cpp, line 520]
Event: 31.357 Thread 0x000001667c890760 Exception <a 'sun/nio/fs/WindowsException'{0x00000000934df990}> (0x00000000934df990) 
thrown [s\open\src\hotspot\share\prims\jni.cpp, line 520]
Event: 31.357 Thread 0x000001667c890760 Exception <a 'sun/nio/fs/WindowsException'{0x00000000934e0328}> (0x00000000934e0328) 
thrown [s\open\src\hotspot\share\prims\jni.cpp, line 520]
Event: 31.435 Thread 0x000001667c890760 Exception <a 'java/lang/NoSuchMethodError'{0x0000000093347100}: 'java.lang.Object java.lang.invoke.DirectMethodHandle$Holder.invokeVirtual(java.lang.Object, java.lang.Object, int)'> (0x0000000093347100) 
thrown [s\open\src\hotspot\share\interpreter\linkResolver.cpp, line 796]
Event: 32.150 Thread 0x000001667c890760 Exception <a 'java/lang/NoSuchMethodError'{0x0000000090e1ae00}: 'int java.lang.invoke.DelegatingMethodHandle$Holder.reinvoke_L(java.lang.Object, long)'> (0x0000000090e1ae00) 
thrown [s\open\src\hotspot\share\interpreter\linkResolver.cpp, line 796]
Event: 32.249 Thread 0x000001667c890760 Exception <a 'java/lang/NoSuchMethodError'{0x0000000090ad0e60}: 'int java.lang.invoke.DelegatingMethodHandle$Holder.reinvoke_L(java.lang.Object, long, long)'> (0x0000000090ad0e60) 
thrown [s\open\src\hotspot\share\interpreter\linkResolver.cpp, line 796]
Event: 32.558 Thread 0x000001667c890760 Exception <a 'sun/nio/fs/WindowsException'{0x0000000092e0ff30}> (0x0000000092e0ff30) 
thrown [s\open\src\hotspot\share\prims\jni.cpp, line 520]
Event: 32.558 Thread 0x000001667c890760 Exception <a 'sun/nio/fs/WindowsException'{0x0000000092e17038}> (0x0000000092e17038) 
thrown [s\open\src\hotspot\share\prims\jni.cpp, line 520]
Event: 32.994 Thread 0x000001667c890760 Exception <a 'java/lang/NoSuchMethodError'{0x0000000091a20148}: 'void java.lang.invoke.DirectMethodHandle$Holder.invokeVirtual(java.lang.Object, java.lang.Object, float)'> (0x0000000091a20148) 
thrown [s\open\src\hotspot\share\interpreter\linkResolver.cpp, line 796]
Event: 32.995 Thread 0x000001667c890760 Exception <a 'java/lang/NoSuchMethodError'{0x0000000091a2abc8}: 'float java.lang.invoke.DelegatingMethodHandle$Holder.reinvoke_L(java.lang.Object, java.lang.Object, int)'> (0x0000000091a2abc8) 
thrown [s\open\src\hotspot\share\interpreter\linkResolver.cpp, line 796]
Event: 32.996 Thread 0x000001667c890760 Exception <a 'java/lang/NoSuchMethodError'{0x0000000091a34e60}: 'void java.lang.invoke.DelegatingMethodHandle$Holder.reinvoke_L(java.lang.Object, java.lang.Object, float)'> (0x0000000091a34e60) 
thrown [s\open\src\hotspot\share\interpreter\linkResolver.cpp, line 796]
Event: 33.380 Thread 0x000001667c890760 Implicit null exception at 0x0000016610693741 to 0x0000016610693890
Event: 33.424 Thread 0x000001667c890760 Exception <a 'java/lang/NoSuchMethodError'{0x00000000ffa391a0}: 'int java.lang.invoke.DirectMethodHandle$Holder.invokeStatic(java.lang.Object, java.lang.Object, int, java.lang.Object)'> (0x00000000ffa391a0) 
thrown [s\open\src\hotspot\share\interpreter\linkResolver.cpp, line 796]
Event: 33.933 Thread 0x000001667c890760 Exception <a 'java/lang/IncompatibleClassChangeError'{0x0000000092df4410}: Found class java.lang.Object, but interface was expected> (0x0000000092df4410) 
thrown [s\open\src\hotspot\share\interpreter\linkResolver.cpp, line 863]
Event: 34.022 Thread 0x000001666682bd00 Exception <a 'java/lang/InterruptedException'{0x0000000092cbf470}: sleep interrupted> (0x0000000092cbf470) 
thrown [s\open\src\hotspot\share\prims\jvm.cpp, line 3093]

VM Operations (20 events):
Event: 34.781 Executing VM operation: G1CollectForAllocation (G1 Evacuation Pause) done
Event: 34.975 Executing VM operation: G1CollectForAllocation (G1 Evacuation Pause)
Event: 34.985 Executing VM operation: G1CollectForAllocation (G1 Evacuation Pause) done
Event: 35.131 Executing VM operation: G1CollectForAllocation (G1 Evacuation Pause)
Event: 35.139 Executing VM operation: G1CollectForAllocation (G1 Evacuation Pause) done
Event: 35.291 Executing VM operation: G1CollectForAllocation (G1 Evacuation Pause)
Event: 35.303 Executing VM operation: G1CollectForAllocation (G1 Evacuation Pause) done
Event: 35.559 Executing VM operation: G1CollectForAllocation (G1 Evacuation Pause)
Event: 35.570 Executing VM operation: G1CollectForAllocation (G1 Evacuation Pause) done
Event: 35.756 Executing VM operation: G1CollectForAllocation (G1 Evacuation Pause)
Event: 35.770 Executing VM operation: G1CollectForAllocation (G1 Evacuation Pause) done
Event: 35.927 Executing VM operation: G1PauseRemark
Event: 35.938 Executing VM operation: G1PauseRemark done
Event: 35.985 Executing VM operation: G1PauseCleanup
Event: 35.985 Executing VM operation: G1PauseCleanup done
Event: 36.272 Executing VM operation: G1CollectForAllocation (G1 Evacuation Pause)
Event: 36.316 Executing VM operation: G1CollectForAllocation (G1 Evacuation Pause) done
Event: 36.605 Executing VM operation: G1CollectForAllocation (G1 Evacuation Pause)
Event: 36.635 Executing VM operation: G1CollectForAllocation (G1 Evacuation Pause) done
Event: 36.701 Executing VM operation: G1CollectForAllocation (G1 Evacuation Pause)

Memory protections (0 events):
No events

Nmethod flushes (20 events):
Event: 35.936 Thread 0x000001661b65b010 flushing  nmethod 0x0000016609958a08
Event: 35.936 Thread 0x000001661b65b010 flushing  nmethod 0x0000016609a4fb08
Event: 35.936 Thread 0x000001661b65b010 flushing  nmethod 0x0000016609a50388
Event: 35.936 Thread 0x000001661b65b010 flushing  nmethod 0x0000016609a50788
Event: 35.936 Thread 0x000001661b65b010 flushing  nmethod 0x0000016609a53408
Event: 35.936 Thread 0x000001661b65b010 flushing  nmethod 0x0000016609a71588
Event: 35.936 Thread 0x000001661b65b010 flushing  nmethod 0x0000016609a71a08
Event: 35.936 Thread 0x000001661b65b010 flushing  nmethod 0x0000016609a77208
Event: 35.936 Thread 0x000001661b65b010 flushing  nmethod 0x0000016609ada908
Event: 35.936 Thread 0x000001661b65b010 flushing  nmethod 0x0000016609ade008
Event: 35.936 Thread 0x000001661b65b010 flushing  nmethod 0x0000016609b06a88
Event: 35.936 Thread 0x000001661b65b010 flushing  nmethod 0x0000016609b07088
Event: 35.936 Thread 0x000001661b65b010 flushing  nmethod 0x0000016609b07388
Event: 35.936 Thread 0x000001661b65b010 flushing  nmethod 0x0000016609b07788
Event: 35.936 Thread 0x000001661b65b010 flushing  nmethod 0x0000016609b07c88
Event: 35.936 Thread 0x000001661b65b010 flushing  nmethod 0x0000016609b08288
Event: 35.936 Thread 0x000001661b65b010 flushing  nmethod 0x0000016609b08888
Event: 35.936 Thread 0x000001661b65b010 flushing  nmethod 0x0000016609b29e08
Event: 35.936 Thread 0x000001661b65b010 flushing  nmethod 0x0000016609b87f88
Event: 35.936 Thread 0x000001661b65b010 flushing  nmethod 0x0000016609b88388

Events (20 events):
Event: 33.970 Thread 0x000001666682ddd0 Thread added: 0x000001667434c970
Event: 33.972 Thread 0x000001666682a2c0 Thread added: 0x00000166743494f0
Event: 34.023 Thread 0x000001666682bd00 Thread exited: 0x000001666682bd00
Event: 34.029 Thread 0x000001666682e460 Thread exited: 0x000001666682e460
Event: 34.029 Thread 0x000001666682ddd0 Thread exited: 0x000001666682ddd0
Event: 34.029 Thread 0x000001666682eaf0 Thread exited: 0x000001666682eaf0
Event: 34.029 Thread 0x000001666682a2c0 Thread exited: 0x000001666682a2c0
Event: 34.029 Thread 0x000001666682f180 Thread exited: 0x000001666682f180
Event: 34.029 Thread 0x0000016662a77f60 Thread exited: 0x0000016662a77f60
Event: 34.029 Thread 0x000001666682f810 Thread exited: 0x000001666682f810
Event: 34.029 Thread 0x000001667434b5c0 Thread exited: 0x000001667434b5c0
Event: 34.029 Thread 0x000001667434c2e0 Thread exited: 0x000001667434c2e0
Event: 34.029 Thread 0x0000016674348e60 Thread exited: 0x0000016674348e60
Event: 34.029 Thread 0x00000166743494f0 Thread exited: 0x00000166743494f0
Event: 34.029 Thread 0x000001667434a210 Thread exited: 0x000001667434a210
Event: 34.029 Thread 0x000001666682d740 Thread exited: 0x000001666682d740
Event: 34.029 Thread 0x000001667434a8a0 Thread exited: 0x000001667434a8a0
Event: 34.029 Thread 0x000001667434bc50 Thread exited: 0x000001667434bc50
Event: 34.029 Thread 0x000001667434c970 Thread exited: 0x000001667434c970
Event: 34.029 Thread 0x000001667434af30 Thread exited: 0x000001667434af30


Dynamic libraries:
0x00007ff7c5b00000 - 0x00007ff7c5b10000 	C:\Program Files\Java\jdk-23\bin\java.exe
0x00007ff9b8400000 - 0x00007ff9b8667000 	C:\WINDOWS\SYSTEM32\ntdll.dll
0x00007ff9b6d20000 - 0x00007ff9b6de9000 	C:\WINDOWS\System32\KERNEL32.DLL
0x00007ff9b4f50000 - 0x00007ff9b5344000 	C:\WINDOWS\System32\KERNELBASE.dll
0x00007ff9b4e00000 - 0x00007ff9b4f4b000 	C:\WINDOWS\System32\ucrtbase.dll
0x00007ff99f310000 - 0x00007ff99f327000 	C:\Program Files\Java\jdk-23\bin\jli.dll
0x00007ff99ced0000 - 0x00007ff99ceeb000 	C:\Program Files\Java\jdk-23\bin\VCRUNTIME140.dll
0x00007ff9b78e0000 - 0x00007ff9b7aa5000 	C:\WINDOWS\System32\USER32.dll
0x00007ff99b520000 - 0x00007ff99b7b3000 	C:\WINDOWS\WinSxS\amd64_microsoft.windows.common-controls_6595b64144ccf1df_6.0.26100.8115_none_3e075c82e3354f9c\COMCTL32.dll
0x00007ff9b5f60000 - 0x00007ff9b5f87000 	C:\WINDOWS\System32\win32u.dll
0x00007ff9b6a00000 - 0x00007ff9b6a2b000 	C:\WINDOWS\System32\GDI32.dll
0x00007ff9b82f0000 - 0x00007ff9b8399000 	C:\WINDOWS\System32\msvcrt.dll
0x00007ff9b4cd0000 - 0x00007ff9b4dfa000 	C:\WINDOWS\System32\gdi32full.dll
0x00007ff9b5f90000 - 0x00007ff9b6033000 	C:\WINDOWS\System32\msvcp_win.dll
0x00007ff9b6e10000 - 0x00007ff9b6e42000 	C:\WINDOWS\System32\IMM32.DLL
0x00007ff9aacf0000 - 0x00007ff9aacfc000 	C:\Program Files\Java\jdk-23\bin\vcruntime140_1.dll
0x00007ff973a70000 - 0x00007ff973afe000 	C:\Program Files\Java\jdk-23\bin\msvcp140.dll
0x00007ff8a5050000 - 0x00007ff8a5d9f000 	C:\Program Files\Java\jdk-23\bin\server\jvm.dll
0x00007ff9b6420000 - 0x00007ff9b64d6000 	C:\WINDOWS\System32\ADVAPI32.dll
0x00007ff9b7590000 - 0x00007ff9b7637000 	C:\WINDOWS\System32\sechost.dll
0x00007ff9b6bf0000 - 0x00007ff9b6d08000 	C:\WINDOWS\System32\RPCRT4.dll
0x00007ff9b6970000 - 0x00007ff9b69f0000 	C:\WINDOWS\System32\WS2_32.dll
0x00007ff9b4b30000 - 0x00007ff9b4b8e000 	C:\WINDOWS\SYSTEM32\POWRPROF.dll
0x00007ff9adf00000 - 0x00007ff9adf36000 	C:\WINDOWS\SYSTEM32\WINMM.dll
0x00007ff9af560000 - 0x00007ff9af56b000 	C:\WINDOWS\SYSTEM32\VERSION.dll
0x00007ff9b4b10000 - 0x00007ff9b4b24000 	C:\WINDOWS\SYSTEM32\UMPDC.dll
0x00007ff9b3a40000 - 0x00007ff9b3a5b000 	C:\WINDOWS\SYSTEM32\kernel.appcore.dll
0x00007ff99ce50000 - 0x00007ff99ce5a000 	C:\Program Files\Java\jdk-23\bin\jimage.dll
0x00007ff9ab100000 - 0x00007ff9ab342000 	C:\WINDOWS\SYSTEM32\DBGHELP.DLL
0x00007ff9b7200000 - 0x00007ff9b7582000 	C:\WINDOWS\System32\combase.dll
0x00007ff9b6a30000 - 0x00007ff9b6b07000 	C:\WINDOWS\System32\OLEAUT32.dll
0x00007ff999870000 - 0x00007ff9998ab000 	C:\WINDOWS\SYSTEM32\dbgcore.DLL
0x00007ff9b54d0000 - 0x00007ff9b5575000 	C:\WINDOWS\System32\bcryptPrimitives.dll
0x00007ff99c8e0000 - 0x00007ff99c8fe000 	C:\Program Files\Java\jdk-23\bin\java.dll
0x00007ff9b7640000 - 0x00007ff9b77d7000 	C:\WINDOWS\System32\ole32.dll
0x00007ff9b7ab0000 - 0x00007ff9b8216000 	C:\WINDOWS\System32\SHELL32.dll
0x00007ff9b5df0000 - 0x00007ff9b5f5a000 	C:\WINDOWS\System32\wintypes.dll
0x00007ff9b5580000 - 0x00007ff9b5de5000 	C:\WINDOWS\System32\windows.storage.dll
0x00007ff9b77e0000 - 0x00007ff9b78d7000 	C:\WINDOWS\System32\SHCORE.dll
0x00007ff9b63b0000 - 0x00007ff9b6416000 	C:\WINDOWS\System32\shlwapi.dll
0x00007ff9b4bf0000 - 0x00007ff9b4c19000 	C:\WINDOWS\SYSTEM32\profapi.dll
0x00007ff8fbce0000 - 0x00007ff8fbdb7000 	C:\Program Files\Java\jdk-23\bin\jsvml.dll
0x00007ff99cdd0000 - 0x00007ff99cde0000 	C:\Program Files\Java\jdk-23\bin\net.dll
0x00007ff9b3fd0000 - 0x00007ff9b403c000 	C:\WINDOWS\system32\mswsock.dll
0x00007ff99c7f0000 - 0x00007ff99c806000 	C:\Program Files\Java\jdk-23\bin\nio.dll
0x00007ff9975a0000 - 0x00007ff9975b7000 	C:\Program Files\Java\jdk-23\bin\zip.dll
0x00007ff98f250000 - 0x00007ff98f274000 	C:\Users\abdou\.m2\wrapper\dists\apache-maven-3.9.14\ed7edd442f634ac1c1ef5ba2b61b6d690b5221091f1a8e1123f5fadcc967520d\lib\jansi-native\Windows\x86_64\jansi.dll
0x00007ff996a60000 - 0x00007ff996a70000 	C:\Program Files\Java\jdk-23\bin\verify.dll
0x00007ff9b42b0000 - 0x00007ff9b42cb000 	C:\WINDOWS\SYSTEM32\CRYPTSP.dll
0x00007ff9b39a0000 - 0x00007ff9b39d9000 	C:\WINDOWS\system32\rsaenh.dll
0x00007ff9b4080000 - 0x00007ff9b40b3000 	C:\WINDOWS\SYSTEM32\USERENV.dll
0x00007ff9b4bc0000 - 0x00007ff9b4bea000 	C:\WINDOWS\SYSTEM32\bcrypt.dll
0x00007ff9b42d0000 - 0x00007ff9b42dc000 	C:\WINDOWS\SYSTEM32\CRYPTBASE.dll
0x00007ff9b3410000 - 0x00007ff9b3442000 	C:\WINDOWS\SYSTEM32\IPHLPAPI.DLL
0x00007ff9b6d10000 - 0x00007ff9b6d1a000 	C:\WINDOWS\System32\NSI.dll
0x00007ff98f2a0000 - 0x00007ff98f2ae000 	C:\Program Files\Java\jdk-23\bin\sunmscapi.dll
0x00007ff9b5350000 - 0x00007ff9b54c7000 	C:\WINDOWS\System32\CRYPT32.dll
0x00007ff9b44d0000 - 0x00007ff9b4500000 	C:\WINDOWS\SYSTEM32\ncrypt.dll
0x00007ff9b4480000 - 0x00007ff9b44bf000 	C:\WINDOWS\SYSTEM32\NTASN1.dll
0x00007ff9b34a0000 - 0x00007ff9b35d2000 	C:\WINDOWS\SYSTEM32\DNSAPI.dll
0x00007ff9a2c00000 - 0x00007ff9a2c0b000 	C:\Windows\System32\rasadhlp.dll
0x00007ff9abe40000 - 0x00007ff9abec6000 	C:\WINDOWS\System32\fwpuclnt.dll
0x00007ff98f290000 - 0x00007ff98f299000 	C:\Program Files\Java\jdk-23\bin\extnet.dll
0x00007ff9b4320000 - 0x00007ff9b4333000 	C:\WINDOWS\SYSTEM32\MSASN1.dll
0x00007ff9b4040000 - 0x00007ff9b4070000 	C:\WINDOWS\SYSTEM32\gpapi.dll
0x00007ff9a4610000 - 0x00007ff9a464b000 	C:\WINDOWS\SYSTEM32\cryptnet.dll
0x00007ff9b26b0000 - 0x00007ff9b26be000 	C:\WINDOWS\SYSTEM32\WINNSI.DLL
0x00007ff98ca30000 - 0x00007ff98cabc000 	C:\WINDOWS\system32\ncryptprov.dll
0x00007ff986cc0000 - 0x00007ff986dd4000 	C:\WINDOWS\system32\PCPKsp.dll
0x00007ff99fdb0000 - 0x00007ff99fdca000 	C:\WINDOWS\SYSTEM32\tbs.dll
0x00007ff9b48c0000 - 0x00007ff9b48ca000 	C:\WINDOWS\SYSTEM32\DPAPI.dll
0x00007ff978560000 - 0x00007ff9785d0000 	C:\Users\abdou\.tree-sitter\lib\x86_64-windows-tree-sitter.dll
0x00007ff8fad70000 - 0x00007ff8faeeb000 	C:\Users\abdou\.tree-sitter\lib\x86_64-windows-tree-sitter-bash.dll
0x00007ff988b60000 - 0x00007ff988b6a000 	C:\Program Files\Java\jdk-23\bin\management.dll
0x00007ff988b50000 - 0x00007ff988b5b000 	C:\Program Files\Java\jdk-23\bin\management_ext.dll
0x00007ff9b83b0000 - 0x00007ff9b83b8000 	C:\WINDOWS\System32\PSAPI.DLL

dbghelp: loaded successfully - version: 4.0.5 - missing functions: none
symbol engine: initialized successfully - sym options: 0x614 - pdb path: .;C:\Program Files\Java\jdk-23\bin;C:\WINDOWS\SYSTEM32;C:\WINDOWS\WinSxS\amd64_microsoft.windows.common-controls_6595b64144ccf1df_6.0.26100.8115_none_3e075c82e3354f9c;C:\Program Files\Java\jdk-23\bin\server;C:\Users\abdou\.m2\wrapper\dists\apache-maven-3.9.14\ed7edd442f634ac1c1ef5ba2b61b6d690b5221091f1a8e1123f5fadcc967520d\lib\jansi-native\Windows\x86_64;C:\Users\abdou\.tree-sitter\lib

VM Arguments:
jvm_args: --enable-native-access=ALL-UNNAMED -Dclassworlds.conf=C:\Users\abdou\.m2\wrapper\dists\apache-maven-3.9.14\ed7edd442f634ac1c1ef5ba2b61b6d690b5221091f1a8e1123f5fadcc967520d\bin\m2.conf -Dmaven.home=C:\Users\abdou\.m2\wrapper\dists\apache-maven-3.9.14\ed7edd442f634ac1c1ef5ba2b61b6d690b5221091f1a8e1123f5fadcc967520d -Dlibrary.jansi.path=C:\Users\abdou\.m2\wrapper\dists\apache-maven-3.9.14\ed7edd442f634ac1c1ef5ba2b61b6d690b5221091f1a8e1123f5fadcc967520d\lib\jansi-native -Dmaven.multiModuleProjectDirectory=C:\Users\abdou\Documents\dossier\auth-server 
java_command: org.codehaus.plexus.classworlds.launcher.Launcher sonar:sonar -Dsonar.token=ffd7ef2cfc4828e27315f1446b52d1a6de79ef14 -Dsonar.projectKey=liwell976_tp-auth -Dsonar.organization=liwell976 -Dsonar.host.url=https://sonarcloud.io
java_class_path (initial): C:\Users\abdou\.m2\wrapper\dists\apache-maven-3.9.14\ed7edd442f634ac1c1ef5ba2b61b6d690b5221091f1a8e1123f5fadcc967520d\boot\plexus-classworlds-2.9.0.jar
Launcher Type: SUN_STANDARD

[Global flags]
     intx CICompilerCount                          = 4                                         {product} {ergonomic}
     uint ConcGCThreads                            = 2                                         {product} {ergonomic}
     uint G1ConcRefinementThreads                  = 8                                         {product} {ergonomic}
   size_t G1HeapRegionSize                         = 1048576                                   {product} {ergonomic}
   size_t InitialHeapSize                          = 123731968                                 {product} {ergonomic}
   size_t MarkStackSize                            = 4194304                                   {product} {ergonomic}
   size_t MarkStackSizeMax                         = 536870912                                 {product} {ergonomic}
   size_t MaxHeapSize                              = 1965031424                                {product} {ergonomic}
   size_t MaxNewSize                               = 1178599424                                {product} {ergonomic}
   size_t MinHeapDeltaBytes                        = 1048576                                   {product} {ergonomic}
   size_t MinHeapSize                              = 8388608                                   {product} {ergonomic}
    uintx NonNMethodCodeHeapSize                   = 5832704                                {pd product} {ergonomic}
    uintx NonProfiledCodeHeapSize                  = 122945536                              {pd product} {ergonomic}
    uintx ProfiledCodeHeapSize                     = 122880000                              {pd product} {ergonomic}
    uintx ReservedCodeCacheSize                    = 251658240                              {pd product} {ergonomic}
     bool SegmentedCodeCache                       = true                                      {product} {ergonomic}
   size_t SoftMaxHeapSize                          = 1965031424                             {manageable} {ergonomic}
     bool UseCompressedOops                        = true                           {product lp64_product} {ergonomic}
     bool UseG1GC                                  = true                                      {product} {ergonomic}
     bool UseLargePagesIndividualAllocation        = false                                  {pd product} {ergonomic}

Logging:
Log output configuration:
 #0: stdout all=warning uptime,level,tags foldmultilines=false
 #1: stderr all=off uptime,level,tags foldmultilines=false

Environment Variables:
PATH=C:\Python314\Scripts\;C:\Python314\;C:\Program Files\Common Files\Oracle\Java\javapath;C:\WINDOWS\system32;C:\WINDOWS;C:\WINDOWS\System32\Wbem;C:\WINDOWS\System32\WindowsPowerShell\v1.0\;C:\WINDOWS\System32\OpenSSH\;C:\Program Files\Git\cmd;C:\Program Files\dotnet\;C:\Program Files\Common Files\Autodesk Shared\;C:\Program Files\Microsoft SQL Server\150\Tools\Binn\;C:\Program Files\nodejs\;C:\ProgramData\chocolatey\bin;C:\ProgramData;C:\mkcert;C:\Program Files\MongoDB\Server\8.2\bin;C:\wamp\bin\mysql\mysql5.7.40\bin;C:\Program Files\MongoDB\Tools\100\bin;C:\Program Files\Apache\maven\bin;C:\Users\abdou\AppData\Local\Microsoft\WindowsApps;C:\Users\abdou\AppData\Local\Programs\Microsoft VS Code\bin;C:\Users\abdou\AppData\Local\GitHubDesktop\bin;C:\Program Files\Java\jdk-23\bin;C:\Program Files (x86)\WiX Toolset v3.14\bin;C:\Program Files (x86)\Jar2Exe Wizard\;C:\Users\abdou\AppData\Roaming\npm;C:\wamp\bin\php\php8.2.0;C:\Users\abdou\AppData\Roaming\Composer\vendor\bin;C:\Users\abdou\AppData\Local\atom\bin;C:\mkcert;
USERNAME=abdou
OS=Windows_NT
PROCESSOR_IDENTIFIER=AMD64 Family 25 Model 80 Stepping 0, AuthenticAMD
TMP=C:\Users\abdou\AppData\Local\Temp
TEMP=C:\Users\abdou\AppData\Local\Temp




Periodic native trim disabled

---------------  S Y S T E M  ---------------

OS:
 Windows 11 , 64 bit Build 26100 (10.0.26100.8115)
OS uptime: 8 days 13:07 hours
Hyper-V role detected

CPU: total 8 (initial active 8) (8 cores per cpu, 2 threads per core) family 25 model 80 stepping 0 microcode 0xa50000d, cx8, cmov, fxsr, ht, mmx, 3dnowpref, sse, sse2, sse3, ssse3, sse4a, sse4.1, sse4.2, popcnt, lzcnt, tsc, tscinvbit, avx, avx2, aes, erms, clmul, bmi1, bmi2, adx, sha, fma, vzeroupper, clflush, clflushopt, hv, rdtscp, rdpid, fsrm, f16c, cet_ss
Processor Information for processor 0
  Max Mhz: 2701, Current Mhz: 2701, Mhz Limit: 2701
Processor Information for processor 1
  Max Mhz: 2701, Current Mhz: 2701, Mhz Limit: 2701
Processor Information for processor 2
  Max Mhz: 2701, Current Mhz: 2701, Mhz Limit: 2701
Processor Information for processor 3
  Max Mhz: 2701, Current Mhz: 2701, Mhz Limit: 2701
Processor Information for processor 4
  Max Mhz: 2701, Current Mhz: 1800, Mhz Limit: 2701
Processor Information for processor 5
  Max Mhz: 2701, Current Mhz: 1800, Mhz Limit: 2701
Processor Information for processor 6
  Max Mhz: 2701, Current Mhz: 2701, Mhz Limit: 2701
Processor Information for processor 7
  Max Mhz: 2701, Current Mhz: 1800, Mhz Limit: 2701

Memory: 4k page, system-wide physical 7488M (565M free)
TotalPageFile size 30016M (AvailPageFile size 38M)
current process WorkingSet (physical memory assigned to process): 578M, peak: 592M
current process commit charge ("private bytes"): 640M, peak: 873M

vm_info: Java HotSpot(TM) 64-Bit Server VM (23+37-2369) for windows-amd64 JRE (23+37-2369), built on 2024-08-20T16:01:23Z with MS VC++ 17.6 (VS2022)

END.
