#
# There is insufficient memory for the Java Runtime Environment to continue.
# Native memory allocation (mmap) failed to map 322961408 bytes. Error detail: G1 virtual space
# Possible reasons:
#   The system is out of physical RAM or swap space
#   This process is running with CompressedOops enabled, and the Java Heap may be blocking the growth of the native heap
# Possible solutions:
#   Reduce memory load on the system
#   Increase physical memory or swap space
#   Check if swap backing store is full
#   Decrease Java heap size (-Xmx/-Xms)
#   Decrease number of Java threads
#   Decrease Java thread stack sizes (-Xss)
#   Set larger code cache with -XX:ReservedCodeCacheSize=
#   JVM is running with Unscaled Compressed Oops mode in which the Java heap is
#     placed in the first 4GB address space. The Java Heap base address is the
#     maximum limit for the native heap growth. Please use -XX:HeapBaseMinAddress
#     to set the Java Heap base and to place the Java Heap above 4GB virtual address.
# This output file may be truncated or incomplete.
#
#  Out of Memory Error (os_windows.cpp:3703), pid=22368, tid=26008
#
# JRE version: Java(TM) SE Runtime Environment (23.0+37) (build 23+37-2369)
# Java VM: Java HotSpot(TM) 64-Bit Server VM (23+37-2369, mixed mode, sharing, tiered, compressed oops, compressed class ptrs, g1 gc, windows-amd64)
# No core dump will be written. Minidumps are not enabled by default on client versions of Windows
#

---------------  S U M M A R Y ------------

Command Line: --enable-native-access=ALL-UNNAMED -Dclassworlds.conf=C:\Users\abdou\.m2\wrapper\dists\apache-maven-3.9.14\ed7edd442f634ac1c1ef5ba2b61b6d690b5221091f1a8e1123f5fadcc967520d\bin\m2.conf -Dmaven.home=C:\Users\abdou\.m2\wrapper\dists\apache-maven-3.9.14\ed7edd442f634ac1c1ef5ba2b61b6d690b5221091f1a8e1123f5fadcc967520d -Dlibrary.jansi.path=C:\Users\abdou\.m2\wrapper\dists\apache-maven-3.9.14\ed7edd442f634ac1c1ef5ba2b61b6d690b5221091f1a8e1123f5fadcc967520d\lib\jansi-native -Dmaven.multiModuleProjectDirectory=C:\Users\abdou\Documents\dossier\auth-server org.codehaus.plexus.classworlds.launcher.Launcher sonar:sonar -Dsonar.token=ffd7ef2cfc4828e27315f1446b52d1a6de79ef14 -Dsonar.projectKey=liwell976_tp-auth -Dsonar.organization=liwell976 -Dsonar.host.url=https://sonarcloud.io

Host: AMD Ryzen 3 5425U with Radeon Graphics         , 8 cores, 7G,  Windows 11 , 64 bit Build 26100 (10.0.26100.8115)
Time: Sun Apr 12 13:41:26 2026 Paris, Madrid (heure duild 26100 (10.0.26100.8115) elapsed time: 38.156619 seconds (0d 0h 0m 38s)

---------------  T H R E A D  ---------------

Current thread (0x0000019c72a22570):  VMThread "VM Thread"          [id=26008, stack(0x0000001137400000,0x0000001137500000) (1024K)]

Stack: [0x0000001137400000,0x0000001137500000]
Native frames: (J=compiled Java code, j=interpreted, Vv=VM code, C=native code)
V  [jvm.dll+0x6e08a9]  (no source info available)
V  [jvm.dll+0x87da63]  (no source info available)
V  [jvm.dll+0x87feee]  (no source info available)
V  [jvm.dll+0x8805c3]  (no source info available)
V  [jvm.dll+0x27aee6]  (no source info available)
V  [jvm.dll+0x6dd1b5]  (no source info available)
V  [jvm.dll+0x6d103a]  (no source info available)
V  [jvm.dll+0x35b3ea]  (no source info available)
V  [jvm.dll+0x3637f6]  (no source info available)
V  [jvm.dll+0x34fd5e]  (no source info available)
V  [jvm.dll+0x34fff8]  (no source info available)
V  [jvm.dll+0x3289cc]  (no source info available)
V  [jvm.dll+0x328a5a]  (no source info available)
V  [jvm.dll+0x374c92]  (no source info available)
V  [jvm.dll+0x373392]  (no source info available)
V  [jvm.dll+0x3281a7]  (no source info available)
V  [jvm.dll+0x372e58]  (no source info available)
V  [jvm.dll+0x886500]  (no source info available)
V  [jvm.dll+0x887827]  (no source info available)
V  [jvm.dll+0x887d58]  (no source info available)
V  [jvm.dll+0x887ff3]  (no source info available)
V  [jvm.dll+0x824f1b]  (no source info available)
V  [jvm.dll+0x6df055]  (no source info available)
C  [ucrtbase.dll+0x37b0]  (no source info available)
C  [KERNEL32.DLL+0x2e8d7]  (no source info available)
C  [ntdll.dll+0x8c3fc]  (no source info available)

VM_Operation (0x0000001136dfb208): G1TryInitiateConcMark, mode: safepoint, requested by thread 0x0000019c53c46530


---------------  P R O C E S S  ---------------

Threads class SMR info:
_java_thread_list=0x0000019c48f3f7a0, length=27, elements={
0x0000019c53c46530, 0x0000019c72a359e0, 0x0000019c72a3b460, 0x0000019c72a405d0,
0x0000019c72a41510, 0x0000019c72a42400, 0x0000019c72a4b270, 0x0000019c72a75320,
0x0000019c72a78fa0, 0x0000019c451522a0, 0x0000019c45156140, 0x0000019c4641f020,
0x0000019c4673eee0, 0x0000019c476ebaf0, 0x0000019c476ec160, 0x0000019c47bd36a0,
0x0000019c47bd3d10, 0x0000019c479babd0, 0x0000019c479b9eb0, 0x0000019c479ba540,
0x0000019c479bbf80, 0x0000019c479bb260, 0x0000019c473f65b0, 0x0000019c473f6c40,
0x0000019c473f7960, 0x0000019c46667bc0, 0x0000019c46666e20
}

Java Threads: ( => current thread )
  0x0000019c53c46530 JavaThread "main"                              [_thread_blocked, id=15352, stack(0x0000001136d00000,0x0000001136e00000) (1024K)]
  0x0000019c72a359e0 JavaThread "Reference Handler"          daemon [_thread_blocked, id=13080, stack(0x0000001137500000,0x0000001137600000) (1024K)]
  0x0000019c72a3b460 JavaThread "Finalizer"                  daemon [_thread_blocked, id=35924, stack(0x0000001137600000,0x0000001137700000) (1024K)]
  0x0000019c72a405d0 JavaThread "Signal Dispatcher"          daemon [_thread_blocked, id=8180, stack(0x0000001137700000,0x0000001137800000) (1024K)]
  0x0000019c72a41510 JavaThread "Attach Listener"            daemon [_thread_blocked, id=19952, stack(0x0000001137800000,0x0000001137900000) (1024K)]
  0x0000019c72a42400 JavaThread "Service Thread"             daemon [_thread_blocked, id=37224, stack(0x0000001137900000,0x0000001137a00000) (1024K)]
  0x0000019c72a4b270 JavaThread "Monitor Deflation Thread"   daemon [_thread_blocked, id=32404, stack(0x0000001137a00000,0x0000001137b00000) (1024K)]
  0x0000019c72a75320 JavaThread "C2 CompilerThread0"         daemon [_thread_blocked, id=37156, stack(0x0000001137b00000,0x0000001137c00000) (1024K)]
  0x0000019c72a78fa0 JavaThread "C1 CompilerThread0"         daemon [_thread_blocked, id=37292, stack(0x0000001137c00000,0x0000001137d00000) (1024K)]
  0x0000019c451522a0 JavaThread "Notification Thread"        daemon [_thread_blocked, id=25548, stack(0x0000001137d00000,0x0000001137e00000) (1024K)]
  0x0000019c45156140 JavaThread "Common-Cleaner"             daemon [_thread_blocked, id=34552, stack(0x0000001137e00000,0x0000001137f00000) (1024K)]
  0x0000019c4641f020 JavaThread "Thread-1"                   daemon [_thread_blocked, id=35636, stack(0x0000001138700000,0x0000001138800000) (1024K)]
  0x0000019c4673eee0 JavaThread "OkHttp sonarcloud.io"              [_thread_in_native, id=15552, stack(0x0000001138900000,0x0000001138a00000) (1024K)]
  0x0000019c476ebaf0 JavaThread "OkHttp ConnectionPool"      daemon [_thread_blocked, id=30364, stack(0x0000001138a00000,0x0000001138b00000) (1024K)]
  0x0000019c476ec160 JavaThread "Okio Watchdog"              daemon [_thread_blocked, id=4424, stack(0x0000001138b00000,0x0000001138c00000) (1024K)]
  0x0000019c47bd36a0 JavaThread "OkHttp sonarcloud.io Writer"        [_thread_blocked, id=9676, stack(0x0000001138c00000,0x0000001138d00000) (1024K)]
  0x0000019c47bd3d10 JavaThread "OkHttp Http2Connection"     daemon [_thread_blocked, id=30816, stack(0x0000001138d00000,0x0000001138e00000) (1024K)]
  0x0000019c479babd0 JavaThread "OkHttp sonarcloud.io"       daemon [_thread_in_native, id=14980, stack(0x0000001139200000,0x0000001139300000) (1024K)]
  0x0000019c479b9eb0 JavaThread "OkHttp TaskRunner"          daemon [_thread_blocked, id=13448, stack(0x0000001139300000,0x0000001139400000) (1024K)]
  0x0000019c479ba540 JavaThread "Okio Watchdog"              daemon [_thread_blocked, id=34012, stack(0x0000001139400000,0x0000001139500000) (1024K)]
  0x0000019c479bbf80 JavaThread "OkHttp api.sonarcloud.io"   daemon [_thread_in_native, id=24140, stack(0x0000001139500000,0x0000001139600000) (1024K)]
  0x0000019c479bb260 JavaThread "OkHttp TaskRunner"          daemon [_thread_blocked, id=14836, stack(0x0000001139600000,0x0000001139700000) (1024K)]
  0x0000019c473f65b0 JavaThread "OkHttp TaskRunner"          daemon [_thread_blocked, id=7264, stack(0x0000001139700000,0x0000001139800000) (1024K)]
  0x0000019c473f6c40 JavaThread "JGit-WorkQueue"             daemon [_thread_blocked, id=36772, stack(0x0000001139100000,0x0000001139200000) (1024K)]
  0x0000019c473f7960 JavaThread "Cleaner-0"                  daemon [_thread_blocked, id=33460, stack(0x0000001139a00000,0x0000001139b00000) (1024K)]
  0x0000019c46667bc0 JavaThread "C2 CompilerThread1"         daemon [_thread_blocked, id=15964, stack(0x0000001136a00000,0x0000001136b00000) (1024K)]
  0x0000019c46666e20 JavaThread "C2 CompilerThread2"         daemon [_thread_blocked, id=14396, stack(0x0000001139800000,0x0000001139900000) (1024K)]
Total: 27

Other Threads:
=>0x0000019c72a22570 VMThread "VM Thread"                           [id=26008, stack(0x0000001137400000,0x0000001137500000) (1024K)]
  0x0000019c72a0a140 WatcherThread "VM Periodic Task Thread"        [id=34996, stack(0x0000001137300000,0x0000001137400000) (1024K)]
  0x0000019c5614d9c0 WorkerThread "GC Thread#0"                     [id=28500, stack(0x0000001136e00000,0x0000001136f00000) (1024K)]
  0x0000019c45ee5170 WorkerThread "GC Thread#1"                     [id=34820, stack(0x0000001138000000,0x0000001138100000) (1024K)]
  0x0000019c45f44300 WorkerThread "GC Thread#2"                     [id=3436, stack(0x0000001138100000,0x0000001138200000) (1024K)]
  0x0000019c45f446b0 WorkerThread "GC Thread#3"                     [id=11176, stack(0x0000001138200000,0x0000001138300000) (1024K)]
  0x0000019c45f44a60 WorkerThread "GC Thread#4"                     [id=27080, stack(0x0000001138300000,0x0000001138400000) (1024K)]
  0x0000019c45f45210 WorkerThread "GC Thread#5"                     [id=22192, stack(0x0000001138400000,0x0000001138500000) (1024K)]
  0x0000019c45f04fa0 WorkerThread "GC Thread#6"                     [id=36788, stack(0x0000001138500000,0x0000001138600000) (1024K)]
  0x0000019c45f04840 WorkerThread "GC Thread#7"                     [id=10400, stack(0x0000001138600000,0x0000001138700000) (1024K)]
  0x0000019c56161d10 ConcurrentGCThread "G1 Main Marker"            [id=36516, stack(0x0000001136f00000,0x0000001137000000) (1024K)]
  0x0000019c56164640 WorkerThread "G1 Conc#0"                       [id=3860, stack(0x0000001137000000,0x0000001137100000) (1024K)]
  0x0000019c46538850 WorkerThread "G1 Conc#1"                       [id=32432, stack(0x0000001138800000,0x0000001138900000) (1024K)]
  0x0000019c728d6110 ConcurrentGCThread "G1 Refine#0"               [id=23992, stack(0x0000001137100000,0x0000001137200000) (1024K)]
  0x0000019c728d7950 ConcurrentGCThread "G1 Service"                [id=22320, stack(0x0000001137200000,0x0000001137300000) (1024K)]
Total: 15

Threads with active compile tasks:
C2 CompilerThread0  38234 17546       4       com.google.B.A.A::equals (30 bytes)
C2 CompilerThread1  38234 17711       4       com.google.B.B.C.M::A (133 bytes)
C2 CompilerThread2  38234 17514       4       com.google.B.B.C.E::A (9 bytes)
Total: 3

VM state: at safepoint (normal execution)

VM Mutex/Monitor currently owned by a thread:  ([mutex/lock_event])
[0x00007ff8ebb03910] Threads_lock - owner thread: 0x0000019c72a22570
[0x00007ff8ebb03a10] Heap_lock - owner thread: 0x0000019c53c46530

Heap address: 0x000000008ae00000, size: 1874 MB, Compressed Oops mode: 32-bit

CDS archive(s) mapped at: [0x0000019c00000000-0x0000019c00d70000-0x0000019c00d70000), size 14090240, SharedBaseAddress: 0x0000019c00000000, ArchiveRelocationMode: 1.
Compressed class space mapped at: 0x0000019c01000000-0x0000019c41000000, reserved size: 1073741824
Narrow klass base: 0x0000019c00000000, Narrow klass shift: 0, Narrow klass range: 0x41000000

GC Precious Log:
 CardTable entry size: 512
 Card Set container configuration: InlinePtr #cards 5 size 8 Array Of Cards #cards 10 size 36 Howl #buckets 4 coarsen threshold 1843 Howl Bitmap #cards 512 size 80 coarsen threshold 460 Card regions per heap region 1 cards per card region 2048
 CPUs: 8 total, 8 available
 Memory: 7488M
 Large Page Support: Disabled
 NUMA Support: Disabled
 Compressed Oops: Enabled (32-bit)
 Heap Region Size: 1M
 Heap Min Capacity: 8M
 Heap Initial Capacity: 118M
 Heap Max Capacity: 1874M
 Pre-touch: Disabled
 Parallel Workers: 8
 Concurrent Workers: 2
 Concurrent Refinement Workers: 8
 Periodic GC: Disabled

Heap:
 garbage-first heap   total reserved 1918976K, committed 343040K, used 211811K [0x000000008ae00000, 0x0000000100000000)
  region size 1024K, 8 young (8192K), 8 survivors (8192K)
 Metaspace       used 116917K, committed 118208K, reserved 1179648K
  class space    used 14075K, committed 14656K, reserved 1048576K

Heap Regions: E=young(eden), S=young(survivor), O=old, HS=humongous(starts), HC=humongous(continues), CS=collection set, F=free, TAMS=top-at-mark-start, PB=parsable bottom
|   0|0x000000008ae00000, 0x000000008af00000, 0x000000008af00000|100%| O|  |TAMS 0x000000008af00000| PB 0x000000008ae00000| Untracked |  0
|   1|0x000000008af00000, 0x000000008b000000, 0x000000008b000000|100%| O|  |TAMS 0x000000008b000000| PB 0x000000008af00000| Untracked |  0
|   2|0x000000008b000000, 0x000000008b100000, 0x000000008b100000|100%| O|  |TAMS 0x000000008b100000| PB 0x000000008b000000| Untracked |  0
|   3|0x000000008b100000, 0x000000008b200000, 0x000000008b200000|100%| O|  |TAMS 0x000000008b200000| PB 0x000000008b100000| Untracked |  0
|   4|0x000000008b200000, 0x000000008b300000, 0x000000008b300000|100%| O|  |TAMS 0x000000008b300000| PB 0x000000008b200000| Untracked |  0
|   5|0x000000008b300000, 0x000000008b400000, 0x000000008b400000|100%| O|  |TAMS 0x000000008b400000| PB 0x000000008b300000| Untracked |  0
|   6|0x000000008b400000, 0x000000008b500000, 0x000000008b500000|100%| O|  |TAMS 0x000000008b500000| PB 0x000000008b400000| Untracked |  0
|   7|0x000000008b500000, 0x000000008b600000, 0x000000008b600000|100%| O|  |TAMS 0x000000008b600000| PB 0x000000008b500000| Untracked |  0
|   8|0x000000008b600000, 0x000000008b700000, 0x000000008b700000|100%| O|  |TAMS 0x000000008b700000| PB 0x000000008b600000| Untracked |  0
|   9|0x000000008b700000, 0x000000008b800000, 0x000000008b800000|100%| O|  |TAMS 0x000000008b800000| PB 0x000000008b700000| Untracked |  0
|  10|0x000000008b800000, 0x000000008b900000, 0x000000008b900000|100%| O|  |TAMS 0x000000008b900000| PB 0x000000008b800000| Untracked |  0
|  11|0x000000008b900000, 0x000000008ba00000, 0x000000008ba00000|100%|HS|  |TAMS 0x000000008ba00000| PB 0x000000008b900000| Complete |  0
|  12|0x000000008ba00000, 0x000000008bb00000, 0x000000008bb00000|100%|HC|  |TAMS 0x000000008bb00000| PB 0x000000008ba00000| Complete |  0
|  13|0x000000008bb00000, 0x000000008bc00000, 0x000000008bc00000|100%|HC|  |TAMS 0x000000008bc00000| PB 0x000000008bb00000| Complete |  0
|  14|0x000000008bc00000, 0x000000008bd00000, 0x000000008bd00000|100%|HC|  |TAMS 0x000000008bd00000| PB 0x000000008bc00000| Complete |  0
|  15|0x000000008bd00000, 0x000000008be00000, 0x000000008be00000|100%| O|  |TAMS 0x000000008be00000| PB 0x000000008bd00000| Untracked |  0
|  16|0x000000008be00000, 0x000000008bf00000, 0x000000008bf00000|100%| O|  |TAMS 0x000000008bf00000| PB 0x000000008be00000| Untracked |  0
|  17|0x000000008bf00000, 0x000000008c000000, 0x000000008c000000|100%| O|  |TAMS 0x000000008c000000| PB 0x000000008bf00000| Untracked |  0
|  18|0x000000008c000000, 0x000000008c100000, 0x000000008c100000|100%| O|  |TAMS 0x000000008c100000| PB 0x000000008c000000| Untracked |  0
|  19|0x000000008c100000, 0x000000008c200000, 0x000000008c200000|100%| O|  |TAMS 0x000000008c200000| PB 0x000000008c100000| Untracked |  0
|  20|0x000000008c200000, 0x000000008c300000, 0x000000008c300000|100%| O|  |TAMS 0x000000008c300000| PB 0x000000008c200000| Untracked |  0
|  21|0x000000008c300000, 0x000000008c400000, 0x000000008c400000|100%| O|  |TAMS 0x000000008c400000| PB 0x000000008c300000| Untracked |  0
|  22|0x000000008c400000, 0x000000008c500000, 0x000000008c500000|100%| O|  |TAMS 0x000000008c500000| PB 0x000000008c400000| Untracked |  0
|  23|0x000000008c500000, 0x000000008c600000, 0x000000008c600000|100%| O|  |TAMS 0x000000008c600000| PB 0x000000008c500000| Untracked |  0
|  24|0x000000008c600000, 0x000000008c700000, 0x000000008c700000|100%| O|  |TAMS 0x000000008c700000| PB 0x000000008c600000| Untracked |  0
|  25|0x000000008c700000, 0x000000008c800000, 0x000000008c800000|100%| O|  |TAMS 0x000000008c800000| PB 0x000000008c700000| Untracked |  0
|  26|0x000000008c800000, 0x000000008c900000, 0x000000008c900000|100%| O|  |TAMS 0x000000008c900000| PB 0x000000008c800000| Untracked |  0
|  27|0x000000008c900000, 0x000000008ca00000, 0x000000008ca00000|100%| O|  |TAMS 0x000000008ca00000| PB 0x000000008c900000| Untracked |  0
|  28|0x000000008ca00000, 0x000000008cb00000, 0x000000008cb00000|100%| O|  |TAMS 0x000000008cb00000| PB 0x000000008ca00000| Untracked |  0
|  29|0x000000008cb00000, 0x000000008cb00000, 0x000000008cc00000|  0%| F|  |TAMS 0x000000008cb00000| PB 0x000000008cb00000| Untracked |  0
|  30|0x000000008cc00000, 0x000000008cd00000, 0x000000008cd00000|100%| O|  |TAMS 0x000000008cd00000| PB 0x000000008cc00000| Untracked |  0
|  31|0x000000008cd00000, 0x000000008ce00000, 0x000000008ce00000|100%| O|  |TAMS 0x000000008ce00000| PB 0x000000008cd00000| Untracked |  0
|  32|0x000000008ce00000, 0x000000008cf00000, 0x000000008cf00000|100%| O|  |TAMS 0x000000008cf00000| PB 0x000000008ce00000| Untracked |  0
|  33|0x000000008cf00000, 0x000000008d000000, 0x000000008d000000|100%|HS|  |TAMS 0x000000008d000000| PB 0x000000008cf00000| Complete |  0
|  34|0x000000008d000000, 0x000000008d100000, 0x000000008d100000|100%| O|  |TAMS 0x000000008d100000| PB 0x000000008d000000| Untracked |  0
|  35|0x000000008d100000, 0x000000008d200000, 0x000000008d200000|100%| O|  |TAMS 0x000000008d200000| PB 0x000000008d100000| Untracked |  0
|  36|0x000000008d200000, 0x000000008d300000, 0x000000008d300000|100%| O|  |TAMS 0x000000008d300000| PB 0x000000008d200000| Untracked |  0
|  37|0x000000008d300000, 0x000000008d400000, 0x000000008d400000|100%| O|  |TAMS 0x000000008d400000| PB 0x000000008d300000| Untracked |  0
|  38|0x000000008d400000, 0x000000008d500000, 0x000000008d500000|100%| O|  |TAMS 0x000000008d500000| PB 0x000000008d400000| Untracked |  0
|  39|0x000000008d500000, 0x000000008d600000, 0x000000008d600000|100%| O|  |TAMS 0x000000008d600000| PB 0x000000008d500000| Untracked |  0
|  40|0x000000008d600000, 0x000000008d700000, 0x000000008d700000|100%| O|  |TAMS 0x000000008d700000| PB 0x000000008d600000| Untracked |  0
|  41|0x000000008d700000, 0x000000008d800000, 0x000000008d800000|100%| O|  |TAMS 0x000000008d800000| PB 0x000000008d700000| Untracked |  0
|  42|0x000000008d800000, 0x000000008d900000, 0x000000008d900000|100%| O|  |TAMS 0x000000008d900000| PB 0x000000008d800000| Untracked |  0
|  43|0x000000008d900000, 0x000000008da00000, 0x000000008da00000|100%| O|  |TAMS 0x000000008da00000| PB 0x000000008d900000| Untracked |  0
|  44|0x000000008da00000, 0x000000008db00000, 0x000000008db00000|100%|HS|  |TAMS 0x000000008db00000| PB 0x000000008da00000| Complete |  0
|  45|0x000000008db00000, 0x000000008dc00000, 0x000000008dc00000|100%|HC|  |TAMS 0x000000008dc00000| PB 0x000000008db00000| Complete |  0
|  46|0x000000008dc00000, 0x000000008dd00000, 0x000000008dd00000|100%| O|  |TAMS 0x000000008dd00000| PB 0x000000008dc00000| Untracked |  0
|  47|0x000000008dd00000, 0x000000008de00000, 0x000000008de00000|100%| O|  |TAMS 0x000000008de00000| PB 0x000000008dd00000| Untracked |  0
|  48|0x000000008de00000, 0x000000008df00000, 0x000000008df00000|100%| O|  |TAMS 0x000000008df00000| PB 0x000000008de00000| Untracked |  0
|  49|0x000000008df00000, 0x000000008e000000, 0x000000008e000000|100%| O|  |TAMS 0x000000008e000000| PB 0x000000008df00000| Untracked |  0
|  50|0x000000008e000000, 0x000000008e100000, 0x000000008e100000|100%| O|  |TAMS 0x000000008e100000| PB 0x000000008e000000| Untracked |  0
|  51|0x000000008e100000, 0x000000008e200000, 0x000000008e200000|100%| O|  |TAMS 0x000000008e200000| PB 0x000000008e100000| Untracked |  0
|  52|0x000000008e200000, 0x000000008e300000, 0x000000008e300000|100%| O|  |TAMS 0x000000008e300000| PB 0x000000008e200000| Untracked |  0
|  53|0x000000008e300000, 0x000000008e400000, 0x000000008e400000|100%| O|  |TAMS 0x000000008e400000| PB 0x000000008e300000| Untracked |  0
|  54|0x000000008e400000, 0x000000008e500000, 0x000000008e500000|100%| O|  |TAMS 0x000000008e500000| PB 0x000000008e400000| Untracked |  0
|  55|0x000000008e500000, 0x000000008e600000, 0x000000008e600000|100%| O|  |TAMS 0x000000008e600000| PB 0x000000008e500000| Untracked |  0
|  56|0x000000008e600000, 0x000000008e700000, 0x000000008e700000|100%| O|  |TAMS 0x000000008e700000| PB 0x000000008e600000| Untracked |  0
|  57|0x000000008e700000, 0x000000008e800000, 0x000000008e800000|100%| O|  |TAMS 0x000000008e800000| PB 0x000000008e700000| Untracked |  0
|  58|0x000000008e800000, 0x000000008e900000, 0x000000008e900000|100%| O|  |TAMS 0x000000008e900000| PB 0x000000008e800000| Untracked |  0
|  59|0x000000008e900000, 0x000000008ea00000, 0x000000008ea00000|100%| O|  |TAMS 0x000000008ea00000| PB 0x000000008e900000| Untracked |  0
|  60|0x000000008ea00000, 0x000000008eb00000, 0x000000008eb00000|100%| O|  |TAMS 0x000000008eb00000| PB 0x000000008ea00000| Untracked |  0
|  61|0x000000008eb00000, 0x000000008ec00000, 0x000000008ec00000|100%| O|  |TAMS 0x000000008ec00000| PB 0x000000008eb00000| Untracked |  0
|  62|0x000000008ec00000, 0x000000008ed00000, 0x000000008ed00000|100%| O|  |TAMS 0x000000008ed00000| PB 0x000000008ec00000| Untracked |  0
|  63|0x000000008ed00000, 0x000000008ee00000, 0x000000008ee00000|100%| O|  |TAMS 0x000000008ee00000| PB 0x000000008ed00000| Untracked |  0
|  64|0x000000008ee00000, 0x000000008ef00000, 0x000000008ef00000|100%| O|  |TAMS 0x000000008ef00000| PB 0x000000008ee00000| Untracked |  0
|  65|0x000000008ef00000, 0x000000008f000000, 0x000000008f000000|100%| O|  |TAMS 0x000000008f000000| PB 0x000000008ef00000| Untracked |  0
|  66|0x000000008f000000, 0x000000008f100000, 0x000000008f100000|100%| O|  |TAMS 0x000000008f100000| PB 0x000000008f000000| Untracked |  0
|  67|0x000000008f100000, 0x000000008f100000, 0x000000008f200000|  0%| F|  |TAMS 0x000000008f100000| PB 0x000000008f100000| Untracked |  0
|  68|0x000000008f200000, 0x000000008f300000, 0x000000008f300000|100%| O|  |TAMS 0x000000008f300000| PB 0x000000008f200000| Untracked |  0
|  69|0x000000008f300000, 0x000000008f400000, 0x000000008f400000|100%| O|  |TAMS 0x000000008f400000| PB 0x000000008f300000| Untracked |  0
|  70|0x000000008f400000, 0x000000008f500000, 0x000000008f500000|100%| O|  |TAMS 0x000000008f500000| PB 0x000000008f400000| Untracked |  0
|  71|0x000000008f500000, 0x000000008f600000, 0x000000008f600000|100%| O|  |TAMS 0x000000008f600000| PB 0x000000008f500000| Untracked |  0
|  72|0x000000008f600000, 0x000000008f700000, 0x000000008f700000|100%| O|  |TAMS 0x000000008f700000| PB 0x000000008f600000| Untracked |  0
|  73|0x000000008f700000, 0x000000008f800000, 0x000000008f800000|100%| O|  |TAMS 0x000000008f800000| PB 0x000000008f700000| Untracked |  0
|  74|0x000000008f800000, 0x000000008f900000, 0x000000008f900000|100%| O|  |TAMS 0x000000008f900000| PB 0x000000008f800000| Untracked |  0
|  75|0x000000008f900000, 0x000000008fa00000, 0x000000008fa00000|100%| O|  |TAMS 0x000000008fa00000| PB 0x000000008f900000| Untracked |  0
|  76|0x000000008fa00000, 0x000000008fb00000, 0x000000008fb00000|100%| O|  |TAMS 0x000000008fb00000| PB 0x000000008fa00000| Untracked |  0
|  77|0x000000008fb00000, 0x000000008fc00000, 0x000000008fc00000|100%| O|  |TAMS 0x000000008fc00000| PB 0x000000008fb00000| Untracked |  0
|  78|0x000000008fc00000, 0x000000008fd00000, 0x000000008fd00000|100%| O|  |TAMS 0x000000008fd00000| PB 0x000000008fc00000| Untracked |  0
|  79|0x000000008fd00000, 0x000000008fe00000, 0x000000008fe00000|100%| O|  |TAMS 0x000000008fe00000| PB 0x000000008fd00000| Untracked |  0
|  80|0x000000008fe00000, 0x000000008ff00000, 0x000000008ff00000|100%| O|  |TAMS 0x000000008ff00000| PB 0x000000008fe00000| Untracked |  0
|  81|0x000000008ff00000, 0x0000000090000000, 0x0000000090000000|100%| O|  |TAMS 0x0000000090000000| PB 0x000000008ff00000| Untracked |  0
|  82|0x0000000090000000, 0x0000000090100000, 0x0000000090100000|100%| O|  |TAMS 0x0000000090100000| PB 0x0000000090000000| Untracked |  0
|  83|0x0000000090100000, 0x0000000090200000, 0x0000000090200000|100%| O|  |TAMS 0x0000000090200000| PB 0x0000000090100000| Untracked |  0
|  84|0x0000000090200000, 0x0000000090300000, 0x0000000090300000|100%| O|  |TAMS 0x0000000090300000| PB 0x0000000090200000| Untracked |  0
|  85|0x0000000090300000, 0x0000000090400000, 0x0000000090400000|100%| O|  |TAMS 0x0000000090400000| PB 0x0000000090300000| Untracked |  0
|  86|0x0000000090400000, 0x0000000090500000, 0x0000000090500000|100%| O|  |TAMS 0x0000000090500000| PB 0x0000000090400000| Untracked |  0
|  87|0x0000000090500000, 0x0000000090600000, 0x0000000090600000|100%| O|  |TAMS 0x0000000090600000| PB 0x0000000090500000| Untracked |  0
|  88|0x0000000090600000, 0x0000000090700000, 0x0000000090700000|100%| O|  |TAMS 0x0000000090700000| PB 0x0000000090600000| Untracked |  0
|  89|0x0000000090700000, 0x0000000090800000, 0x0000000090800000|100%| O|  |TAMS 0x0000000090800000| PB 0x0000000090700000| Untracked |  0
|  90|0x0000000090800000, 0x0000000090900000, 0x0000000090900000|100%| O|  |TAMS 0x0000000090900000| PB 0x0000000090800000| Untracked |  0
|  91|0x0000000090900000, 0x0000000090a00000, 0x0000000090a00000|100%| O|  |TAMS 0x0000000090a00000| PB 0x0000000090900000| Untracked |  0
|  92|0x0000000090a00000, 0x0000000090b00000, 0x0000000090b00000|100%| O|  |TAMS 0x0000000090b00000| PB 0x0000000090a00000| Untracked |  0
|  93|0x0000000090b00000, 0x0000000090c00000, 0x0000000090c00000|100%| O|  |TAMS 0x0000000090c00000| PB 0x0000000090b00000| Untracked |  0
|  94|0x0000000090c00000, 0x0000000090d00000, 0x0000000090d00000|100%| O|  |TAMS 0x0000000090d00000| PB 0x0000000090c00000| Untracked |  0
|  95|0x0000000090d00000, 0x0000000090e00000, 0x0000000090e00000|100%| O|  |TAMS 0x0000000090e00000| PB 0x0000000090d00000| Untracked |  0
|  96|0x0000000090e00000, 0x0000000090f00000, 0x0000000090f00000|100%| O|  |TAMS 0x0000000090f00000| PB 0x0000000090e00000| Untracked |  0
|  97|0x0000000090f00000, 0x0000000091000000, 0x0000000091000000|100%| O|  |TAMS 0x0000000091000000| PB 0x0000000090f00000| Untracked |  0
|  98|0x0000000091000000, 0x0000000091100000, 0x0000000091100000|100%| O|  |TAMS 0x0000000091100000| PB 0x0000000091000000| Untracked |  0
|  99|0x0000000091100000, 0x0000000091200000, 0x0000000091200000|100%| O|  |TAMS 0x0000000091200000| PB 0x0000000091100000| Untracked |  0
| 100|0x0000000091200000, 0x0000000091200000, 0x0000000091300000|  0%| F|  |TAMS 0x0000000091200000| PB 0x0000000091200000| Untracked |  0
| 101|0x0000000091300000, 0x0000000091400000, 0x0000000091400000|100%| O|  |TAMS 0x0000000091400000| PB 0x0000000091300000| Untracked |  0
| 102|0x0000000091400000, 0x0000000091500000, 0x0000000091500000|100%| O|  |TAMS 0x0000000091500000| PB 0x0000000091400000| Untracked |  0
| 103|0x0000000091500000, 0x0000000091600000, 0x0000000091600000|100%| O|  |TAMS 0x0000000091600000| PB 0x0000000091500000| Untracked |  0
| 104|0x0000000091600000, 0x0000000091700000, 0x0000000091700000|100%| O|  |TAMS 0x0000000091700000| PB 0x0000000091600000| Untracked |  0
| 105|0x0000000091700000, 0x0000000091800000, 0x0000000091800000|100%| O|  |TAMS 0x0000000091800000| PB 0x0000000091700000| Untracked |  0
| 106|0x0000000091800000, 0x0000000091900000, 0x0000000091900000|100%| O|  |TAMS 0x0000000091900000| PB 0x0000000091800000| Untracked |  0
| 107|0x0000000091900000, 0x0000000091a00000, 0x0000000091a00000|100%| O|  |TAMS 0x0000000091a00000| PB 0x0000000091900000| Untracked |  0
| 108|0x0000000091a00000, 0x0000000091b00000, 0x0000000091b00000|100%| O|  |TAMS 0x0000000091b00000| PB 0x0000000091a00000| Untracked |  0
| 109|0x0000000091b00000, 0x0000000091c00000, 0x0000000091c00000|100%| O|  |TAMS 0x0000000091c00000| PB 0x0000000091b00000| Untracked |  0
| 110|0x0000000091c00000, 0x0000000091d00000, 0x0000000091d00000|100%| O|  |TAMS 0x0000000091d00000| PB 0x0000000091c00000| Untracked |  0
| 111|0x0000000091d00000, 0x0000000091e00000, 0x0000000091e00000|100%| O|  |TAMS 0x0000000091e00000| PB 0x0000000091d00000| Untracked |  0
| 112|0x0000000091e00000, 0x0000000091f00000, 0x0000000091f00000|100%| O|  |TAMS 0x0000000091f00000| PB 0x0000000091e00000| Untracked |  0
| 113|0x0000000091f00000, 0x0000000092000000, 0x0000000092000000|100%| O|  |TAMS 0x0000000092000000| PB 0x0000000091f00000| Untracked |  0
| 114|0x0000000092000000, 0x0000000092100000, 0x0000000092100000|100%| O|  |TAMS 0x0000000092100000| PB 0x0000000092000000| Untracked |  0
| 115|0x0000000092100000, 0x0000000092200000, 0x0000000092200000|100%| O|  |TAMS 0x0000000092200000| PB 0x0000000092100000| Untracked |  0
| 116|0x0000000092200000, 0x0000000092300000, 0x0000000092300000|100%| O|  |TAMS 0x0000000092300000| PB 0x0000000092200000| Untracked |  0
| 117|0x0000000092300000, 0x0000000092400000, 0x0000000092400000|100%|HS|  |TAMS 0x0000000092400000| PB 0x0000000092300000| Complete |  0
| 118|0x0000000092400000, 0x0000000092500000, 0x0000000092500000|100%|HS|  |TAMS 0x0000000092500000| PB 0x0000000092400000| Complete |  0
| 119|0x0000000092500000, 0x0000000092600000, 0x0000000092600000|100%|HS|  |TAMS 0x0000000092600000| PB 0x0000000092500000| Complete |  0
| 120|0x0000000092600000, 0x0000000092700000, 0x0000000092700000|100%| O|  |TAMS 0x0000000092700000| PB 0x0000000092600000| Untracked |  0
| 121|0x0000000092700000, 0x0000000092800000, 0x0000000092800000|100%| O|  |TAMS 0x0000000092800000| PB 0x0000000092700000| Untracked |  0
| 122|0x0000000092800000, 0x0000000092900000, 0x0000000092900000|100%| O|  |TAMS 0x0000000092900000| PB 0x0000000092800000| Untracked |  0
| 123|0x0000000092900000, 0x0000000092a00000, 0x0000000092a00000|100%| O|  |TAMS 0x0000000092a00000| PB 0x0000000092900000| Untracked |  0
| 124|0x0000000092a00000, 0x0000000092b00000, 0x0000000092b00000|100%| O|  |TAMS 0x0000000092b00000| PB 0x0000000092a00000| Untracked |  0
| 125|0x0000000092b00000, 0x0000000092c00000, 0x0000000092c00000|100%| O|  |TAMS 0x0000000092c00000| PB 0x0000000092b00000| Untracked |  0
| 126|0x0000000092c00000, 0x0000000092d00000, 0x0000000092d00000|100%| O|  |TAMS 0x0000000092d00000| PB 0x0000000092c00000| Untracked |  0
| 127|0x0000000092d00000, 0x0000000092e00000, 0x0000000092e00000|100%| O|  |TAMS 0x0000000092e00000| PB 0x0000000092d00000| Untracked |  0
| 128|0x0000000092e00000, 0x0000000092f00000, 0x0000000092f00000|100%| O|  |TAMS 0x0000000092f00000| PB 0x0000000092e00000| Untracked |  0
| 129|0x0000000092f00000, 0x0000000093000000, 0x0000000093000000|100%| O|  |TAMS 0x0000000093000000| PB 0x0000000092f00000| Untracked |  0
| 130|0x0000000093000000, 0x0000000093100000, 0x0000000093100000|100%| O|  |TAMS 0x0000000093100000| PB 0x0000000093000000| Untracked |  0
| 131|0x0000000093100000, 0x0000000093200000, 0x0000000093200000|100%| O|  |TAMS 0x0000000093200000| PB 0x0000000093100000| Untracked |  0
| 132|0x0000000093200000, 0x0000000093300000, 0x0000000093300000|100%| O|  |TAMS 0x0000000093300000| PB 0x0000000093200000| Untracked |  0
| 133|0x0000000093300000, 0x0000000093400000, 0x0000000093400000|100%| O|  |TAMS 0x0000000093400000| PB 0x0000000093300000| Untracked |  0
| 134|0x0000000093400000, 0x0000000093500000, 0x0000000093500000|100%| O|  |TAMS 0x0000000093500000| PB 0x0000000093400000| Untracked |  0
| 135|0x0000000093500000, 0x0000000093600000, 0x0000000093600000|100%| O|  |TAMS 0x0000000093600000| PB 0x0000000093500000| Untracked |  0
| 136|0x0000000093600000, 0x0000000093700000, 0x0000000093700000|100%| O|  |TAMS 0x0000000093700000| PB 0x0000000093600000| Untracked |  0
| 137|0x0000000093700000, 0x0000000093800000, 0x0000000093800000|100%| O|  |TAMS 0x0000000093800000| PB 0x0000000093700000| Untracked |  0
| 138|0x0000000093800000, 0x0000000093900000, 0x0000000093900000|100%| O|  |TAMS 0x0000000093900000| PB 0x0000000093800000| Untracked |  0
| 139|0x0000000093900000, 0x0000000093a00000, 0x0000000093a00000|100%| O|  |TAMS 0x0000000093a00000| PB 0x0000000093900000| Untracked |  0
| 140|0x0000000093a00000, 0x0000000093b00000, 0x0000000093b00000|100%| O|  |TAMS 0x0000000093b00000| PB 0x0000000093a00000| Untracked |  0
| 141|0x0000000093b00000, 0x0000000093c00000, 0x0000000093c00000|100%| O|  |TAMS 0x0000000093c00000| PB 0x0000000093b00000| Untracked |  0
| 142|0x0000000093c00000, 0x0000000093d00000, 0x0000000093d00000|100%| O|  |TAMS 0x0000000093d00000| PB 0x0000000093c00000| Untracked |  0
| 143|0x0000000093d00000, 0x0000000093e00000, 0x0000000093e00000|100%| O|  |TAMS 0x0000000093e00000| PB 0x0000000093d00000| Untracked |  0
| 144|0x0000000093e00000, 0x0000000093f00000, 0x0000000093f00000|100%| O|  |TAMS 0x0000000093f00000| PB 0x0000000093e00000| Untracked |  0
| 145|0x0000000093f00000, 0x0000000094000000, 0x0000000094000000|100%| O|  |TAMS 0x0000000094000000| PB 0x0000000093f00000| Untracked |  0
| 146|0x0000000094000000, 0x0000000094000000, 0x0000000094100000|  0%| F|  |TAMS 0x0000000094000000| PB 0x0000000094000000| Untracked |  0
| 147|0x0000000094100000, 0x0000000094100000, 0x0000000094200000|  0%| F|  |TAMS 0x0000000094100000| PB 0x0000000094100000| Untracked |  0
| 148|0x0000000094200000, 0x0000000094200000, 0x0000000094300000|  0%| F|  |TAMS 0x0000000094200000| PB 0x0000000094200000| Untracked |  0
| 149|0x0000000094300000, 0x0000000094300000, 0x0000000094400000|  0%| F|  |TAMS 0x0000000094300000| PB 0x0000000094300000| Untracked |  0
| 150|0x0000000094400000, 0x0000000094400000, 0x0000000094500000|  0%| F|  |TAMS 0x0000000094400000| PB 0x0000000094400000| Untracked |  0
| 151|0x0000000094500000, 0x0000000094500000, 0x0000000094600000|  0%| F|  |TAMS 0x0000000094500000| PB 0x0000000094500000| Untracked |  0
| 152|0x0000000094600000, 0x0000000094600000, 0x0000000094700000|  0%| F|  |TAMS 0x0000000094600000| PB 0x0000000094600000| Untracked |  0
| 153|0x0000000094700000, 0x0000000094700000, 0x0000000094800000|  0%| F|  |TAMS 0x0000000094700000| PB 0x0000000094700000| Untracked |  0
| 154|0x0000000094800000, 0x0000000094800000, 0x0000000094900000|  0%| F|  |TAMS 0x0000000094800000| PB 0x0000000094800000| Untracked |  0
| 155|0x0000000094900000, 0x0000000094900000, 0x0000000094a00000|  0%| F|  |TAMS 0x0000000094900000| PB 0x0000000094900000| Untracked |  0
| 156|0x0000000094a00000, 0x0000000094a00000, 0x0000000094b00000|  0%| F|  |TAMS 0x0000000094a00000| PB 0x0000000094a00000| Untracked |  0
| 157|0x0000000094b00000, 0x0000000094b00000, 0x0000000094c00000|  0%| F|  |TAMS 0x0000000094b00000| PB 0x0000000094b00000| Untracked |  0
| 158|0x0000000094c00000, 0x0000000094c00000, 0x0000000094d00000|  0%| F|  |TAMS 0x0000000094c00000| PB 0x0000000094c00000| Untracked |  0
| 159|0x0000000094d00000, 0x0000000094d00000, 0x0000000094e00000|  0%| F|  |TAMS 0x0000000094d00000| PB 0x0000000094d00000| Untracked |  0
| 160|0x0000000094e00000, 0x0000000094e00000, 0x0000000094f00000|  0%| F|  |TAMS 0x0000000094e00000| PB 0x0000000094e00000| Untracked |  0
| 161|0x0000000094f00000, 0x0000000094f00000, 0x0000000095000000|  0%| F|  |TAMS 0x0000000094f00000| PB 0x0000000094f00000| Untracked |  0
| 162|0x0000000095000000, 0x0000000095000000, 0x0000000095100000|  0%| F|  |TAMS 0x0000000095000000| PB 0x0000000095000000| Untracked |  0
| 163|0x0000000095100000, 0x0000000095100000, 0x0000000095200000|  0%| F|  |TAMS 0x0000000095100000| PB 0x0000000095100000| Untracked |  0
| 164|0x0000000095200000, 0x0000000095200000, 0x0000000095300000|  0%| F|  |TAMS 0x0000000095200000| PB 0x0000000095200000| Untracked |  0
| 165|0x0000000095300000, 0x0000000095300000, 0x0000000095400000|  0%| F|  |TAMS 0x0000000095300000| PB 0x0000000095300000| Untracked |  0
| 166|0x0000000095400000, 0x0000000095400000, 0x0000000095500000|  0%| F|  |TAMS 0x0000000095400000| PB 0x0000000095400000| Untracked |  0
| 167|0x0000000095500000, 0x0000000095500000, 0x0000000095600000|  0%| F|  |TAMS 0x0000000095500000| PB 0x0000000095500000| Untracked |  0
| 168|0x0000000095600000, 0x0000000095600000, 0x0000000095700000|  0%| F|  |TAMS 0x0000000095600000| PB 0x0000000095600000| Untracked |  0
| 169|0x0000000095700000, 0x0000000095700000, 0x0000000095800000|  0%| F|  |TAMS 0x0000000095700000| PB 0x0000000095700000| Untracked |  0
| 170|0x0000000095800000, 0x0000000095800000, 0x0000000095900000|  0%| F|  |TAMS 0x0000000095800000| PB 0x0000000095800000| Untracked |  0
| 171|0x0000000095900000, 0x0000000095900000, 0x0000000095a00000|  0%| F|  |TAMS 0x0000000095900000| PB 0x0000000095900000| Untracked |  0
| 172|0x0000000095a00000, 0x0000000095a00000, 0x0000000095b00000|  0%| F|  |TAMS 0x0000000095a00000| PB 0x0000000095a00000| Untracked |  0
| 173|0x0000000095b00000, 0x0000000095b00000, 0x0000000095c00000|  0%| F|  |TAMS 0x0000000095b00000| PB 0x0000000095b00000| Untracked |  0
| 174|0x0000000095c00000, 0x0000000095c00000, 0x0000000095d00000|  0%| F|  |TAMS 0x0000000095c00000| PB 0x0000000095c00000| Untracked |  0
| 175|0x0000000095d00000, 0x0000000095d00000, 0x0000000095e00000|  0%| F|  |TAMS 0x0000000095d00000| PB 0x0000000095d00000| Untracked |  0
| 176|0x0000000095e00000, 0x0000000095e00000, 0x0000000095f00000|  0%| F|  |TAMS 0x0000000095e00000| PB 0x0000000095e00000| Untracked |  0
| 177|0x0000000095f00000, 0x0000000096000000, 0x0000000096000000|100%| O|  |TAMS 0x0000000096000000| PB 0x0000000095f00000| Untracked |  0
| 178|0x0000000096000000, 0x0000000096100000, 0x0000000096100000|100%| O|  |TAMS 0x0000000096100000| PB 0x0000000096000000| Untracked |  0
| 179|0x0000000096100000, 0x0000000096200000, 0x0000000096200000|100%| O|  |TAMS 0x0000000096200000| PB 0x0000000096100000| Untracked |  0
| 180|0x0000000096200000, 0x0000000096300000, 0x0000000096300000|100%| O|  |TAMS 0x0000000096300000| PB 0x0000000096200000| Untracked |  0
| 181|0x0000000096300000, 0x0000000096400000, 0x0000000096400000|100%| O|  |TAMS 0x0000000096400000| PB 0x0000000096300000| Untracked |  0
| 182|0x0000000096400000, 0x0000000096500000, 0x0000000096500000|100%| O|  |TAMS 0x0000000096500000| PB 0x0000000096400000| Untracked |  0
| 183|0x0000000096500000, 0x0000000096600000, 0x0000000096600000|100%| O|  |TAMS 0x0000000096600000| PB 0x0000000096500000| Untracked |  0
| 184|0x0000000096600000, 0x0000000096700000, 0x0000000096700000|100%| O|  |TAMS 0x0000000096700000| PB 0x0000000096600000| Untracked |  0
| 185|0x0000000096700000, 0x0000000096800000, 0x0000000096800000|100%| O|  |TAMS 0x0000000096800000| PB 0x0000000096700000| Untracked |  0
| 186|0x0000000096800000, 0x0000000096900000, 0x0000000096900000|100%| O|  |TAMS 0x0000000096900000| PB 0x0000000096800000| Untracked |  0
| 187|0x0000000096900000, 0x0000000096a00000, 0x0000000096a00000|100%| O|  |TAMS 0x0000000096a00000| PB 0x0000000096900000| Untracked |  0
| 188|0x0000000096a00000, 0x0000000096b00000, 0x0000000096b00000|100%| O|  |TAMS 0x0000000096b00000| PB 0x0000000096a00000| Untracked |  0
| 189|0x0000000096b00000, 0x0000000096c00000, 0x0000000096c00000|100%| O|  |TAMS 0x0000000096c00000| PB 0x0000000096b00000| Untracked |  0
| 190|0x0000000096c00000, 0x0000000096d00000, 0x0000000096d00000|100%| O|  |TAMS 0x0000000096d00000| PB 0x0000000096c00000| Untracked |  0
| 191|0x0000000096d00000, 0x0000000096e00000, 0x0000000096e00000|100%| O|  |TAMS 0x0000000096e00000| PB 0x0000000096d00000| Untracked |  0
| 192|0x0000000096e00000, 0x0000000096f00000, 0x0000000096f00000|100%| O|  |TAMS 0x0000000096f00000| PB 0x0000000096e00000| Untracked |  0
| 193|0x0000000096f00000, 0x0000000097000000, 0x0000000097000000|100%| O|  |TAMS 0x0000000097000000| PB 0x0000000096f00000| Untracked |  0
| 194|0x0000000097000000, 0x0000000097100000, 0x0000000097100000|100%| O|  |TAMS 0x0000000097100000| PB 0x0000000097000000| Untracked |  0
| 195|0x0000000097100000, 0x0000000097200000, 0x0000000097200000|100%|HS|  |TAMS 0x0000000097200000| PB 0x0000000097100000| Complete |  0
| 196|0x0000000097200000, 0x0000000097300000, 0x0000000097300000|100%|HC|  |TAMS 0x0000000097300000| PB 0x0000000097200000| Complete |  0
| 197|0x0000000097300000, 0x0000000097400000, 0x0000000097400000|100%|HC|  |TAMS 0x0000000097400000| PB 0x0000000097300000| Complete |  0
| 198|0x0000000097400000, 0x0000000097500000, 0x0000000097500000|100%|HC|  |TAMS 0x0000000097500000| PB 0x0000000097400000| Complete |  0
| 199|0x0000000097500000, 0x0000000097600000, 0x0000000097600000|100%|HC|  |TAMS 0x0000000097600000| PB 0x0000000097500000| Complete |  0
| 200|0x0000000097600000, 0x0000000097700000, 0x0000000097700000|100%|HC|  |TAMS 0x0000000097700000| PB 0x0000000097600000| Complete |  0
| 201|0x0000000097700000, 0x0000000097800000, 0x0000000097800000|100%|HC|  |TAMS 0x0000000097800000| PB 0x0000000097700000| Complete |  0
| 202|0x0000000097800000, 0x0000000097900000, 0x0000000097900000|100%|HC|  |TAMS 0x0000000097900000| PB 0x0000000097800000| Complete |  0
| 203|0x0000000097900000, 0x0000000097a00000, 0x0000000097a00000|100%|HC|  |TAMS 0x0000000097a00000| PB 0x0000000097900000| Complete |  0
| 204|0x0000000097a00000, 0x0000000097b00000, 0x0000000097b00000|100%|HC|  |TAMS 0x0000000097b00000| PB 0x0000000097a00000| Complete |  0
| 205|0x0000000097b00000, 0x0000000097c00000, 0x0000000097c00000|100%|HC|  |TAMS 0x0000000097c00000| PB 0x0000000097b00000| Complete |  0
| 206|0x0000000097c00000, 0x0000000097d00000, 0x0000000097d00000|100%|HC|  |TAMS 0x0000000097d00000| PB 0x0000000097c00000| Complete |  0
| 207|0x0000000097d00000, 0x0000000097e00000, 0x0000000097e00000|100%|HC|  |TAMS 0x0000000097e00000| PB 0x0000000097d00000| Complete |  0
| 208|0x0000000097e00000, 0x0000000097f00000, 0x0000000097f00000|100%|HC|  |TAMS 0x0000000097f00000| PB 0x0000000097e00000| Complete |  0
| 209|0x0000000097f00000, 0x0000000098000000, 0x0000000098000000|100%|HC|  |TAMS 0x0000000098000000| PB 0x0000000097f00000| Complete |  0
| 210|0x0000000098000000, 0x0000000098100000, 0x0000000098100000|100%|HC|  |TAMS 0x0000000098100000| PB 0x0000000098000000| Complete |  0
| 211|0x0000000098100000, 0x0000000098200000, 0x0000000098200000|100%|HC|  |TAMS 0x0000000098200000| PB 0x0000000098100000| Complete |  0
| 212|0x0000000098200000, 0x0000000098300000, 0x0000000098300000|100%|HC|  |TAMS 0x0000000098300000| PB 0x0000000098200000| Complete |  0
| 213|0x0000000098300000, 0x0000000098400000, 0x0000000098400000|100%| O|  |TAMS 0x0000000098400000| PB 0x0000000098300000| Untracked |  0
| 214|0x0000000098400000, 0x0000000098480000, 0x0000000098500000| 50%| O|  |TAMS 0x0000000098480000| PB 0x0000000098400000| Untracked |  0
| 215|0x0000000098500000, 0x0000000098500000, 0x0000000098600000|  0%| F|  |TAMS 0x0000000098500000| PB 0x0000000098500000| Untracked |  0
| 216|0x0000000098600000, 0x0000000098600000, 0x0000000098700000|  0%| F|  |TAMS 0x0000000098600000| PB 0x0000000098600000| Untracked |  0
| 217|0x0000000098700000, 0x0000000098700000, 0x0000000098800000|  0%| F|  |TAMS 0x0000000098700000| PB 0x0000000098700000| Untracked |  0
| 218|0x0000000098800000, 0x0000000098800000, 0x0000000098900000|  0%| F|  |TAMS 0x0000000098800000| PB 0x0000000098800000| Untracked |  0
| 219|0x0000000098900000, 0x0000000098900000, 0x0000000098a00000|  0%| F|  |TAMS 0x0000000098900000| PB 0x0000000098900000| Untracked |  0
| 220|0x0000000098a00000, 0x0000000098a00000, 0x0000000098b00000|  0%| F|  |TAMS 0x0000000098a00000| PB 0x0000000098a00000| Untracked |  0
| 221|0x0000000098b00000, 0x0000000098b00000, 0x0000000098c00000|  0%| F|  |TAMS 0x0000000098b00000| PB 0x0000000098b00000| Untracked |  0
| 222|0x0000000098c00000, 0x0000000098c00000, 0x0000000098d00000|  0%| F|  |TAMS 0x0000000098c00000| PB 0x0000000098c00000| Untracked |  0
| 223|0x0000000098d00000, 0x0000000098d00000, 0x0000000098e00000|  0%| F|  |TAMS 0x0000000098d00000| PB 0x0000000098d00000| Untracked |  0
| 224|0x0000000098e00000, 0x0000000098e00000, 0x0000000098f00000|  0%| F|  |TAMS 0x0000000098e00000| PB 0x0000000098e00000| Untracked |  0
| 225|0x0000000098f00000, 0x0000000098f00000, 0x0000000099000000|  0%| F|  |TAMS 0x0000000098f00000| PB 0x0000000098f00000| Untracked |  0
| 226|0x0000000099000000, 0x0000000099000000, 0x0000000099100000|  0%| F|  |TAMS 0x0000000099000000| PB 0x0000000099000000| Untracked |  0
| 227|0x0000000099100000, 0x0000000099100000, 0x0000000099200000|  0%| F|  |TAMS 0x0000000099100000| PB 0x0000000099100000| Untracked |  0
| 228|0x0000000099200000, 0x0000000099200000, 0x0000000099300000|  0%| F|  |TAMS 0x0000000099200000| PB 0x0000000099200000| Untracked |  0
| 229|0x0000000099300000, 0x0000000099300000, 0x0000000099400000|  0%| F|  |TAMS 0x0000000099300000| PB 0x0000000099300000| Untracked |  0
| 230|0x0000000099400000, 0x0000000099400000, 0x0000000099500000|  0%| F|  |TAMS 0x0000000099400000| PB 0x0000000099400000| Untracked |  0
| 231|0x0000000099500000, 0x0000000099500000, 0x0000000099600000|  0%| F|  |TAMS 0x0000000099500000| PB 0x0000000099500000| Untracked |  0
| 232|0x0000000099600000, 0x0000000099600000, 0x0000000099700000|  0%| F|  |TAMS 0x0000000099600000| PB 0x0000000099600000| Untracked |  0
| 233|0x0000000099700000, 0x0000000099700000, 0x0000000099800000|  0%| F|  |TAMS 0x0000000099700000| PB 0x0000000099700000| Untracked |  0
| 234|0x0000000099800000, 0x0000000099800000, 0x0000000099900000|  0%| F|  |TAMS 0x0000000099800000| PB 0x0000000099800000| Untracked |  0
| 235|0x0000000099900000, 0x0000000099900000, 0x0000000099a00000|  0%| F|  |TAMS 0x0000000099900000| PB 0x0000000099900000| Untracked |  0
| 236|0x0000000099a00000, 0x0000000099a00000, 0x0000000099b00000|  0%| F|  |TAMS 0x0000000099a00000| PB 0x0000000099a00000| Untracked |  0
| 237|0x0000000099b00000, 0x0000000099b00000, 0x0000000099c00000|  0%| F|  |TAMS 0x0000000099b00000| PB 0x0000000099b00000| Untracked |  0
| 238|0x0000000099c00000, 0x0000000099c00000, 0x0000000099d00000|  0%| F|  |TAMS 0x0000000099c00000| PB 0x0000000099c00000| Untracked |  0
| 239|0x0000000099d00000, 0x0000000099d00000, 0x0000000099e00000|  0%| F|  |TAMS 0x0000000099d00000| PB 0x0000000099d00000| Untracked |  0
| 240|0x0000000099e00000, 0x0000000099e00000, 0x0000000099f00000|  0%| F|  |TAMS 0x0000000099e00000| PB 0x0000000099e00000| Untracked |  0
| 241|0x0000000099f00000, 0x0000000099f00000, 0x000000009a000000|  0%| F|  |TAMS 0x0000000099f00000| PB 0x0000000099f00000| Untracked |  0
| 242|0x000000009a000000, 0x000000009a000000, 0x000000009a100000|  0%| F|  |TAMS 0x000000009a000000| PB 0x000000009a000000| Untracked |  0
| 243|0x000000009a100000, 0x000000009a100000, 0x000000009a200000|  0%| F|  |TAMS 0x000000009a100000| PB 0x000000009a100000| Untracked |  0
| 244|0x000000009a200000, 0x000000009a200000, 0x000000009a300000|  0%| F|  |TAMS 0x000000009a200000| PB 0x000000009a200000| Untracked |  0
| 245|0x000000009a300000, 0x000000009a300000, 0x000000009a400000|  0%| F|  |TAMS 0x000000009a300000| PB 0x000000009a300000| Untracked |  0
| 246|0x000000009a400000, 0x000000009a400000, 0x000000009a500000|  0%| F|  |TAMS 0x000000009a400000| PB 0x000000009a400000| Untracked |  0
| 247|0x000000009a500000, 0x000000009a500000, 0x000000009a600000|  0%| F|  |TAMS 0x000000009a500000| PB 0x000000009a500000| Untracked |  0
| 248|0x000000009a600000, 0x000000009a600000, 0x000000009a700000|  0%| F|  |TAMS 0x000000009a600000| PB 0x000000009a600000| Untracked |  0
| 249|0x000000009a700000, 0x000000009a700000, 0x000000009a800000|  0%| F|  |TAMS 0x000000009a700000| PB 0x000000009a700000| Untracked |  0
| 250|0x000000009a800000, 0x000000009a800000, 0x000000009a900000|  0%| F|  |TAMS 0x000000009a800000| PB 0x000000009a800000| Untracked |  0
| 251|0x000000009a900000, 0x000000009a900000, 0x000000009aa00000|  0%| F|  |TAMS 0x000000009a900000| PB 0x000000009a900000| Untracked |  0
| 252|0x000000009aa00000, 0x000000009aa00000, 0x000000009ab00000|  0%| F|  |TAMS 0x000000009aa00000| PB 0x000000009aa00000| Untracked |  0
| 253|0x000000009ab00000, 0x000000009ab00000, 0x000000009ac00000|  0%| F|  |TAMS 0x000000009ab00000| PB 0x000000009ab00000| Untracked |  0
| 254|0x000000009ac00000, 0x000000009ac00000, 0x000000009ad00000|  0%| F|  |TAMS 0x000000009ac00000| PB 0x000000009ac00000| Untracked |  0
| 255|0x000000009ad00000, 0x000000009ad00000, 0x000000009ae00000|  0%| F|  |TAMS 0x000000009ad00000| PB 0x000000009ad00000| Untracked |  0
| 256|0x000000009ae00000, 0x000000009ae00000, 0x000000009af00000|  0%| F|  |TAMS 0x000000009ae00000| PB 0x000000009ae00000| Untracked |  0
| 257|0x000000009af00000, 0x000000009af00000, 0x000000009b000000|  0%| F|  |TAMS 0x000000009af00000| PB 0x000000009af00000| Untracked |  0
| 258|0x000000009b000000, 0x000000009b000000, 0x000000009b100000|  0%| F|  |TAMS 0x000000009b000000| PB 0x000000009b000000| Untracked |  0
| 259|0x000000009b100000, 0x000000009b100000, 0x000000009b200000|  0%| F|  |TAMS 0x000000009b100000| PB 0x000000009b100000| Untracked |  0
| 260|0x000000009b200000, 0x000000009b200000, 0x000000009b300000|  0%| F|  |TAMS 0x000000009b200000| PB 0x000000009b200000| Untracked |  0
| 261|0x000000009b300000, 0x000000009b300000, 0x000000009b400000|  0%| F|  |TAMS 0x000000009b300000| PB 0x000000009b300000| Untracked |  0
| 262|0x000000009b400000, 0x000000009b400000, 0x000000009b500000|  0%| F|  |TAMS 0x000000009b400000| PB 0x000000009b400000| Untracked |  0
| 263|0x000000009b500000, 0x000000009b500000, 0x000000009b600000|  0%| F|  |TAMS 0x000000009b500000| PB 0x000000009b500000| Untracked |  0
| 264|0x000000009b600000, 0x000000009b600000, 0x000000009b700000|  0%| F|  |TAMS 0x000000009b600000| PB 0x000000009b600000| Untracked |  0
| 265|0x000000009b700000, 0x000000009b700000, 0x000000009b800000|  0%| F|  |TAMS 0x000000009b700000| PB 0x000000009b700000| Untracked |  0
| 266|0x000000009b800000, 0x000000009b800000, 0x000000009b900000|  0%| F|  |TAMS 0x000000009b800000| PB 0x000000009b800000| Untracked |  0
| 267|0x000000009b900000, 0x000000009b900000, 0x000000009ba00000|  0%| F|  |TAMS 0x000000009b900000| PB 0x000000009b900000| Untracked |  0
| 268|0x000000009ba00000, 0x000000009ba00000, 0x000000009bb00000|  0%| F|  |TAMS 0x000000009ba00000| PB 0x000000009ba00000| Untracked |  0
| 269|0x000000009bb00000, 0x000000009bb00000, 0x000000009bc00000|  0%| F|  |TAMS 0x000000009bb00000| PB 0x000000009bb00000| Untracked |  0
| 270|0x000000009bc00000, 0x000000009bc00000, 0x000000009bd00000|  0%| F|  |TAMS 0x000000009bc00000| PB 0x000000009bc00000| Untracked |  0
| 271|0x000000009bd00000, 0x000000009bd00000, 0x000000009be00000|  0%| F|  |TAMS 0x000000009bd00000| PB 0x000000009bd00000| Untracked |  0
| 272|0x000000009be00000, 0x000000009be00000, 0x000000009bf00000|  0%| F|  |TAMS 0x000000009be00000| PB 0x000000009be00000| Untracked |  0
| 273|0x000000009bf00000, 0x000000009bf00000, 0x000000009c000000|  0%| F|  |TAMS 0x000000009bf00000| PB 0x000000009bf00000| Untracked |  0
| 274|0x000000009c000000, 0x000000009c000000, 0x000000009c100000|  0%| F|  |TAMS 0x000000009c000000| PB 0x000000009c000000| Untracked |  0
| 275|0x000000009c100000, 0x000000009c100000, 0x000000009c200000|  0%| F|  |TAMS 0x000000009c100000| PB 0x000000009c100000| Untracked |  0
| 276|0x000000009c200000, 0x000000009c200000, 0x000000009c300000|  0%| F|  |TAMS 0x000000009c200000| PB 0x000000009c200000| Untracked |  0
| 277|0x000000009c300000, 0x000000009c300000, 0x000000009c400000|  0%| F|  |TAMS 0x000000009c300000| PB 0x000000009c300000| Untracked |  0
| 278|0x000000009c400000, 0x000000009c458d50, 0x000000009c500000| 34%| S|CS|TAMS 0x000000009c400000| PB 0x000000009c400000| Complete |  0
| 279|0x000000009c500000, 0x000000009c600000, 0x000000009c600000|100%| S|CS|TAMS 0x000000009c500000| PB 0x000000009c500000| Complete |  0
| 280|0x000000009c600000, 0x000000009c700000, 0x000000009c700000|100%| S|CS|TAMS 0x000000009c600000| PB 0x000000009c600000| Complete |  0
| 281|0x000000009c700000, 0x000000009c800000, 0x000000009c800000|100%| S|CS|TAMS 0x000000009c700000| PB 0x000000009c700000| Complete |  0
| 282|0x000000009c800000, 0x000000009c900000, 0x000000009c900000|100%| S|CS|TAMS 0x000000009c800000| PB 0x000000009c800000| Complete |  0
| 283|0x000000009c900000, 0x000000009ca00000, 0x000000009ca00000|100%| S|CS|TAMS 0x000000009c900000| PB 0x000000009c900000| Complete |  0
| 284|0x000000009ca00000, 0x000000009cb00000, 0x000000009cb00000|100%| S|CS|TAMS 0x000000009ca00000| PB 0x000000009ca00000| Complete |  0
| 285|0x000000009cb00000, 0x000000009cc00000, 0x000000009cc00000|100%| S|CS|TAMS 0x000000009cb00000| PB 0x000000009cb00000| Complete |  0
| 286|0x000000009cc00000, 0x000000009cc00000, 0x000000009cd00000|  0%| F|  |TAMS 0x000000009cc00000| PB 0x000000009cc00000| Untracked |  0
| 287|0x000000009cd00000, 0x000000009cd00000, 0x000000009ce00000|  0%| F|  |TAMS 0x000000009cd00000| PB 0x000000009cd00000| Untracked |  0
| 288|0x000000009ce00000, 0x000000009ce00000, 0x000000009cf00000|  0%| F|  |TAMS 0x000000009ce00000| PB 0x000000009ce00000| Untracked |  0
| 289|0x000000009cf00000, 0x000000009cf00000, 0x000000009d000000|  0%| F|  |TAMS 0x000000009cf00000| PB 0x000000009cf00000| Untracked |  0
| 290|0x000000009d000000, 0x000000009d000000, 0x000000009d100000|  0%| F|  |TAMS 0x000000009d000000| PB 0x000000009d000000| Untracked |  0
| 291|0x000000009d100000, 0x000000009d100000, 0x000000009d200000|  0%| F|  |TAMS 0x000000009d100000| PB 0x000000009d100000| Untracked |  0
| 292|0x000000009d200000, 0x000000009d200000, 0x000000009d300000|  0%| F|  |TAMS 0x000000009d200000| PB 0x000000009d200000| Untracked |  0
| 293|0x000000009d300000, 0x000000009d300000, 0x000000009d400000|  0%| F|  |TAMS 0x000000009d300000| PB 0x000000009d300000| Untracked |  0
| 294|0x000000009d400000, 0x000000009d400000, 0x000000009d500000|  0%| F|  |TAMS 0x000000009d400000| PB 0x000000009d400000| Untracked |  0
| 295|0x000000009d500000, 0x000000009d500000, 0x000000009d600000|  0%| F|  |TAMS 0x000000009d500000| PB 0x000000009d500000| Untracked |  0
| 296|0x000000009d600000, 0x000000009d600000, 0x000000009d700000|  0%| F|  |TAMS 0x000000009d600000| PB 0x000000009d600000| Untracked |  0
| 297|0x000000009d700000, 0x000000009d700000, 0x000000009d800000|  0%| F|  |TAMS 0x000000009d700000| PB 0x000000009d700000| Untracked |  0
| 298|0x000000009d800000, 0x000000009d800000, 0x000000009d900000|  0%| F|  |TAMS 0x000000009d800000| PB 0x000000009d800000| Untracked |  0
| 299|0x000000009d900000, 0x000000009d900000, 0x000000009da00000|  0%| F|  |TAMS 0x000000009d900000| PB 0x000000009d900000| Untracked |  0
| 300|0x000000009da00000, 0x000000009da00000, 0x000000009db00000|  0%| F|  |TAMS 0x000000009da00000| PB 0x000000009da00000| Untracked |  0
| 301|0x000000009db00000, 0x000000009db00000, 0x000000009dc00000|  0%| F|  |TAMS 0x000000009db00000| PB 0x000000009db00000| Untracked |  0
| 302|0x000000009dc00000, 0x000000009dc00000, 0x000000009dd00000|  0%| F|  |TAMS 0x000000009dc00000| PB 0x000000009dc00000| Untracked |  0
| 303|0x000000009dd00000, 0x000000009dd00000, 0x000000009de00000|  0%| F|  |TAMS 0x000000009dd00000| PB 0x000000009dd00000| Untracked |  0
| 304|0x000000009de00000, 0x000000009de00000, 0x000000009df00000|  0%| F|  |TAMS 0x000000009de00000| PB 0x000000009de00000| Untracked |  0
| 305|0x000000009df00000, 0x000000009df00000, 0x000000009e000000|  0%| F|  |TAMS 0x000000009df00000| PB 0x000000009df00000| Untracked |  0
| 306|0x000000009e000000, 0x000000009e000000, 0x000000009e100000|  0%| F|  |TAMS 0x000000009e000000| PB 0x000000009e000000| Untracked |  0
| 307|0x000000009e100000, 0x000000009e100000, 0x000000009e200000|  0%| F|  |TAMS 0x000000009e100000| PB 0x000000009e100000| Untracked |  0
| 308|0x000000009e200000, 0x000000009e200000, 0x000000009e300000|  0%| F|  |TAMS 0x000000009e200000| PB 0x000000009e200000| Untracked |  0
| 309|0x000000009e300000, 0x000000009e300000, 0x000000009e400000|  0%| F|  |TAMS 0x000000009e300000| PB 0x000000009e300000| Untracked |  0
| 310|0x000000009e400000, 0x000000009e400000, 0x000000009e500000|  0%| F|  |TAMS 0x000000009e400000| PB 0x000000009e400000| Untracked |  0
| 311|0x000000009e500000, 0x000000009e500000, 0x000000009e600000|  0%| F|  |TAMS 0x000000009e500000| PB 0x000000009e500000| Untracked |  0
| 312|0x000000009e600000, 0x000000009e600000, 0x000000009e700000|  0%| F|  |TAMS 0x000000009e600000| PB 0x000000009e600000| Untracked |  0
| 313|0x000000009e700000, 0x000000009e700000, 0x000000009e800000|  0%| F|  |TAMS 0x000000009e700000| PB 0x000000009e700000| Untracked |  0
| 314|0x000000009e800000, 0x000000009e800000, 0x000000009e900000|  0%| F|  |TAMS 0x000000009e800000| PB 0x000000009e800000| Untracked |  0
|1854|0x00000000fec00000, 0x00000000fed00000, 0x00000000fed00000|100%| O|  |TAMS 0x00000000fed00000| PB 0x00000000fec00000| Untracked |  0
|1855|0x00000000fed00000, 0x00000000fee00000, 0x00000000fee00000|100%| O|  |TAMS 0x00000000fee00000| PB 0x00000000fed00000| Untracked |  0
|1856|0x00000000fee00000, 0x00000000fef00000, 0x00000000fef00000|100%| O|  |TAMS 0x00000000fef00000| PB 0x00000000fee00000| Untracked |  0
|1857|0x00000000fef00000, 0x00000000ff000000, 0x00000000ff000000|100%| O|  |TAMS 0x00000000ff000000| PB 0x00000000fef00000| Untracked |  0
|1858|0x00000000ff000000, 0x00000000ff100000, 0x00000000ff100000|100%| O|  |TAMS 0x00000000ff100000| PB 0x00000000ff000000| Untracked |  0
|1859|0x00000000ff100000, 0x00000000ff200000, 0x00000000ff200000|100%| O|  |TAMS 0x00000000ff200000| PB 0x00000000ff100000| Untracked |  0
|1860|0x00000000ff200000, 0x00000000ff300000, 0x00000000ff300000|100%| O|  |TAMS 0x00000000ff300000| PB 0x00000000ff200000| Untracked |  0
|1861|0x00000000ff300000, 0x00000000ff400000, 0x00000000ff400000|100%| O|  |TAMS 0x00000000ff400000| PB 0x00000000ff300000| Untracked |  0
|1862|0x00000000ff400000, 0x00000000ff500000, 0x00000000ff500000|100%| O|  |TAMS 0x00000000ff500000| PB 0x00000000ff400000| Untracked |  0
|1863|0x00000000ff500000, 0x00000000ff600000, 0x00000000ff600000|100%| O|  |TAMS 0x00000000ff600000| PB 0x00000000ff500000| Untracked |  0
|1864|0x00000000ff600000, 0x00000000ff700000, 0x00000000ff700000|100%| O|  |TAMS 0x00000000ff700000| PB 0x00000000ff600000| Untracked |  0
|1865|0x00000000ff700000, 0x00000000ff800000, 0x00000000ff800000|100%| O|  |TAMS 0x00000000ff800000| PB 0x00000000ff700000| Untracked |  0
|1866|0x00000000ff800000, 0x00000000ff900000, 0x00000000ff900000|100%| O|  |TAMS 0x00000000ff900000| PB 0x00000000ff800000| Untracked |  0
|1867|0x00000000ff900000, 0x00000000ffa00000, 0x00000000ffa00000|100%| O|  |TAMS 0x00000000ffa00000| PB 0x00000000ff900000| Untracked |  0
|1868|0x00000000ffa00000, 0x00000000ffa00000, 0x00000000ffb00000|  0%| F|  |TAMS 0x00000000ffa00000| PB 0x00000000ffa00000| Untracked |  0
|1869|0x00000000ffb00000, 0x00000000ffc00000, 0x00000000ffc00000|100%| O|  |TAMS 0x00000000ffc00000| PB 0x00000000ffb00000| Untracked |  0
|1870|0x00000000ffc00000, 0x00000000ffd00000, 0x00000000ffd00000|100%| O|  |TAMS 0x00000000ffd00000| PB 0x00000000ffc00000| Untracked |  0
|1871|0x00000000ffd00000, 0x00000000ffe00000, 0x00000000ffe00000|100%| O|  |TAMS 0x00000000ffe00000| PB 0x00000000ffd00000| Untracked |  0
|1872|0x00000000ffe00000, 0x00000000fff00000, 0x00000000fff00000|100%| O|  |TAMS 0x00000000fff00000| PB 0x00000000ffe00000| Untracked |  0
|1873|0x00000000fff00000, 0x0000000100000000, 0x0000000100000000|100%| O|  |TAMS 0x0000000100000000| PB 0x00000000fff00000| Untracked |  0

Card table byte_map: [0x0000019c6df10000,0x0000019c6e2c0000] _byte_map_base: 0x0000019c6dab9000

Marking Bits: (CMBitMap*) 0x0000019c5614dfe0
 Bits: [0x0000019c6e2c0000, 0x0000019c70008000)

Polling page: 0x0000019c53ef0000

Metaspace:

Usage:
  Non-class:    100.43 MB used.
      Class:     13.75 MB used.
       Both:    114.18 MB used.

Virtual space:
  Non-class space:      128.00 MB reserved,     101.12 MB ( 79%) committed,  2 nodes.
      Class space:        1.00 GB reserved,      14.31 MB (  1%) committed,  1 nodes.
             Both:        1.12 GB reserved,     115.44 MB ( 10%) committed. 

Chunk freelists:
   Non-Class:  10.82 MB
       Class:  1.63 MB
        Both:  12.45 MB

MaxMetaspaceSize: unlimited
CompressedClassSpaceSize: 1.00 GB
Initial GC threshold: 21.00 MB
Current GC threshold: 192.31 MB
CDS: on
 - commit_granule_bytes: 65536.
 - commit_granule_words: 8192.
 - virtual_space_node_default_size: 8388608.
 - enlarge_chunks_in_place: 1.
 - use_allocation_guard: 0.


Internal statistics:

num_allocs_failed_limit: 9.
num_arena_births: 1834.
num_arena_deaths: 0.
num_vsnodes_births: 3.
num_vsnodes_deaths: 0.
num_space_committed: 1847.
num_space_uncommitted: 0.
num_chunks_returned_to_freelist: 9.
num_chunks_taken_from_freelist: 6038.
num_chunk_merges: 6.
num_chunk_splits: 4457.
num_chunks_enlarged: 3473.
num_inconsistent_stats: 0.

CodeHeap 'non-profiled nmethods': size=120064Kb used=7064Kb max_used=7374Kb free=112999Kb
 bounds [0x0000019c662f0000, 0x0000019c66a40000, 0x0000019c6d830000]
CodeHeap 'profiled nmethods': size=120000Kb used=22815Kb max_used=26742Kb free=97185Kb
 bounds [0x0000019c5e830000, 0x0000019c60250000, 0x0000019c65d60000]
CodeHeap 'non-nmethods': size=5696Kb used=1766Kb max_used=1834Kb free=3929Kb
 bounds [0x0000019c65d60000, 0x0000019c65fd0000, 0x0000019c662f0000]
CodeCache: size=245760Kb, used=31645Kb, max_used=35950Kb, free=214113Kb
 total_blobs=15262, nmethods=14455, adapters=709, full_count=0
Compilation: enabled, stopped_count=0, restarted_count=0

Compilation events (20 events):
Event: 36.951 Thread 0x0000019c72a75320 nmethod 17575 0x0000019c66400e88 code [0x0000019c66400fc0, 0x0000019c66401640]
Event: 36.951 Thread 0x0000019c72a75320 17579       4       com.sonar.security.config.spec.Passthrough::<init> (15 bytes)
Event: 36.951 Thread 0x0000019c46667bc0 nmethod 17578 0x0000019c66464e88 code [0x0000019c66464fc0, 0x0000019c66465638]
Event: 36.951 Thread 0x0000019c46667bc0 17581       4       com.sonar.security.config.spec.Passthrough::<init> (13 bytes)
Event: 36.955 Thread 0x0000019c72a78fa0 17707 %     3       com.sonar.security.config.C.B::A @ 22 (138 bytes)
Event: 36.955 Thread 0x0000019c72a78fa0 nmethod 17707% 0x0000019c5e99df08 code [0x0000019c5e99e140, 0x0000019c5e99f1d0]
Event: 36.956 Thread 0x0000019c72a78fa0 17708   !   3       java.lang.Class::getResourceAsStream (131 bytes)
Event: 36.956 Thread 0x0000019c72a75320 nmethod 17579 0x0000019c66734908 code [0x0000019c66734a40, 0x0000019c667350c8]
Event: 36.956 Thread 0x0000019c72a75320 17580       4       java.lang.invoke.LambdaForm$DMH/0x0000019c01e58000::newInvokeSpecial (27 bytes)
Event: 36.957 Thread 0x0000019c46667bc0 nmethod 17581 0x0000019c667cb988 code [0x0000019c667cbac0, 0x0000019c667cc0b8]
Event: 36.957 Thread 0x0000019c46667bc0 17545       4       com.google.B.B.E::A (286 bytes)
Event: 36.958 Thread 0x0000019c72a78fa0 nmethod 17708 0x0000019c5f5ac088 code [0x0000019c5f5ac3e0, 0x0000019c5f5adb80]
Event: 36.958 Thread 0x0000019c72a78fa0 17709   !   3       javax.crypto.Cipher::getInstance (237 bytes)
Event: 36.959 Thread 0x0000019c72a78fa0 nmethod 17709 0x0000019c5f056b08 code [0x0000019c5f056f60, 0x0000019c5f059498]
Event: 36.959 Thread 0x0000019c72a78fa0 17710       3       javax.crypto.Cipher::getTransforms (210 bytes)
Event: 36.960 Thread 0x0000019c46667bc0 nmethod 17545 0x0000019c66691f08 code [0x0000019c666920a0, 0x0000019c66692440]
Event: 36.960 Thread 0x0000019c46667bc0 17711       4       com.google.B.B.C.M::A (133 bytes)
Event: 36.961 Thread 0x0000019c72a78fa0 nmethod 17710 0x0000019c60050008 code [0x0000019c600504a0, 0x0000019c60052cd0]
Event: 36.963 Thread 0x0000019c72a75320 nmethod 17580 0x0000019c667ac888 code [0x0000019c667ac9e0, 0x0000019c667ad0f0]
Event: 36.963 Thread 0x0000019c72a75320 17546       4       com.google.B.A.A::equals (30 bytes)

GC Heap History (20 events):
Event: 30.604 GC heap after
{Heap after GC invocations=32 (full 0):
 garbage-first heap   total reserved 1918976K, committed 243712K, used 93671K [0x000000008ae00000, 0x0000000100000000)
  region size 1024K, 6 young (6144K), 6 survivors (6144K)
 Metaspace       used 93948K, committed 95168K, reserved 1179648K
  class space    used 11254K, committed 11776K, reserved 1048576K
}
Event: 31.981 GC heap before
{Heap before GC invocations=32 (full 0):
 garbage-first heap   total reserved 1918976K, committed 243712K, used 173543K [0x000000008ae00000, 0x0000000100000000)
  region size 1024K, 85 young (87040K), 6 survivors (6144K)
 Metaspace       used 96542K, committed 97664K, reserved 1179648K
  class space    used 11540K, committed 12032K, reserved 1048576K
}
Event: 31.989 GC heap after
{Heap after GC invocations=33 (full 0):
 garbage-first heap   total reserved 1918976K, committed 243712K, used 96743K [0x000000008ae00000, 0x0000000100000000)
  region size 1024K, 10 young (10240K), 10 survivors (10240K)
 Metaspace       used 96542K, committed 97664K, reserved 1179648K
  class space    used 11540K, committed 12032K, reserved 1048576K
}
Event: 33.996 GC heap before
{Heap before GC invocations=34 (full 0):
 garbage-first heap   total reserved 1918976K, committed 243712K, used 197095K [0x000000008ae00000, 0x0000000100000000)
  region size 1024K, 105 young (107520K), 10 survivors (10240K)
 Metaspace       used 106002K, committed 107264K, reserved 1179648K
  class space    used 12585K, committed 13120K, reserved 1048576K
}
Event: 34.011 GC heap after
{Heap after GC invocations=35 (full 0):
 garbage-first heap   total reserved 1918976K, committed 243712K, used 102484K [0x000000008ae00000, 0x0000000100000000)
  region size 1024K, 11 young (11264K), 11 survivors (11264K)
 Metaspace       used 106002K, committed 107264K, reserved 1179648K
  class space    used 12585K, committed 13120K, reserved 1048576K
}
Event: 35.475 GC heap before
{Heap before GC invocations=35 (full 0):
 garbage-first heap   total reserved 1918976K, committed 243712K, used 201812K [0x000000008ae00000, 0x0000000100000000)
  region size 1024K, 106 young (108544K), 11 survivors (11264K)
 Metaspace       used 116364K, committed 117696K, reserved 1179648K
  class space    used 14019K, committed 14592K, reserved 1048576K
}
Event: 35.493 GC heap after
{Heap after GC invocations=36 (full 0):
 garbage-first heap   total reserved 1918976K, committed 243712K, used 111238K [0x000000008ae00000, 0x0000000100000000)
  region size 1024K, 14 young (14336K), 14 survivors (14336K)
 Metaspace       used 116364K, committed 117696K, reserved 1179648K
  class space    used 14019K, committed 14592K, reserved 1048576K
}
Event: 35.709 GC heap before
{Heap before GC invocations=36 (full 0):
 garbage-first heap   total reserved 1918976K, committed 243712K, used 145030K [0x000000008ae00000, 0x0000000100000000)
  region size 1024K, 49 young (50176K), 14 survivors (14336K)
 Metaspace       used 116844K, committed 118144K, reserved 1179648K
  class space    used 14068K, committed 14656K, reserved 1048576K
}
Event: 35.722 GC heap after
{Heap after GC invocations=37 (full 0):
 garbage-first heap   total reserved 1918976K, committed 243712K, used 116093K [0x000000008ae00000, 0x0000000100000000)
  region size 1024K, 5 young (5120K), 5 survivors (5120K)
 Metaspace       used 116844K, committed 118144K, reserved 1179648K
  class space    used 14068K, committed 14656K, reserved 1048576K
}
Event: 35.981 GC heap before
{Heap before GC invocations=38 (full 0):
 garbage-first heap   total reserved 1918976K, committed 331776K, used 308605K [0x000000008ae00000, 0x0000000100000000)
  region size 1024K, 95 young (97280K), 5 survivors (5120K)
 Metaspace       used 116854K, committed 118144K, reserved 1179648K
  class space    used 14069K, committed 14656K, reserved 1048576K
}
Event: 35.988 GC heap after
{Heap after GC invocations=39 (full 0):
 garbage-first heap   total reserved 1918976K, committed 331776K, used 138390K [0x000000008ae00000, 0x0000000100000000)
  region size 1024K, 9 young (9216K), 9 survivors (9216K)
 Metaspace       used 116854K, committed 118144K, reserved 1179648K
  class space    used 14069K, committed 14656K, reserved 1048576K
}
Event: 36.172 GC heap before
{Heap before GC invocations=39 (full 0):
 garbage-first heap   total reserved 1918976K, committed 331776K, used 282774K [0x000000008ae00000, 0x0000000100000000)
  region size 1024K, 150 young (153600K), 9 survivors (9216K)
 Metaspace       used 116857K, committed 118144K, reserved 1179648K
  class space    used 14069K, committed 14656K, reserved 1048576K
}
Event: 36.187 GC heap after
{Heap after GC invocations=40 (full 0):
 garbage-first heap   total reserved 1918976K, committed 331776K, used 146521K [0x000000008ae00000, 0x0000000100000000)
  region size 1024K, 18 young (18432K), 18 survivors (18432K)
 Metaspace       used 116857K, committed 118144K, reserved 1179648K
  class space    used 14069K, committed 14656K, reserved 1048576K
}
Event: 36.313 GC heap before
{Heap before GC invocations=40 (full 0):
 garbage-first heap   total reserved 1918976K, committed 331776K, used 272473K [0x000000008ae00000, 0x0000000100000000)
  region size 1024K, 141 young (144384K), 18 survivors (18432K)
 Metaspace       used 116857K, committed 118144K, reserved 1179648K
  class space    used 14069K, committed 14656K, reserved 1048576K
}
Event: 36.331 GC heap after
{Heap after GC invocations=41 (full 0):
 garbage-first heap   total reserved 1918976K, committed 331776K, used 156184K [0x000000008ae00000, 0x0000000100000000)
  region size 1024K, 11 young (11264K), 11 survivors (11264K)
 Metaspace       used 116857K, committed 118144K, reserved 1179648K
  class space    used 14069K, committed 14656K, reserved 1048576K
}
Event: 36.711 GC heap before
{Heap before GC invocations=42 (full 0):
 garbage-first heap   total reserved 1918976K, committed 331776K, used 286232K [0x000000008ae00000, 0x0000000100000000)
  region size 1024K, 135 young (138240K), 11 survivors (11264K)
 Metaspace       used 116876K, committed 118144K, reserved 1179648K
  class space    used 14075K, committed 14656K, reserved 1048576K
}
Event: 36.762 GC heap after
{Heap after GC invocations=43 (full 0):
 garbage-first heap   total reserved 1918976K, committed 343040K, used 204288K [0x000000008ae00000, 0x0000000100000000)
  region size 1024K, 17 young (17408K), 17 survivors (17408K)
 Metaspace       used 116876K, committed 118144K, reserved 1179648K
  class space    used 14075K, committed 14656K, reserved 1048576K
}
Event: 36.895 GC heap before
{Heap before GC invocations=43 (full 0):
 garbage-first heap   total reserved 1918976K, committed 343040K, used 295424K [0x000000008ae00000, 0x0000000100000000)
  region size 1024K, 93 young (95232K), 17 survivors (17408K)
 Metaspace       used 116909K, committed 118208K, reserved 1179648K
  class space    used 14075K, committed 14656K, reserved 1048576K
}
Event: 36.917 GC heap after
{Heap after GC invocations=44 (full 0):
 garbage-first heap   total reserved 1918976K, committed 343040K, used 213892K [0x000000008ae00000, 0x0000000100000000)
  region size 1024K, 7 young (7168K), 7 survivors (7168K)
 Metaspace       used 116909K, committed 118208K, reserved 1179648K
  class space    used 14075K, committed 14656K, reserved 1048576K
}
Event: 36.963 GC heap before
{Heap before GC invocations=44 (full 0):
 garbage-first heap   total reserved 1918976K, committed 343040K, used 243588K [0x000000008ae00000, 0x0000000100000000)
  region size 1024K, 37 young (37888K), 7 survivors (7168K)
 Metaspace       used 116917K, committed 118208K, reserved 1179648K
  class space    used 14075K, committed 14656K, reserved 1048576K
}

Dll operation events (14 events):
Event: 0.009 Loaded shared library C:\Program Files\Java\jdk-23\bin\java.dll
Event: 0.037 Loaded shared library C:\Program Files\Java\jdk-23\bin\jsvml.dll
Event: 0.057 Loaded shared library C:\Program Files\Java\jdk-23\bin\net.dll
Event: 0.060 Loaded shared library C:\Program Files\Java\jdk-23\bin\nio.dll
Event: 0.064 Loaded shared library C:\Program Files\Java\jdk-23\bin\zip.dll
Event: 0.243 Loaded shared library C:\Program Files\Java\jdk-23\bin\jimage.dll
Event: 0.246 Loaded shared library C:\Users\abdou\.m2\wrapper\dists\apache-maven-3.9.14\ed7edd442f634ac1c1ef5ba2b61b6d690b5221091f1a8e1123f5fadcc967520d\lib\jansi-native\Windows\x86_64\jansi.dll
Event: 0.260 Loaded shared library C:\Program Files\Java\jdk-23\bin\verify.dll
Event: 3.954 Loaded shared library C:\Program Files\Java\jdk-23\bin\sunmscapi.dll
Event: 4.281 Loaded shared library C:\Program Files\Java\jdk-23\bin\extnet.dll
Event: 26.494 Loaded shared library C:\Users\abdou\.tree-sitter\lib\x86_64-windows-tree-sitter.dll
Event: 26.512 Loaded shared library C:\Users\abdou\.tree-sitter\lib\x86_64-windows-tree-sitter-bash.dll
Event: 34.254 Loaded shared library C:\Program Files\Java\jdk-23\bin\management.dll
Event: 34.260 Loaded shared library C:\Program Files\Java\jdk-23\bin\management_ext.dll

Deoptimization events (20 events):
Event: 36.691 Thread 0x0000019c53c46530 Uncommon trap: trap_request=0xffffffd6 fr.pc=0x0000019c6686891c relative=0x00000000000008bc
Event: 36.691 Thread 0x0000019c53c46530 Uncommon trap: reason=array_check action=maybe_recompile pc=0x0000019c6686891c method=com.google.B.B.E$_C.<init>(Ljava/lang/reflect/Type;Ljava/lang/Class;[Ljava/lang/reflect/Type;)V @ 136 c2
Event: 36.691 Thread 0x0000019c53c46530 DEOPT PACKING pc=0x0000019c6686891c sp=0x0000001136dfc460
Event: 36.691 Thread 0x0000019c53c46530 DEOPT UNPACKING pc=0x0000019c65db4402 sp=0x0000001136dfc3a8 mode 2
Event: 36.828 Thread 0x0000019c53c46530 Uncommon trap: trap_request=0xffffffd6 fr.pc=0x0000019c66a1a238 relative=0x0000000000000398
Event: 36.828 Thread 0x0000019c53c46530 Uncommon trap: reason=array_check action=maybe_recompile pc=0x0000019c66a1a238 method=java.util.LinkedHashMap.valuesToArray([Ljava/lang/Object;Z)[Ljava/lang/Object; @ 67 c2
Event: 36.828 Thread 0x0000019c53c46530 DEOPT PACKING pc=0x0000019c66a1a238 sp=0x0000001136dfc5b0
Event: 36.828 Thread 0x0000019c53c46530 DEOPT UNPACKING pc=0x0000019c65db4402 sp=0x0000001136dfc550 mode 2
Event: 36.927 Thread 0x0000019c53c46530 Uncommon trap: trap_request=0xffffffde fr.pc=0x0000019c66a32a50 relative=0x0000000000004c90
Event: 36.927 Thread 0x0000019c53c46530 Uncommon trap: reason=class_check action=maybe_recompile pc=0x0000019c66a32a50 method=java.lang.reflect.Array.newInstance(Ljava/lang/Class;I)Ljava/lang/Object; @ 2 c2
Event: 36.927 Thread 0x0000019c53c46530 DEOPT PACKING pc=0x0000019c66a32a50 sp=0x0000001136dfc5d0
Event: 36.927 Thread 0x0000019c53c46530 DEOPT UNPACKING pc=0x0000019c65db4402 sp=0x0000001136dfc570 mode 2
Event: 36.927 Thread 0x0000019c53c46530 Uncommon trap: trap_request=0xffffffde fr.pc=0x0000019c66a32a50 relative=0x0000000000004c90
Event: 36.927 Thread 0x0000019c53c46530 Uncommon trap: reason=class_check action=maybe_recompile pc=0x0000019c66a32a50 method=java.lang.reflect.Array.newInstance(Ljava/lang/Class;I)Ljava/lang/Object; @ 2 c2
Event: 36.927 Thread 0x0000019c53c46530 DEOPT PACKING pc=0x0000019c66a32a50 sp=0x0000001136dfc5d0
Event: 36.927 Thread 0x0000019c53c46530 DEOPT UNPACKING pc=0x0000019c65db4402 sp=0x0000001136dfc570 mode 2
Event: 36.961 Thread 0x0000019c53c46530 Uncommon trap: trap_request=0xffffff45 fr.pc=0x0000019c66a0fe40 relative=0x00000000000003e0
Event: 36.961 Thread 0x0000019c53c46530 Uncommon trap: reason=unstable_if action=reinterpret pc=0x0000019c66a0fe40 method=java.lang.AbstractStringBuilder.appendChars([CII)V @ 43 c2
Event: 36.961 Thread 0x0000019c53c46530 DEOPT PACKING pc=0x0000019c66a0fe40 sp=0x0000001136dfc9d0
Event: 36.961 Thread 0x0000019c53c46530 DEOPT UNPACKING pc=0x0000019c65db4402 sp=0x0000001136dfc8f8 mode 2

Classes loaded (20 events):
Event: 35.444 Loading class java/nio/file/DirectoryIteratorException
Event: 35.444 Loading class java/nio/file/DirectoryIteratorException done
Event: 35.497 Loading class javax/crypto/CipherInputStream
Event: 35.497 Loading class javax/crypto/CipherInputStream done
Event: 35.497 Loading class javax/crypto/SecretKeyFactory
Event: 35.497 Loading class javax/crypto/SecretKeyFactory done
Event: 35.498 Loading class com/sun/crypto/provider/PBKDF2Core$HmacSHA256
Event: 35.498 Loading class com/sun/crypto/provider/PBKDF2Core
Event: 35.498 Loading class javax/crypto/SecretKeyFactorySpi
Event: 35.498 Loading class javax/crypto/SecretKeyFactorySpi done
Event: 35.498 Loading class com/sun/crypto/provider/PBKDF2Core done
Event: 35.498 Loading class com/sun/crypto/provider/PBKDF2Core$HmacSHA256 done
Event: 35.499 Loading class javax/crypto/spec/PBEKeySpec
Event: 35.499 Loading class javax/crypto/spec/PBEKeySpec done
Event: 35.499 Loading class com/sun/crypto/provider/PBKDF2KeyImpl
Event: 35.499 Loading class javax/crypto/interfaces/PBEKey
Event: 35.499 Loading class javax/crypto/interfaces/PBEKey done
Event: 35.499 Loading class com/sun/crypto/provider/PBKDF2KeyImpl done
Event: 35.499 Loading class com/sun/crypto/provider/PBKDF2KeyImpl$1
Event: 35.499 Loading class com/sun/crypto/provider/PBKDF2KeyImpl$1 done

Classes unloaded (0 events):
No events

Classes redefined (0 events):
No events

Internal exceptions (20 events):
Event: 32.699 Thread 0x0000019c48c18d50 Exception <a 'java/lang/InterruptedException'{0x0000000096d40350}: sleep interrupted> (0x0000000096d40350) 
thrown [s\open\src\hotspot\share\prims\jvm.cpp, line 3093]
Event: 33.463 Thread 0x0000019c53c46530 Exception <a 'sun/nio/fs/WindowsException'{0x0000000095df6d90}> (0x0000000095df6d90) 
thrown [s\open\src\hotspot\share\prims\jni.cpp, line 520]
Event: 33.463 Thread 0x0000019c53c46530 Exception <a 'sun/nio/fs/WindowsException'{0x0000000095df73c0}> (0x0000000095df73c0) 
thrown [s\open\src\hotspot\share\prims\jni.cpp, line 520]
Event: 33.463 Thread 0x0000019c53c46530 Exception <a 'sun/nio/fs/WindowsException'{0x0000000095df7d58}> (0x0000000095df7d58) 
thrown [s\open\src\hotspot\share\prims\jni.cpp, line 520]
Event: 33.494 Thread 0x0000019c53c46530 Exception <a 'java/lang/NoSuchMethodError'{0x0000000095c5e7d0}: 'java.lang.Object java.lang.invoke.DirectMethodHandle$Holder.invokeVirtual(java.lang.Object, java.lang.Object, int)'> (0x0000000095c5e7d0) 
thrown [s\open\src\hotspot\share\interpreter\linkResolver.cpp, line 796]
Event: 33.889 Thread 0x0000019c53c46530 Exception <a 'java/lang/NoSuchMethodError'{0x0000000093120f30}: 'int java.lang.invoke.DelegatingMethodHandle$Holder.reinvoke_L(java.lang.Object, long)'> (0x0000000093120f30) 
thrown [s\open\src\hotspot\share\interpreter\linkResolver.cpp, line 796]
Event: 33.957 Thread 0x0000019c53c46530 Exception <a 'java/lang/NoSuchMethodError'{0x0000000092c08c60}: 'int java.lang.invoke.DelegatingMethodHandle$Holder.reinvoke_L(java.lang.Object, long, long)'> (0x0000000092c08c60) 
thrown [s\open\src\hotspot\share\interpreter\linkResolver.cpp, line 796]
Event: 34.245 Thread 0x0000019c53c46530 Exception <a 'sun/nio/fs/WindowsException'{0x0000000098574e10}> (0x0000000098574e10) 
thrown [s\open\src\hotspot\share\prims\jni.cpp, line 520]
Event: 34.246 Thread 0x0000019c53c46530 Exception <a 'sun/nio/fs/WindowsException'{0x000000009857bf28}> (0x000000009857bf28) 
thrown [s\open\src\hotspot\share\prims\jni.cpp, line 520]
Event: 34.548 Thread 0x0000019c53c46530 Exception <a 'java/lang/NoSuchMethodError'{0x00000000971a5968}: 'void java.lang.invoke.DirectMethodHandle$Holder.invokeVirtual(java.lang.Object, java.lang.Object, float)'> (0x00000000971a5968) 
thrown [s\open\src\hotspot\share\interpreter\linkResolver.cpp, line 796]
Event: 34.548 Thread 0x0000019c53c46530 Exception <a 'java/lang/NoSuchMethodError'{0x00000000971b03e8}: 'float java.lang.invoke.DelegatingMethodHandle$Holder.reinvoke_L(java.lang.Object, java.lang.Object, int)'> (0x00000000971b03e8) 
thrown [s\open\src\hotspot\share\interpreter\linkResolver.cpp, line 796]
Event: 34.549 Thread 0x0000019c53c46530 Exception <a 'java/lang/NoSuchMethodError'{0x00000000971ba680}: 'void java.lang.invoke.DelegatingMethodHandle$Holder.reinvoke_L(java.lang.Object, java.lang.Object, float)'> (0x00000000971ba680) 
thrown [s\open\src\hotspot\share\interpreter\linkResolver.cpp, line 796]
Event: 34.782 Thread 0x0000019c53c46530 Exception <a 'java/lang/NoSuchMethodError'{0x0000000096074120}: 'java.lang.Object java.lang.invoke.DirectMethodHandle$Holder.invokeSpecial(java.lang.Object, java.lang.Object, java.lang.Object, java.lang.Object, int)'> (0x0000000096074120) 
thrown [s\open\src\hotspot\share\interpreter\linkResolver.cpp, line 796]
Event: 34.782 Thread 0x0000019c53c46530 Exception <a 'java/lang/NoSuchMethodError'{0x0000000096077870}: 'java.lang.Object java.lang.invoke.Invokers$Holder.linkToTargetMethod(java.lang.Object, java.lang.Object, int, java.lang.Object)'> (0x0000000096077870) 
thrown [s\open\src\hotspot\share\interpreter\linkResolver.cpp, line 796]
Event: 34.783 Thread 0x0000019c53c46530 Exception <a 'java/lang/NoSuchMethodError'{0x0000000096084f60}: 'int java.lang.invoke.DirectMethodHandle$Holder.invokeStatic(java.lang.Object, java.lang.Object, int, java.lang.Object)'> (0x0000000096084f60) 
thrown [s\open\src\hotspot\share\interpreter\linkResolver.cpp, line 796]
Event: 35.123 Thread 0x0000019c53c46530 Exception <a 'java/lang/IncompatibleClassChangeError'{0x000000009553f730}: Found class java.lang.Object, but interface was expected> (0x000000009553f730) 
thrown [s\open\src\hotspot\share\interpreter\linkResolver.cpp, line 863]
Event: 35.130 Thread 0x0000019c4a9d0130 Implicit null exception at 0x0000019c66501160 to 0x0000019c665012e8
Event: 35.130 Thread 0x0000019c4a9d14e0 Implicit null exception at 0x0000019c66501160 to 0x0000019c665012e8
Event: 35.130 Thread 0x0000019c4a9d2200 Implicit null exception at 0x0000019c66501160 to 0x0000019c665012e8
Event: 35.189 Thread 0x0000019c4a9d2f20 Exception <a 'java/lang/InterruptedException'{0x00000000955e1d68}: sleep interrupted> (0x00000000955e1d68) 
thrown [s\open\src\hotspot\share\prims\jvm.cpp, line 3093]

VM Operations (20 events):
Event: 35.722 Executing VM operation: G1TryInitiateConcMark (G1 Humongous Allocation) done
Event: 35.811 Executing VM operation: G1PauseRemark
Event: 35.824 Executing VM operation: G1PauseRemark done
Event: 35.849 Executing VM operation: G1PauseCleanup
Event: 35.849 Executing VM operation: G1PauseCleanup done
Event: 35.981 Executing VM operation: G1CollectForAllocation (G1 Evacuation Pause)
Event: 35.988 Executing VM operation: G1CollectForAllocation (G1 Evacuation Pause) done
Event: 36.172 Executing VM operation: G1CollectForAllocation (G1 Evacuation Pause)
Event: 36.187 Executing VM operation: G1CollectForAllocation (G1 Evacuation Pause) done
Event: 36.313 Executing VM operation: G1CollectForAllocation (G1 Evacuation Pause)
Event: 36.331 Executing VM operation: G1CollectForAllocation (G1 Evacuation Pause) done
Event: 36.448 Executing VM operation: G1PauseRemark
Event: 36.459 Executing VM operation: G1PauseRemark done
Event: 36.497 Executing VM operation: G1PauseCleanup
Event: 36.497 Executing VM operation: G1PauseCleanup done
Event: 36.711 Executing VM operation: G1CollectForAllocation (G1 Evacuation Pause)
Event: 36.762 Executing VM operation: G1CollectForAllocation (G1 Evacuation Pause) done
Event: 36.894 Executing VM operation: G1CollectForAllocation (G1 Evacuation Pause)
Event: 36.917 Executing VM operation: G1CollectForAllocation (G1 Evacuation Pause) done
Event: 36.963 Executing VM operation: G1TryInitiateConcMark (G1 Humongous Allocation)

Memory protections (0 events):
No events

Nmethod flushes (20 events):
Event: 36.458 Thread 0x0000019c72a22570 flushing  nmethod 0x0000019c5fdfbc88
Event: 36.458 Thread 0x0000019c72a22570 flushing  nmethod 0x0000019c5fe1d288
Event: 36.458 Thread 0x0000019c72a22570 flushing  nmethod 0x0000019c5fe50f08
Event: 36.458 Thread 0x0000019c72a22570 flushing  nmethod 0x0000019c5fe83b88
Event: 36.458 Thread 0x0000019c72a22570 flushing  nmethod 0x0000019c6003ce88
Event: 36.458 Thread 0x0000019c72a22570 flushing  nmethod 0x0000019c6003e488
Event: 36.458 Thread 0x0000019c72a22570 flushing  nmethod 0x0000019c6003ee88
Event: 36.458 Thread 0x0000019c72a22570 flushing  nmethod 0x0000019c60042b08
Event: 36.458 Thread 0x0000019c72a22570 flushing  nmethod 0x0000019c60046088
Event: 36.458 Thread 0x0000019c72a22570 flushing  nmethod 0x0000019c60046e08
Event: 36.458 Thread 0x0000019c72a22570 flushing  nmethod 0x0000019c60049708
Event: 36.458 Thread 0x0000019c72a22570 flushing  nmethod 0x0000019c60075288
Event: 36.458 Thread 0x0000019c72a22570 flushing  nmethod 0x0000019c60076508
Event: 36.458 Thread 0x0000019c72a22570 flushing  nmethod 0x0000019c600eb308
Event: 36.458 Thread 0x0000019c72a22570 flushing  nmethod 0x0000019c6010db88
Event: 36.458 Thread 0x0000019c72a22570 flushing  nmethod 0x0000019c6010de88
Event: 36.458 Thread 0x0000019c72a22570 flushing  nmethod 0x0000019c6010e208
Event: 36.458 Thread 0x0000019c72a22570 flushing  nmethod 0x0000019c6012d688
Event: 36.458 Thread 0x0000019c72a22570 flushing  nmethod 0x0000019c6012f308
Event: 36.458 Thread 0x0000019c72a22570 flushing  nmethod 0x0000019c60130f08

Events (20 events):
Event: 35.153 Thread 0x0000019c4a9d3c40 Thread added: 0x0000019c4a9d63a0
Event: 35.153 Thread 0x0000019c4a9d35b0 Thread added: 0x0000019c4a9d6a30
Event: 35.189 Thread 0x0000019c4a9d2f20 Thread exited: 0x0000019c4a9d2f20
Event: 35.193 Thread 0x0000019c4a9d1b70 Thread exited: 0x0000019c4a9d1b70
Event: 35.193 Thread 0x0000019c4a9d0130 Thread exited: 0x0000019c4a9d0130
Event: 35.193 Thread 0x0000019c4a9d0e50 Thread exited: 0x0000019c4a9d0e50
Event: 35.193 Thread 0x0000019c4a9d2200 Thread exited: 0x0000019c4a9d2200
Event: 35.193 Thread 0x0000019c4a9d3c40 Thread exited: 0x0000019c4a9d3c40
Event: 35.193 Thread 0x0000019c4a9d2890 Thread exited: 0x0000019c4a9d2890
Event: 35.193 Thread 0x0000019c4a9d35b0 Thread exited: 0x0000019c4a9d35b0
Event: 35.193 Thread 0x0000019c4a9d14e0 Thread exited: 0x0000019c4a9d14e0
Event: 35.193 Thread 0x0000019c4a9d5d10 Thread exited: 0x0000019c4a9d5d10
Event: 35.193 Thread 0x0000019c4a9d4960 Thread exited: 0x0000019c4a9d4960
Event: 35.193 Thread 0x0000019c4a9d63a0 Thread exited: 0x0000019c4a9d63a0
Event: 35.194 Thread 0x0000019c4a9d6a30 Thread exited: 0x0000019c4a9d6a30
Event: 35.194 Thread 0x0000019c4a9d07c0 Thread exited: 0x0000019c4a9d07c0
Event: 35.194 Thread 0x0000019c4a9d4ff0 Thread exited: 0x0000019c4a9d4ff0
Event: 35.194 Thread 0x0000019c479bcca0 Thread exited: 0x0000019c479bcca0
Event: 35.194 Thread 0x0000019c4a9d5680 Thread exited: 0x0000019c4a9d5680
Event: 35.194 Thread 0x0000019c4a9d70c0 Thread exited: 0x0000019c4a9d70c0


Dynamic libraries:
0x00007ff60a980000 - 0x00007ff60a990000 	C:\Program Files\Java\jdk-23\bin\java.exe
0x00007ff9b8400000 - 0x00007ff9b8667000 	C:\WINDOWS\SYSTEM32\ntdll.dll
0x00007ff9b6d20000 - 0x00007ff9b6de9000 	C:\WINDOWS\System32\KERNEL32.DLL
0x00007ff9b4f50000 - 0x00007ff9b5344000 	C:\WINDOWS\System32\KERNELBASE.dll
0x00007ff9b4e00000 - 0x00007ff9b4f4b000 	C:\WINDOWS\System32\ucrtbase.dll
0x00007ff9a78c0000 - 0x00007ff9a78db000 	C:\Program Files\Java\jdk-23\bin\VCRUNTIME140.dll
0x00007ff99f310000 - 0x00007ff99f327000 	C:\Program Files\Java\jdk-23\bin\jli.dll
0x00007ff9b78e0000 - 0x00007ff9b7aa5000 	C:\WINDOWS\System32\USER32.dll
0x00007ff99b520000 - 0x00007ff99b7b3000 	C:\WINDOWS\WinSxS\amd64_microsoft.windows.common-controls_6595b64144ccf1df_6.0.26100.8115_none_3e075c82e3354f9c\COMCTL32.dll
0x00007ff9b5f60000 - 0x00007ff9b5f87000 	C:\WINDOWS\System32\win32u.dll
0x00007ff9b82f0000 - 0x00007ff9b8399000 	C:\WINDOWS\System32\msvcrt.dll
0x00007ff9b6a00000 - 0x00007ff9b6a2b000 	C:\WINDOWS\System32\GDI32.dll
0x00007ff9b4cd0000 - 0x00007ff9b4dfa000 	C:\WINDOWS\System32\gdi32full.dll
0x00007ff9b5f90000 - 0x00007ff9b6033000 	C:\WINDOWS\System32\msvcp_win.dll
0x00007ff9b6e10000 - 0x00007ff9b6e42000 	C:\WINDOWS\System32\IMM32.DLL
0x00007ff9ae8e0000 - 0x00007ff9ae8ec000 	C:\Program Files\Java\jdk-23\bin\vcruntime140_1.dll
0x00007ff99c140000 - 0x00007ff99c1ce000 	C:\Program Files\Java\jdk-23\bin\msvcp140.dll
0x00007ff8eae90000 - 0x00007ff8ebbdf000 	C:\Program Files\Java\jdk-23\bin\server\jvm.dll
0x00007ff9b6420000 - 0x00007ff9b64d6000 	C:\WINDOWS\System32\ADVAPI32.dll
0x00007ff9b7590000 - 0x00007ff9b7637000 	C:\WINDOWS\System32\sechost.dll
0x00007ff9b6bf0000 - 0x00007ff9b6d08000 	C:\WINDOWS\System32\RPCRT4.dll
0x00007ff9b6970000 - 0x00007ff9b69f0000 	C:\WINDOWS\System32\WS2_32.dll
0x00007ff9b4b30000 - 0x00007ff9b4b8e000 	C:\WINDOWS\SYSTEM32\POWRPROF.dll
0x00007ff9adf00000 - 0x00007ff9adf36000 	C:\WINDOWS\SYSTEM32\WINMM.dll
0x00007ff9af560000 - 0x00007ff9af56b000 	C:\WINDOWS\SYSTEM32\VERSION.dll
0x00007ff9b4b10000 - 0x00007ff9b4b24000 	C:\WINDOWS\SYSTEM32\UMPDC.dll
0x00007ff9b3a40000 - 0x00007ff9b3a5b000 	C:\WINDOWS\SYSTEM32\kernel.appcore.dll
0x00007ff9ae860000 - 0x00007ff9ae86a000 	C:\Program Files\Java\jdk-23\bin\jimage.dll
0x00007ff9ab100000 - 0x00007ff9ab342000 	C:\WINDOWS\SYSTEM32\DBGHELP.DLL
0x00007ff9b7200000 - 0x00007ff9b7582000 	C:\WINDOWS\System32\combase.dll
0x00007ff9b6a30000 - 0x00007ff9b6b07000 	C:\WINDOWS\System32\OLEAUT32.dll
0x00007ff999870000 - 0x00007ff9998ab000 	C:\WINDOWS\SYSTEM32\dbgcore.DLL
0x00007ff9b54d0000 - 0x00007ff9b5575000 	C:\WINDOWS\System32\bcryptPrimitives.dll
0x00007ff99d910000 - 0x00007ff99d92e000 	C:\Program Files\Java\jdk-23\bin\java.dll
0x00007ff9b7640000 - 0x00007ff9b77d7000 	C:\WINDOWS\System32\ole32.dll
0x00007ff9b7ab0000 - 0x00007ff9b8216000 	C:\WINDOWS\System32\SHELL32.dll
0x00007ff9b5df0000 - 0x00007ff9b5f5a000 	C:\WINDOWS\System32\wintypes.dll
0x00007ff9b5580000 - 0x00007ff9b5de5000 	C:\WINDOWS\System32\windows.storage.dll
0x00007ff9b77e0000 - 0x00007ff9b78d7000 	C:\WINDOWS\System32\SHCORE.dll
0x00007ff9b63b0000 - 0x00007ff9b6416000 	C:\WINDOWS\System32\shlwapi.dll
0x00007ff9b4bf0000 - 0x00007ff9b4c19000 	C:\WINDOWS\SYSTEM32\profapi.dll
0x00007ff988ff0000 - 0x00007ff9890c7000 	C:\Program Files\Java\jdk-23\bin\jsvml.dll
0x00007ff99ce50000 - 0x00007ff99ce60000 	C:\Program Files\Java\jdk-23\bin\net.dll
0x00007ff9b3fd0000 - 0x00007ff9b403c000 	C:\WINDOWS\system32\mswsock.dll
0x00007ff99c8e0000 - 0x00007ff99c8f6000 	C:\Program Files\Java\jdk-23\bin\nio.dll
0x00007ff99c7f0000 - 0x00007ff99c807000 	C:\Program Files\Java\jdk-23\bin\zip.dll
0x00007ff996a70000 - 0x00007ff996a94000 	C:\Users\abdou\.m2\wrapper\dists\apache-maven-3.9.14\ed7edd442f634ac1c1ef5ba2b61b6d690b5221091f1a8e1123f5fadcc967520d\lib\jansi-native\Windows\x86_64\jansi.dll
0x00007ff99cdd0000 - 0x00007ff99cde0000 	C:\Program Files\Java\jdk-23\bin\verify.dll
0x00007ff9b42b0000 - 0x00007ff9b42cb000 	C:\WINDOWS\SYSTEM32\CRYPTSP.dll
0x00007ff9b39a0000 - 0x00007ff9b39d9000 	C:\WINDOWS\system32\rsaenh.dll
0x00007ff9b4080000 - 0x00007ff9b40b3000 	C:\WINDOWS\SYSTEM32\USERENV.dll
0x00007ff9b4bc0000 - 0x00007ff9b4bea000 	C:\WINDOWS\SYSTEM32\bcrypt.dll
0x00007ff9b42d0000 - 0x00007ff9b42dc000 	C:\WINDOWS\SYSTEM32\CRYPTBASE.dll
0x00007ff9b3410000 - 0x00007ff9b3442000 	C:\WINDOWS\SYSTEM32\IPHLPAPI.DLL
0x00007ff9b6d10000 - 0x00007ff9b6d1a000 	C:\WINDOWS\System32\NSI.dll
0x00007ff99c7e0000 - 0x00007ff99c7ee000 	C:\Program Files\Java\jdk-23\bin\sunmscapi.dll
0x00007ff9b5350000 - 0x00007ff9b54c7000 	C:\WINDOWS\System32\CRYPT32.dll
0x00007ff9b44d0000 - 0x00007ff9b4500000 	C:\WINDOWS\SYSTEM32\ncrypt.dll
0x00007ff9b4480000 - 0x00007ff9b44bf000 	C:\WINDOWS\SYSTEM32\NTASN1.dll
0x00007ff9b34a0000 - 0x00007ff9b35d2000 	C:\WINDOWS\SYSTEM32\DNSAPI.dll
0x00007ff9a2c00000 - 0x00007ff9a2c0b000 	C:\Windows\System32\rasadhlp.dll
0x00007ff9abe40000 - 0x00007ff9abec6000 	C:\WINDOWS\System32\fwpuclnt.dll
0x00007ff99c7d0000 - 0x00007ff99c7d9000 	C:\Program Files\Java\jdk-23\bin\extnet.dll
0x00007ff9b4320000 - 0x00007ff9b4333000 	C:\WINDOWS\SYSTEM32\MSASN1.dll
0x00007ff9b4040000 - 0x00007ff9b4070000 	C:\WINDOWS\SYSTEM32\gpapi.dll
0x00007ff9a4610000 - 0x00007ff9a464b000 	C:\WINDOWS\SYSTEM32\cryptnet.dll
0x00007ff9b26b0000 - 0x00007ff9b26be000 	C:\WINDOWS\SYSTEM32\WINNSI.DLL
0x00007ff98ca30000 - 0x00007ff98cabc000 	C:\WINDOWS\system32\ncryptprov.dll
0x00007ff986cc0000 - 0x00007ff986dd4000 	C:\WINDOWS\system32\PCPKsp.dll
0x00007ff99fdb0000 - 0x00007ff99fdca000 	C:\WINDOWS\SYSTEM32\tbs.dll
0x00007ff9b48c0000 - 0x00007ff9b48ca000 	C:\WINDOWS\SYSTEM32\DPAPI.dll
0x00007ff9887b0000 - 0x00007ff988820000 	C:\Users\abdou\.tree-sitter\lib\x86_64-windows-tree-sitter.dll
0x00007ff954f10000 - 0x00007ff95508b000 	C:\Users\abdou\.tree-sitter\lib\x86_64-windows-tree-sitter-bash.dll
0x00007ff99c130000 - 0x00007ff99c13a000 	C:\Program Files\Java\jdk-23\bin\management.dll
0x00007ff99ac30000 - 0x00007ff99ac3b000 	C:\Program Files\Java\jdk-23\bin\management_ext.dll
0x00007ff9b83b0000 - 0x00007ff9b83b8000 	C:\WINDOWS\System32\PSAPI.DLL

dbghelp: loaded successfully - version: 4.0.5 - missing functions: none
symbol engine: initialized successfully - sym options: 0x614 - pdb path: .;C:\Program Files\Java\jdk-23\bin;C:\WINDOWS\SYSTEM32;C:\WINDOWS\WinSxS\amd64_microsoft.windows.common-controls_6595b64144ccf1df_6.0.26100.8115_none_3e075c82e3354f9c;C:\Program Files\Java\jdk-23\bin\server;C:\Users\abdou\.m2\wrapper\dists\apache-maven-3.9.14\ed7edd442f634ac1c1ef5ba2b61b6d690b5221091f1a8e1123f5fadcc967520d\lib\jansi-native\Windows\x86_64;C:\Users\abdou\.tree-sitter\lib

VM Arguments:
jvm_args: --enable-native-access=ALL-UNNAMED -Dclassworlds.conf=C:\Users\abdou\.m2\wrapper\dists\apache-maven-3.9.14\ed7edd442f634ac1c1ef5ba2b61b6d690b5221091f1a8e1123f5fadcc967520d\bin\m2.conf -Dmaven.home=C:\Users\abdou\.m2\wrapper\dists\apache-maven-3.9.14\ed7edd442f634ac1c1ef5ba2b61b6d690b5221091f1a8e1123f5fadcc967520d -Dlibrary.jansi.path=C:\Users\abdou\.m2\wrapper\dists\apache-maven-3.9.14\ed7edd442f634ac1c1ef5ba2b61b6d690b5221091f1a8e1123f5fadcc967520d\lib\jansi-native -Dmaven.multiModuleProjectDirectory=C:\Users\abdou\Documents\dossier\auth-server 
java_command: org.codehaus.plexus.classworlds.launcher.Launcher sonar:sonar -Dsonar.token=ffd7ef2cfc4828e27315f1446b52d1a6de79ef14 -Dsonar.projectKey=liwell976_tp-auth -Dsonar.organization=liwell976 -Dsonar.host.url=https://sonarcloud.io
java_class_path (initial): C:\Users\abdou\.m2\wrapper\dists\apache-maven-3.9.14\ed7edd442f634ac1c1ef5ba2b61b6d690b5221091f1a8e1123f5fadcc967520d\boot\plexus-classworlds-2.9.0.jar
Launcher Type: SUN_STANDARD

[Global flags]
     intx CICompilerCount                          = 4                                         {product} {ergonomic}
     uint ConcGCThreads                            = 2                                         {product} {ergonomic}
     uint G1ConcRefinementThreads                  = 8                                         {product} {ergonomic}
   size_t G1HeapRegionSize                         = 1048576                                   {product} {ergonomic}
   size_t InitialHeapSize                          = 123731968                                 {product} {ergonomic}
   size_t MarkStackSize                            = 4194304                                   {product} {ergonomic}
   size_t MarkStackSizeMax                         = 536870912                                 {product} {ergonomic}
   size_t MaxHeapSize                              = 1965031424                                {product} {ergonomic}
   size_t MaxNewSize                               = 1178599424                                {product} {ergonomic}
   size_t MinHeapDeltaBytes                        = 1048576                                   {product} {ergonomic}
   size_t MinHeapSize                              = 8388608                                   {product} {ergonomic}
    uintx NonNMethodCodeHeapSize                   = 5832704                                {pd product} {ergonomic}
    uintx NonProfiledCodeHeapSize                  = 122945536                              {pd product} {ergonomic}
    uintx ProfiledCodeHeapSize                     = 122880000                              {pd product} {ergonomic}
    uintx ReservedCodeCacheSize                    = 251658240                              {pd product} {ergonomic}
     bool SegmentedCodeCache                       = true                                      {product} {ergonomic}
   size_t SoftMaxHeapSize                          = 1965031424                             {manageable} {ergonomic}
     bool UseCompressedOops                        = true                           {product lp64_product} {ergonomic}
     bool UseG1GC                                  = true                                      {product} {ergonomic}
     bool UseLargePagesIndividualAllocation        = false                                  {pd product} {ergonomic}

Logging:
Log output configuration:
 #0: stdout all=warning uptime,level,tags foldmultilines=false
 #1: stderr all=off uptime,level,tags foldmultilines=false

Environment Variables:
PATH=C:\Python314\Scripts\;C:\Python314\;C:\Program Files\Common Files\Oracle\Java\javapath;C:\WINDOWS\system32;C:\WINDOWS;C:\WINDOWS\System32\Wbem;C:\WINDOWS\System32\WindowsPowerShell\v1.0\;C:\WINDOWS\System32\OpenSSH\;C:\Program Files\Git\cmd;C:\Program Files\dotnet\;C:\Program Files\Common Files\Autodesk Shared\;C:\Program Files\Microsoft SQL Server\150\Tools\Binn\;C:\Program Files\nodejs\;C:\ProgramData\chocolatey\bin;C:\ProgramData;C:\mkcert;C:\Program Files\MongoDB\Server\8.2\bin;C:\wamp\bin\mysql\mysql5.7.40\bin;C:\Program Files\MongoDB\Tools\100\bin;C:\Program Files\Apache\maven\bin;C:\Users\abdou\AppData\Local\Microsoft\WindowsApps;C:\Users\abdou\AppData\Local\Programs\Microsoft VS Code\bin;C:\Users\abdou\AppData\Local\GitHubDesktop\bin;C:\Program Files\Java\jdk-23\bin;C:\Program Files (x86)\WiX Toolset v3.14\bin;C:\Program Files (x86)\Jar2Exe Wizard\;C:\Users\abdou\AppData\Roaming\npm;C:\wamp\bin\php\php8.2.0;C:\Users\abdou\AppData\Roaming\Composer\vendor\bin;C:\Users\abdou\AppData\Local\atom\bin;C:\mkcert;
USERNAME=abdou
OS=Windows_NT
PROCESSOR_IDENTIFIER=AMD64 Family 25 Model 80 Stepping 0, AuthenticAMD
TMP=C:\Users\abdou\AppData\Local\Temp
TEMP=C:\Users\abdou\AppData\Local\Temp




Periodic native trim disabled

---------------  S Y S T E M  ---------------

OS:
 Windows 11 , 64 bit Build 26100 (10.0.26100.8115)
OS uptime: 9 days 13:08 hours
Hyper-V role detected

CPU: total 8 (initial active 8) (8 cores per cpu, 2 threads per core) family 25 model 80 stepping 0 microcode 0xa50000d, cx8, cmov, fxsr, ht, mmx, 3dnowpref, sse, sse2, sse3, ssse3, sse4a, sse4.1, sse4.2, popcnt, lzcnt, tsc, tscinvbit, avx, avx2, aes, erms, clmul, bmi1, bmi2, adx, sha, fma, vzeroupper, clflush, clflushopt, hv, rdtscp, rdpid, fsrm, f16c, cet_ss
Processor Information for processor 0
  Max Mhz: 2701, Current Mhz: 2150, Mhz Limit: 2701
Processor Information for processor 1
  Max Mhz: 2701, Current Mhz: 2701, Mhz Limit: 2701
Processor Information for processor 2
  Max Mhz: 2701, Current Mhz: 2150, Mhz Limit: 2701
Processor Information for processor 3
  Max Mhz: 2701, Current Mhz: 2150, Mhz Limit: 2701
Processor Information for processor 4
  Max Mhz: 2701, Current Mhz: 2150, Mhz Limit: 2701
Processor Information for processor 5
  Max Mhz: 2701, Current Mhz: 2150, Mhz Limit: 2701
Processor Information for processor 6
  Max Mhz: 2701, Current Mhz: 2150, Mhz Limit: 2701
Processor Information for processor 7
  Max Mhz: 2701, Current Mhz: 2150, Mhz Limit: 2701

Memory: 4k page, system-wide physical 7488M (554M free)
TotalPageFile size 30016M (AvailPageFile size 184M)
current process WorkingSet (physical memory assigned to process): 619M, peak: 630M
current process commit charge ("private bytes"): 685M, peak: 994M

vm_info: Java HotSpot(TM) 64-Bit Server VM (23+37-2369) for windows-amd64 JRE (23+37-2369), built on 2024-08-20T16:01:23Z with MS VC++ 17.6 (VS2022)

END.
