#
# There is insufficient memory for the Java Runtime Environment to continue.
# Native memory allocation (mmap) failed to map 603979776 bytes. Error detail: G1 virtual space
# Possible reasons:
#   The system is out of physical RAM or swap space
#   This process is running with CompressedOops enabled, and the Java Heap may be blocking the growth of the native heap
# Possible solutions:
#   Reduce memory load on the system
#   Increase physical memory or swap space
#   Check if swap backing store is full
#   Decrease Java heap size (-Xmx/-Xms)
#   Decrease number of Java threads
#   Decrease Java thread stack sizes (-Xss)
#   Set larger code cache with -XX:ReservedCodeCacheSize=
#   JVM is running with Unscaled Compressed Oops mode in which the Java heap is
#     placed in the first 4GB address space. The Java Heap base address is the
#     maximum limit for the native heap growth. Please use -XX:HeapBaseMinAddress
#     to set the Java Heap base and to place the Java Heap above 4GB virtual address.
# This output file may be truncated or incomplete.
#
#  Out of Memory Error (os_windows.cpp:3703), pid=27620, tid=34308
#
# JRE version: Java(TM) SE Runtime Environment (23.0+37) (build 23+37-2369)
# Java VM: Java HotSpot(TM) 64-Bit Server VM (23+37-2369, mixed mode, sharing, tiered, compressed oops, compressed class ptrs, g1 gc, windows-amd64)
# No core dump will be written. Minidumps are not enabled by default on client versions of Windows
#

---------------  S U M M A R Y ------------

Command Line: --enable-native-access=ALL-UNNAMED -Dclassworlds.conf=C:\Users\abdou\.m2\wrapper\dists\apache-maven-3.9.14\ed7edd442f634ac1c1ef5ba2b61b6d690b5221091f1a8e1123f5fadcc967520d\bin\m2.conf -Dmaven.home=C:\Users\abdou\.m2\wrapper\dists\apache-maven-3.9.14\ed7edd442f634ac1c1ef5ba2b61b6d690b5221091f1a8e1123f5fadcc967520d -Dlibrary.jansi.path=C:\Users\abdou\.m2\wrapper\dists\apache-maven-3.9.14\ed7edd442f634ac1c1ef5ba2b61b6d690b5221091f1a8e1123f5fadcc967520d\lib\jansi-native -Dmaven.multiModuleProjectDirectory=C:\Users\abdou\Documents\dossier\auth-server org.codehaus.plexus.classworlds.launcher.Launcher verify sonar:sonar -Dsonar.token=ffd7ef2cfc4828e27315f1446b52d1a6de79ef14 -Dsonar.projectKey=liwell976_tp-auth -Dsonar.organization=liwell976 -Dsonar.host.url=https://sonarcloud.io -Dsonar.scanner.javaOpts=-Xmx512m

Host: AMD Ryzen 3 5425U with Radeon Graphics         , 8 cores, 7G,  Windows 11 , 64 bit Build 26100 (10.0.26100.8115)
Time: Sun Apr 12 13:52:53 2026 Paris, Madrid (heure duild 26100 (10.0.26100.8115) elapsed time: 53.196024 seconds (0d 0h 0m 53s)

---------------  T H R E A D  ---------------

Current thread (0x000001d8d17449b0):  VMThread "VM Thread"          [id=34308, stack(0x0000003e73600000,0x0000003e73700000) (1024K)]

Stack: [0x0000003e73600000,0x0000003e73700000]
Native frames: (J=compiled Java code, j=interpreted, Vv=VM code, C=native code)
V  [jvm.dll+0x6e08a9]  (no source info available)
V  [jvm.dll+0x87da63]  (no source info available)
V  [jvm.dll+0x87feee]  (no source info available)
V  [jvm.dll+0x8805c3]  (no source info available)
V  [jvm.dll+0x27aee6]  (no source info available)
V  [jvm.dll+0x6dd1b5]  (no source info available)
V  [jvm.dll+0x6d103a]  (no source info available)
V  [jvm.dll+0x35b3ea]  (no source info available)
V  [jvm.dll+0x3637f6]  (no source info available)
V  [jvm.dll+0x34fd5e]  (no source info available)
V  [jvm.dll+0x34fff8]  (no source info available)
V  [jvm.dll+0x3289cc]  (no source info available)
V  [jvm.dll+0x328a5a]  (no source info available)
V  [jvm.dll+0x374c92]  (no source info available)
V  [jvm.dll+0x373392]  (no source info available)
V  [jvm.dll+0x3281a7]  (no source info available)
V  [jvm.dll+0x372b44]  (no source info available)
V  [jvm.dll+0x886500]  (no source info available)
V  [jvm.dll+0x887827]  (no source info available)
V  [jvm.dll+0x887d58]  (no source info available)
V  [jvm.dll+0x887ff3]  (no source info available)
V  [jvm.dll+0x824f1b]  (no source info available)
V  [jvm.dll+0x6df055]  (no source info available)
C  [ucrtbase.dll+0x37b0]  (no source info available)
C  [KERNEL32.DLL+0x2e8d7]  (no source info available)
C  [ntdll.dll+0x8c3fc]  (no source info available)

VM_Operation (0x0000003e72ffc0c0): G1CollectForAllocation, mode: safepoint, requested by thread 0x000001d8b4dff3a0


---------------  P R O C E S S  ---------------

Threads class SMR info:
_java_thread_list=0x000001d91d136950, length=28, elements={
0x000001d8b4dff3a0, 0x000001d8d175af30, 0x000001d8d175e9b0, 0x000001d8d1767ca0,
0x000001d8d1768700, 0x000001d8d1769160, 0x000001d8d1773d10, 0x000001d8d1778370,
0x000001d8d177af60, 0x000001d8d18cb640, 0x000001d8d18ce590, 0x000001d917e7b5b0,
0x000001d918f95f80, 0x000001d918f96610, 0x000001d918f94540, 0x000001d918f94bd0,
0x000001d917bce300, 0x000001d91b7159e0, 0x000001d91b713fa0, 0x000001d91b713910,
0x000001d91b714630, 0x000001d91b718e60, 0x000001d91b71a8a0, 0x000001d91b717420,
0x000001d918f903a0, 0x000001d91c55bc70, 0x000001d91a8b7a60, 0x000001d91d57e290
}

Java Threads: ( => current thread )
  0x000001d8b4dff3a0 JavaThread "main"                              [_thread_blocked, id=4104, stack(0x0000003e72f00000,0x0000003e73000000) (1024K)]
  0x000001d8d175af30 JavaThread "Reference Handler"          daemon [_thread_blocked, id=16612, stack(0x0000003e73700000,0x0000003e73800000) (1024K)]
  0x000001d8d175e9b0 JavaThread "Finalizer"                  daemon [_thread_blocked, id=34104, stack(0x0000003e73800000,0x0000003e73900000) (1024K)]
  0x000001d8d1767ca0 JavaThread "Signal Dispatcher"          daemon [_thread_blocked, id=11376, stack(0x0000003e73900000,0x0000003e73a00000) (1024K)]
  0x000001d8d1768700 JavaThread "Attach Listener"            daemon [_thread_blocked, id=36020, stack(0x0000003e73a00000,0x0000003e73b00000) (1024K)]
  0x000001d8d1769160 JavaThread "Service Thread"             daemon [_thread_blocked, id=33960, stack(0x0000003e73b00000,0x0000003e73c00000) (1024K)]
  0x000001d8d1773d10 JavaThread "Monitor Deflation Thread"   daemon [_thread_blocked, id=1336, stack(0x0000003e73c00000,0x0000003e73d00000) (1024K)]
  0x000001d8d1778370 JavaThread "C2 CompilerThread0"         daemon [_thread_blocked, id=13252, stack(0x0000003e73d00000,0x0000003e73e00000) (1024K)]
  0x000001d8d177af60 JavaThread "C1 CompilerThread0"         daemon [_thread_blocked, id=9836, stack(0x0000003e73e00000,0x0000003e73f00000) (1024K)]
  0x000001d8d18cb640 JavaThread "Notification Thread"        daemon [_thread_blocked, id=38856, stack(0x0000003e73f00000,0x0000003e74000000) (1024K)]
  0x000001d8d18ce590 JavaThread "Common-Cleaner"             daemon [_thread_blocked, id=38444, stack(0x0000003e74000000,0x0000003e74100000) (1024K)]
  0x000001d917e7b5b0 JavaThread "Thread-1"                   daemon [_thread_blocked, id=3652, stack(0x0000003e74800000,0x0000003e74900000) (1024K)]
  0x000001d918f95f80 JavaThread "OkHttp sonarcloud.io"              [_thread_in_native, id=1220, stack(0x0000003e74900000,0x0000003e74a00000) (1024K)]
  0x000001d918f96610 JavaThread "OkHttp ConnectionPool"      daemon [_thread_blocked, id=24592, stack(0x0000003e74b00000,0x0000003e74c00000) (1024K)]
  0x000001d918f94540 JavaThread "Okio Watchdog"              daemon [_thread_blocked, id=22788, stack(0x0000003e74d00000,0x0000003e74e00000) (1024K)]
  0x000001d918f94bd0 JavaThread "OkHttp sonarcloud.io Writer"        [_thread_blocked, id=38164, stack(0x0000003e74e00000,0x0000003e74f00000) (1024K)]
  0x000001d917bce300 JavaThread "OkHttp Http2Connection"     daemon [_thread_blocked, id=12832, stack(0x0000003e74f00000,0x0000003e75000000) (1024K)]
  0x000001d91b7159e0 JavaThread "OkHttp sonarcloud.io"       daemon [_thread_in_native, id=26448, stack(0x0000003e75400000,0x0000003e75500000) (1024K)]
  0x000001d91b713fa0 JavaThread "OkHttp TaskRunner"          daemon [_thread_blocked, id=11884, stack(0x0000003e75500000,0x0000003e75600000) (1024K)]
  0x000001d91b713910 JavaThread "Okio Watchdog"              daemon [_thread_blocked, id=19004, stack(0x0000003e75600000,0x0000003e75700000) (1024K)]
  0x000001d91b714630 JavaThread "OkHttp api.sonarcloud.io"   daemon [_thread_in_native, id=34896, stack(0x0000003e75700000,0x0000003e75800000) (1024K)]
  0x000001d91b718e60 JavaThread "OkHttp TaskRunner"          daemon [_thread_blocked, id=32480, stack(0x0000003e75800000,0x0000003e75900000) (1024K)]
  0x000001d91b71a8a0 JavaThread "OkHttp TaskRunner"          daemon [_thread_blocked, id=7560, stack(0x0000003e75000000,0x0000003e75100000) (1024K)]
  0x000001d91b717420 JavaThread "OkHttp TaskRunner"          daemon [_thread_blocked, id=2288, stack(0x0000003e75900000,0x0000003e75a00000) (1024K)]
  0x000001d918f903a0 JavaThread "JGit-WorkQueue"             daemon [_thread_blocked, id=19856, stack(0x0000003e75c00000,0x0000003e75d00000) (1024K)]
  0x000001d91c55bc70 JavaThread "Cleaner-0"                  daemon [_thread_blocked, id=23228, stack(0x0000003e75b00000,0x0000003e75c00000) (1024K)]
  0x000001d91a8b7a60 JavaThread "C2 CompilerThread1"         daemon [_thread_blocked, id=21092, stack(0x0000003e75a00000,0x0000003e75b00000) (1024K)]
  0x000001d91d57e290 JavaThread "C2 CompilerThread2"         daemon [_thread_blocked, id=28300, stack(0x0000003e75d00000,0x0000003e75e00000) (1024K)]
Total: 28

Other Threads:
=>0x000001d8d17449b0 VMThread "VM Thread"                           [id=34308, stack(0x0000003e73600000,0x0000003e73700000) (1024K)]
  0x000001d8d1730f00 WatcherThread "VM Periodic Task Thread"        [id=32228, stack(0x0000003e73500000,0x0000003e73600000) (1024K)]
  0x000001d8b4e4ced0 WorkerThread "GC Thread#0"                     [id=36432, stack(0x0000003e73000000,0x0000003e73100000) (1024K)]
  0x000001d917aecaa0 WorkerThread "GC Thread#1"                     [id=18532, stack(0x0000003e74100000,0x0000003e74200000) (1024K)]
  0x000001d917a88900 WorkerThread "GC Thread#2"                     [id=30548, stack(0x0000003e74200000,0x0000003e74300000) (1024K)]
  0x000001d917a24250 WorkerThread "GC Thread#3"                     [id=8820, stack(0x0000003e74300000,0x0000003e74400000) (1024K)]
  0x000001d917a24a00 WorkerThread "GC Thread#4"                     [id=36196, stack(0x0000003e74400000,0x0000003e74500000) (1024K)]
  0x000001d917a24db0 WorkerThread "GC Thread#5"                     [id=12440, stack(0x0000003e74500000,0x0000003e74600000) (1024K)]
  0x000001d917a25560 WorkerThread "GC Thread#6"                     [id=2316, stack(0x0000003e74600000,0x0000003e74700000) (1024K)]
  0x000001d917a26530 WorkerThread "GC Thread#7"                     [id=33256, stack(0x0000003e74700000,0x0000003e74800000) (1024K)]
  0x000001d8b4e60300 ConcurrentGCThread "G1 Main Marker"            [id=17920, stack(0x0000003e73100000,0x0000003e73200000) (1024K)]
  0x000001d8b4e63b50 WorkerThread "G1 Conc#0"                       [id=37416, stack(0x0000003e73200000,0x0000003e73300000) (1024K)]
  0x000001d918300490 WorkerThread "G1 Conc#1"                       [id=27820, stack(0x0000003e74a00000,0x0000003e74b00000) (1024K)]
  0x000001d8d15fc4c0 ConcurrentGCThread "G1 Refine#0"               [id=31476, stack(0x0000003e73300000,0x0000003e73400000) (1024K)]
  0x000001d8d15fccf0 ConcurrentGCThread "G1 Service"                [id=19148, stack(0x0000003e73400000,0x0000003e73500000) (1024K)]
Total: 15

Threads with active compile tasks:
C2 CompilerThread0  53269 21427       4       com.google.B.B.C.E::A (9 bytes)
C2 CompilerThread1  53269 21615       4       com.google.B.B.C.C$_A::G (66 bytes)
C2 CompilerThread2  53269 21468       4       com.google.B.B.C.M::A (133 bytes)
Total: 3

VM state: at safepoint (normal execution)

VM Mutex/Monitor currently owned by a thread:  ([mutex/lock_event])
[0x00007ff8ebb03910] Threads_lock - owner thread: 0x000001d8d17449b0
[0x00007ff8ebb03a10] Heap_lock - owner thread: 0x000001d8b4dff3a0

Heap address: 0x000000008ae00000, size: 1874 MB, Compressed Oops mode: 32-bit

CDS archive(s) mapped at: [0x000001d8d2000000-0x000001d8d2d70000-0x000001d8d2d70000), size 14090240, SharedBaseAddress: 0x000001d8d2000000, ArchiveRelocationMode: 1.
Compressed class space mapped at: 0x000001d8d3000000-0x000001d913000000, reserved size: 1073741824
Narrow klass base: 0x000001d8d2000000, Narrow klass shift: 0, Narrow klass range: 0x41000000

GC Precious Log:
 CardTable entry size: 512
 Card Set container configuration: InlinePtr #cards 5 size 8 Array Of Cards #cards 10 size 36 Howl #buckets 4 coarsen threshold 1843 Howl Bitmap #cards 512 size 80 coarsen threshold 460 Card regions per heap region 1 cards per card region 2048
 CPUs: 8 total, 8 available
 Memory: 7488M
 Large Page Support: Disabled
 NUMA Support: Disabled
 Compressed Oops: Enabled (32-bit)
 Heap Region Size: 1M
 Heap Min Capacity: 8M
 Heap Initial Capacity: 118M
 Heap Max Capacity: 1874M
 Pre-touch: Disabled
 Parallel Workers: 8
 Concurrent Workers: 2
 Concurrent Refinement Workers: 8
 Periodic GC: Disabled

Heap:
 garbage-first heap   total reserved 1918976K, committed 318464K, used 203221K [0x000000008ae00000, 0x0000000100000000)
  region size 1024K, 5 young (5120K), 5 survivors (5120K)
 Metaspace       used 135396K, committed 136960K, reserved 1179648K
  class space    used 16295K, committed 17024K, reserved 1048576K

Heap Regions: E=young(eden), S=young(survivor), O=old, HS=humongous(starts), HC=humongous(continues), CS=collection set, F=free, TAMS=top-at-mark-start, PB=parsable bottom
|   0|0x000000008ae00000, 0x000000008af00000, 0x000000008af00000|100%| O|  |TAMS 0x000000008ae00000| PB 0x000000008ae00000| Untracked |  0
|   1|0x000000008af00000, 0x000000008b000000, 0x000000008b000000|100%| O|  |TAMS 0x000000008af00000| PB 0x000000008af00000| Untracked |  0
|   2|0x000000008b000000, 0x000000008b100000, 0x000000008b100000|100%| O|  |TAMS 0x000000008b000000| PB 0x000000008b000000| Untracked |  0
|   3|0x000000008b100000, 0x000000008b200000, 0x000000008b200000|100%| O|  |TAMS 0x000000008b100000| PB 0x000000008b100000| Untracked |  0
|   4|0x000000008b200000, 0x000000008b300000, 0x000000008b300000|100%| O|  |TAMS 0x000000008b200000| PB 0x000000008b200000| Untracked |  0
|   5|0x000000008b300000, 0x000000008b400000, 0x000000008b400000|100%| O|  |TAMS 0x000000008b300000| PB 0x000000008b300000| Untracked |  0
|   6|0x000000008b400000, 0x000000008b500000, 0x000000008b500000|100%| O|  |TAMS 0x000000008b400000| PB 0x000000008b400000| Untracked |  0
|   7|0x000000008b500000, 0x000000008b600000, 0x000000008b600000|100%| O|  |TAMS 0x000000008b500000| PB 0x000000008b500000| Untracked |  0
|   8|0x000000008b600000, 0x000000008b700000, 0x000000008b700000|100%| O|  |TAMS 0x000000008b600000| PB 0x000000008b600000| Untracked |  0
|   9|0x000000008b700000, 0x000000008b800000, 0x000000008b800000|100%| O|  |TAMS 0x000000008b700000| PB 0x000000008b700000| Untracked |  0
|  10|0x000000008b800000, 0x000000008b900000, 0x000000008b900000|100%| O|  |TAMS 0x000000008b800000| PB 0x000000008b800000| Untracked |  0
|  11|0x000000008b900000, 0x000000008ba00000, 0x000000008ba00000|100%| O|  |TAMS 0x000000008b900000| PB 0x000000008b900000| Untracked |  0
|  12|0x000000008ba00000, 0x000000008bb00000, 0x000000008bb00000|100%| O|  |TAMS 0x000000008ba00000| PB 0x000000008ba00000| Untracked |  0
|  13|0x000000008bb00000, 0x000000008bc00000, 0x000000008bc00000|100%| O|  |TAMS 0x000000008bb00000| PB 0x000000008bb00000| Untracked |  0
|  14|0x000000008bc00000, 0x000000008bd00000, 0x000000008bd00000|100%| O|  |TAMS 0x000000008bc00000| PB 0x000000008bc00000| Untracked |  0
|  15|0x000000008bd00000, 0x000000008be00000, 0x000000008be00000|100%| O|  |TAMS 0x000000008bd00000| PB 0x000000008bd00000| Untracked |  0
|  16|0x000000008be00000, 0x000000008bf00000, 0x000000008bf00000|100%| O|  |TAMS 0x000000008be00000| PB 0x000000008be00000| Untracked |  0
|  17|0x000000008bf00000, 0x000000008c000000, 0x000000008c000000|100%| O|  |TAMS 0x000000008bf00000| PB 0x000000008bf00000| Untracked |  0
|  18|0x000000008c000000, 0x000000008c100000, 0x000000008c100000|100%| O|  |TAMS 0x000000008c000000| PB 0x000000008c000000| Untracked |  0
|  19|0x000000008c100000, 0x000000008c200000, 0x000000008c200000|100%| O|  |TAMS 0x000000008c100000| PB 0x000000008c100000| Untracked |  0
|  20|0x000000008c200000, 0x000000008c300000, 0x000000008c300000|100%| O|  |TAMS 0x000000008c200000| PB 0x000000008c200000| Untracked |  0
|  21|0x000000008c300000, 0x000000008c400000, 0x000000008c400000|100%| O|  |TAMS 0x000000008c300000| PB 0x000000008c300000| Untracked |  0
|  22|0x000000008c400000, 0x000000008c500000, 0x000000008c500000|100%| O|  |TAMS 0x000000008c400000| PB 0x000000008c400000| Untracked |  0
|  23|0x000000008c500000, 0x000000008c600000, 0x000000008c600000|100%| O|  |TAMS 0x000000008c500000| PB 0x000000008c500000| Untracked |  0
|  24|0x000000008c600000, 0x000000008c700000, 0x000000008c700000|100%|HS|  |TAMS 0x000000008c600000| PB 0x000000008c600000| Complete |  0
|  25|0x000000008c700000, 0x000000008c800000, 0x000000008c800000|100%| O|  |TAMS 0x000000008c700000| PB 0x000000008c700000| Untracked |  0
|  26|0x000000008c800000, 0x000000008c900000, 0x000000008c900000|100%| O|  |TAMS 0x000000008c800000| PB 0x000000008c800000| Untracked |  0
|  27|0x000000008c900000, 0x000000008ca00000, 0x000000008ca00000|100%| O|  |TAMS 0x000000008c900000| PB 0x000000008c900000| Untracked |  0
|  28|0x000000008ca00000, 0x000000008cb00000, 0x000000008cb00000|100%| O|  |TAMS 0x000000008ca00000| PB 0x000000008ca00000| Untracked |  0
|  29|0x000000008cb00000, 0x000000008cc00000, 0x000000008cc00000|100%| O|  |TAMS 0x000000008cb00000| PB 0x000000008cb00000| Untracked |  0
|  30|0x000000008cc00000, 0x000000008cd00000, 0x000000008cd00000|100%| O|  |TAMS 0x000000008cc00000| PB 0x000000008cc00000| Untracked |  0
|  31|0x000000008cd00000, 0x000000008ce00000, 0x000000008ce00000|100%| O|  |TAMS 0x000000008cd00000| PB 0x000000008cd00000| Untracked |  0
|  32|0x000000008ce00000, 0x000000008cf00000, 0x000000008cf00000|100%| O|  |TAMS 0x000000008ce00000| PB 0x000000008ce00000| Untracked |  0
|  33|0x000000008cf00000, 0x000000008d000000, 0x000000008d000000|100%| O|  |TAMS 0x000000008cf00000| PB 0x000000008cf00000| Untracked |  0
|  34|0x000000008d000000, 0x000000008d100000, 0x000000008d100000|100%| O|  |TAMS 0x000000008d000000| PB 0x000000008d000000| Untracked |  0
|  35|0x000000008d100000, 0x000000008d200000, 0x000000008d200000|100%|HS|  |TAMS 0x000000008d100000| PB 0x000000008d100000| Complete |  0
|  36|0x000000008d200000, 0x000000008d300000, 0x000000008d300000|100%|HC|  |TAMS 0x000000008d200000| PB 0x000000008d200000| Complete |  0
|  37|0x000000008d300000, 0x000000008d400000, 0x000000008d400000|100%|HC|  |TAMS 0x000000008d300000| PB 0x000000008d300000| Complete |  0
|  38|0x000000008d400000, 0x000000008d500000, 0x000000008d500000|100%|HC|  |TAMS 0x000000008d400000| PB 0x000000008d400000| Complete |  0
|  39|0x000000008d500000, 0x000000008d600000, 0x000000008d600000|100%| O|  |TAMS 0x000000008d500000| PB 0x000000008d500000| Untracked |  0
|  40|0x000000008d600000, 0x000000008d700000, 0x000000008d700000|100%| O|  |TAMS 0x000000008d600000| PB 0x000000008d600000| Untracked |  0
|  41|0x000000008d700000, 0x000000008d800000, 0x000000008d800000|100%| O|  |TAMS 0x000000008d700000| PB 0x000000008d700000| Untracked |  0
|  42|0x000000008d800000, 0x000000008d900000, 0x000000008d900000|100%| O|  |TAMS 0x000000008d800000| PB 0x000000008d800000| Untracked |  0
|  43|0x000000008d900000, 0x000000008da00000, 0x000000008da00000|100%| O|  |TAMS 0x000000008d900000| PB 0x000000008d900000| Untracked |  0
|  44|0x000000008da00000, 0x000000008db00000, 0x000000008db00000|100%| O|  |TAMS 0x000000008da00000| PB 0x000000008da00000| Untracked |  0
|  45|0x000000008db00000, 0x000000008dc00000, 0x000000008dc00000|100%| O|  |TAMS 0x000000008db00000| PB 0x000000008db00000| Untracked |  0
|  46|0x000000008dc00000, 0x000000008dd00000, 0x000000008dd00000|100%| O|  |TAMS 0x000000008dc00000| PB 0x000000008dc00000| Untracked |  0
|  47|0x000000008dd00000, 0x000000008de00000, 0x000000008de00000|100%| O|  |TAMS 0x000000008dd00000| PB 0x000000008dd00000| Untracked |  0
|  48|0x000000008de00000, 0x000000008df00000, 0x000000008df00000|100%| O|  |TAMS 0x000000008de00000| PB 0x000000008de00000| Untracked |  0
|  49|0x000000008df00000, 0x000000008e000000, 0x000000008e000000|100%| O|  |TAMS 0x000000008df00000| PB 0x000000008df00000| Untracked |  0
|  50|0x000000008e000000, 0x000000008e100000, 0x000000008e100000|100%| O|  |TAMS 0x000000008e000000| PB 0x000000008e000000| Untracked |  0
|  51|0x000000008e100000, 0x000000008e200000, 0x000000008e200000|100%| O|  |TAMS 0x000000008e100000| PB 0x000000008e100000| Untracked |  0
|  52|0x000000008e200000, 0x000000008e300000, 0x000000008e300000|100%| O|  |TAMS 0x000000008e200000| PB 0x000000008e200000| Untracked |  0
|  53|0x000000008e300000, 0x000000008e400000, 0x000000008e400000|100%| O|  |TAMS 0x000000008e300000| PB 0x000000008e300000| Untracked |  0
|  54|0x000000008e400000, 0x000000008e500000, 0x000000008e500000|100%| O|  |TAMS 0x000000008e400000| PB 0x000000008e400000| Untracked |  0
|  55|0x000000008e500000, 0x000000008e600000, 0x000000008e600000|100%| O|  |TAMS 0x000000008e500000| PB 0x000000008e500000| Untracked |  0
|  56|0x000000008e600000, 0x000000008e700000, 0x000000008e700000|100%| O|  |TAMS 0x000000008e600000| PB 0x000000008e600000| Untracked |  0
|  57|0x000000008e700000, 0x000000008e800000, 0x000000008e800000|100%| O|  |TAMS 0x000000008e700000| PB 0x000000008e700000| Untracked |  0
|  58|0x000000008e800000, 0x000000008e900000, 0x000000008e900000|100%| O|  |TAMS 0x000000008e800000| PB 0x000000008e800000| Untracked |  0
|  59|0x000000008e900000, 0x000000008ea00000, 0x000000008ea00000|100%| O|  |TAMS 0x000000008e900000| PB 0x000000008e900000| Untracked |  0
|  60|0x000000008ea00000, 0x000000008eb00000, 0x000000008eb00000|100%| O|  |TAMS 0x000000008ea00000| PB 0x000000008ea00000| Untracked |  0
|  61|0x000000008eb00000, 0x000000008ec00000, 0x000000008ec00000|100%|HS|  |TAMS 0x000000008eb00000| PB 0x000000008eb00000| Complete |  0
|  62|0x000000008ec00000, 0x000000008ed00000, 0x000000008ed00000|100%|HC|  |TAMS 0x000000008ec00000| PB 0x000000008ec00000| Complete |  0
|  63|0x000000008ed00000, 0x000000008ee00000, 0x000000008ee00000|100%| O|  |TAMS 0x000000008ed00000| PB 0x000000008ed00000| Untracked |  0
|  64|0x000000008ee00000, 0x000000008ee00000, 0x000000008ef00000|  0%| F|  |TAMS 0x000000008ee00000| PB 0x000000008ee00000| Untracked |  0
|  65|0x000000008ef00000, 0x000000008f000000, 0x000000008f000000|100%| O|  |TAMS 0x000000008ef00000| PB 0x000000008ef00000| Untracked |  0
|  66|0x000000008f000000, 0x000000008f100000, 0x000000008f100000|100%| O|  |TAMS 0x000000008f000000| PB 0x000000008f000000| Untracked |  0
|  67|0x000000008f100000, 0x000000008f200000, 0x000000008f200000|100%| O|  |TAMS 0x000000008f100000| PB 0x000000008f100000| Untracked |  0
|  68|0x000000008f200000, 0x000000008f300000, 0x000000008f300000|100%| O|  |TAMS 0x000000008f200000| PB 0x000000008f200000| Untracked |  0
|  69|0x000000008f300000, 0x000000008f400000, 0x000000008f400000|100%| O|  |TAMS 0x000000008f300000| PB 0x000000008f300000| Untracked |  0
|  70|0x000000008f400000, 0x000000008f500000, 0x000000008f500000|100%| O|  |TAMS 0x000000008f400000| PB 0x000000008f400000| Untracked |  0
|  71|0x000000008f500000, 0x000000008f600000, 0x000000008f600000|100%| O|  |TAMS 0x000000008f500000| PB 0x000000008f500000| Untracked |  0
|  72|0x000000008f600000, 0x000000008f700000, 0x000000008f700000|100%| O|  |TAMS 0x000000008f600000| PB 0x000000008f600000| Untracked |  0
|  73|0x000000008f700000, 0x000000008f800000, 0x000000008f800000|100%| O|  |TAMS 0x000000008f700000| PB 0x000000008f700000| Untracked |  0
|  74|0x000000008f800000, 0x000000008f900000, 0x000000008f900000|100%| O|  |TAMS 0x000000008f800000| PB 0x000000008f800000| Untracked |  0
|  75|0x000000008f900000, 0x000000008fa00000, 0x000000008fa00000|100%| O|  |TAMS 0x000000008f900000| PB 0x000000008f900000| Untracked |  0
|  76|0x000000008fa00000, 0x000000008fb00000, 0x000000008fb00000|100%| O|  |TAMS 0x000000008fa00000| PB 0x000000008fa00000| Untracked |  0
|  77|0x000000008fb00000, 0x000000008fc00000, 0x000000008fc00000|100%| O|  |TAMS 0x000000008fb00000| PB 0x000000008fb00000| Untracked |  0
|  78|0x000000008fc00000, 0x000000008fd00000, 0x000000008fd00000|100%| O|  |TAMS 0x000000008fc00000| PB 0x000000008fc00000| Untracked |  0
|  79|0x000000008fd00000, 0x000000008fe00000, 0x000000008fe00000|100%| O|  |TAMS 0x000000008fd00000| PB 0x000000008fd00000| Untracked |  0
|  80|0x000000008fe00000, 0x000000008ff00000, 0x000000008ff00000|100%| O|  |TAMS 0x000000008fe00000| PB 0x000000008fe00000| Untracked |  0
|  81|0x000000008ff00000, 0x0000000090000000, 0x0000000090000000|100%| O|  |TAMS 0x000000008ff00000| PB 0x000000008ff00000| Untracked |  0
|  82|0x0000000090000000, 0x0000000090100000, 0x0000000090100000|100%| O|  |TAMS 0x0000000090000000| PB 0x0000000090000000| Untracked |  0
|  83|0x0000000090100000, 0x0000000090200000, 0x0000000090200000|100%| O|  |TAMS 0x0000000090100000| PB 0x0000000090100000| Untracked |  0
|  84|0x0000000090200000, 0x0000000090300000, 0x0000000090300000|100%| O|  |TAMS 0x0000000090200000| PB 0x0000000090200000| Untracked |  0
|  85|0x0000000090300000, 0x0000000090400000, 0x0000000090400000|100%| O|  |TAMS 0x0000000090300000| PB 0x0000000090300000| Untracked |  0
|  86|0x0000000090400000, 0x0000000090500000, 0x0000000090500000|100%| O|  |TAMS 0x0000000090400000| PB 0x0000000090400000| Untracked |  0
|  87|0x0000000090500000, 0x0000000090600000, 0x0000000090600000|100%| O|  |TAMS 0x0000000090500000| PB 0x0000000090500000| Untracked |  0
|  88|0x0000000090600000, 0x0000000090700000, 0x0000000090700000|100%| O|  |TAMS 0x0000000090600000| PB 0x0000000090600000| Untracked |  0
|  89|0x0000000090700000, 0x0000000090800000, 0x0000000090800000|100%| O|  |TAMS 0x0000000090700000| PB 0x0000000090700000| Untracked |  0
|  90|0x0000000090800000, 0x0000000090900000, 0x0000000090900000|100%| O|  |TAMS 0x0000000090800000| PB 0x0000000090800000| Untracked |  0
|  91|0x0000000090900000, 0x0000000090a00000, 0x0000000090a00000|100%| O|  |TAMS 0x0000000090900000| PB 0x0000000090900000| Untracked |  0
|  92|0x0000000090a00000, 0x0000000090b00000, 0x0000000090b00000|100%| O|  |TAMS 0x0000000090a00000| PB 0x0000000090a00000| Untracked |  0
|  93|0x0000000090b00000, 0x0000000090c00000, 0x0000000090c00000|100%| O|  |TAMS 0x0000000090b00000| PB 0x0000000090b00000| Untracked |  0
|  94|0x0000000090c00000, 0x0000000090d00000, 0x0000000090d00000|100%| O|  |TAMS 0x0000000090c00000| PB 0x0000000090c00000| Untracked |  0
|  95|0x0000000090d00000, 0x0000000090e00000, 0x0000000090e00000|100%| O|  |TAMS 0x0000000090d00000| PB 0x0000000090d00000| Untracked |  0
|  96|0x0000000090e00000, 0x0000000090f00000, 0x0000000090f00000|100%| O|  |TAMS 0x0000000090e00000| PB 0x0000000090e00000| Untracked |  0
|  97|0x0000000090f00000, 0x0000000091000000, 0x0000000091000000|100%| O|  |TAMS 0x0000000090f00000| PB 0x0000000090f00000| Untracked |  0
|  98|0x0000000091000000, 0x0000000091100000, 0x0000000091100000|100%| O|  |TAMS 0x0000000091000000| PB 0x0000000091000000| Untracked |  0
|  99|0x0000000091100000, 0x0000000091200000, 0x0000000091200000|100%| O|  |TAMS 0x0000000091100000| PB 0x0000000091100000| Untracked |  0
| 100|0x0000000091200000, 0x0000000091300000, 0x0000000091300000|100%| O|  |TAMS 0x0000000091200000| PB 0x0000000091200000| Untracked |  0
| 101|0x0000000091300000, 0x0000000091400000, 0x0000000091400000|100%| O|  |TAMS 0x0000000091300000| PB 0x0000000091300000| Untracked |  0
| 102|0x0000000091400000, 0x0000000091500000, 0x0000000091500000|100%| O|  |TAMS 0x0000000091400000| PB 0x0000000091400000| Untracked |  0
| 103|0x0000000091500000, 0x0000000091600000, 0x0000000091600000|100%| O|  |TAMS 0x0000000091500000| PB 0x0000000091500000| Untracked |  0
| 104|0x0000000091600000, 0x0000000091700000, 0x0000000091700000|100%| O|  |TAMS 0x0000000091600000| PB 0x0000000091600000| Untracked |  0
| 105|0x0000000091700000, 0x0000000091800000, 0x0000000091800000|100%| O|  |TAMS 0x0000000091700000| PB 0x0000000091700000| Untracked |  0
| 106|0x0000000091800000, 0x0000000091900000, 0x0000000091900000|100%| O|  |TAMS 0x0000000091800000| PB 0x0000000091800000| Untracked |  0
| 107|0x0000000091900000, 0x0000000091a00000, 0x0000000091a00000|100%| O|  |TAMS 0x0000000091900000| PB 0x0000000091900000| Untracked |  0
| 108|0x0000000091a00000, 0x0000000091b00000, 0x0000000091b00000|100%| O|  |TAMS 0x0000000091a00000| PB 0x0000000091a00000| Untracked |  0
| 109|0x0000000091b00000, 0x0000000091b00000, 0x0000000091c00000|  0%| F|  |TAMS 0x0000000091b00000| PB 0x0000000091b00000| Untracked |  0
| 110|0x0000000091c00000, 0x0000000091d00000, 0x0000000091d00000|100%| O|  |TAMS 0x0000000091c00000| PB 0x0000000091c00000| Untracked |  0
| 111|0x0000000091d00000, 0x0000000091e00000, 0x0000000091e00000|100%|HS|  |TAMS 0x0000000091d00000| PB 0x0000000091d00000| Complete |  0
| 112|0x0000000091e00000, 0x0000000091f00000, 0x0000000091f00000|100%| O|  |TAMS 0x0000000091e00000| PB 0x0000000091e00000| Untracked |  0
| 113|0x0000000091f00000, 0x0000000092000000, 0x0000000092000000|100%| O|  |TAMS 0x0000000091f00000| PB 0x0000000091f00000| Untracked |  0
| 114|0x0000000092000000, 0x0000000092100000, 0x0000000092100000|100%| O|  |TAMS 0x0000000092000000| PB 0x0000000092000000| Untracked |  0
| 115|0x0000000092100000, 0x0000000092200000, 0x0000000092200000|100%| O|  |TAMS 0x0000000092100000| PB 0x0000000092100000| Untracked |  0
| 116|0x0000000092200000, 0x0000000092300000, 0x0000000092300000|100%| O|  |TAMS 0x0000000092200000| PB 0x0000000092200000| Untracked |  0
| 117|0x0000000092300000, 0x0000000092400000, 0x0000000092400000|100%| O|  |TAMS 0x0000000092300000| PB 0x0000000092300000| Untracked |  0
| 118|0x0000000092400000, 0x0000000092500000, 0x0000000092500000|100%| O|  |TAMS 0x0000000092400000| PB 0x0000000092400000| Untracked |  0
| 119|0x0000000092500000, 0x0000000092600000, 0x0000000092600000|100%| O|  |TAMS 0x0000000092500000| PB 0x0000000092500000| Untracked |  0
| 120|0x0000000092600000, 0x0000000092700000, 0x0000000092700000|100%| O|  |TAMS 0x0000000092600000| PB 0x0000000092600000| Untracked |  0
| 121|0x0000000092700000, 0x0000000092800000, 0x0000000092800000|100%| O|  |TAMS 0x0000000092700000| PB 0x0000000092700000| Untracked |  0
| 122|0x0000000092800000, 0x0000000092900000, 0x0000000092900000|100%| O|  |TAMS 0x0000000092800000| PB 0x0000000092800000| Untracked |  0
| 123|0x0000000092900000, 0x0000000092a00000, 0x0000000092a00000|100%| O|  |TAMS 0x0000000092900000| PB 0x0000000092900000| Untracked |  0
| 124|0x0000000092a00000, 0x0000000092b00000, 0x0000000092b00000|100%| O|  |TAMS 0x0000000092a00000| PB 0x0000000092a00000| Untracked |  0
| 125|0x0000000092b00000, 0x0000000092c00000, 0x0000000092c00000|100%| O|  |TAMS 0x0000000092b00000| PB 0x0000000092b00000| Untracked |  0
| 126|0x0000000092c00000, 0x0000000092d00000, 0x0000000092d00000|100%| O|  |TAMS 0x0000000092c00000| PB 0x0000000092c00000| Untracked |  0
| 127|0x0000000092d00000, 0x0000000092e00000, 0x0000000092e00000|100%| O|  |TAMS 0x0000000092d00000| PB 0x0000000092d00000| Untracked |  0
| 128|0x0000000092e00000, 0x0000000092e00000, 0x0000000092f00000|  0%| F|  |TAMS 0x0000000092e00000| PB 0x0000000092e00000| Untracked |  0
| 129|0x0000000092f00000, 0x0000000092f00000, 0x0000000093000000|  0%| F|  |TAMS 0x0000000092f00000| PB 0x0000000092f00000| Untracked |  0
| 130|0x0000000093000000, 0x0000000093100000, 0x0000000093100000|100%| O|  |TAMS 0x0000000093000000| PB 0x0000000093000000| Untracked |  0
| 131|0x0000000093100000, 0x0000000093200000, 0x0000000093200000|100%| O|  |TAMS 0x0000000093100000| PB 0x0000000093100000| Untracked |  0
| 132|0x0000000093200000, 0x0000000093300000, 0x0000000093300000|100%| O|  |TAMS 0x0000000093200000| PB 0x0000000093200000| Untracked |  0
| 133|0x0000000093300000, 0x0000000093400000, 0x0000000093400000|100%| O|  |TAMS 0x0000000093300000| PB 0x0000000093300000| Untracked |  0
| 134|0x0000000093400000, 0x0000000093500000, 0x0000000093500000|100%| O|  |TAMS 0x0000000093400000| PB 0x0000000093400000| Untracked |  0
| 135|0x0000000093500000, 0x0000000093600000, 0x0000000093600000|100%| O|  |TAMS 0x0000000093500000| PB 0x0000000093500000| Untracked |  0
| 136|0x0000000093600000, 0x0000000093700000, 0x0000000093700000|100%| O|  |TAMS 0x0000000093600000| PB 0x0000000093600000| Untracked |  0
| 137|0x0000000093700000, 0x0000000093800000, 0x0000000093800000|100%| O|  |TAMS 0x0000000093700000| PB 0x0000000093700000| Untracked |  0
| 138|0x0000000093800000, 0x0000000093900000, 0x0000000093900000|100%| O|  |TAMS 0x0000000093800000| PB 0x0000000093800000| Untracked |  0
| 139|0x0000000093900000, 0x0000000093a00000, 0x0000000093a00000|100%| O|  |TAMS 0x0000000093900000| PB 0x0000000093900000| Untracked |  0
| 140|0x0000000093a00000, 0x0000000093b00000, 0x0000000093b00000|100%| O|  |TAMS 0x0000000093a00000| PB 0x0000000093a00000| Untracked |  0
| 141|0x0000000093b00000, 0x0000000093c00000, 0x0000000093c00000|100%| O|  |TAMS 0x0000000093b00000| PB 0x0000000093b00000| Untracked |  0
| 142|0x0000000093c00000, 0x0000000093d00000, 0x0000000093d00000|100%| O|  |TAMS 0x0000000093c00000| PB 0x0000000093c00000| Untracked |  0
| 143|0x0000000093d00000, 0x0000000093e00000, 0x0000000093e00000|100%|HS|  |TAMS 0x0000000093d00000| PB 0x0000000093d00000| Complete |  0
| 144|0x0000000093e00000, 0x0000000093f00000, 0x0000000093f00000|100%|HS|  |TAMS 0x0000000093e00000| PB 0x0000000093e00000| Complete |  0
| 145|0x0000000093f00000, 0x0000000094000000, 0x0000000094000000|100%| O|  |TAMS 0x0000000093f00000| PB 0x0000000093f00000| Untracked |  0
| 146|0x0000000094000000, 0x0000000094100000, 0x0000000094100000|100%| O|  |TAMS 0x0000000094000000| PB 0x0000000094000000| Untracked |  0
| 147|0x0000000094100000, 0x0000000094200000, 0x0000000094200000|100%| O|  |TAMS 0x0000000094100000| PB 0x0000000094100000| Untracked |  0
| 148|0x0000000094200000, 0x0000000094300000, 0x0000000094300000|100%| O|  |TAMS 0x0000000094200000| PB 0x0000000094200000| Untracked |  0
| 149|0x0000000094300000, 0x0000000094400000, 0x0000000094400000|100%| O|  |TAMS 0x0000000094300000| PB 0x0000000094300000| Untracked |  0
| 150|0x0000000094400000, 0x0000000094500000, 0x0000000094500000|100%| O|  |TAMS 0x0000000094400000| PB 0x0000000094400000| Untracked |  0
| 151|0x0000000094500000, 0x0000000094600000, 0x0000000094600000|100%| O|  |TAMS 0x0000000094500000| PB 0x0000000094500000| Untracked |  0
| 152|0x0000000094600000, 0x0000000094700000, 0x0000000094700000|100%| O|  |TAMS 0x0000000094600000| PB 0x0000000094600000| Untracked |  0
| 153|0x0000000094700000, 0x0000000094800000, 0x0000000094800000|100%| O|  |TAMS 0x0000000094700000| PB 0x0000000094700000| Untracked |  0
| 154|0x0000000094800000, 0x0000000094900000, 0x0000000094900000|100%| O|  |TAMS 0x0000000094800000| PB 0x0000000094800000| Untracked |  0
| 155|0x0000000094900000, 0x0000000094a00000, 0x0000000094a00000|100%| O|  |TAMS 0x0000000094900000| PB 0x0000000094900000| Untracked |  0
| 156|0x0000000094a00000, 0x0000000094b00000, 0x0000000094b00000|100%| O|  |TAMS 0x0000000094a00000| PB 0x0000000094a00000| Untracked |  0
| 157|0x0000000094b00000, 0x0000000094c00000, 0x0000000094c00000|100%| O|  |TAMS 0x0000000094b00000| PB 0x0000000094b00000| Untracked |  0
| 158|0x0000000094c00000, 0x0000000094d00000, 0x0000000094d00000|100%| O|  |TAMS 0x0000000094c00000| PB 0x0000000094c00000| Untracked |  0
| 159|0x0000000094d00000, 0x0000000094e00000, 0x0000000094e00000|100%| O|  |TAMS 0x0000000094d00000| PB 0x0000000094d00000| Untracked |  0
| 160|0x0000000094e00000, 0x0000000094f00000, 0x0000000094f00000|100%| O|  |TAMS 0x0000000094e00000| PB 0x0000000094e00000| Untracked |  0
| 161|0x0000000094f00000, 0x0000000095000000, 0x0000000095000000|100%| O|  |TAMS 0x0000000094f00000| PB 0x0000000094f00000| Untracked |  0
| 162|0x0000000095000000, 0x0000000095100000, 0x0000000095100000|100%| O|  |TAMS 0x0000000095000000| PB 0x0000000095000000| Untracked |  0
| 163|0x0000000095100000, 0x0000000095200000, 0x0000000095200000|100%| O|  |TAMS 0x0000000095100000| PB 0x0000000095100000| Untracked |  0
| 164|0x0000000095200000, 0x0000000095300000, 0x0000000095300000|100%| O|  |TAMS 0x0000000095200000| PB 0x0000000095200000| Untracked |  0
| 165|0x0000000095300000, 0x0000000095400000, 0x0000000095400000|100%| O|  |TAMS 0x0000000095300000| PB 0x0000000095300000| Untracked |  0
| 166|0x0000000095400000, 0x0000000095400000, 0x0000000095500000|  0%| F|  |TAMS 0x0000000095400000| PB 0x0000000095400000| Untracked |  0
| 167|0x0000000095500000, 0x0000000095500000, 0x0000000095600000|  0%| F|  |TAMS 0x0000000095500000| PB 0x0000000095500000| Untracked |  0
| 168|0x0000000095600000, 0x0000000095600000, 0x0000000095700000|  0%| F|  |TAMS 0x0000000095600000| PB 0x0000000095600000| Untracked |  0
| 169|0x0000000095700000, 0x0000000095700000, 0x0000000095800000|  0%| F|  |TAMS 0x0000000095700000| PB 0x0000000095700000| Untracked |  0
| 170|0x0000000095800000, 0x0000000095800000, 0x0000000095900000|  0%| F|  |TAMS 0x0000000095800000| PB 0x0000000095800000| Untracked |  0
| 171|0x0000000095900000, 0x0000000095900000, 0x0000000095a00000|  0%| F|  |TAMS 0x0000000095900000| PB 0x0000000095900000| Untracked |  0
| 172|0x0000000095a00000, 0x0000000095a00000, 0x0000000095b00000|  0%| F|  |TAMS 0x0000000095a00000| PB 0x0000000095a00000| Untracked |  0
| 173|0x0000000095b00000, 0x0000000095b00000, 0x0000000095c00000|  0%| F|  |TAMS 0x0000000095b00000| PB 0x0000000095b00000| Untracked |  0
| 174|0x0000000095c00000, 0x0000000095c00000, 0x0000000095d00000|  0%| F|  |TAMS 0x0000000095c00000| PB 0x0000000095c00000| Untracked |  0
| 175|0x0000000095d00000, 0x0000000095d00000, 0x0000000095e00000|  0%| F|  |TAMS 0x0000000095d00000| PB 0x0000000095d00000| Untracked |  0
| 176|0x0000000095e00000, 0x0000000095e00000, 0x0000000095f00000|  0%| F|  |TAMS 0x0000000095e00000| PB 0x0000000095e00000| Untracked |  0
| 177|0x0000000095f00000, 0x0000000096000000, 0x0000000096000000|100%|HS|  |TAMS 0x0000000095f00000| PB 0x0000000095f00000| Complete |  0
| 178|0x0000000096000000, 0x0000000096100000, 0x0000000096100000|100%|HC|  |TAMS 0x0000000096000000| PB 0x0000000096000000| Complete |  0
| 179|0x0000000096100000, 0x0000000096200000, 0x0000000096200000|100%|HC|  |TAMS 0x0000000096100000| PB 0x0000000096100000| Complete |  0
| 180|0x0000000096200000, 0x0000000096300000, 0x0000000096300000|100%| O|  |TAMS 0x0000000096200000| PB 0x0000000096200000| Untracked |  0
| 181|0x0000000096300000, 0x0000000096400000, 0x0000000096400000|100%| O|  |TAMS 0x0000000096300000| PB 0x0000000096300000| Untracked |  0
| 182|0x0000000096400000, 0x0000000096500000, 0x0000000096500000|100%| O|  |TAMS 0x0000000096400000| PB 0x0000000096400000| Untracked |  0
| 183|0x0000000096500000, 0x0000000096600000, 0x0000000096600000|100%| O|  |TAMS 0x0000000096500000| PB 0x0000000096500000| Untracked |  0
| 184|0x0000000096600000, 0x0000000096700000, 0x0000000096700000|100%| O|  |TAMS 0x0000000096600000| PB 0x0000000096600000| Untracked |  0
| 185|0x0000000096700000, 0x0000000096800000, 0x0000000096800000|100%| O|  |TAMS 0x0000000096700000| PB 0x0000000096700000| Untracked |  0
| 186|0x0000000096800000, 0x0000000096900000, 0x0000000096900000|100%| O|  |TAMS 0x0000000096800000| PB 0x0000000096800000| Untracked |  0
| 187|0x0000000096900000, 0x0000000096a00000, 0x0000000096a00000|100%| O|  |TAMS 0x0000000096900000| PB 0x0000000096900000| Untracked |  0
| 188|0x0000000096a00000, 0x0000000096b00000, 0x0000000096b00000|100%| O|  |TAMS 0x0000000096a00000| PB 0x0000000096a00000| Untracked |  0
| 189|0x0000000096b00000, 0x0000000096c00000, 0x0000000096c00000|100%| O|  |TAMS 0x0000000096b00000| PB 0x0000000096b00000| Untracked |  0
| 190|0x0000000096c00000, 0x0000000096d00000, 0x0000000096d00000|100%| O|  |TAMS 0x0000000096c00000| PB 0x0000000096c00000| Untracked |  0
| 191|0x0000000096d00000, 0x0000000096e00000, 0x0000000096e00000|100%| O|  |TAMS 0x0000000096d00000| PB 0x0000000096d00000| Untracked |  0
| 192|0x0000000096e00000, 0x0000000096f00000, 0x0000000096f00000|100%| O|  |TAMS 0x0000000096e00000| PB 0x0000000096e00000| Untracked |  0
| 193|0x0000000096f00000, 0x0000000096f00000, 0x0000000097000000|  0%| F|  |TAMS 0x0000000096f00000| PB 0x0000000096f00000| Untracked |  0
| 194|0x0000000097000000, 0x0000000097000000, 0x0000000097100000|  0%| F|  |TAMS 0x0000000097000000| PB 0x0000000097000000| Untracked |  0
| 195|0x0000000097100000, 0x0000000097100000, 0x0000000097200000|  0%| F|  |TAMS 0x0000000097100000| PB 0x0000000097100000| Untracked |  0
| 196|0x0000000097200000, 0x0000000097200000, 0x0000000097300000|  0%| F|  |TAMS 0x0000000097200000| PB 0x0000000097200000| Untracked |  0
| 197|0x0000000097300000, 0x0000000097300000, 0x0000000097400000|  0%| F|  |TAMS 0x0000000097300000| PB 0x0000000097300000| Untracked |  0
| 198|0x0000000097400000, 0x0000000097400000, 0x0000000097500000|  0%| F|  |TAMS 0x0000000097400000| PB 0x0000000097400000| Untracked |  0
| 199|0x0000000097500000, 0x0000000097500000, 0x0000000097600000|  0%| F|  |TAMS 0x0000000097500000| PB 0x0000000097500000| Untracked |  0
| 200|0x0000000097600000, 0x0000000097600000, 0x0000000097700000|  0%| F|  |TAMS 0x0000000097600000| PB 0x0000000097600000| Untracked |  0
| 201|0x0000000097700000, 0x0000000097700000, 0x0000000097800000|  0%| F|  |TAMS 0x0000000097700000| PB 0x0000000097700000| Untracked |  0
| 202|0x0000000097800000, 0x0000000097800000, 0x0000000097900000|  0%| F|  |TAMS 0x0000000097800000| PB 0x0000000097800000| Untracked |  0
| 203|0x0000000097900000, 0x0000000097900000, 0x0000000097a00000|  0%| F|  |TAMS 0x0000000097900000| PB 0x0000000097900000| Untracked |  0
| 204|0x0000000097a00000, 0x0000000097a00000, 0x0000000097b00000|  0%| F|  |TAMS 0x0000000097a00000| PB 0x0000000097a00000| Untracked |  0
| 205|0x0000000097b00000, 0x0000000097b00000, 0x0000000097c00000|  0%| F|  |TAMS 0x0000000097b00000| PB 0x0000000097b00000| Untracked |  0
| 206|0x0000000097c00000, 0x0000000097c00000, 0x0000000097d00000|  0%| F|  |TAMS 0x0000000097c00000| PB 0x0000000097c00000| Untracked |  0
| 207|0x0000000097d00000, 0x0000000097d00000, 0x0000000097e00000|  0%| F|  |TAMS 0x0000000097d00000| PB 0x0000000097d00000| Untracked |  0
| 208|0x0000000097e00000, 0x0000000097e00000, 0x0000000097f00000|  0%| F|  |TAMS 0x0000000097e00000| PB 0x0000000097e00000| Untracked |  0
| 209|0x0000000097f00000, 0x0000000097f00000, 0x0000000098000000|  0%| F|  |TAMS 0x0000000097f00000| PB 0x0000000097f00000| Untracked |  0
| 210|0x0000000098000000, 0x0000000098000000, 0x0000000098100000|  0%| F|  |TAMS 0x0000000098000000| PB 0x0000000098000000| Untracked |  0
| 211|0x0000000098100000, 0x0000000098100000, 0x0000000098200000|  0%| F|  |TAMS 0x0000000098100000| PB 0x0000000098100000| Untracked |  0
| 212|0x0000000098200000, 0x0000000098200000, 0x0000000098300000|  0%| F|  |TAMS 0x0000000098200000| PB 0x0000000098200000| Untracked |  0
| 213|0x0000000098300000, 0x0000000098300000, 0x0000000098400000|  0%| F|  |TAMS 0x0000000098300000| PB 0x0000000098300000| Untracked |  0
| 214|0x0000000098400000, 0x0000000098400000, 0x0000000098500000|  0%| F|  |TAMS 0x0000000098400000| PB 0x0000000098400000| Untracked |  0
| 215|0x0000000098500000, 0x0000000098500000, 0x0000000098600000|  0%| F|  |TAMS 0x0000000098500000| PB 0x0000000098500000| Untracked |  0
| 216|0x0000000098600000, 0x0000000098600000, 0x0000000098700000|  0%| F|  |TAMS 0x0000000098600000| PB 0x0000000098600000| Untracked |  0
| 217|0x0000000098700000, 0x0000000098700000, 0x0000000098800000|  0%| F|  |TAMS 0x0000000098700000| PB 0x0000000098700000| Untracked |  0
| 218|0x0000000098800000, 0x0000000098800000, 0x0000000098900000|  0%| F|  |TAMS 0x0000000098800000| PB 0x0000000098800000| Untracked |  0
| 219|0x0000000098900000, 0x0000000098900000, 0x0000000098a00000|  0%| F|  |TAMS 0x0000000098900000| PB 0x0000000098900000| Untracked |  0
| 220|0x0000000098a00000, 0x0000000098a00000, 0x0000000098b00000|  0%| F|  |TAMS 0x0000000098a00000| PB 0x0000000098a00000| Untracked |  0
| 221|0x0000000098b00000, 0x0000000098b00000, 0x0000000098c00000|  0%| F|  |TAMS 0x0000000098b00000| PB 0x0000000098b00000| Untracked |  0
| 222|0x0000000098c00000, 0x0000000098c00000, 0x0000000098d00000|  0%| F|  |TAMS 0x0000000098c00000| PB 0x0000000098c00000| Untracked |  0
| 223|0x0000000098d00000, 0x0000000098d00000, 0x0000000098e00000|  0%| F|  |TAMS 0x0000000098d00000| PB 0x0000000098d00000| Untracked |  0
| 224|0x0000000098e00000, 0x0000000098e00000, 0x0000000098f00000|  0%| F|  |TAMS 0x0000000098e00000| PB 0x0000000098e00000| Untracked |  0
| 225|0x0000000098f00000, 0x0000000098f00000, 0x0000000099000000|  0%| F|  |TAMS 0x0000000098f00000| PB 0x0000000098f00000| Untracked |  0
| 226|0x0000000099000000, 0x0000000099000000, 0x0000000099100000|  0%| F|  |TAMS 0x0000000099000000| PB 0x0000000099000000| Untracked |  0
| 227|0x0000000099100000, 0x0000000099100000, 0x0000000099200000|  0%| F|  |TAMS 0x0000000099100000| PB 0x0000000099100000| Untracked |  0
| 228|0x0000000099200000, 0x0000000099200000, 0x0000000099300000|  0%| F|  |TAMS 0x0000000099200000| PB 0x0000000099200000| Untracked |  0
| 229|0x0000000099300000, 0x0000000099300000, 0x0000000099400000|  0%| F|  |TAMS 0x0000000099300000| PB 0x0000000099300000| Untracked |  0
| 230|0x0000000099400000, 0x0000000099400000, 0x0000000099500000|  0%| F|  |TAMS 0x0000000099400000| PB 0x0000000099400000| Untracked |  0
| 231|0x0000000099500000, 0x0000000099500000, 0x0000000099600000|  0%| F|  |TAMS 0x0000000099500000| PB 0x0000000099500000| Untracked |  0
| 232|0x0000000099600000, 0x0000000099600000, 0x0000000099700000|  0%| F|  |TAMS 0x0000000099600000| PB 0x0000000099600000| Untracked |  0
| 233|0x0000000099700000, 0x0000000099700000, 0x0000000099800000|  0%| F|  |TAMS 0x0000000099700000| PB 0x0000000099700000| Untracked |  0
| 234|0x0000000099800000, 0x0000000099875460, 0x0000000099900000| 45%| S|CS|TAMS 0x0000000099800000| PB 0x0000000099800000| Complete |  0
| 235|0x0000000099900000, 0x0000000099a00000, 0x0000000099a00000|100%| S|CS|TAMS 0x0000000099900000| PB 0x0000000099900000| Complete |  0
| 236|0x0000000099a00000, 0x0000000099b00000, 0x0000000099b00000|100%| S|CS|TAMS 0x0000000099a00000| PB 0x0000000099a00000| Complete |  0
| 237|0x0000000099b00000, 0x0000000099c00000, 0x0000000099c00000|100%| S|CS|TAMS 0x0000000099b00000| PB 0x0000000099b00000| Complete |  0
| 238|0x0000000099c00000, 0x0000000099d00000, 0x0000000099d00000|100%| S|CS|TAMS 0x0000000099c00000| PB 0x0000000099c00000| Complete |  0
| 239|0x0000000099d00000, 0x0000000099d00000, 0x0000000099e00000|  0%| F|  |TAMS 0x0000000099d00000| PB 0x0000000099d00000| Untracked |  0
| 240|0x0000000099e00000, 0x0000000099e00000, 0x0000000099f00000|  0%| F|  |TAMS 0x0000000099e00000| PB 0x0000000099e00000| Untracked |  0
| 241|0x0000000099f00000, 0x0000000099f00000, 0x000000009a000000|  0%| F|  |TAMS 0x0000000099f00000| PB 0x0000000099f00000| Untracked |  0
| 242|0x000000009a000000, 0x000000009a000000, 0x000000009a100000|  0%| F|  |TAMS 0x000000009a000000| PB 0x000000009a000000| Untracked |  0
| 243|0x000000009a100000, 0x000000009a100000, 0x000000009a200000|  0%| F|  |TAMS 0x000000009a100000| PB 0x000000009a100000| Untracked |  0
| 244|0x000000009a200000, 0x000000009a200000, 0x000000009a300000|  0%| F|  |TAMS 0x000000009a200000| PB 0x000000009a200000| Untracked |  0
| 245|0x000000009a300000, 0x000000009a300000, 0x000000009a400000|  0%| F|  |TAMS 0x000000009a300000| PB 0x000000009a300000| Untracked |  0
| 246|0x000000009a400000, 0x000000009a400000, 0x000000009a500000|  0%| F|  |TAMS 0x000000009a400000| PB 0x000000009a400000| Untracked |  0
| 247|0x000000009a500000, 0x000000009a500000, 0x000000009a600000|  0%| F|  |TAMS 0x000000009a500000| PB 0x000000009a500000| Untracked |  0
| 248|0x000000009a600000, 0x000000009a600000, 0x000000009a700000|  0%| F|  |TAMS 0x000000009a600000| PB 0x000000009a600000| Untracked |  0
| 249|0x000000009a700000, 0x000000009a700000, 0x000000009a800000|  0%| F|  |TAMS 0x000000009a700000| PB 0x000000009a700000| Untracked |  0
| 250|0x000000009a800000, 0x000000009a800000, 0x000000009a900000|  0%| F|  |TAMS 0x000000009a800000| PB 0x000000009a800000| Untracked |  0
| 251|0x000000009a900000, 0x000000009a900000, 0x000000009aa00000|  0%| F|  |TAMS 0x000000009a900000| PB 0x000000009a900000| Untracked |  0
| 252|0x000000009aa00000, 0x000000009aa00000, 0x000000009ab00000|  0%| F|  |TAMS 0x000000009aa00000| PB 0x000000009aa00000| Untracked |  0
| 253|0x000000009ab00000, 0x000000009ab00000, 0x000000009ac00000|  0%| F|  |TAMS 0x000000009ab00000| PB 0x000000009ab00000| Untracked |  0
| 254|0x000000009ac00000, 0x000000009ac00000, 0x000000009ad00000|  0%| F|  |TAMS 0x000000009ac00000| PB 0x000000009ac00000| Untracked |  0
| 255|0x000000009ad00000, 0x000000009ad00000, 0x000000009ae00000|  0%| F|  |TAMS 0x000000009ad00000| PB 0x000000009ad00000| Untracked |  0
| 256|0x000000009ae00000, 0x000000009ae00000, 0x000000009af00000|  0%| F|  |TAMS 0x000000009ae00000| PB 0x000000009ae00000| Untracked |  0
| 257|0x000000009af00000, 0x000000009af00000, 0x000000009b000000|  0%| F|  |TAMS 0x000000009af00000| PB 0x000000009af00000| Untracked |  0
| 258|0x000000009b000000, 0x000000009b000000, 0x000000009b100000|  0%| F|  |TAMS 0x000000009b000000| PB 0x000000009b000000| Untracked |  0
| 259|0x000000009b100000, 0x000000009b100000, 0x000000009b200000|  0%| F|  |TAMS 0x000000009b100000| PB 0x000000009b100000| Untracked |  0
| 260|0x000000009b200000, 0x000000009b200000, 0x000000009b300000|  0%| F|  |TAMS 0x000000009b200000| PB 0x000000009b200000| Untracked |  0
| 261|0x000000009b300000, 0x000000009b300000, 0x000000009b400000|  0%| F|  |TAMS 0x000000009b300000| PB 0x000000009b300000| Untracked |  0
| 262|0x000000009b400000, 0x000000009b400000, 0x000000009b500000|  0%| F|  |TAMS 0x000000009b400000| PB 0x000000009b400000| Untracked |  0
| 263|0x000000009b500000, 0x000000009b500000, 0x000000009b600000|  0%| F|  |TAMS 0x000000009b500000| PB 0x000000009b500000| Untracked |  0
| 264|0x000000009b600000, 0x000000009b600000, 0x000000009b700000|  0%| F|  |TAMS 0x000000009b600000| PB 0x000000009b600000| Untracked |  0
| 265|0x000000009b700000, 0x000000009b700000, 0x000000009b800000|  0%| F|  |TAMS 0x000000009b700000| PB 0x000000009b700000| Untracked |  0
| 266|0x000000009b800000, 0x000000009b800000, 0x000000009b900000|  0%| F|  |TAMS 0x000000009b800000| PB 0x000000009b800000| Untracked |  0
| 267|0x000000009b900000, 0x000000009b900000, 0x000000009ba00000|  0%| F|  |TAMS 0x000000009b900000| PB 0x000000009b900000| Untracked |  0
| 268|0x000000009ba00000, 0x000000009ba00000, 0x000000009bb00000|  0%| F|  |TAMS 0x000000009ba00000| PB 0x000000009ba00000| Untracked |  0
| 269|0x000000009bb00000, 0x000000009bb00000, 0x000000009bc00000|  0%| F|  |TAMS 0x000000009bb00000| PB 0x000000009bb00000| Untracked |  0
| 270|0x000000009bc00000, 0x000000009bc00000, 0x000000009bd00000|  0%| F|  |TAMS 0x000000009bc00000| PB 0x000000009bc00000| Untracked |  0
| 271|0x000000009bd00000, 0x000000009bd00000, 0x000000009be00000|  0%| F|  |TAMS 0x000000009bd00000| PB 0x000000009bd00000| Untracked |  0
| 272|0x000000009be00000, 0x000000009be00000, 0x000000009bf00000|  0%| F|  |TAMS 0x000000009be00000| PB 0x000000009be00000| Untracked |  0
| 273|0x000000009bf00000, 0x000000009bf00000, 0x000000009c000000|  0%| F|  |TAMS 0x000000009bf00000| PB 0x000000009bf00000| Untracked |  0
| 274|0x000000009c000000, 0x000000009c000000, 0x000000009c100000|  0%| F|  |TAMS 0x000000009c000000| PB 0x000000009c000000| Untracked |  0
| 275|0x000000009c100000, 0x000000009c100000, 0x000000009c200000|  0%| F|  |TAMS 0x000000009c100000| PB 0x000000009c100000| Untracked |  0
| 276|0x000000009c200000, 0x000000009c200000, 0x000000009c300000|  0%| F|  |TAMS 0x000000009c200000| PB 0x000000009c200000| Untracked |  0
| 277|0x000000009c300000, 0x000000009c300000, 0x000000009c400000|  0%| F|  |TAMS 0x000000009c300000| PB 0x000000009c300000| Untracked |  0
| 278|0x000000009c400000, 0x000000009c400000, 0x000000009c500000|  0%| F|  |TAMS 0x000000009c400000| PB 0x000000009c400000| Untracked |  0
| 279|0x000000009c500000, 0x000000009c500000, 0x000000009c600000|  0%| F|  |TAMS 0x000000009c500000| PB 0x000000009c500000| Untracked |  0
| 280|0x000000009c600000, 0x000000009c600000, 0x000000009c700000|  0%| F|  |TAMS 0x000000009c600000| PB 0x000000009c600000| Untracked |  0
| 281|0x000000009c700000, 0x000000009c700000, 0x000000009c800000|  0%| F|  |TAMS 0x000000009c700000| PB 0x000000009c700000| Untracked |  0
| 282|0x000000009c800000, 0x000000009c800000, 0x000000009c900000|  0%| F|  |TAMS 0x000000009c800000| PB 0x000000009c800000| Untracked |  0
| 283|0x000000009c900000, 0x000000009c900000, 0x000000009ca00000|  0%| F|  |TAMS 0x000000009c900000| PB 0x000000009c900000| Untracked |  0
| 284|0x000000009ca00000, 0x000000009ca00000, 0x000000009cb00000|  0%| F|  |TAMS 0x000000009ca00000| PB 0x000000009ca00000| Untracked |  0
|1848|0x00000000fe600000, 0x00000000fe700000, 0x00000000fe700000|100%| O|  |TAMS 0x00000000fe600000| PB 0x00000000fe600000| Untracked |  0
|1849|0x00000000fe700000, 0x00000000fe800000, 0x00000000fe800000|100%| O|  |TAMS 0x00000000fe700000| PB 0x00000000fe700000| Untracked |  0
|1850|0x00000000fe800000, 0x00000000fe800000, 0x00000000fe900000|  0%| F|  |TAMS 0x00000000fe800000| PB 0x00000000fe800000| Untracked |  0
|1851|0x00000000fe900000, 0x00000000fe900000, 0x00000000fea00000|  0%| F|  |TAMS 0x00000000fe900000| PB 0x00000000fe900000| Untracked |  0
|1852|0x00000000fea00000, 0x00000000feb00000, 0x00000000feb00000|100%| O|  |TAMS 0x00000000fea00000| PB 0x00000000fea00000| Untracked |  0
|1853|0x00000000feb00000, 0x00000000fec00000, 0x00000000fec00000|100%| O|  |TAMS 0x00000000feb00000| PB 0x00000000feb00000| Untracked |  0
|1854|0x00000000fec00000, 0x00000000fed00000, 0x00000000fed00000|100%| O|  |TAMS 0x00000000fec00000| PB 0x00000000fec00000| Untracked |  0
|1855|0x00000000fed00000, 0x00000000fee00000, 0x00000000fee00000|100%| O|  |TAMS 0x00000000fed00000| PB 0x00000000fed00000| Untracked |  0
|1856|0x00000000fee00000, 0x00000000fef00000, 0x00000000fef00000|100%| O|  |TAMS 0x00000000fee00000| PB 0x00000000fee00000| Untracked |  0
|1857|0x00000000fef00000, 0x00000000ff000000, 0x00000000ff000000|100%| O|  |TAMS 0x00000000fef00000| PB 0x00000000fef00000| Untracked |  0
|1858|0x00000000ff000000, 0x00000000ff100000, 0x00000000ff100000|100%| O|  |TAMS 0x00000000ff000000| PB 0x00000000ff000000| Untracked |  0
|1859|0x00000000ff100000, 0x00000000ff200000, 0x00000000ff200000|100%| O|  |TAMS 0x00000000ff100000| PB 0x00000000ff100000| Untracked |  0
|1860|0x00000000ff200000, 0x00000000ff300000, 0x00000000ff300000|100%| O|  |TAMS 0x00000000ff200000| PB 0x00000000ff200000| Untracked |  0
|1861|0x00000000ff300000, 0x00000000ff300000, 0x00000000ff400000|  0%| F|  |TAMS 0x00000000ff300000| PB 0x00000000ff300000| Untracked |  0
|1862|0x00000000ff400000, 0x00000000ff400000, 0x00000000ff500000|  0%| F|  |TAMS 0x00000000ff400000| PB 0x00000000ff400000| Untracked |  0
|1863|0x00000000ff500000, 0x00000000ff500000, 0x00000000ff600000|  0%| F|  |TAMS 0x00000000ff500000| PB 0x00000000ff500000| Untracked |  0
|1864|0x00000000ff600000, 0x00000000ff600000, 0x00000000ff700000|  0%| F|  |TAMS 0x00000000ff600000| PB 0x00000000ff600000| Untracked |  0
|1865|0x00000000ff700000, 0x00000000ff800000, 0x00000000ff800000|100%| O|  |TAMS 0x00000000ff700000| PB 0x00000000ff700000| Untracked |  0
|1866|0x00000000ff800000, 0x00000000ff900000, 0x00000000ff900000|100%| O|  |TAMS 0x00000000ff800000| PB 0x00000000ff800000| Untracked |  0
|1867|0x00000000ff900000, 0x00000000ffa00000, 0x00000000ffa00000|100%| O|  |TAMS 0x00000000ff900000| PB 0x00000000ff900000| Untracked |  0
|1868|0x00000000ffa00000, 0x00000000ffb00000, 0x00000000ffb00000|100%| O|  |TAMS 0x00000000ffa00000| PB 0x00000000ffa00000| Untracked |  0
|1869|0x00000000ffb00000, 0x00000000ffb00000, 0x00000000ffc00000|  0%| F|  |TAMS 0x00000000ffb00000| PB 0x00000000ffb00000| Untracked |  0
|1870|0x00000000ffc00000, 0x00000000ffc00000, 0x00000000ffd00000|  0%| F|  |TAMS 0x00000000ffc00000| PB 0x00000000ffc00000| Untracked |  0
|1871|0x00000000ffd00000, 0x00000000ffd00000, 0x00000000ffe00000|  0%| F|  |TAMS 0x00000000ffd00000| PB 0x00000000ffd00000| Untracked |  0
|1872|0x00000000ffe00000, 0x00000000ffe00000, 0x00000000fff00000|  0%| F|  |TAMS 0x00000000ffe00000| PB 0x00000000ffe00000| Untracked |  0
|1873|0x00000000fff00000, 0x0000000100000000, 0x0000000100000000|100%| O|  |TAMS 0x00000000fff00000| PB 0x00000000fff00000| Untracked |  0

Card table byte_map: [0x000001d8ccc10000,0x000001d8ccfc0000] _byte_map_base: 0x000001d8cc7b9000

Marking Bits: (CMBitMap*) 0x000001d8b4e4d4f0
 Bits: [0x000001d8ccfc0000, 0x000001d8ced08000)

Polling page: 0x000001d8b2bc0000

Metaspace:

Usage:
  Non-class:    116.31 MB used.
      Class:     15.91 MB used.
       Both:    132.22 MB used.

Virtual space:
  Non-class space:      128.00 MB reserved,     117.12 MB ( 92%) committed,  2 nodes.
      Class space:        1.00 GB reserved,      16.62 MB (  2%) committed,  1 nodes.
             Both:        1.12 GB reserved,     133.75 MB ( 12%) committed. 

Chunk freelists:
   Non-Class:  10.90 MB
       Class:  15.38 MB
        Both:  26.28 MB

MaxMetaspaceSize: unlimited
CompressedClassSpaceSize: 1.00 GB
Initial GC threshold: 21.00 MB
Current GC threshold: 222.81 MB
CDS: on
 - commit_granule_bytes: 65536.
 - commit_granule_words: 8192.
 - virtual_space_node_default_size: 8388608.
 - enlarge_chunks_in_place: 1.
 - use_allocation_guard: 0.


Internal statistics:

num_allocs_failed_limit: 12.
num_arena_births: 1874.
num_arena_deaths: 0.
num_vsnodes_births: 3.
num_vsnodes_deaths: 0.
num_space_committed: 2140.
num_space_uncommitted: 0.
num_chunks_returned_to_freelist: 12.
num_chunks_taken_from_freelist: 6788.
num_chunk_merges: 12.
num_chunk_splits: 5044.
num_chunks_enlarged: 3991.
num_inconsistent_stats: 0.

CodeHeap 'non-profiled nmethods': size=120064Kb used=8220Kb max_used=8307Kb free=111843Kb
 bounds [0x000001d8c4ff0000, 0x000001d8c5830000, 0x000001d8cc530000]
CodeHeap 'profiled nmethods': size=120000Kb used=27751Kb max_used=30337Kb free=92248Kb
 bounds [0x000001d8bd530000, 0x000001d8bf2e0000, 0x000001d8c4a60000]
CodeHeap 'non-nmethods': size=5696Kb used=1809Kb max_used=1944Kb free=3886Kb
 bounds [0x000001d8c4a60000, 0x000001d8c4cd0000, 0x000001d8c4ff0000]
CodeCache: size=245760Kb, used=37780Kb, max_used=40588Kb, free=207977Kb
 total_blobs=17409, nmethods=16568, adapters=744, full_count=0
Compilation: enabled, stopped_count=0, restarted_count=0

Compilation events (20 events):
Event: 51.973 Thread 0x000001d8d177af60 21609       3       com.sun.crypto.provider.AESCipher::engineUpdate (15 bytes)
Event: 51.973 Thread 0x000001d8d177af60 nmethod 21609 0x000001d8bd679288 code [0x000001d8bd6793a0, 0x000001d8bd6794e0]
Event: 51.973 Thread 0x000001d8d177af60 21610       3       javax.crypto.Cipher::update (65 bytes)
Event: 51.974 Thread 0x000001d8d177af60 nmethod 21610 0x000001d8bd729b88 code [0x000001d8bd729d00, 0x000001d8bd72a220]
Event: 51.982 Thread 0x000001d91a8b7a60 nmethod 21608% 0x000001d8c5160288 code [0x000001d8c5160440, 0x000001d8c5160dc0]
Event: 51.983 Thread 0x000001d91a8b7a60 21429       4       com.google.B.D.D::A (148 bytes)
Event: 51.984 Thread 0x000001d91a8b7a60 nmethod 21429 0x000001d8c504f308 code [0x000001d8c504f400, 0x000001d8c504f4a8]
Event: 51.984 Thread 0x000001d91a8b7a60 21463       4       com.google.B.B.E::A (286 bytes)
Event: 51.987 Thread 0x000001d91a8b7a60 nmethod 21463 0x000001d8c506d408 code [0x000001d8c506d5a0, 0x000001d8c506d940]
Event: 51.987 Thread 0x000001d91a8b7a60 21464       4       com.google.B.A.A::equals (30 bytes)
Event: 51.991 Thread 0x000001d91a8b7a60 nmethod 21464 0x000001d8c501ca88 code [0x000001d8c501cc40, 0x000001d8c501d060]
Event: 51.991 Thread 0x000001d91a8b7a60 21591       4       sun.nio.cs.UTF_8$Decoder::xflow (31 bytes)
Event: 51.995 Thread 0x000001d91a8b7a60 nmethod 21591 0x000001d8c50a4888 code [0x000001d8c50a4a00, 0x000001d8c50a4fd0]
Event: 51.995 Thread 0x000001d91a8b7a60 21433       4       com.google.B.B.A::A (75 bytes)
Event: 51.997 Thread 0x000001d91a8b7a60 nmethod 21433 0x000001d8c507fc88 code [0x000001d8c507fda0, 0x000001d8c5080248]
Event: 51.997 Thread 0x000001d91a8b7a60 21611   !   4       java.io.StringReader::read (105 bytes)
Event: 52.001 Thread 0x000001d91a8b7a60 nmethod 21611 0x000001d8c511a008 code [0x000001d8c511a160, 0x000001d8c511aad8]
Event: 52.001 Thread 0x000001d91a8b7a60 21612       4       com.google.B.D.D::B (169 bytes)
Event: 52.009 Thread 0x000001d91a8b7a60 nmethod 21612 0x000001d8c5320b08 code [0x000001d8c5320c80, 0x000001d8c5321898]
Event: 52.009 Thread 0x000001d91a8b7a60 21615       4       com.google.B.B.C.C$_A::G (66 bytes)

GC Heap History (20 events):
Event: 49.911 GC heap after
{Heap after GC invocations=39 (full 0):
 garbage-first heap   total reserved 1918976K, committed 189440K, used 121080K [0x000000008ae00000, 0x0000000100000000)
  region size 1024K, 7 young (7168K), 7 survivors (7168K)
 Metaspace       used 131797K, committed 133376K, reserved 1179648K
  class space    used 15878K, committed 16640K, reserved 1048576K
}
Event: 50.479 GC heap before
{Heap before GC invocations=39 (full 0):
 garbage-first heap   total reserved 1918976K, committed 189440K, used 170232K [0x000000008ae00000, 0x0000000100000000)
  region size 1024K, 54 young (55296K), 7 survivors (7168K)
 Metaspace       used 135249K, committed 136832K, reserved 1179648K
  class space    used 16284K, committed 17024K, reserved 1048576K
}
Event: 50.492 GC heap after
{Heap after GC invocations=40 (full 0):
 garbage-first heap   total reserved 1918976K, committed 189440K, used 123160K [0x000000008ae00000, 0x0000000100000000)
  region size 1024K, 4 young (4096K), 4 survivors (4096K)
 Metaspace       used 135249K, committed 136832K, reserved 1179648K
  class space    used 16284K, committed 17024K, reserved 1048576K
}
Event: 50.681 GC heap before
{Heap before GC invocations=40 (full 0):
 garbage-first heap   total reserved 1918976K, committed 189440K, used 138520K [0x000000008ae00000, 0x0000000100000000)
  region size 1024K, 20 young (20480K), 4 survivors (4096K)
 Metaspace       used 135325K, committed 136896K, reserved 1179648K
  class space    used 16289K, committed 17024K, reserved 1048576K
}
Event: 50.687 GC heap after
{Heap after GC invocations=41 (full 0):
 garbage-first heap   total reserved 1918976K, committed 189440K, used 124184K [0x000000008ae00000, 0x0000000100000000)
  region size 1024K, 5 young (5120K), 5 survivors (5120K)
 Metaspace       used 135325K, committed 136896K, reserved 1179648K
  class space    used 16289K, committed 17024K, reserved 1048576K
}
Event: 50.963 GC heap before
{Heap before GC invocations=42 (full 0):
 garbage-first heap   total reserved 1918976K, committed 260096K, used 259352K [0x000000008ae00000, 0x0000000100000000)
  region size 1024K, 39 young (39936K), 5 survivors (5120K)
 Metaspace       used 135338K, committed 136896K, reserved 1179648K
  class space    used 16290K, committed 17024K, reserved 1048576K
}
Event: 50.968 GC heap after
{Heap after GC invocations=43 (full 0):
 garbage-first heap   total reserved 1918976K, committed 265216K, used 143037K [0x000000008ae00000, 0x0000000100000000)
  region size 1024K, 3 young (3072K), 3 survivors (3072K)
 Metaspace       used 135338K, committed 136896K, reserved 1179648K
  class space    used 16290K, committed 17024K, reserved 1048576K
}
Event: 51.081 GC heap before
{Heap before GC invocations=43 (full 0):
 garbage-first heap   total reserved 1918976K, committed 265216K, used 228029K [0x000000008ae00000, 0x0000000100000000)
  region size 1024K, 86 young (88064K), 3 survivors (3072K)
 Metaspace       used 135338K, committed 136896K, reserved 1179648K
  class space    used 16290K, committed 17024K, reserved 1048576K
}
Event: 51.092 GC heap after
{Heap after GC invocations=44 (full 0):
 garbage-first heap   total reserved 1918976K, committed 318464K, used 147761K [0x000000008ae00000, 0x0000000100000000)
  region size 1024K, 9 young (9216K), 9 survivors (9216K)
 Metaspace       used 135338K, committed 136896K, reserved 1179648K
  class space    used 16290K, committed 17024K, reserved 1048576K
}
Event: 51.231 GC heap before
{Heap before GC invocations=44 (full 0):
 garbage-first heap   total reserved 1918976K, committed 318464K, used 251185K [0x000000008ae00000, 0x0000000100000000)
  region size 1024K, 110 young (112640K), 9 survivors (9216K)
 Metaspace       used 135341K, committed 136896K, reserved 1179648K
  class space    used 16290K, committed 17024K, reserved 1048576K
}
Event: 51.241 GC heap after
{Heap after GC invocations=45 (full 0):
 garbage-first heap   total reserved 1918976K, committed 318464K, used 155342K [0x000000008ae00000, 0x0000000100000000)
  region size 1024K, 14 young (14336K), 14 survivors (14336K)
 Metaspace       used 135341K, committed 136896K, reserved 1179648K
  class space    used 16290K, committed 17024K, reserved 1048576K
}
Event: 51.405 GC heap before
{Heap before GC invocations=46 (full 0):
 garbage-first heap   total reserved 1918976K, committed 318464K, used 259790K [0x000000008ae00000, 0x0000000100000000)
  region size 1024K, 116 young (118784K), 14 survivors (14336K)
 Metaspace       used 135341K, committed 136896K, reserved 1179648K
  class space    used 16290K, committed 17024K, reserved 1048576K
}
Event: 51.418 GC heap after
{Heap after GC invocations=47 (full 0):
 garbage-first heap   total reserved 1918976K, committed 318464K, used 163178K [0x000000008ae00000, 0x0000000100000000)
  region size 1024K, 15 young (15360K), 15 survivors (15360K)
 Metaspace       used 135341K, committed 136896K, reserved 1179648K
  class space    used 16290K, committed 17024K, reserved 1048576K
}
Event: 51.573 GC heap before
{Heap before GC invocations=47 (full 0):
 garbage-first heap   total reserved 1918976K, committed 318464K, used 270698K [0x000000008ae00000, 0x0000000100000000)
  region size 1024K, 119 young (121856K), 15 survivors (15360K)
 Metaspace       used 135341K, committed 136896K, reserved 1179648K
  class space    used 16290K, committed 17024K, reserved 1048576K
}
Event: 51.601 GC heap after
{Heap after GC invocations=48 (full 0):
 garbage-first heap   total reserved 1918976K, committed 318464K, used 179477K [0x000000008ae00000, 0x0000000100000000)
  region size 1024K, 15 young (15360K), 15 survivors (15360K)
 Metaspace       used 135341K, committed 136896K, reserved 1179648K
  class space    used 16290K, committed 17024K, reserved 1048576K
}
Event: 51.626 GC heap before
{Heap before GC invocations=48 (full 0):
 garbage-first heap   total reserved 1918976K, committed 318464K, used 183573K [0x000000008ae00000, 0x0000000100000000)
  region size 1024K, 20 young (20480K), 15 survivors (15360K)
 Metaspace       used 135341K, committed 136896K, reserved 1179648K
  class space    used 16290K, committed 17024K, reserved 1048576K
}
Event: 51.646 GC heap after
{Heap after GC invocations=49 (full 0):
 garbage-first heap   total reserved 1918976K, committed 318464K, used 184695K [0x000000008ae00000, 0x0000000100000000)
  region size 1024K, 4 young (4096K), 4 survivors (4096K)
 Metaspace       used 135341K, committed 136896K, reserved 1179648K
  class space    used 16290K, committed 17024K, reserved 1048576K
}
Event: 51.940 GC heap before
{Heap before GC invocations=50 (full 0):
 garbage-first heap   total reserved 1918976K, committed 318464K, used 233847K [0x000000008ae00000, 0x0000000100000000)
  region size 1024K, 69 young (70656K), 4 survivors (4096K)
 Metaspace       used 135395K, committed 136960K, reserved 1179648K
  class space    used 16295K, committed 17024K, reserved 1048576K
}
Event: 51.961 GC heap after
{Heap after GC invocations=51 (full 0):
 garbage-first heap   total reserved 1918976K, committed 318464K, used 195584K [0x000000008ae00000, 0x0000000100000000)
  region size 1024K, 9 young (9216K), 9 survivors (9216K)
 Metaspace       used 135395K, committed 136960K, reserved 1179648K
  class space    used 16295K, committed 17024K, reserved 1048576K
}
Event: 52.015 GC heap before
{Heap before GC invocations=51 (full 0):
 garbage-first heap   total reserved 1918976K, committed 318464K, used 266240K [0x000000008ae00000, 0x0000000100000000)
  region size 1024K, 65 young (66560K), 9 survivors (9216K)
 Metaspace       used 135396K, committed 136960K, reserved 1179648K
  class space    used 16295K, committed 17024K, reserved 1048576K
}

Dll operation events (14 events):
Event: 0.007 Loaded shared library C:\Program Files\Java\jdk-23\bin\java.dll
Event: 0.035 Loaded shared library C:\Program Files\Java\jdk-23\bin\jsvml.dll
Event: 0.053 Loaded shared library C:\Program Files\Java\jdk-23\bin\net.dll
Event: 0.055 Loaded shared library C:\Program Files\Java\jdk-23\bin\nio.dll
Event: 0.059 Loaded shared library C:\Program Files\Java\jdk-23\bin\zip.dll
Event: 0.238 Loaded shared library C:\Program Files\Java\jdk-23\bin\jimage.dll
Event: 0.240 Loaded shared library C:\Users\abdou\.m2\wrapper\dists\apache-maven-3.9.14\ed7edd442f634ac1c1ef5ba2b61b6d690b5221091f1a8e1123f5fadcc967520d\lib\jansi-native\Windows\x86_64\jansi.dll
Event: 0.254 Loaded shared library C:\Program Files\Java\jdk-23\bin\verify.dll
Event: 25.345 Loaded shared library C:\Program Files\Java\jdk-23\bin\sunmscapi.dll
Event: 25.428 Loaded shared library C:\Program Files\Java\jdk-23\bin\extnet.dll
Event: 41.197 Loaded shared library C:\Users\abdou\.tree-sitter\lib\x86_64-windows-tree-sitter.dll
Event: 41.214 Loaded shared library C:\Users\abdou\.tree-sitter\lib\x86_64-windows-tree-sitter-bash.dll
Event: 48.590 Loaded shared library C:\Program Files\Java\jdk-23\bin\management.dll
Event: 48.595 Loaded shared library C:\Program Files\Java\jdk-23\bin\management_ext.dll

Deoptimization events (20 events):
Event: 51.870 Thread 0x000001d8b4dff3a0 DEOPT PACKING pc=0x000001d8c534ff1c sp=0x0000003e72ffc130
Event: 51.870 Thread 0x000001d8b4dff3a0 DEOPT UNPACKING pc=0x000001d8c4ab4402 sp=0x0000003e72ffc078 mode 2
Event: 51.871 Thread 0x000001d8b4dff3a0 Uncommon trap: trap_request=0xffffff66 fr.pc=0x000001d8c50ec1dc relative=0x000000000000013c
Event: 51.871 Thread 0x000001d8b4dff3a0 Uncommon trap: reason=speculate_class_check action=maybe_recompile pc=0x000001d8c50ec1dc method=java.lang.invoke.DirectMethodHandle$Holder.invokeSpecial(Ljava/lang/Object;Ljava/lang/Object;Ljava/lang/Object;)Ljava/lang/Object; @ 11 c2
Event: 51.871 Thread 0x000001d8b4dff3a0 DEOPT PACKING pc=0x000001d8c50ec1dc sp=0x0000003e72ffc340
Event: 51.871 Thread 0x000001d8b4dff3a0 DEOPT UNPACKING pc=0x000001d8c4ab4402 sp=0x0000003e72ffc1c0 mode 2
Event: 51.871 Thread 0x000001d8b4dff3a0 Uncommon trap: trap_request=0xffffff66 fr.pc=0x000001d8c50ec1dc relative=0x000000000000013c
Event: 51.871 Thread 0x000001d8b4dff3a0 Uncommon trap: reason=speculate_class_check action=maybe_recompile pc=0x000001d8c50ec1dc method=java.lang.invoke.DirectMethodHandle$Holder.invokeSpecial(Ljava/lang/Object;Ljava/lang/Object;Ljava/lang/Object;)Ljava/lang/Object; @ 11 c2
Event: 51.871 Thread 0x000001d8b4dff3a0 DEOPT PACKING pc=0x000001d8c50ec1dc sp=0x0000003e72ffc340
Event: 51.871 Thread 0x000001d8b4dff3a0 DEOPT UNPACKING pc=0x000001d8c4ab4402 sp=0x0000003e72ffc1c0 mode 2
Event: 51.872 Thread 0x000001d8b4dff3a0 Uncommon trap: trap_request=0xffffff66 fr.pc=0x000001d8c50ec1dc relative=0x000000000000013c
Event: 51.872 Thread 0x000001d8b4dff3a0 Uncommon trap: reason=speculate_class_check action=maybe_recompile pc=0x000001d8c50ec1dc method=java.lang.invoke.DirectMethodHandle$Holder.invokeSpecial(Ljava/lang/Object;Ljava/lang/Object;Ljava/lang/Object;)Ljava/lang/Object; @ 11 c2
Event: 51.872 Thread 0x000001d8b4dff3a0 DEOPT PACKING pc=0x000001d8c50ec1dc sp=0x0000003e72ffc340
Event: 51.872 Thread 0x000001d8b4dff3a0 DEOPT UNPACKING pc=0x000001d8c4ab4402 sp=0x0000003e72ffc1c0 mode 2
Event: 51.872 Thread 0x000001d8b4dff3a0 Uncommon trap: trap_request=0xffffff66 fr.pc=0x000001d8c50ec1dc relative=0x000000000000013c
Event: 51.872 Thread 0x000001d8b4dff3a0 Uncommon trap: reason=speculate_class_check action=maybe_recompile pc=0x000001d8c50ec1dc method=java.lang.invoke.DirectMethodHandle$Holder.invokeSpecial(Ljava/lang/Object;Ljava/lang/Object;Ljava/lang/Object;)Ljava/lang/Object; @ 11 c2
Event: 51.872 Thread 0x000001d8b4dff3a0 DEOPT PACKING pc=0x000001d8c50ec1dc sp=0x0000003e72ffc340
Event: 51.872 Thread 0x000001d8b4dff3a0 DEOPT UNPACKING pc=0x000001d8c4ab4402 sp=0x0000003e72ffc1c0 mode 2
Event: 52.003 Thread 0x000001d8b4dff3a0 DEOPT PACKING pc=0x000001d8bda4013b sp=0x0000003e72ffc580
Event: 52.003 Thread 0x000001d8b4dff3a0 DEOPT UNPACKING pc=0x000001d8c4ab4b22 sp=0x0000003e72ffba28 mode 0

Classes loaded (20 events):
Event: 49.554 Loading class java/util/concurrent/LinkedBlockingDeque$Node
Event: 49.554 Loading class java/util/concurrent/LinkedBlockingDeque$Node done
Event: 50.320 Loading class javax/crypto/CipherInputStream
Event: 50.321 Loading class javax/crypto/CipherInputStream done
Event: 50.321 Loading class javax/crypto/SecretKeyFactory
Event: 50.321 Loading class javax/crypto/SecretKeyFactory done
Event: 50.322 Loading class com/sun/crypto/provider/PBKDF2Core$HmacSHA256
Event: 50.322 Loading class com/sun/crypto/provider/PBKDF2Core
Event: 50.323 Loading class javax/crypto/SecretKeyFactorySpi
Event: 50.323 Loading class javax/crypto/SecretKeyFactorySpi done
Event: 50.323 Loading class com/sun/crypto/provider/PBKDF2Core done
Event: 50.323 Loading class com/sun/crypto/provider/PBKDF2Core$HmacSHA256 done
Event: 50.323 Loading class javax/crypto/spec/PBEKeySpec
Event: 50.323 Loading class javax/crypto/spec/PBEKeySpec done
Event: 50.324 Loading class com/sun/crypto/provider/PBKDF2KeyImpl
Event: 50.324 Loading class javax/crypto/interfaces/PBEKey
Event: 50.324 Loading class javax/crypto/interfaces/PBEKey done
Event: 50.324 Loading class com/sun/crypto/provider/PBKDF2KeyImpl done
Event: 50.325 Loading class com/sun/crypto/provider/PBKDF2KeyImpl$1
Event: 50.325 Loading class com/sun/crypto/provider/PBKDF2KeyImpl$1 done

Classes unloaded (0 events):
No events

Classes redefined (0 events):
No events

Internal exceptions (20 events):
Event: 47.042 Thread 0x000001d9245a2870 Exception <a 'java/lang/InterruptedException'{0x00000000ff3405e8}: sleep interrupted> (0x00000000ff3405e8) 
thrown [s\open\src\hotspot\share\prims\jvm.cpp, line 3093]
Event: 47.794 Thread 0x000001d8b4dff3a0 Exception <a 'sun/nio/fs/WindowsException'{0x0000000093821928}> (0x0000000093821928) 
thrown [s\open\src\hotspot\share\prims\jni.cpp, line 520]
Event: 47.794 Thread 0x000001d8b4dff3a0 Exception <a 'sun/nio/fs/WindowsException'{0x0000000093821f58}> (0x0000000093821f58) 
thrown [s\open\src\hotspot\share\prims\jni.cpp, line 520]
Event: 47.794 Thread 0x000001d8b4dff3a0 Exception <a 'sun/nio/fs/WindowsException'{0x00000000938228f0}> (0x00000000938228f0) 
thrown [s\open\src\hotspot\share\prims\jni.cpp, line 520]
Event: 48.230 Thread 0x000001d8b4dff3a0 Exception <a 'java/lang/NoSuchMethodError'{0x00000000fe842398}: 'int java.lang.invoke.DelegatingMethodHandle$Holder.reinvoke_L(java.lang.Object, long)'> (0x00000000fe842398) 
thrown [s\open\src\hotspot\share\interpreter\linkResolver.cpp, line 796]
Event: 48.290 Thread 0x000001d8b4dff3a0 Exception <a 'java/lang/NoSuchMethodError'{0x0000000094211c28}: 'int java.lang.invoke.DelegatingMethodHandle$Holder.reinvoke_L(java.lang.Object, long, long)'> (0x0000000094211c28) 
thrown [s\open\src\hotspot\share\interpreter\linkResolver.cpp, line 796]
Event: 48.585 Thread 0x000001d8b4dff3a0 Exception <a 'sun/nio/fs/WindowsException'{0x000000009327e010}> (0x000000009327e010) 
thrown [s\open\src\hotspot\share\prims\jni.cpp, line 520]
Event: 48.585 Thread 0x000001d8b4dff3a0 Exception <a 'sun/nio/fs/WindowsException'{0x0000000093285348}> (0x0000000093285348) 
thrown [s\open\src\hotspot\share\prims\jni.cpp, line 520]
Event: 49.090 Thread 0x000001d8b4dff3a0 Exception <a 'java/lang/NoSuchMethodError'{0x0000000094546828}: 'void java.lang.invoke.DirectMethodHandle$Holder.invokeVirtual(java.lang.Object, java.lang.Object, float)'> (0x0000000094546828) 
thrown [s\open\src\hotspot\share\interpreter\linkResolver.cpp, line 796]
Event: 49.092 Thread 0x000001d8b4dff3a0 Exception <a 'java/lang/NoSuchMethodError'{0x00000000945512a8}: 'float java.lang.invoke.DelegatingMethodHandle$Holder.reinvoke_L(java.lang.Object, java.lang.Object, int)'> (0x00000000945512a8) 
thrown [s\open\src\hotspot\share\interpreter\linkResolver.cpp, line 796]
Event: 49.096 Thread 0x000001d8b4dff3a0 Exception <a 'java/lang/NoSuchMethodError'{0x000000009455b540}: 'void java.lang.invoke.DelegatingMethodHandle$Holder.reinvoke_L(java.lang.Object, java.lang.Object, float)'> (0x000000009455b540) 
thrown [s\open\src\hotspot\share\interpreter\linkResolver.cpp, line 796]
Event: 49.490 Thread 0x000001d8b4dff3a0 Exception <a 'java/lang/NoSuchMethodError'{0x00000000935a4f60}: 'java.lang.Object java.lang.invoke.DirectMethodHandle$Holder.invokeSpecial(java.lang.Object, java.lang.Object, java.lang.Object, java.lang.Object, int)'> (0x00000000935a4f60) 
thrown [s\open\src\hotspot\share\interpreter\linkResolver.cpp, line 796]
Event: 49.490 Thread 0x000001d8b4dff3a0 Exception <a 'java/lang/NoSuchMethodError'{0x00000000935a86b0}: 'java.lang.Object java.lang.invoke.Invokers$Holder.linkToTargetMethod(java.lang.Object, java.lang.Object, int, java.lang.Object)'> (0x00000000935a86b0) 
thrown [s\open\src\hotspot\share\interpreter\linkResolver.cpp, line 796]
Event: 49.492 Thread 0x000001d8b4dff3a0 Exception <a 'java/lang/NoSuchMethodError'{0x00000000935b5da0}: 'int java.lang.invoke.DirectMethodHandle$Holder.invokeStatic(java.lang.Object, java.lang.Object, int, java.lang.Object)'> (0x00000000935b5da0) 
thrown [s\open\src\hotspot\share\interpreter\linkResolver.cpp, line 796]
Event: 49.872 Thread 0x000001d8b4dff3a0 Exception <a 'java/lang/IncompatibleClassChangeError'{0x000000009286fa20}: Found class java.lang.Object, but interface was expected> (0x000000009286fa20) 
thrown [s\open\src\hotspot\share\interpreter\linkResolver.cpp, line 863]
Event: 49.967 Thread 0x000001d91b2482a0 Exception <a 'java/lang/InterruptedException'{0x00000000ff3d5708}: sleep interrupted> (0x00000000ff3d5708) 
thrown [s\open\src\hotspot\share\prims\jvm.cpp, line 3093]
Event: 50.272 Thread 0x000001d8b4dff3a0 Implicit null exception at 0x000001d8c52abc06 to 0x000001d8c52ad98c
Event: 50.432 Thread 0x000001d8b4dff3a0 Implicit null exception at 0x000001d8c52abc06 to 0x000001d8c52ad98c
Event: 50.496 Thread 0x000001d8b4dff3a0 Implicit null exception at 0x000001d8c52abc06 to 0x000001d8c52ad98c
Event: 50.557 Thread 0x000001d8b4dff3a0 Implicit null exception at 0x000001d8c52abc06 to 0x000001d8c52ad98c

VM Operations (20 events):
Event: 51.092 Executing VM operation: G1CollectForAllocation (G1 Evacuation Pause) done
Event: 51.230 Executing VM operation: G1CollectForAllocation (G1 Evacuation Pause)
Event: 51.241 Executing VM operation: G1CollectForAllocation (G1 Evacuation Pause) done
Event: 51.361 Executing VM operation: G1PauseRemark
Event: 51.370 Executing VM operation: G1PauseRemark done
Event: 51.398 Executing VM operation: G1PauseCleanup
Event: 51.398 Executing VM operation: G1PauseCleanup done
Event: 51.405 Executing VM operation: G1CollectForAllocation (G1 Evacuation Pause)
Event: 51.418 Executing VM operation: G1CollectForAllocation (G1 Evacuation Pause) done
Event: 51.573 Executing VM operation: G1CollectForAllocation (G1 Evacuation Pause)
Event: 51.601 Executing VM operation: G1CollectForAllocation (G1 Evacuation Pause) done
Event: 51.626 Executing VM operation: G1TryInitiateConcMark (G1 Humongous Allocation)
Event: 51.646 Executing VM operation: G1TryInitiateConcMark (G1 Humongous Allocation) done
Event: 51.799 Executing VM operation: G1PauseRemark
Event: 51.808 Executing VM operation: G1PauseRemark done
Event: 51.857 Executing VM operation: G1PauseCleanup
Event: 51.857 Executing VM operation: G1PauseCleanup done
Event: 51.940 Executing VM operation: G1CollectForAllocation (G1 Evacuation Pause)
Event: 51.961 Executing VM operation: G1CollectForAllocation (G1 Evacuation Pause) done
Event: 52.015 Executing VM operation: G1CollectForAllocation (G1 Evacuation Pause)

Memory protections (0 events):
No events

Nmethod flushes (20 events):
Event: 51.369 Thread 0x000001d8d17449b0 flushing  nmethod 0x000001d8bf242e08
Event: 51.369 Thread 0x000001d8d17449b0 flushing  nmethod 0x000001d8bf243488
Event: 51.369 Thread 0x000001d8d17449b0 flushing  nmethod 0x000001d8bf244008
Event: 51.369 Thread 0x000001d8d17449b0 flushing  nmethod 0x000001d8bf246608
Event: 51.807 Thread 0x000001d8d17449b0 flushing  nmethod 0x000001d8bdc53188
Event: 51.807 Thread 0x000001d8d17449b0 flushing  nmethod 0x000001d8be5dcb08
Event: 51.807 Thread 0x000001d8d17449b0 flushing  nmethod 0x000001d8bf251a88
Event: 51.807 Thread 0x000001d8d17449b0 flushing  nmethod 0x000001d8bf252008
Event: 51.807 Thread 0x000001d8d17449b0 flushing  nmethod 0x000001d8bd886f08
Event: 51.807 Thread 0x000001d8d17449b0 flushing  nmethod 0x000001d8be06d888
Event: 51.807 Thread 0x000001d8d17449b0 flushing  nmethod 0x000001d8be4b6688
Event: 51.807 Thread 0x000001d8d17449b0 flushing  nmethod 0x000001d8bf25a788
Event: 51.807 Thread 0x000001d8d17449b0 flushing  nmethod 0x000001d8bf2a7b88
Event: 51.807 Thread 0x000001d8d17449b0 flushing  nmethod 0x000001d8bda76888
Event: 51.807 Thread 0x000001d8d17449b0 flushing  nmethod 0x000001d8c57fe508
Event: 51.807 Thread 0x000001d8d17449b0 flushing  nmethod 0x000001d8bda8a708
Event: 51.807 Thread 0x000001d8d17449b0 flushing  nmethod 0x000001d8bf289c88
Event: 51.807 Thread 0x000001d8d17449b0 flushing  nmethod 0x000001d8bdf38f08
Event: 51.807 Thread 0x000001d8d17449b0 flushing  nmethod 0x000001d8bf26f188
Event: 51.807 Thread 0x000001d8d17449b0 flushing  nmethod 0x000001d8bf25e608

Events (20 events):
Event: 49.898 Thread 0x000001d91b248fc0 Thread added: 0x000001d918f92470
Event: 49.968 Thread 0x000001d91b2482a0 Thread exited: 0x000001d91b2482a0
Event: 49.975 Thread 0x000001d91b247580 Thread exited: 0x000001d91b247580
Event: 49.975 Thread 0x000001d91b245b40 Thread exited: 0x000001d91b245b40
Event: 49.975 Thread 0x000001d91b2454b0 Thread exited: 0x000001d91b2454b0
Event: 49.975 Thread 0x000001d91b248fc0 Thread exited: 0x000001d91b248fc0
Event: 49.975 Thread 0x000001d91b2461d0 Thread exited: 0x000001d91b2461d0
Event: 49.975 Thread 0x000001d91b249ce0 Thread exited: 0x000001d91b249ce0
Event: 49.975 Thread 0x000001d91b249650 Thread exited: 0x000001d91b249650
Event: 49.975 Thread 0x000001d91b24b090 Thread exited: 0x000001d91b24b090
Event: 49.976 Thread 0x000001d91b248930 Thread exited: 0x000001d91b248930
Event: 49.976 Thread 0x000001d91b24a370 Thread exited: 0x000001d91b24a370
Event: 49.976 Thread 0x000001d918f92470 Thread exited: 0x000001d918f92470
Event: 49.976 Thread 0x000001d91c562c00 Thread exited: 0x000001d91c562c00
Event: 49.976 Thread 0x000001d91b246860 Thread exited: 0x000001d91b246860
Event: 49.976 Thread 0x000001d91c5604a0 Thread exited: 0x000001d91c5604a0
Event: 49.976 Thread 0x000001d91b24aa00 Thread exited: 0x000001d91b24aa00
Event: 49.976 Thread 0x000001d91b247c10 Thread exited: 0x000001d91b247c10
Event: 49.976 Thread 0x000001d91c55fe10 Thread exited: 0x000001d91c55fe10
Event: 50.625 Thread 0x000001d8d177af60 Thread added: 0x000001d91d57e290


Dynamic libraries:
0x00007ff6b49b0000 - 0x00007ff6b49c0000 	C:\Program Files\Java\jdk-23\bin\java.exe
0x00007ff9b8400000 - 0x00007ff9b8667000 	C:\WINDOWS\SYSTEM32\ntdll.dll
0x00007ff9b6d20000 - 0x00007ff9b6de9000 	C:\WINDOWS\System32\KERNEL32.DLL
0x00007ff9b4f50000 - 0x00007ff9b5344000 	C:\WINDOWS\System32\KERNELBASE.dll
0x00007ff9b4e00000 - 0x00007ff9b4f4b000 	C:\WINDOWS\System32\ucrtbase.dll
0x00007ff99f310000 - 0x00007ff99f327000 	C:\Program Files\Java\jdk-23\bin\jli.dll
0x00007ff99d910000 - 0x00007ff99d92b000 	C:\Program Files\Java\jdk-23\bin\VCRUNTIME140.dll
0x00007ff9b78e0000 - 0x00007ff9b7aa5000 	C:\WINDOWS\System32\USER32.dll
0x00007ff9b5f60000 - 0x00007ff9b5f87000 	C:\WINDOWS\System32\win32u.dll
0x00007ff99b520000 - 0x00007ff99b7b3000 	C:\WINDOWS\WinSxS\amd64_microsoft.windows.common-controls_6595b64144ccf1df_6.0.26100.8115_none_3e075c82e3354f9c\COMCTL32.dll
0x00007ff9b6a00000 - 0x00007ff9b6a2b000 	C:\WINDOWS\System32\GDI32.dll
0x00007ff9b82f0000 - 0x00007ff9b8399000 	C:\WINDOWS\System32\msvcrt.dll
0x00007ff9b4cd0000 - 0x00007ff9b4dfa000 	C:\WINDOWS\System32\gdi32full.dll
0x00007ff9b5f90000 - 0x00007ff9b6033000 	C:\WINDOWS\System32\msvcp_win.dll
0x00007ff9b6e10000 - 0x00007ff9b6e42000 	C:\WINDOWS\System32\IMM32.DLL
0x00007ff9aff10000 - 0x00007ff9aff1c000 	C:\Program Files\Java\jdk-23\bin\vcruntime140_1.dll
0x00007ff989040000 - 0x00007ff9890ce000 	C:\Program Files\Java\jdk-23\bin\msvcp140.dll
0x00007ff8eae90000 - 0x00007ff8ebbdf000 	C:\Program Files\Java\jdk-23\bin\server\jvm.dll
0x00007ff9b6420000 - 0x00007ff9b64d6000 	C:\WINDOWS\System32\ADVAPI32.dll
0x00007ff9b7590000 - 0x00007ff9b7637000 	C:\WINDOWS\System32\sechost.dll
0x00007ff9b6bf0000 - 0x00007ff9b6d08000 	C:\WINDOWS\System32\RPCRT4.dll
0x00007ff9b6970000 - 0x00007ff9b69f0000 	C:\WINDOWS\System32\WS2_32.dll
0x00007ff9b4b30000 - 0x00007ff9b4b8e000 	C:\WINDOWS\SYSTEM32\POWRPROF.dll
0x00007ff9af560000 - 0x00007ff9af56b000 	C:\WINDOWS\SYSTEM32\VERSION.dll
0x00007ff9adf00000 - 0x00007ff9adf36000 	C:\WINDOWS\SYSTEM32\WINMM.dll
0x00007ff9b4b10000 - 0x00007ff9b4b24000 	C:\WINDOWS\SYSTEM32\UMPDC.dll
0x00007ff9b3a40000 - 0x00007ff9b3a5b000 	C:\WINDOWS\SYSTEM32\kernel.appcore.dll
0x00007ff9af550000 - 0x00007ff9af55a000 	C:\Program Files\Java\jdk-23\bin\jimage.dll
0x00007ff9ab100000 - 0x00007ff9ab342000 	C:\WINDOWS\SYSTEM32\DBGHELP.DLL
0x00007ff9b7200000 - 0x00007ff9b7582000 	C:\WINDOWS\System32\combase.dll
0x00007ff9b6a30000 - 0x00007ff9b6b07000 	C:\WINDOWS\System32\OLEAUT32.dll
0x00007ff999870000 - 0x00007ff9998ab000 	C:\WINDOWS\SYSTEM32\dbgcore.DLL
0x00007ff9b54d0000 - 0x00007ff9b5575000 	C:\WINDOWS\System32\bcryptPrimitives.dll
0x00007ff99c8e0000 - 0x00007ff99c8fe000 	C:\Program Files\Java\jdk-23\bin\java.dll
0x00007ff9b7640000 - 0x00007ff9b77d7000 	C:\WINDOWS\System32\ole32.dll
0x00007ff9b7ab0000 - 0x00007ff9b8216000 	C:\WINDOWS\System32\SHELL32.dll
0x00007ff9b5df0000 - 0x00007ff9b5f5a000 	C:\WINDOWS\System32\wintypes.dll
0x00007ff9b5580000 - 0x00007ff9b5de5000 	C:\WINDOWS\System32\windows.storage.dll
0x00007ff9b77e0000 - 0x00007ff9b78d7000 	C:\WINDOWS\System32\SHCORE.dll
0x00007ff9b63b0000 - 0x00007ff9b6416000 	C:\WINDOWS\System32\shlwapi.dll
0x00007ff9b4bf0000 - 0x00007ff9b4c19000 	C:\WINDOWS\SYSTEM32\profapi.dll
0x00007ff96f580000 - 0x00007ff96f657000 	C:\Program Files\Java\jdk-23\bin\jsvml.dll
0x00007ff9ae8e0000 - 0x00007ff9ae8f0000 	C:\Program Files\Java\jdk-23\bin\net.dll
0x00007ff9b3fd0000 - 0x00007ff9b403c000 	C:\WINDOWS\system32\mswsock.dll
0x00007ff99c1d0000 - 0x00007ff99c1e6000 	C:\Program Files\Java\jdk-23\bin\nio.dll
0x00007ff99c1b0000 - 0x00007ff99c1c7000 	C:\Program Files\Java\jdk-23\bin\zip.dll
0x00007ff99c130000 - 0x00007ff99c154000 	C:\Users\abdou\.m2\wrapper\dists\apache-maven-3.9.14\ed7edd442f634ac1c1ef5ba2b61b6d690b5221091f1a8e1123f5fadcc967520d\lib\jansi-native\Windows\x86_64\jansi.dll
0x00007ff9ae860000 - 0x00007ff9ae870000 	C:\Program Files\Java\jdk-23\bin\verify.dll
0x00007ff9b42b0000 - 0x00007ff9b42cb000 	C:\WINDOWS\SYSTEM32\CRYPTSP.dll
0x00007ff9b39a0000 - 0x00007ff9b39d9000 	C:\WINDOWS\system32\rsaenh.dll
0x00007ff9b4080000 - 0x00007ff9b40b3000 	C:\WINDOWS\SYSTEM32\USERENV.dll
0x00007ff9b4bc0000 - 0x00007ff9b4bea000 	C:\WINDOWS\SYSTEM32\bcrypt.dll
0x00007ff9b42d0000 - 0x00007ff9b42dc000 	C:\WINDOWS\SYSTEM32\CRYPTBASE.dll
0x00007ff9b3410000 - 0x00007ff9b3442000 	C:\WINDOWS\SYSTEM32\IPHLPAPI.DLL
0x00007ff9b6d10000 - 0x00007ff9b6d1a000 	C:\WINDOWS\System32\NSI.dll
0x00007ff99ce50000 - 0x00007ff99ce5e000 	C:\Program Files\Java\jdk-23\bin\sunmscapi.dll
0x00007ff9b5350000 - 0x00007ff9b54c7000 	C:\WINDOWS\System32\CRYPT32.dll
0x00007ff9b44d0000 - 0x00007ff9b4500000 	C:\WINDOWS\SYSTEM32\ncrypt.dll
0x00007ff9b4480000 - 0x00007ff9b44bf000 	C:\WINDOWS\SYSTEM32\NTASN1.dll
0x00007ff9b34a0000 - 0x00007ff9b35d2000 	C:\WINDOWS\SYSTEM32\DNSAPI.dll
0x00007ff9a2c00000 - 0x00007ff9a2c0b000 	C:\Windows\System32\rasadhlp.dll
0x00007ff9abe40000 - 0x00007ff9abec6000 	C:\WINDOWS\System32\fwpuclnt.dll
0x00007ff99cdd0000 - 0x00007ff99cdd9000 	C:\Program Files\Java\jdk-23\bin\extnet.dll
0x00007ff9b4320000 - 0x00007ff9b4333000 	C:\WINDOWS\SYSTEM32\MSASN1.dll
0x00007ff9b4040000 - 0x00007ff9b4070000 	C:\WINDOWS\SYSTEM32\gpapi.dll
0x00007ff9a4610000 - 0x00007ff9a464b000 	C:\WINDOWS\SYSTEM32\cryptnet.dll
0x00007ff9b26b0000 - 0x00007ff9b26be000 	C:\WINDOWS\SYSTEM32\WINNSI.DLL
0x00007ff98ca30000 - 0x00007ff98cabc000 	C:\WINDOWS\system32\ncryptprov.dll
0x00007ff986cc0000 - 0x00007ff986dd4000 	C:\WINDOWS\system32\PCPKsp.dll
0x00007ff99fdb0000 - 0x00007ff99fdca000 	C:\WINDOWS\SYSTEM32\tbs.dll
0x00007ff9b48c0000 - 0x00007ff9b48ca000 	C:\WINDOWS\SYSTEM32\DPAPI.dll
0x00007ff9887b0000 - 0x00007ff988820000 	C:\Users\abdou\.tree-sitter\lib\x86_64-windows-tree-sitter.dll
0x00007ff954f10000 - 0x00007ff95508b000 	C:\Users\abdou\.tree-sitter\lib\x86_64-windows-tree-sitter-bash.dll
0x00007ff99ac30000 - 0x00007ff99ac3a000 	C:\Program Files\Java\jdk-23\bin\management.dll
0x00007ff9975b0000 - 0x00007ff9975bb000 	C:\Program Files\Java\jdk-23\bin\management_ext.dll
0x00007ff9b83b0000 - 0x00007ff9b83b8000 	C:\WINDOWS\System32\PSAPI.DLL

dbghelp: loaded successfully - version: 4.0.5 - missing functions: none
symbol engine: initialized successfully - sym options: 0x614 - pdb path: .;C:\Program Files\Java\jdk-23\bin;C:\WINDOWS\SYSTEM32;C:\WINDOWS\WinSxS\amd64_microsoft.windows.common-controls_6595b64144ccf1df_6.0.26100.8115_none_3e075c82e3354f9c;C:\Program Files\Java\jdk-23\bin\server;C:\Users\abdou\.m2\wrapper\dists\apache-maven-3.9.14\ed7edd442f634ac1c1ef5ba2b61b6d690b5221091f1a8e1123f5fadcc967520d\lib\jansi-native\Windows\x86_64;C:\Users\abdou\.tree-sitter\lib

VM Arguments:
jvm_args: --enable-native-access=ALL-UNNAMED -Dclassworlds.conf=C:\Users\abdou\.m2\wrapper\dists\apache-maven-3.9.14\ed7edd442f634ac1c1ef5ba2b61b6d690b5221091f1a8e1123f5fadcc967520d\bin\m2.conf -Dmaven.home=C:\Users\abdou\.m2\wrapper\dists\apache-maven-3.9.14\ed7edd442f634ac1c1ef5ba2b61b6d690b5221091f1a8e1123f5fadcc967520d -Dlibrary.jansi.path=C:\Users\abdou\.m2\wrapper\dists\apache-maven-3.9.14\ed7edd442f634ac1c1ef5ba2b61b6d690b5221091f1a8e1123f5fadcc967520d\lib\jansi-native -Dmaven.multiModuleProjectDirectory=C:\Users\abdou\Documents\dossier\auth-server 
java_command: org.codehaus.plexus.classworlds.launcher.Launcher verify sonar:sonar -Dsonar.token=ffd7ef2cfc4828e27315f1446b52d1a6de79ef14 -Dsonar.projectKey=liwell976_tp-auth -Dsonar.organization=liwell976 -Dsonar.host.url=https://sonarcloud.io -Dsonar.scanner.javaOpts=-Xmx512m
java_class_path (initial): C:\Users\abdou\.m2\wrapper\dists\apache-maven-3.9.14\ed7edd442f634ac1c1ef5ba2b61b6d690b5221091f1a8e1123f5fadcc967520d\boot\plexus-classworlds-2.9.0.jar
Launcher Type: SUN_STANDARD

[Global flags]
     intx CICompilerCount                          = 4                                         {product} {ergonomic}
     uint ConcGCThreads                            = 2                                         {product} {ergonomic}
     uint G1ConcRefinementThreads                  = 8                                         {product} {ergonomic}
   size_t G1HeapRegionSize                         = 1048576                                   {product} {ergonomic}
   size_t InitialHeapSize                          = 123731968                                 {product} {ergonomic}
   size_t MarkStackSize                            = 4194304                                   {product} {ergonomic}
   size_t MarkStackSizeMax                         = 536870912                                 {product} {ergonomic}
   size_t MaxHeapSize                              = 1965031424                                {product} {ergonomic}
   size_t MaxNewSize                               = 1178599424                                {product} {ergonomic}
   size_t MinHeapDeltaBytes                        = 1048576                                   {product} {ergonomic}
   size_t MinHeapSize                              = 8388608                                   {product} {ergonomic}
    uintx NonNMethodCodeHeapSize                   = 5832704                                {pd product} {ergonomic}
    uintx NonProfiledCodeHeapSize                  = 122945536                              {pd product} {ergonomic}
    uintx ProfiledCodeHeapSize                     = 122880000                              {pd product} {ergonomic}
    uintx ReservedCodeCacheSize                    = 251658240                              {pd product} {ergonomic}
     bool SegmentedCodeCache                       = true                                      {product} {ergonomic}
   size_t SoftMaxHeapSize                          = 1965031424                             {manageable} {ergonomic}
     bool UseCompressedOops                        = true                           {product lp64_product} {ergonomic}
     bool UseG1GC                                  = true                                      {product} {ergonomic}
     bool UseLargePagesIndividualAllocation        = false                                  {pd product} {ergonomic}

Logging:
Log output configuration:
 #0: stdout all=warning uptime,level,tags foldmultilines=false
 #1: stderr all=off uptime,level,tags foldmultilines=false

Environment Variables:
PATH=C:\Python314\Scripts\;C:\Python314\;C:\Program Files\Common Files\Oracle\Java\javapath;C:\WINDOWS\system32;C:\WINDOWS;C:\WINDOWS\System32\Wbem;C:\WINDOWS\System32\WindowsPowerShell\v1.0\;C:\WINDOWS\System32\OpenSSH\;C:\Program Files\Git\cmd;C:\Program Files\dotnet\;C:\Program Files\Common Files\Autodesk Shared\;C:\Program Files\Microsoft SQL Server\150\Tools\Binn\;C:\Program Files\nodejs\;C:\ProgramData\chocolatey\bin;C:\ProgramData;C:\mkcert;C:\Program Files\MongoDB\Server\8.2\bin;C:\wamp\bin\mysql\mysql5.7.40\bin;C:\Program Files\MongoDB\Tools\100\bin;C:\Program Files\Apache\maven\bin;C:\Users\abdou\AppData\Local\Microsoft\WindowsApps;C:\Users\abdou\AppData\Local\Programs\Microsoft VS Code\bin;C:\Users\abdou\AppData\Local\GitHubDesktop\bin;C:\Program Files\Java\jdk-23\bin;C:\Program Files (x86)\WiX Toolset v3.14\bin;C:\Program Files (x86)\Jar2Exe Wizard\;C:\Users\abdou\AppData\Roaming\npm;C:\wamp\bin\php\php8.2.0;C:\Users\abdou\AppData\Roaming\Composer\vendor\bin;C:\Users\abdou\AppData\Local\atom\bin;C:\mkcert;
USERNAME=abdou
OS=Windows_NT
PROCESSOR_IDENTIFIER=AMD64 Family 25 Model 80 Stepping 0, AuthenticAMD
TMP=C:\Users\abdou\AppData\Local\Temp
TEMP=C:\Users\abdou\AppData\Local\Temp




Periodic native trim disabled

---------------  S Y S T E M  ---------------

OS:
 Windows 11 , 64 bit Build 26100 (10.0.26100.8115)
OS uptime: 9 days 13:19 hours
Hyper-V role detected

CPU: total 8 (initial active 8) (8 cores per cpu, 2 threads per core) family 25 model 80 stepping 0 microcode 0xa50000d, cx8, cmov, fxsr, ht, mmx, 3dnowpref, sse, sse2, sse3, ssse3, sse4a, sse4.1, sse4.2, popcnt, lzcnt, tsc, tscinvbit, avx, avx2, aes, erms, clmul, bmi1, bmi2, adx, sha, fma, vzeroupper, clflush, clflushopt, hv, rdtscp, rdpid, fsrm, f16c, cet_ss
Processor Information for the first 8 processors :
  Max Mhz: 2701, Current Mhz: 2701, Mhz Limit: 2701

Memory: 4k page, system-wide physical 7488M (789M free)
TotalPageFile size 30016M (AvailPageFile size 494M)
current process WorkingSet (physical memory assigned to process): 606M, peak: 610M
current process commit charge ("private bytes"): 713M, peak: 1295M

vm_info: Java HotSpot(TM) 64-Bit Server VM (23+37-2369) for windows-amd64 JRE (23+37-2369), built on 2024-08-20T16:01:23Z with MS VC++ 17.6 (VS2022)

END.
